ARM GAS  /tmp/ccewdHV1.s 			page 1


   1              		.cpu cortex-m4
   2              		.arch armv7e-m
   3              		.fpu fpv4-sp-d16
   4              		.eabi_attribute 27, 1
   5              		.eabi_attribute 28, 1
   6              		.eabi_attribute 20, 1
   7              		.eabi_attribute 21, 1
   8              		.eabi_attribute 23, 3
   9              		.eabi_attribute 24, 1
  10              		.eabi_attribute 25, 1
  11              		.eabi_attribute 26, 1
  12              		.eabi_attribute 30, 1
  13              		.eabi_attribute 34, 1
  14              		.eabi_attribute 18, 4
  15              		.file	"gpio.c"
  16              		.text
  17              	.Ltext0:
  18              		.cfi_sections	.debug_frame
  19              		.section	.text.MX_GPIO_Init,"ax",%progbits
  20              		.align	1
  21              		.global	MX_GPIO_Init
  22              		.syntax unified
  23              		.thumb
  24              		.thumb_func
  26              	MX_GPIO_Init:
  27              	.LFB130:
  28              		.file 1 "Src/gpio.c"
   1:Src/gpio.c    **** /**
   2:Src/gpio.c    ****   ******************************************************************************
   3:Src/gpio.c    ****   * File Name          : gpio.c
   4:Src/gpio.c    ****   * Description        : This file provides code for the configuration
   5:Src/gpio.c    ****   *                      of all used GPIO pins.
   6:Src/gpio.c    ****   ******************************************************************************
   7:Src/gpio.c    ****   * @attention
   8:Src/gpio.c    ****   *
   9:Src/gpio.c    ****   * <h2><center>&copy; Copyright (c) 2025 STMicroelectronics.
  10:Src/gpio.c    ****   * All rights reserved.</center></h2>
  11:Src/gpio.c    ****   *
  12:Src/gpio.c    ****   * This software component is licensed by ST under Ultimate Liberty license
  13:Src/gpio.c    ****   * SLA0044, the "License"; You may not use this file except in compliance with
  14:Src/gpio.c    ****   * the License. You may obtain a copy of the License at:
  15:Src/gpio.c    ****   *                             www.st.com/SLA0044
  16:Src/gpio.c    ****   *
  17:Src/gpio.c    ****   ******************************************************************************
  18:Src/gpio.c    ****   */
  19:Src/gpio.c    **** 
  20:Src/gpio.c    **** /* Includes ------------------------------------------------------------------*/
  21:Src/gpio.c    **** #include "gpio.h"
  22:Src/gpio.c    **** /* USER CODE BEGIN 0 */
  23:Src/gpio.c    **** 
  24:Src/gpio.c    **** /* USER CODE END 0 */
  25:Src/gpio.c    **** 
  26:Src/gpio.c    **** /*----------------------------------------------------------------------------*/
  27:Src/gpio.c    **** /* Configure GPIO                                                             */
  28:Src/gpio.c    **** /*----------------------------------------------------------------------------*/
  29:Src/gpio.c    **** /* USER CODE BEGIN 1 */
  30:Src/gpio.c    **** 
ARM GAS  /tmp/ccewdHV1.s 			page 2


  31:Src/gpio.c    **** /* USER CODE END 1 */
  32:Src/gpio.c    **** 
  33:Src/gpio.c    **** /** Configure pins as
  34:Src/gpio.c    ****         * Analog
  35:Src/gpio.c    ****         * Input
  36:Src/gpio.c    ****         * Output
  37:Src/gpio.c    ****         * EVENT_OUT
  38:Src/gpio.c    ****         * EXTI
  39:Src/gpio.c    **** */
  40:Src/gpio.c    **** void MX_GPIO_Init(void)
  41:Src/gpio.c    **** {
  29              		.loc 1 41 1 view -0
  30              		.cfi_startproc
  31              		@ args = 0, pretend = 0, frame = 40
  32              		@ frame_needed = 0, uses_anonymous_args = 0
  33 0000 2DE9F041 		push	{r4, r5, r6, r7, r8, lr}
  34              	.LCFI0:
  35              		.cfi_def_cfa_offset 24
  36              		.cfi_offset 4, -24
  37              		.cfi_offset 5, -20
  38              		.cfi_offset 6, -16
  39              		.cfi_offset 7, -12
  40              		.cfi_offset 8, -8
  41              		.cfi_offset 14, -4
  42 0004 8AB0     		sub	sp, sp, #40
  43              	.LCFI1:
  44              		.cfi_def_cfa_offset 64
  42:Src/gpio.c    **** 
  43:Src/gpio.c    ****   GPIO_InitTypeDef GPIO_InitStruct = {0};
  45              		.loc 1 43 3 view .LVU1
  46              		.loc 1 43 20 is_stmt 0 view .LVU2
  47 0006 0024     		movs	r4, #0
  48 0008 0594     		str	r4, [sp, #20]
  49 000a 0694     		str	r4, [sp, #24]
  50 000c 0794     		str	r4, [sp, #28]
  51 000e 0894     		str	r4, [sp, #32]
  52 0010 0994     		str	r4, [sp, #36]
  44:Src/gpio.c    **** 
  45:Src/gpio.c    ****   /* GPIO Ports Clock Enable */
  46:Src/gpio.c    ****   __HAL_RCC_GPIOB_CLK_ENABLE();
  53              		.loc 1 46 3 is_stmt 1 view .LVU3
  54              	.LBB2:
  55              		.loc 1 46 3 view .LVU4
  56 0012 0094     		str	r4, [sp]
  57              		.loc 1 46 3 view .LVU5
  58 0014 364B     		ldr	r3, .L3
  59 0016 1A6B     		ldr	r2, [r3, #48]
  60 0018 42F00202 		orr	r2, r2, #2
  61 001c 1A63     		str	r2, [r3, #48]
  62              		.loc 1 46 3 view .LVU6
  63 001e 1A6B     		ldr	r2, [r3, #48]
  64 0020 02F00202 		and	r2, r2, #2
  65 0024 0092     		str	r2, [sp]
  66              		.loc 1 46 3 view .LVU7
  67 0026 009A     		ldr	r2, [sp]
  68              	.LBE2:
  69              		.loc 1 46 3 view .LVU8
ARM GAS  /tmp/ccewdHV1.s 			page 3


  47:Src/gpio.c    ****   __HAL_RCC_GPIOA_CLK_ENABLE();
  70              		.loc 1 47 3 view .LVU9
  71              	.LBB3:
  72              		.loc 1 47 3 view .LVU10
  73 0028 0194     		str	r4, [sp, #4]
  74              		.loc 1 47 3 view .LVU11
  75 002a 1A6B     		ldr	r2, [r3, #48]
  76 002c 42F00102 		orr	r2, r2, #1
  77 0030 1A63     		str	r2, [r3, #48]
  78              		.loc 1 47 3 view .LVU12
  79 0032 1A6B     		ldr	r2, [r3, #48]
  80 0034 02F00102 		and	r2, r2, #1
  81 0038 0192     		str	r2, [sp, #4]
  82              		.loc 1 47 3 view .LVU13
  83 003a 019A     		ldr	r2, [sp, #4]
  84              	.LBE3:
  85              		.loc 1 47 3 view .LVU14
  48:Src/gpio.c    ****   __HAL_RCC_GPIOH_CLK_ENABLE();
  86              		.loc 1 48 3 view .LVU15
  87              	.LBB4:
  88              		.loc 1 48 3 view .LVU16
  89 003c 0294     		str	r4, [sp, #8]
  90              		.loc 1 48 3 view .LVU17
  91 003e 1A6B     		ldr	r2, [r3, #48]
  92 0040 42F08002 		orr	r2, r2, #128
  93 0044 1A63     		str	r2, [r3, #48]
  94              		.loc 1 48 3 view .LVU18
  95 0046 1A6B     		ldr	r2, [r3, #48]
  96 0048 02F08002 		and	r2, r2, #128
  97 004c 0292     		str	r2, [sp, #8]
  98              		.loc 1 48 3 view .LVU19
  99 004e 029A     		ldr	r2, [sp, #8]
 100              	.LBE4:
 101              		.loc 1 48 3 view .LVU20
  49:Src/gpio.c    ****   __HAL_RCC_GPIOF_CLK_ENABLE();
 102              		.loc 1 49 3 view .LVU21
 103              	.LBB5:
 104              		.loc 1 49 3 view .LVU22
 105 0050 0394     		str	r4, [sp, #12]
 106              		.loc 1 49 3 view .LVU23
 107 0052 1A6B     		ldr	r2, [r3, #48]
 108 0054 42F02002 		orr	r2, r2, #32
 109 0058 1A63     		str	r2, [r3, #48]
 110              		.loc 1 49 3 view .LVU24
 111 005a 1A6B     		ldr	r2, [r3, #48]
 112 005c 02F02002 		and	r2, r2, #32
 113 0060 0392     		str	r2, [sp, #12]
 114              		.loc 1 49 3 view .LVU25
 115 0062 039A     		ldr	r2, [sp, #12]
 116              	.LBE5:
 117              		.loc 1 49 3 view .LVU26
  50:Src/gpio.c    ****   __HAL_RCC_GPIOC_CLK_ENABLE();
 118              		.loc 1 50 3 view .LVU27
 119              	.LBB6:
 120              		.loc 1 50 3 view .LVU28
 121 0064 0494     		str	r4, [sp, #16]
 122              		.loc 1 50 3 view .LVU29
ARM GAS  /tmp/ccewdHV1.s 			page 4


 123 0066 1A6B     		ldr	r2, [r3, #48]
 124 0068 42F00402 		orr	r2, r2, #4
 125 006c 1A63     		str	r2, [r3, #48]
 126              		.loc 1 50 3 view .LVU30
 127 006e 1B6B     		ldr	r3, [r3, #48]
 128 0070 03F00403 		and	r3, r3, #4
 129 0074 0493     		str	r3, [sp, #16]
 130              		.loc 1 50 3 view .LVU31
 131 0076 049B     		ldr	r3, [sp, #16]
 132              	.LBE6:
 133              		.loc 1 50 3 view .LVU32
  51:Src/gpio.c    **** 
  52:Src/gpio.c    ****   /*Configure GPIO pin Output Level */
  53:Src/gpio.c    ****   HAL_GPIO_WritePin(CS1_ACCEL_GPIO_Port, CS1_ACCEL_Pin, GPIO_PIN_SET);
 134              		.loc 1 53 3 view .LVU33
 135 0078 DFF88480 		ldr	r8, .L3+16
 136 007c 0122     		movs	r2, #1
 137 007e 1021     		movs	r1, #16
 138 0080 4046     		mov	r0, r8
 139 0082 FFF7FEFF 		bl	HAL_GPIO_WritePin
 140              	.LVL0:
  54:Src/gpio.c    **** 
  55:Src/gpio.c    ****   /*Configure GPIO pin Output Level */
  56:Src/gpio.c    ****   HAL_GPIO_WritePin(CS1_GYRO_GPIO_Port, CS1_GYRO_Pin, GPIO_PIN_SET);
 141              		.loc 1 56 3 view .LVU34
 142 0086 1B4E     		ldr	r6, .L3+4
 143 0088 0122     		movs	r2, #1
 144 008a 1146     		mov	r1, r2
 145 008c 3046     		mov	r0, r6
 146 008e FFF7FEFF 		bl	HAL_GPIO_WritePin
 147              	.LVL1:
  57:Src/gpio.c    **** 
  58:Src/gpio.c    ****   /*Configure GPIO pin : PtPin */
  59:Src/gpio.c    ****   GPIO_InitStruct.Pin = CS1_ACCEL_Pin;
 148              		.loc 1 59 3 view .LVU35
 149              		.loc 1 59 23 is_stmt 0 view .LVU36
 150 0092 1023     		movs	r3, #16
 151 0094 0593     		str	r3, [sp, #20]
  60:Src/gpio.c    ****   GPIO_InitStruct.Mode = GPIO_MODE_OUTPUT_PP;
 152              		.loc 1 60 3 is_stmt 1 view .LVU37
 153              		.loc 1 60 24 is_stmt 0 view .LVU38
 154 0096 0125     		movs	r5, #1
 155 0098 0695     		str	r5, [sp, #24]
  61:Src/gpio.c    ****   GPIO_InitStruct.Pull = GPIO_PULLUP;
 156              		.loc 1 61 3 is_stmt 1 view .LVU39
 157              		.loc 1 61 24 is_stmt 0 view .LVU40
 158 009a 0795     		str	r5, [sp, #28]
  62:Src/gpio.c    ****   GPIO_InitStruct.Speed = GPIO_SPEED_FREQ_HIGH;
 159              		.loc 1 62 3 is_stmt 1 view .LVU41
 160              		.loc 1 62 25 is_stmt 0 view .LVU42
 161 009c 0227     		movs	r7, #2
 162 009e 0897     		str	r7, [sp, #32]
  63:Src/gpio.c    ****   HAL_GPIO_Init(CS1_ACCEL_GPIO_Port, &GPIO_InitStruct);
 163              		.loc 1 63 3 is_stmt 1 view .LVU43
 164 00a0 05A9     		add	r1, sp, #20
 165 00a2 4046     		mov	r0, r8
 166 00a4 FFF7FEFF 		bl	HAL_GPIO_Init
ARM GAS  /tmp/ccewdHV1.s 			page 5


 167              	.LVL2:
  64:Src/gpio.c    **** 
  65:Src/gpio.c    ****   /*Configure GPIO pins : PCPin PCPin */
  66:Src/gpio.c    ****   GPIO_InitStruct.Pin = INT1_ACCEL_Pin|INT1_GRYO_Pin;
 168              		.loc 1 66 3 view .LVU44
 169              		.loc 1 66 23 is_stmt 0 view .LVU45
 170 00a8 3023     		movs	r3, #48
 171 00aa 0593     		str	r3, [sp, #20]
  67:Src/gpio.c    ****   GPIO_InitStruct.Mode = GPIO_MODE_IT_FALLING;
 172              		.loc 1 67 3 is_stmt 1 view .LVU46
 173              		.loc 1 67 24 is_stmt 0 view .LVU47
 174 00ac 124B     		ldr	r3, .L3+8
 175 00ae 0693     		str	r3, [sp, #24]
  68:Src/gpio.c    ****   GPIO_InitStruct.Pull = GPIO_PULLUP;
 176              		.loc 1 68 3 is_stmt 1 view .LVU48
 177              		.loc 1 68 24 is_stmt 0 view .LVU49
 178 00b0 0795     		str	r5, [sp, #28]
  69:Src/gpio.c    ****   HAL_GPIO_Init(GPIOC, &GPIO_InitStruct);
 179              		.loc 1 69 3 is_stmt 1 view .LVU50
 180 00b2 05A9     		add	r1, sp, #20
 181 00b4 1148     		ldr	r0, .L3+12
 182 00b6 FFF7FEFF 		bl	HAL_GPIO_Init
 183              	.LVL3:
  70:Src/gpio.c    **** 
  71:Src/gpio.c    ****   /*Configure GPIO pin : PtPin */
  72:Src/gpio.c    ****   GPIO_InitStruct.Pin = CS1_GYRO_Pin;
 184              		.loc 1 72 3 view .LVU51
 185              		.loc 1 72 23 is_stmt 0 view .LVU52
 186 00ba 0595     		str	r5, [sp, #20]
  73:Src/gpio.c    ****   GPIO_InitStruct.Mode = GPIO_MODE_OUTPUT_PP;
 187              		.loc 1 73 3 is_stmt 1 view .LVU53
 188              		.loc 1 73 24 is_stmt 0 view .LVU54
 189 00bc 0695     		str	r5, [sp, #24]
  74:Src/gpio.c    ****   GPIO_InitStruct.Pull = GPIO_PULLUP;
 190              		.loc 1 74 3 is_stmt 1 view .LVU55
 191              		.loc 1 74 24 is_stmt 0 view .LVU56
 192 00be 0795     		str	r5, [sp, #28]
  75:Src/gpio.c    ****   GPIO_InitStruct.Speed = GPIO_SPEED_FREQ_HIGH;
 193              		.loc 1 75 3 is_stmt 1 view .LVU57
 194              		.loc 1 75 25 is_stmt 0 view .LVU58
 195 00c0 0897     		str	r7, [sp, #32]
  76:Src/gpio.c    ****   HAL_GPIO_Init(CS1_GYRO_GPIO_Port, &GPIO_InitStruct);
 196              		.loc 1 76 3 is_stmt 1 view .LVU59
 197 00c2 05A9     		add	r1, sp, #20
 198 00c4 3046     		mov	r0, r6
 199 00c6 FFF7FEFF 		bl	HAL_GPIO_Init
 200              	.LVL4:
  77:Src/gpio.c    **** 
  78:Src/gpio.c    ****   /* EXTI interrupt init*/
  79:Src/gpio.c    ****   HAL_NVIC_SetPriority(EXTI4_IRQn, 5, 0);
 201              		.loc 1 79 3 view .LVU60
 202 00ca 2246     		mov	r2, r4
 203 00cc 0521     		movs	r1, #5
 204 00ce 0A20     		movs	r0, #10
 205 00d0 FFF7FEFF 		bl	HAL_NVIC_SetPriority
 206              	.LVL5:
  80:Src/gpio.c    ****   HAL_NVIC_EnableIRQ(EXTI4_IRQn);
ARM GAS  /tmp/ccewdHV1.s 			page 6


 207              		.loc 1 80 3 view .LVU61
 208 00d4 0A20     		movs	r0, #10
 209 00d6 FFF7FEFF 		bl	HAL_NVIC_EnableIRQ
 210              	.LVL6:
  81:Src/gpio.c    **** 
  82:Src/gpio.c    ****   HAL_NVIC_SetPriority(EXTI9_5_IRQn, 5, 0);
 211              		.loc 1 82 3 view .LVU62
 212 00da 2246     		mov	r2, r4
 213 00dc 0521     		movs	r1, #5
 214 00de 1720     		movs	r0, #23
 215 00e0 FFF7FEFF 		bl	HAL_NVIC_SetPriority
 216              	.LVL7:
  83:Src/gpio.c    ****   HAL_NVIC_EnableIRQ(EXTI9_5_IRQn);
 217              		.loc 1 83 3 view .LVU63
 218 00e4 1720     		movs	r0, #23
 219 00e6 FFF7FEFF 		bl	HAL_NVIC_EnableIRQ
 220              	.LVL8:
  84:Src/gpio.c    **** 
  85:Src/gpio.c    **** }
 221              		.loc 1 85 1 is_stmt 0 view .LVU64
 222 00ea 0AB0     		add	sp, sp, #40
 223              	.LCFI2:
 224              		.cfi_def_cfa_offset 24
 225              		@ sp needed
 226 00ec BDE8F081 		pop	{r4, r5, r6, r7, r8, pc}
 227              	.L4:
 228              		.align	2
 229              	.L3:
 230 00f0 00380240 		.word	1073887232
 231 00f4 00040240 		.word	1073873920
 232 00f8 00002110 		.word	270598144
 233 00fc 00080240 		.word	1073874944
 234 0100 00000240 		.word	1073872896
 235              		.cfi_endproc
 236              	.LFE130:
 238              		.text
 239              	.Letext0:
 240              		.file 2 "/home/tianbot/gcc-arm-none-eabi-10.3-2021.10/arm-none-eabi/include/machine/_default_types
 241              		.file 3 "/home/tianbot/gcc-arm-none-eabi-10.3-2021.10/arm-none-eabi/include/sys/_stdint.h"
 242              		.file 4 "Drivers/CMSIS/Device/ST/STM32F4xx/Include/stm32f407xx.h"
 243              		.file 5 "Drivers/STM32F4xx_HAL_Driver/Inc/stm32f4xx_hal_gpio.h"
 244              		.file 6 "Drivers/STM32F4xx_HAL_Driver/Inc/stm32f4xx_hal_cortex.h"
ARM GAS  /tmp/ccewdHV1.s 			page 7


DEFINED SYMBOLS
                            *ABS*:0000000000000000 gpio.c
     /tmp/ccewdHV1.s:20     .text.MX_GPIO_Init:0000000000000000 $t
     /tmp/ccewdHV1.s:26     .text.MX_GPIO_Init:0000000000000000 MX_GPIO_Init
     /tmp/ccewdHV1.s:230    .text.MX_GPIO_Init:00000000000000f0 $d

UNDEFINED SYMBOLS
HAL_GPIO_WritePin
HAL_GPIO_Init
HAL_NVIC_SetPriority
HAL_NVIC_EnableIRQ
