ARM GAS  C:\Users\xixi\AppData\Local\Temp\ccfBPhey.s 			page 1


   1              		.cpu cortex-m4
   2              		.arch armv7e-m
   3              		.fpu fpv4-sp-d16
   4              		.eabi_attribute 27, 1
   5              		.eabi_attribute 28, 1
   6              		.eabi_attribute 20, 1
   7              		.eabi_attribute 21, 1
   8              		.eabi_attribute 23, 3
   9              		.eabi_attribute 24, 1
  10              		.eabi_attribute 25, 1
  11              		.eabi_attribute 26, 1
  12              		.eabi_attribute 30, 1
  13              		.eabi_attribute 34, 1
  14              		.eabi_attribute 18, 4
  15              		.file	"main.c"
  16              		.text
  17              	.Ltext0:
  18              		.cfi_sections	.debug_frame
  19              		.section	.text.SystemClock_Config,"ax",%progbits
  20              		.align	1
  21              		.global	SystemClock_Config
  22              		.syntax unified
  23              		.thumb
  24              		.thumb_func
  26              	SystemClock_Config:
  27              	.LFB136:
  28              		.file 1 "Src/main.c"
   1:Src/main.c    **** /* USER CODE BEGIN Header */
   2:Src/main.c    **** /**
   3:Src/main.c    ****   ******************************************************************************
   4:Src/main.c    ****   * @file           : main.c
   5:Src/main.c    ****   * @brief          : Main program body
   6:Src/main.c    ****   ******************************************************************************
   7:Src/main.c    ****   * @attention
   8:Src/main.c    ****   *
   9:Src/main.c    ****   * <h2><center>&copy; Copyright (c) 2025 STMicroelectronics.
  10:Src/main.c    ****   * All rights reserved.</center></h2>
  11:Src/main.c    ****   *
  12:Src/main.c    ****   * This software component is licensed by ST under Ultimate Liberty license
  13:Src/main.c    ****   * SLA0044, the "License"; You may not use this file except in compliance with
  14:Src/main.c    ****   * the License. You may obtain a copy of the License at:
  15:Src/main.c    ****   *                             www.st.com/SLA0044
  16:Src/main.c    ****   *
  17:Src/main.c    ****   ******************************************************************************
  18:Src/main.c    ****   */
  19:Src/main.c    **** /* USER CODE END Header */
  20:Src/main.c    **** 
  21:Src/main.c    **** /* Includes ------------------------------------------------------------------*/
  22:Src/main.c    **** #include "main.h"
  23:Src/main.c    **** #include "cmsis_os.h"
  24:Src/main.c    **** #include "can.h"
  25:Src/main.c    **** #include "dma.h"
  26:Src/main.c    **** #include "i2c.h"
  27:Src/main.c    **** #include "rtc.h"
  28:Src/main.c    **** #include "spi.h"
  29:Src/main.c    **** #include "tim.h"
  30:Src/main.c    **** #include "usart.h"
ARM GAS  C:\Users\xixi\AppData\Local\Temp\ccfBPhey.s 			page 2


  31:Src/main.c    **** #include "gpio.h"
  32:Src/main.c    **** 
  33:Src/main.c    **** /* Private includes ----------------------------------------------------------*/
  34:Src/main.c    **** /* USER CODE BEGIN Includes */
  35:Src/main.c    **** #include "led_flow_task.h"
  36:Src/main.c    **** #include "remote_control.h"
  37:Src/main.c    **** #include "chassis_task.h"
  38:Src/main.c    **** 
  39:Src/main.c    **** /* USER CODE END Includes */
  40:Src/main.c    **** 
  41:Src/main.c    **** /* Private typedef -----------------------------------------------------------*/
  42:Src/main.c    **** /* USER CODE BEGIN PTD */
  43:Src/main.c    **** 
  44:Src/main.c    **** /* USER CODE END PTD */
  45:Src/main.c    **** 
  46:Src/main.c    **** /* Private define ------------------------------------------------------------*/
  47:Src/main.c    **** /* USER CODE BEGIN PD */
  48:Src/main.c    **** 
  49:Src/main.c    **** /* USER CODE END PD */
  50:Src/main.c    **** 
  51:Src/main.c    **** /* Private macro -------------------------------------------------------------*/
  52:Src/main.c    **** /* USER CODE BEGIN PM */
  53:Src/main.c    **** 
  54:Src/main.c    **** /* USER CODE END PM */
  55:Src/main.c    **** 
  56:Src/main.c    **** /* Private variables ---------------------------------------------------------*/
  57:Src/main.c    **** 
  58:Src/main.c    **** /* USER CODE BEGIN PV */
  59:Src/main.c    **** 
  60:Src/main.c    **** /* USER CODE END PV */
  61:Src/main.c    **** 
  62:Src/main.c    **** /* Private function prototypes -----------------------------------------------*/
  63:Src/main.c    **** void SystemClock_Config(void);
  64:Src/main.c    **** void MX_FREERTOS_Init(void);
  65:Src/main.c    **** /* USER CODE BEGIN PFP */
  66:Src/main.c    **** 
  67:Src/main.c    **** /* USER CODE END PFP */
  68:Src/main.c    **** 
  69:Src/main.c    **** /* Private user code ---------------------------------------------------------*/
  70:Src/main.c    **** /* USER CODE BEGIN 0 */
  71:Src/main.c    **** 
  72:Src/main.c    **** /* USER CODE END 0 */
  73:Src/main.c    **** 
  74:Src/main.c    **** /**
  75:Src/main.c    ****   * @brief  The application entry point.
  76:Src/main.c    ****   * @retval int
  77:Src/main.c    ****   */
  78:Src/main.c    **** int main(void)
  79:Src/main.c    **** {
  80:Src/main.c    ****   /* USER CODE BEGIN 1 */
  81:Src/main.c    **** 
  82:Src/main.c    ****   /* USER CODE END 1 */
  83:Src/main.c    **** 
  84:Src/main.c    ****   /* MCU Configuration--------------------------------------------------------*/
  85:Src/main.c    **** 
  86:Src/main.c    ****   /* Reset of all peripherals, Initializes the Flash interface and the Systick. */
  87:Src/main.c    ****   HAL_Init();
ARM GAS  C:\Users\xixi\AppData\Local\Temp\ccfBPhey.s 			page 3


  88:Src/main.c    **** 
  89:Src/main.c    ****   /* USER CODE BEGIN Init */
  90:Src/main.c    **** 
  91:Src/main.c    ****   /* USER CODE END Init */
  92:Src/main.c    **** 
  93:Src/main.c    ****   /* Configure the system clock */
  94:Src/main.c    ****   SystemClock_Config();
  95:Src/main.c    **** 
  96:Src/main.c    ****   /* USER CODE BEGIN SysInit */
  97:Src/main.c    **** 
  98:Src/main.c    ****   /* USER CODE END SysInit */
  99:Src/main.c    **** 
 100:Src/main.c    ****   /* Initialize all configured peripherals */
 101:Src/main.c    ****   MX_GPIO_Init();
 102:Src/main.c    ****   MX_DMA_Init();
 103:Src/main.c    ****   MX_CAN1_Init();
 104:Src/main.c    ****   MX_CAN2_Init();
 105:Src/main.c    ****   MX_SPI1_Init();
 106:Src/main.c    ****   MX_TIM4_Init();
 107:Src/main.c    ****   MX_TIM5_Init();
 108:Src/main.c    ****   MX_USART3_UART_Init();
 109:Src/main.c    ****   MX_TIM8_Init();
 110:Src/main.c    ****   MX_I2C3_Init();
 111:Src/main.c    ****   MX_RTC_Init();
 112:Src/main.c    ****   MX_TIM3_Init();
 113:Src/main.c    ****   MX_TIM10_Init();
 114:Src/main.c    ****   /* USER CODE BEGIN 2 */
 115:Src/main.c    ****   can_filter_init();
 116:Src/main.c    ****   remote_control_init();
 117:Src/main.c    ****   /* USER CODE END 2 */
 118:Src/main.c    **** 
 119:Src/main.c    ****   /* Call init function for freertos objects (in freertos.c) */
 120:Src/main.c    ****   MX_FREERTOS_Init();
 121:Src/main.c    **** 
 122:Src/main.c    ****   /* Start scheduler */
 123:Src/main.c    ****   osKernelStart();
 124:Src/main.c    **** 
 125:Src/main.c    ****   /* We should never get here as control is now taken by the scheduler */
 126:Src/main.c    **** 
 127:Src/main.c    ****   /* Infinite loop */
 128:Src/main.c    ****   /* USER CODE BEGIN WHILE */
 129:Src/main.c    ****   while (1)
 130:Src/main.c    ****   {
 131:Src/main.c    ****     /* USER CODE END WHILE */
 132:Src/main.c    **** 
 133:Src/main.c    ****     /* USER CODE BEGIN 3 */
 134:Src/main.c    ****   }
 135:Src/main.c    ****   /* USER CODE END 3 */
 136:Src/main.c    **** }
 137:Src/main.c    **** 
 138:Src/main.c    **** /**
 139:Src/main.c    ****   * @brief System Clock Configuration
 140:Src/main.c    ****   * @retval None
 141:Src/main.c    ****   */
 142:Src/main.c    **** void SystemClock_Config(void)
 143:Src/main.c    **** {
  29              		.loc 1 143 1 view -0
ARM GAS  C:\Users\xixi\AppData\Local\Temp\ccfBPhey.s 			page 4


  30              		.cfi_startproc
  31              		@ args = 0, pretend = 0, frame = 96
  32              		@ frame_needed = 0, uses_anonymous_args = 0
  33 0000 30B5     		push	{r4, r5, lr}
  34              	.LCFI0:
  35              		.cfi_def_cfa_offset 12
  36              		.cfi_offset 4, -12
  37              		.cfi_offset 5, -8
  38              		.cfi_offset 14, -4
  39 0002 99B0     		sub	sp, sp, #100
  40              	.LCFI1:
  41              		.cfi_def_cfa_offset 112
 144:Src/main.c    ****   RCC_OscInitTypeDef RCC_OscInitStruct = {0};
  42              		.loc 1 144 3 view .LVU1
  43              		.loc 1 144 22 is_stmt 0 view .LVU2
  44 0004 3022     		movs	r2, #48
  45 0006 0021     		movs	r1, #0
  46 0008 0DEB0200 		add	r0, sp, r2
  47 000c FFF7FEFF 		bl	memset
  48              	.LVL0:
 145:Src/main.c    ****   RCC_ClkInitTypeDef RCC_ClkInitStruct = {0};
  49              		.loc 1 145 3 is_stmt 1 view .LVU3
  50              		.loc 1 145 22 is_stmt 0 view .LVU4
  51 0010 0024     		movs	r4, #0
  52 0012 0794     		str	r4, [sp, #28]
  53 0014 0894     		str	r4, [sp, #32]
  54 0016 0994     		str	r4, [sp, #36]
  55 0018 0A94     		str	r4, [sp, #40]
  56 001a 0B94     		str	r4, [sp, #44]
 146:Src/main.c    ****   RCC_PeriphCLKInitTypeDef PeriphClkInitStruct = {0};
  57              		.loc 1 146 3 is_stmt 1 view .LVU5
  58              		.loc 1 146 28 is_stmt 0 view .LVU6
  59 001c 0394     		str	r4, [sp, #12]
  60 001e 0494     		str	r4, [sp, #16]
  61 0020 0594     		str	r4, [sp, #20]
  62 0022 0694     		str	r4, [sp, #24]
 147:Src/main.c    **** 
 148:Src/main.c    ****   /** Configure the main internal regulator output voltage
 149:Src/main.c    ****   */
 150:Src/main.c    ****   __HAL_RCC_PWR_CLK_ENABLE();
  63              		.loc 1 150 3 is_stmt 1 view .LVU7
  64              	.LBB2:
  65              		.loc 1 150 3 view .LVU8
  66 0024 0194     		str	r4, [sp, #4]
  67              		.loc 1 150 3 view .LVU9
  68 0026 1F4B     		ldr	r3, .L3
  69 0028 1A6C     		ldr	r2, [r3, #64]
  70 002a 42F08052 		orr	r2, r2, #268435456
  71 002e 1A64     		str	r2, [r3, #64]
  72              		.loc 1 150 3 view .LVU10
  73 0030 1B6C     		ldr	r3, [r3, #64]
  74 0032 03F08053 		and	r3, r3, #268435456
  75 0036 0193     		str	r3, [sp, #4]
  76              		.loc 1 150 3 view .LVU11
  77 0038 019B     		ldr	r3, [sp, #4]
  78              	.LBE2:
  79              		.loc 1 150 3 view .LVU12
ARM GAS  C:\Users\xixi\AppData\Local\Temp\ccfBPhey.s 			page 5


 151:Src/main.c    ****   __HAL_PWR_VOLTAGESCALING_CONFIG(PWR_REGULATOR_VOLTAGE_SCALE1);
  80              		.loc 1 151 3 view .LVU13
  81              	.LBB3:
  82              		.loc 1 151 3 view .LVU14
  83 003a 0294     		str	r4, [sp, #8]
  84              		.loc 1 151 3 view .LVU15
  85 003c 1A4B     		ldr	r3, .L3+4
  86 003e 1A68     		ldr	r2, [r3]
  87 0040 42F48042 		orr	r2, r2, #16384
  88 0044 1A60     		str	r2, [r3]
  89              		.loc 1 151 3 view .LVU16
  90 0046 1B68     		ldr	r3, [r3]
  91 0048 03F48043 		and	r3, r3, #16384
  92 004c 0293     		str	r3, [sp, #8]
  93              		.loc 1 151 3 view .LVU17
  94 004e 029B     		ldr	r3, [sp, #8]
  95              	.LBE3:
  96              		.loc 1 151 3 view .LVU18
 152:Src/main.c    ****   /** Initializes the CPU, AHB and APB busses clocks
 153:Src/main.c    ****   */
 154:Src/main.c    ****   RCC_OscInitStruct.OscillatorType = RCC_OSCILLATORTYPE_HSE;
  97              		.loc 1 154 3 view .LVU19
  98              		.loc 1 154 36 is_stmt 0 view .LVU20
  99 0050 0123     		movs	r3, #1
 100 0052 0C93     		str	r3, [sp, #48]
 155:Src/main.c    ****   RCC_OscInitStruct.HSEState = RCC_HSE_ON;
 101              		.loc 1 155 3 is_stmt 1 view .LVU21
 102              		.loc 1 155 30 is_stmt 0 view .LVU22
 103 0054 4FF48033 		mov	r3, #65536
 104 0058 0D93     		str	r3, [sp, #52]
 156:Src/main.c    ****   RCC_OscInitStruct.PLL.PLLState = RCC_PLL_ON;
 105              		.loc 1 156 3 is_stmt 1 view .LVU23
 106              		.loc 1 156 34 is_stmt 0 view .LVU24
 107 005a 0225     		movs	r5, #2
 108 005c 1295     		str	r5, [sp, #72]
 157:Src/main.c    ****   RCC_OscInitStruct.PLL.PLLSource = RCC_PLLSOURCE_HSE;
 109              		.loc 1 157 3 is_stmt 1 view .LVU25
 110              		.loc 1 157 35 is_stmt 0 view .LVU26
 111 005e 4FF48003 		mov	r3, #4194304
 112 0062 1393     		str	r3, [sp, #76]
 158:Src/main.c    ****   RCC_OscInitStruct.PLL.PLLM = 6;
 113              		.loc 1 158 3 is_stmt 1 view .LVU27
 114              		.loc 1 158 30 is_stmt 0 view .LVU28
 115 0064 0623     		movs	r3, #6
 116 0066 1493     		str	r3, [sp, #80]
 159:Src/main.c    ****   RCC_OscInitStruct.PLL.PLLN = 168;
 117              		.loc 1 159 3 is_stmt 1 view .LVU29
 118              		.loc 1 159 30 is_stmt 0 view .LVU30
 119 0068 A823     		movs	r3, #168
 120 006a 1593     		str	r3, [sp, #84]
 160:Src/main.c    ****   RCC_OscInitStruct.PLL.PLLP = RCC_PLLP_DIV2;
 121              		.loc 1 160 3 is_stmt 1 view .LVU31
 122              		.loc 1 160 30 is_stmt 0 view .LVU32
 123 006c 1695     		str	r5, [sp, #88]
 161:Src/main.c    ****   RCC_OscInitStruct.PLL.PLLQ = 7;
 124              		.loc 1 161 3 is_stmt 1 view .LVU33
 125              		.loc 1 161 30 is_stmt 0 view .LVU34
ARM GAS  C:\Users\xixi\AppData\Local\Temp\ccfBPhey.s 			page 6


 126 006e 0723     		movs	r3, #7
 127 0070 1793     		str	r3, [sp, #92]
 162:Src/main.c    ****   if (HAL_RCC_OscConfig(&RCC_OscInitStruct) != HAL_OK)
 128              		.loc 1 162 3 is_stmt 1 view .LVU35
 129              		.loc 1 162 7 is_stmt 0 view .LVU36
 130 0072 0CA8     		add	r0, sp, #48
 131 0074 FFF7FEFF 		bl	HAL_RCC_OscConfig
 132              	.LVL1:
 163:Src/main.c    ****   {
 164:Src/main.c    ****     Error_Handler();
 165:Src/main.c    ****   }
 166:Src/main.c    ****   /** Initializes the CPU, AHB and APB busses clocks
 167:Src/main.c    ****   */
 168:Src/main.c    ****   RCC_ClkInitStruct.ClockType = RCC_CLOCKTYPE_HCLK|RCC_CLOCKTYPE_SYSCLK
 133              		.loc 1 168 3 is_stmt 1 view .LVU37
 134              		.loc 1 168 31 is_stmt 0 view .LVU38
 135 0078 0F23     		movs	r3, #15
 136 007a 0793     		str	r3, [sp, #28]
 169:Src/main.c    ****                               |RCC_CLOCKTYPE_PCLK1|RCC_CLOCKTYPE_PCLK2;
 170:Src/main.c    ****   RCC_ClkInitStruct.SYSCLKSource = RCC_SYSCLKSOURCE_PLLCLK;
 137              		.loc 1 170 3 is_stmt 1 view .LVU39
 138              		.loc 1 170 34 is_stmt 0 view .LVU40
 139 007c 0895     		str	r5, [sp, #32]
 171:Src/main.c    ****   RCC_ClkInitStruct.AHBCLKDivider = RCC_SYSCLK_DIV1;
 140              		.loc 1 171 3 is_stmt 1 view .LVU41
 141              		.loc 1 171 35 is_stmt 0 view .LVU42
 142 007e 0994     		str	r4, [sp, #36]
 172:Src/main.c    ****   RCC_ClkInitStruct.APB1CLKDivider = RCC_HCLK_DIV4;
 143              		.loc 1 172 3 is_stmt 1 view .LVU43
 144              		.loc 1 172 36 is_stmt 0 view .LVU44
 145 0080 4FF4A053 		mov	r3, #5120
 146 0084 0A93     		str	r3, [sp, #40]
 173:Src/main.c    ****   RCC_ClkInitStruct.APB2CLKDivider = RCC_HCLK_DIV2;
 147              		.loc 1 173 3 is_stmt 1 view .LVU45
 148              		.loc 1 173 36 is_stmt 0 view .LVU46
 149 0086 4FF48053 		mov	r3, #4096
 150 008a 0B93     		str	r3, [sp, #44]
 174:Src/main.c    **** 
 175:Src/main.c    ****   if (HAL_RCC_ClockConfig(&RCC_ClkInitStruct, FLASH_LATENCY_5) != HAL_OK)
 151              		.loc 1 175 3 is_stmt 1 view .LVU47
 152              		.loc 1 175 7 is_stmt 0 view .LVU48
 153 008c 0521     		movs	r1, #5
 154 008e 07A8     		add	r0, sp, #28
 155 0090 FFF7FEFF 		bl	HAL_RCC_ClockConfig
 156              	.LVL2:
 176:Src/main.c    ****   {
 177:Src/main.c    ****     Error_Handler();
 178:Src/main.c    ****   }
 179:Src/main.c    ****   PeriphClkInitStruct.PeriphClockSelection = RCC_PERIPHCLK_RTC;
 157              		.loc 1 179 3 is_stmt 1 view .LVU49
 158              		.loc 1 179 44 is_stmt 0 view .LVU50
 159 0094 0395     		str	r5, [sp, #12]
 180:Src/main.c    ****   PeriphClkInitStruct.RTCClockSelection = RCC_RTCCLKSOURCE_HSE_DIV30;
 160              		.loc 1 180 3 is_stmt 1 view .LVU51
 161              		.loc 1 180 41 is_stmt 0 view .LVU52
 162 0096 054B     		ldr	r3, .L3+8
 163 0098 0693     		str	r3, [sp, #24]
ARM GAS  C:\Users\xixi\AppData\Local\Temp\ccfBPhey.s 			page 7


 181:Src/main.c    ****   if (HAL_RCCEx_PeriphCLKConfig(&PeriphClkInitStruct) != HAL_OK)
 164              		.loc 1 181 3 is_stmt 1 view .LVU53
 165              		.loc 1 181 7 is_stmt 0 view .LVU54
 166 009a 03A8     		add	r0, sp, #12
 167 009c FFF7FEFF 		bl	HAL_RCCEx_PeriphCLKConfig
 168              	.LVL3:
 182:Src/main.c    ****   {
 183:Src/main.c    ****     Error_Handler();
 184:Src/main.c    ****   }
 185:Src/main.c    **** }
 169              		.loc 1 185 1 view .LVU55
 170 00a0 19B0     		add	sp, sp, #100
 171              	.LCFI2:
 172              		.cfi_def_cfa_offset 12
 173              		@ sp needed
 174 00a2 30BD     		pop	{r4, r5, pc}
 175              	.L4:
 176              		.align	2
 177              	.L3:
 178 00a4 00380240 		.word	1073887232
 179 00a8 00700040 		.word	1073770496
 180 00ac 00031E00 		.word	1966848
 181              		.cfi_endproc
 182              	.LFE136:
 184              		.section	.text.main,"ax",%progbits
 185              		.align	1
 186              		.global	main
 187              		.syntax unified
 188              		.thumb
 189              		.thumb_func
 191              	main:
 192              	.LFB135:
  79:Src/main.c    ****   /* USER CODE BEGIN 1 */
 193              		.loc 1 79 1 is_stmt 1 view -0
 194              		.cfi_startproc
 195              		@ Volatile: function does not return.
 196              		@ args = 0, pretend = 0, frame = 0
 197              		@ frame_needed = 0, uses_anonymous_args = 0
 198 0000 08B5     		push	{r3, lr}
 199              	.LCFI3:
 200              		.cfi_def_cfa_offset 8
 201              		.cfi_offset 3, -8
 202              		.cfi_offset 14, -4
  87:Src/main.c    **** 
 203              		.loc 1 87 3 view .LVU57
 204 0002 FFF7FEFF 		bl	HAL_Init
 205              	.LVL4:
  94:Src/main.c    **** 
 206              		.loc 1 94 3 view .LVU58
 207 0006 FFF7FEFF 		bl	SystemClock_Config
 208              	.LVL5:
 101:Src/main.c    ****   MX_DMA_Init();
 209              		.loc 1 101 3 view .LVU59
 210 000a FFF7FEFF 		bl	MX_GPIO_Init
 211              	.LVL6:
 102:Src/main.c    ****   MX_CAN1_Init();
 212              		.loc 1 102 3 view .LVU60
ARM GAS  C:\Users\xixi\AppData\Local\Temp\ccfBPhey.s 			page 8


 213 000e FFF7FEFF 		bl	MX_DMA_Init
 214              	.LVL7:
 103:Src/main.c    ****   MX_CAN2_Init();
 215              		.loc 1 103 3 view .LVU61
 216 0012 FFF7FEFF 		bl	MX_CAN1_Init
 217              	.LVL8:
 104:Src/main.c    ****   MX_SPI1_Init();
 218              		.loc 1 104 3 view .LVU62
 219 0016 FFF7FEFF 		bl	MX_CAN2_Init
 220              	.LVL9:
 105:Src/main.c    ****   MX_TIM4_Init();
 221              		.loc 1 105 3 view .LVU63
 222 001a FFF7FEFF 		bl	MX_SPI1_Init
 223              	.LVL10:
 106:Src/main.c    ****   MX_TIM5_Init();
 224              		.loc 1 106 3 view .LVU64
 225 001e FFF7FEFF 		bl	MX_TIM4_Init
 226              	.LVL11:
 107:Src/main.c    ****   MX_USART3_UART_Init();
 227              		.loc 1 107 3 view .LVU65
 228 0022 FFF7FEFF 		bl	MX_TIM5_Init
 229              	.LVL12:
 108:Src/main.c    ****   MX_TIM8_Init();
 230              		.loc 1 108 3 view .LVU66
 231 0026 FFF7FEFF 		bl	MX_USART3_UART_Init
 232              	.LVL13:
 109:Src/main.c    ****   MX_I2C3_Init();
 233              		.loc 1 109 3 view .LVU67
 234 002a FFF7FEFF 		bl	MX_TIM8_Init
 235              	.LVL14:
 110:Src/main.c    ****   MX_RTC_Init();
 236              		.loc 1 110 3 view .LVU68
 237 002e FFF7FEFF 		bl	MX_I2C3_Init
 238              	.LVL15:
 111:Src/main.c    ****   MX_TIM3_Init();
 239              		.loc 1 111 3 view .LVU69
 240 0032 FFF7FEFF 		bl	MX_RTC_Init
 241              	.LVL16:
 112:Src/main.c    ****   MX_TIM10_Init();
 242              		.loc 1 112 3 view .LVU70
 243 0036 FFF7FEFF 		bl	MX_TIM3_Init
 244              	.LVL17:
 113:Src/main.c    ****   /* USER CODE BEGIN 2 */
 245              		.loc 1 113 3 view .LVU71
 246 003a FFF7FEFF 		bl	MX_TIM10_Init
 247              	.LVL18:
 115:Src/main.c    ****   remote_control_init();
 248              		.loc 1 115 3 view .LVU72
 249 003e FFF7FEFF 		bl	can_filter_init
 250              	.LVL19:
 116:Src/main.c    ****   /* USER CODE END 2 */
 251              		.loc 1 116 3 view .LVU73
 252 0042 FFF7FEFF 		bl	remote_control_init
 253              	.LVL20:
 120:Src/main.c    **** 
 254              		.loc 1 120 3 view .LVU74
 255 0046 FFF7FEFF 		bl	MX_FREERTOS_Init
ARM GAS  C:\Users\xixi\AppData\Local\Temp\ccfBPhey.s 			page 9


 256              	.LVL21:
 123:Src/main.c    **** 
 257              		.loc 1 123 3 view .LVU75
 258 004a FFF7FEFF 		bl	osKernelStart
 259              	.LVL22:
 260              	.L6:
 129:Src/main.c    ****   {
 261              		.loc 1 129 3 discriminator 1 view .LVU76
 134:Src/main.c    ****   /* USER CODE END 3 */
 262              		.loc 1 134 3 discriminator 1 view .LVU77
 129:Src/main.c    ****   {
 263              		.loc 1 129 9 discriminator 1 view .LVU78
 264 004e FEE7     		b	.L6
 265              		.cfi_endproc
 266              	.LFE135:
 268              		.section	.text.Error_Handler,"ax",%progbits
 269              		.align	1
 270              		.global	Error_Handler
 271              		.syntax unified
 272              		.thumb
 273              		.thumb_func
 275              	Error_Handler:
 276              	.LFB137:
 186:Src/main.c    **** 
 187:Src/main.c    **** /* USER CODE BEGIN 4 */
 188:Src/main.c    **** 
 189:Src/main.c    **** /* USER CODE END 4 */
 190:Src/main.c    **** 
 191:Src/main.c    **** /**
 192:Src/main.c    ****   * @brief  This function is executed in case of error occurrence.
 193:Src/main.c    ****   * @retval None
 194:Src/main.c    ****   */
 195:Src/main.c    **** void Error_Handler(void)
 196:Src/main.c    **** {
 277              		.loc 1 196 1 view -0
 278              		.cfi_startproc
 279              		@ args = 0, pretend = 0, frame = 0
 280              		@ frame_needed = 0, uses_anonymous_args = 0
 281              		@ link register save eliminated.
 197:Src/main.c    ****   /* USER CODE BEGIN Error_Handler_Debug */
 198:Src/main.c    ****   /* User can add his own implementation to report the HAL error return state */
 199:Src/main.c    **** 
 200:Src/main.c    ****   /* USER CODE END Error_Handler_Debug */
 201:Src/main.c    **** }
 282              		.loc 1 201 1 view .LVU80
 283 0000 7047     		bx	lr
 284              		.cfi_endproc
 285              	.LFE137:
 287              		.text
 288              	.Letext0:
 289              		.file 2 "c:\\program files (x86)\\gnu arm embedded toolchain\\10 2021.10\\arm-none-eabi\\include\\
 290              		.file 3 "c:\\program files (x86)\\gnu arm embedded toolchain\\10 2021.10\\arm-none-eabi\\include\\
 291              		.file 4 "Drivers/CMSIS/Device/ST/STM32F4xx/Include/stm32f407xx.h"
 292              		.file 5 "Drivers/STM32F4xx_HAL_Driver/Inc/stm32f4xx_hal_rcc_ex.h"
 293              		.file 6 "Drivers/STM32F4xx_HAL_Driver/Inc/stm32f4xx_hal_rcc.h"
 294              		.file 7 "Drivers/STM32F4xx_HAL_Driver/Inc/stm32f4xx_hal.h"
 295              		.file 8 "Inc/gpio.h"
ARM GAS  C:\Users\xixi\AppData\Local\Temp\ccfBPhey.s 			page 10


 296              		.file 9 "Inc/dma.h"
 297              		.file 10 "Chassis/can.h"
 298              		.file 11 "Inc/spi.h"
 299              		.file 12 "Inc/tim.h"
 300              		.file 13 "Inc/usart.h"
 301              		.file 14 "Inc/i2c.h"
 302              		.file 15 "Inc/rtc.h"
 303              		.file 16 "Chassis/remote_control.h"
 304              		.file 17 "Middlewares/Third_Party/FreeRTOS/Source/CMSIS_RTOS/cmsis_os.h"
 305              		.file 18 "Drivers/STM32F4xx_HAL_Driver/Inc/stm32f4xx_hal_def.h"
 306              		.file 19 "<built-in>"
ARM GAS  C:\Users\xixi\AppData\Local\Temp\ccfBPhey.s 			page 11


DEFINED SYMBOLS
                            *ABS*:00000000 main.c
C:\Users\xixi\AppData\Local\Temp\ccfBPhey.s:20     .text.SystemClock_Config:00000000 $t
C:\Users\xixi\AppData\Local\Temp\ccfBPhey.s:26     .text.SystemClock_Config:00000000 SystemClock_Config
C:\Users\xixi\AppData\Local\Temp\ccfBPhey.s:178    .text.SystemClock_Config:000000a4 $d
C:\Users\xixi\AppData\Local\Temp\ccfBPhey.s:185    .text.main:00000000 $t
C:\Users\xixi\AppData\Local\Temp\ccfBPhey.s:191    .text.main:00000000 main
C:\Users\xixi\AppData\Local\Temp\ccfBPhey.s:269    .text.Error_Handler:00000000 $t
C:\Users\xixi\AppData\Local\Temp\ccfBPhey.s:275    .text.Error_Handler:00000000 Error_Handler

UNDEFINED SYMBOLS
memset
HAL_RCC_OscConfig
HAL_RCC_ClockConfig
HAL_RCCEx_PeriphCLKConfig
HAL_Init
MX_GPIO_Init
MX_DMA_Init
MX_CAN1_Init
MX_CAN2_Init
MX_SPI1_Init
MX_TIM4_Init
MX_TIM5_Init
MX_USART3_UART_Init
MX_TIM8_Init
MX_I2C3_Init
MX_RTC_Init
MX_TIM3_Init
MX_TIM10_Init
can_filter_init
remote_control_init
MX_FREERTOS_Init
osKernelStart
