ARM GAS  C:\Users\xixi\AppData\Local\Temp\ccFjRUEN.s 			page 1


   1              		.cpu cortex-m4
   2              		.arch armv7e-m
   3              		.fpu fpv4-sp-d16
   4              		.eabi_attribute 27, 1
   5              		.eabi_attribute 28, 1
   6              		.eabi_attribute 20, 1
   7              		.eabi_attribute 21, 1
   8              		.eabi_attribute 23, 3
   9              		.eabi_attribute 24, 1
  10              		.eabi_attribute 25, 1
  11              		.eabi_attribute 26, 1
  12              		.eabi_attribute 30, 1
  13              		.eabi_attribute 34, 1
  14              		.eabi_attribute 18, 4
  15              		.file	"tim.c"
  16              		.text
  17              	.Ltext0:
  18              		.cfi_sections	.debug_frame
  19              		.section	.text.HAL_TIM_Base_MspInit,"ax",%progbits
  20              		.align	1
  21              		.global	HAL_TIM_Base_MspInit
  22              		.syntax unified
  23              		.thumb
  24              		.thumb_func
  26              	HAL_TIM_Base_MspInit:
  27              	.LVL0:
  28              	.LFB132:
  29              		.file 1 "Src/tim.c"
   1:Src/tim.c     **** /**
   2:Src/tim.c     ****   ******************************************************************************
   3:Src/tim.c     ****   * File Name          : TIM.c
   4:Src/tim.c     ****   * Description        : This file provides code for the configuration
   5:Src/tim.c     ****   *                      of the TIM instances.
   6:Src/tim.c     ****   ******************************************************************************
   7:Src/tim.c     ****   * @attention
   8:Src/tim.c     ****   *
   9:Src/tim.c     ****   * <h2><center>&copy; Copyright (c) 2025 STMicroelectronics.
  10:Src/tim.c     ****   * All rights reserved.</center></h2>
  11:Src/tim.c     ****   *
  12:Src/tim.c     ****   * This software component is licensed by ST under Ultimate Liberty license
  13:Src/tim.c     ****   * SLA0044, the "License"; You may not use this file except in compliance with
  14:Src/tim.c     ****   * the License. You may obtain a copy of the License at:
  15:Src/tim.c     ****   *                             www.st.com/SLA0044
  16:Src/tim.c     ****   *
  17:Src/tim.c     ****   ******************************************************************************
  18:Src/tim.c     ****   */
  19:Src/tim.c     **** 
  20:Src/tim.c     **** /* Includes ------------------------------------------------------------------*/
  21:Src/tim.c     **** #include "tim.h"
  22:Src/tim.c     **** 
  23:Src/tim.c     **** /* USER CODE BEGIN 0 */
  24:Src/tim.c     **** 
  25:Src/tim.c     **** /* USER CODE END 0 */
  26:Src/tim.c     **** 
  27:Src/tim.c     **** TIM_HandleTypeDef htim5;
  28:Src/tim.c     **** TIM_HandleTypeDef htim10;
  29:Src/tim.c     **** 
ARM GAS  C:\Users\xixi\AppData\Local\Temp\ccFjRUEN.s 			page 2


  30:Src/tim.c     **** /* TIM5 init function */
  31:Src/tim.c     **** void MX_TIM5_Init(void)
  32:Src/tim.c     **** {
  33:Src/tim.c     ****   TIM_ClockConfigTypeDef sClockSourceConfig = {0};
  34:Src/tim.c     ****   TIM_MasterConfigTypeDef sMasterConfig = {0};
  35:Src/tim.c     ****   TIM_OC_InitTypeDef sConfigOC = {0};
  36:Src/tim.c     **** 
  37:Src/tim.c     ****   htim5.Instance = TIM5;
  38:Src/tim.c     ****   htim5.Init.Prescaler = 0;
  39:Src/tim.c     ****   htim5.Init.CounterMode = TIM_COUNTERMODE_UP;
  40:Src/tim.c     ****   htim5.Init.Period = 65535;
  41:Src/tim.c     ****   htim5.Init.ClockDivision = TIM_CLOCKDIVISION_DIV1;
  42:Src/tim.c     ****   htim5.Init.AutoReloadPreload = TIM_AUTORELOAD_PRELOAD_DISABLE;
  43:Src/tim.c     ****   if (HAL_TIM_Base_Init(&htim5) != HAL_OK)
  44:Src/tim.c     ****   {
  45:Src/tim.c     ****     Error_Handler();
  46:Src/tim.c     ****   }
  47:Src/tim.c     ****   sClockSourceConfig.ClockSource = TIM_CLOCKSOURCE_INTERNAL;
  48:Src/tim.c     ****   if (HAL_TIM_ConfigClockSource(&htim5, &sClockSourceConfig) != HAL_OK)
  49:Src/tim.c     ****   {
  50:Src/tim.c     ****     Error_Handler();
  51:Src/tim.c     ****   }
  52:Src/tim.c     ****   if (HAL_TIM_PWM_Init(&htim5) != HAL_OK)
  53:Src/tim.c     ****   {
  54:Src/tim.c     ****     Error_Handler();
  55:Src/tim.c     ****   }
  56:Src/tim.c     ****   sMasterConfig.MasterOutputTrigger = TIM_TRGO_RESET;
  57:Src/tim.c     ****   sMasterConfig.MasterSlaveMode = TIM_MASTERSLAVEMODE_DISABLE;
  58:Src/tim.c     ****   if (HAL_TIMEx_MasterConfigSynchronization(&htim5, &sMasterConfig) != HAL_OK)
  59:Src/tim.c     ****   {
  60:Src/tim.c     ****     Error_Handler();
  61:Src/tim.c     ****   }
  62:Src/tim.c     ****   sConfigOC.OCMode = TIM_OCMODE_PWM1;
  63:Src/tim.c     ****   sConfigOC.Pulse = 0;
  64:Src/tim.c     ****   sConfigOC.OCPolarity = TIM_OCPOLARITY_HIGH;
  65:Src/tim.c     ****   sConfigOC.OCFastMode = TIM_OCFAST_DISABLE;
  66:Src/tim.c     ****   if (HAL_TIM_PWM_ConfigChannel(&htim5, &sConfigOC, TIM_CHANNEL_1) != HAL_OK)
  67:Src/tim.c     ****   {
  68:Src/tim.c     ****     Error_Handler();
  69:Src/tim.c     ****   }
  70:Src/tim.c     ****   if (HAL_TIM_PWM_ConfigChannel(&htim5, &sConfigOC, TIM_CHANNEL_2) != HAL_OK)
  71:Src/tim.c     ****   {
  72:Src/tim.c     ****     Error_Handler();
  73:Src/tim.c     ****   }
  74:Src/tim.c     ****   if (HAL_TIM_PWM_ConfigChannel(&htim5, &sConfigOC, TIM_CHANNEL_3) != HAL_OK)
  75:Src/tim.c     ****   {
  76:Src/tim.c     ****     Error_Handler();
  77:Src/tim.c     ****   }
  78:Src/tim.c     ****   HAL_TIM_MspPostInit(&htim5);
  79:Src/tim.c     **** 
  80:Src/tim.c     **** }
  81:Src/tim.c     **** /* TIM10 init function */
  82:Src/tim.c     **** void MX_TIM10_Init(void)
  83:Src/tim.c     **** {
  84:Src/tim.c     ****   TIM_OC_InitTypeDef sConfigOC = {0};
  85:Src/tim.c     **** 
  86:Src/tim.c     ****   htim10.Instance = TIM10;
ARM GAS  C:\Users\xixi\AppData\Local\Temp\ccFjRUEN.s 			page 3


  87:Src/tim.c     ****   htim10.Init.Prescaler = 0;
  88:Src/tim.c     ****   htim10.Init.CounterMode = TIM_COUNTERMODE_UP;
  89:Src/tim.c     ****   htim10.Init.Period = 4999;
  90:Src/tim.c     ****   htim10.Init.ClockDivision = TIM_CLOCKDIVISION_DIV1;
  91:Src/tim.c     ****   htim10.Init.AutoReloadPreload = TIM_AUTORELOAD_PRELOAD_DISABLE;
  92:Src/tim.c     ****   if (HAL_TIM_Base_Init(&htim10) != HAL_OK)
  93:Src/tim.c     ****   {
  94:Src/tim.c     ****     Error_Handler();
  95:Src/tim.c     ****   }
  96:Src/tim.c     ****   if (HAL_TIM_PWM_Init(&htim10) != HAL_OK)
  97:Src/tim.c     ****   {
  98:Src/tim.c     ****     Error_Handler();
  99:Src/tim.c     ****   }
 100:Src/tim.c     ****   sConfigOC.OCMode = TIM_OCMODE_PWM1;
 101:Src/tim.c     ****   sConfigOC.Pulse = 0;
 102:Src/tim.c     ****   sConfigOC.OCPolarity = TIM_OCPOLARITY_HIGH;
 103:Src/tim.c     ****   sConfigOC.OCFastMode = TIM_OCFAST_DISABLE;
 104:Src/tim.c     ****   if (HAL_TIM_PWM_ConfigChannel(&htim10, &sConfigOC, TIM_CHANNEL_1) != HAL_OK)
 105:Src/tim.c     ****   {
 106:Src/tim.c     ****     Error_Handler();
 107:Src/tim.c     ****   }
 108:Src/tim.c     ****   HAL_TIM_MspPostInit(&htim10);
 109:Src/tim.c     **** 
 110:Src/tim.c     **** }
 111:Src/tim.c     **** 
 112:Src/tim.c     **** void HAL_TIM_Base_MspInit(TIM_HandleTypeDef* tim_baseHandle)
 113:Src/tim.c     **** {
  30              		.loc 1 113 1 view -0
  31              		.cfi_startproc
  32              		@ args = 0, pretend = 0, frame = 8
  33              		@ frame_needed = 0, uses_anonymous_args = 0
  34              		@ link register save eliminated.
  35              		.loc 1 113 1 is_stmt 0 view .LVU1
  36 0000 82B0     		sub	sp, sp, #8
  37              	.LCFI0:
  38              		.cfi_def_cfa_offset 8
 114:Src/tim.c     **** 
 115:Src/tim.c     ****   if(tim_baseHandle->Instance==TIM5)
  39              		.loc 1 115 3 is_stmt 1 view .LVU2
  40              		.loc 1 115 20 is_stmt 0 view .LVU3
  41 0002 0368     		ldr	r3, [r0]
  42              		.loc 1 115 5 view .LVU4
  43 0004 104A     		ldr	r2, .L7
  44 0006 9342     		cmp	r3, r2
  45 0008 04D0     		beq	.L5
 116:Src/tim.c     ****   {
 117:Src/tim.c     ****   /* USER CODE BEGIN TIM5_MspInit 0 */
 118:Src/tim.c     **** 
 119:Src/tim.c     ****   /* USER CODE END TIM5_MspInit 0 */
 120:Src/tim.c     ****     /* TIM5 clock enable */
 121:Src/tim.c     ****     __HAL_RCC_TIM5_CLK_ENABLE();
 122:Src/tim.c     ****   /* USER CODE BEGIN TIM5_MspInit 1 */
 123:Src/tim.c     **** 
 124:Src/tim.c     ****   /* USER CODE END TIM5_MspInit 1 */
 125:Src/tim.c     ****   }
 126:Src/tim.c     ****   else if(tim_baseHandle->Instance==TIM10)
  46              		.loc 1 126 8 is_stmt 1 view .LVU5
ARM GAS  C:\Users\xixi\AppData\Local\Temp\ccFjRUEN.s 			page 4


  47              		.loc 1 126 10 is_stmt 0 view .LVU6
  48 000a 104A     		ldr	r2, .L7+4
  49 000c 9342     		cmp	r3, r2
  50 000e 0ED0     		beq	.L6
  51              	.L1:
 127:Src/tim.c     ****   {
 128:Src/tim.c     ****   /* USER CODE BEGIN TIM10_MspInit 0 */
 129:Src/tim.c     **** 
 130:Src/tim.c     ****   /* USER CODE END TIM10_MspInit 0 */
 131:Src/tim.c     ****     /* TIM10 clock enable */
 132:Src/tim.c     ****     __HAL_RCC_TIM10_CLK_ENABLE();
 133:Src/tim.c     ****   /* USER CODE BEGIN TIM10_MspInit 1 */
 134:Src/tim.c     **** 
 135:Src/tim.c     ****   /* USER CODE END TIM10_MspInit 1 */
 136:Src/tim.c     ****   }
 137:Src/tim.c     **** }
  52              		.loc 1 137 1 view .LVU7
  53 0010 02B0     		add	sp, sp, #8
  54              	.LCFI1:
  55              		.cfi_remember_state
  56              		.cfi_def_cfa_offset 0
  57              		@ sp needed
  58 0012 7047     		bx	lr
  59              	.L5:
  60              	.LCFI2:
  61              		.cfi_restore_state
 121:Src/tim.c     ****   /* USER CODE BEGIN TIM5_MspInit 1 */
  62              		.loc 1 121 5 is_stmt 1 view .LVU8
  63              	.LBB2:
 121:Src/tim.c     ****   /* USER CODE BEGIN TIM5_MspInit 1 */
  64              		.loc 1 121 5 view .LVU9
  65 0014 0023     		movs	r3, #0
  66 0016 0093     		str	r3, [sp]
 121:Src/tim.c     ****   /* USER CODE BEGIN TIM5_MspInit 1 */
  67              		.loc 1 121 5 view .LVU10
  68 0018 0D4B     		ldr	r3, .L7+8
  69 001a 1A6C     		ldr	r2, [r3, #64]
  70 001c 42F00802 		orr	r2, r2, #8
  71 0020 1A64     		str	r2, [r3, #64]
 121:Src/tim.c     ****   /* USER CODE BEGIN TIM5_MspInit 1 */
  72              		.loc 1 121 5 view .LVU11
  73 0022 1B6C     		ldr	r3, [r3, #64]
  74 0024 03F00803 		and	r3, r3, #8
  75 0028 0093     		str	r3, [sp]
 121:Src/tim.c     ****   /* USER CODE BEGIN TIM5_MspInit 1 */
  76              		.loc 1 121 5 view .LVU12
  77 002a 009B     		ldr	r3, [sp]
  78              	.LBE2:
 121:Src/tim.c     ****   /* USER CODE BEGIN TIM5_MspInit 1 */
  79              		.loc 1 121 5 view .LVU13
  80 002c F0E7     		b	.L1
  81              	.L6:
 132:Src/tim.c     ****   /* USER CODE BEGIN TIM10_MspInit 1 */
  82              		.loc 1 132 5 view .LVU14
  83              	.LBB3:
 132:Src/tim.c     ****   /* USER CODE BEGIN TIM10_MspInit 1 */
  84              		.loc 1 132 5 view .LVU15
ARM GAS  C:\Users\xixi\AppData\Local\Temp\ccFjRUEN.s 			page 5


  85 002e 0023     		movs	r3, #0
  86 0030 0193     		str	r3, [sp, #4]
 132:Src/tim.c     ****   /* USER CODE BEGIN TIM10_MspInit 1 */
  87              		.loc 1 132 5 view .LVU16
  88 0032 074B     		ldr	r3, .L7+8
  89 0034 5A6C     		ldr	r2, [r3, #68]
  90 0036 42F40032 		orr	r2, r2, #131072
  91 003a 5A64     		str	r2, [r3, #68]
 132:Src/tim.c     ****   /* USER CODE BEGIN TIM10_MspInit 1 */
  92              		.loc 1 132 5 view .LVU17
  93 003c 5B6C     		ldr	r3, [r3, #68]
  94 003e 03F40033 		and	r3, r3, #131072
  95 0042 0193     		str	r3, [sp, #4]
 132:Src/tim.c     ****   /* USER CODE BEGIN TIM10_MspInit 1 */
  96              		.loc 1 132 5 view .LVU18
  97 0044 019B     		ldr	r3, [sp, #4]
  98              	.LBE3:
 132:Src/tim.c     ****   /* USER CODE BEGIN TIM10_MspInit 1 */
  99              		.loc 1 132 5 view .LVU19
 100              		.loc 1 137 1 is_stmt 0 view .LVU20
 101 0046 E3E7     		b	.L1
 102              	.L8:
 103              		.align	2
 104              	.L7:
 105 0048 000C0040 		.word	1073744896
 106 004c 00440140 		.word	1073824768
 107 0050 00380240 		.word	1073887232
 108              		.cfi_endproc
 109              	.LFE132:
 111              		.section	.text.HAL_TIM_MspPostInit,"ax",%progbits
 112              		.align	1
 113              		.global	HAL_TIM_MspPostInit
 114              		.syntax unified
 115              		.thumb
 116              		.thumb_func
 118              	HAL_TIM_MspPostInit:
 119              	.LVL1:
 120              	.LFB133:
 138:Src/tim.c     **** void HAL_TIM_MspPostInit(TIM_HandleTypeDef* timHandle)
 139:Src/tim.c     **** {
 121              		.loc 1 139 1 is_stmt 1 view -0
 122              		.cfi_startproc
 123              		@ args = 0, pretend = 0, frame = 32
 124              		@ frame_needed = 0, uses_anonymous_args = 0
 125              		.loc 1 139 1 is_stmt 0 view .LVU22
 126 0000 30B5     		push	{r4, r5, lr}
 127              	.LCFI3:
 128              		.cfi_def_cfa_offset 12
 129              		.cfi_offset 4, -12
 130              		.cfi_offset 5, -8
 131              		.cfi_offset 14, -4
 132 0002 89B0     		sub	sp, sp, #36
 133              	.LCFI4:
 134              		.cfi_def_cfa_offset 48
 140:Src/tim.c     **** 
 141:Src/tim.c     ****   GPIO_InitTypeDef GPIO_InitStruct = {0};
 135              		.loc 1 141 3 is_stmt 1 view .LVU23
ARM GAS  C:\Users\xixi\AppData\Local\Temp\ccFjRUEN.s 			page 6


 136              		.loc 1 141 20 is_stmt 0 view .LVU24
 137 0004 0023     		movs	r3, #0
 138 0006 0393     		str	r3, [sp, #12]
 139 0008 0493     		str	r3, [sp, #16]
 140 000a 0593     		str	r3, [sp, #20]
 141 000c 0693     		str	r3, [sp, #24]
 142 000e 0793     		str	r3, [sp, #28]
 142:Src/tim.c     ****   if(timHandle->Instance==TIM5)
 143              		.loc 1 142 3 is_stmt 1 view .LVU25
 144              		.loc 1 142 15 is_stmt 0 view .LVU26
 145 0010 0368     		ldr	r3, [r0]
 146              		.loc 1 142 5 view .LVU27
 147 0012 2A4A     		ldr	r2, .L15
 148 0014 9342     		cmp	r3, r2
 149 0016 04D0     		beq	.L13
 143:Src/tim.c     ****   {
 144:Src/tim.c     ****   /* USER CODE BEGIN TIM5_MspPostInit 0 */
 145:Src/tim.c     **** 
 146:Src/tim.c     ****   /* USER CODE END TIM5_MspPostInit 0 */
 147:Src/tim.c     ****     __HAL_RCC_GPIOH_CLK_ENABLE();
 148:Src/tim.c     ****     /**TIM5 GPIO Configuration
 149:Src/tim.c     ****     PH12     ------> TIM5_CH3
 150:Src/tim.c     ****     PH11     ------> TIM5_CH2
 151:Src/tim.c     ****     PH10     ------> TIM5_CH1
 152:Src/tim.c     ****     */
 153:Src/tim.c     ****     GPIO_InitStruct.Pin = LED_R_Pin|LED_G_Pin|LED_B_Pin;
 154:Src/tim.c     ****     GPIO_InitStruct.Mode = GPIO_MODE_AF_PP;
 155:Src/tim.c     ****     GPIO_InitStruct.Pull = GPIO_PULLUP;
 156:Src/tim.c     ****     GPIO_InitStruct.Speed = GPIO_SPEED_FREQ_HIGH;
 157:Src/tim.c     ****     GPIO_InitStruct.Alternate = GPIO_AF2_TIM5;
 158:Src/tim.c     ****     HAL_GPIO_Init(GPIOH, &GPIO_InitStruct);
 159:Src/tim.c     **** 
 160:Src/tim.c     ****   /* USER CODE BEGIN TIM5_MspPostInit 1 */
 161:Src/tim.c     ****   HAL_TIM_Base_Start(&htim5);
 162:Src/tim.c     ****   HAL_TIM_PWM_Start(&htim5, TIM_CHANNEL_1);
 163:Src/tim.c     ****   HAL_TIM_PWM_Start(&htim5, TIM_CHANNEL_2);
 164:Src/tim.c     ****   HAL_TIM_PWM_Start(&htim5, TIM_CHANNEL_3);
 165:Src/tim.c     ****   /* USER CODE END TIM5_MspPostInit 1 */
 166:Src/tim.c     ****   }
 167:Src/tim.c     ****   else if(timHandle->Instance==TIM10)
 150              		.loc 1 167 8 is_stmt 1 view .LVU28
 151              		.loc 1 167 10 is_stmt 0 view .LVU29
 152 0018 294A     		ldr	r2, .L15+4
 153 001a 9342     		cmp	r3, r2
 154 001c 2BD0     		beq	.L14
 155              	.LVL2:
 156              	.L9:
 168:Src/tim.c     ****   {
 169:Src/tim.c     ****   /* USER CODE BEGIN TIM10_MspPostInit 0 */
 170:Src/tim.c     **** 
 171:Src/tim.c     ****   /* USER CODE END TIM10_MspPostInit 0 */
 172:Src/tim.c     **** 
 173:Src/tim.c     ****     __HAL_RCC_GPIOF_CLK_ENABLE();
 174:Src/tim.c     ****     /**TIM10 GPIO Configuration
 175:Src/tim.c     ****     PF6     ------> TIM10_CH1
 176:Src/tim.c     ****     */
 177:Src/tim.c     ****     GPIO_InitStruct.Pin = GPIO_PIN_6;
ARM GAS  C:\Users\xixi\AppData\Local\Temp\ccFjRUEN.s 			page 7


 178:Src/tim.c     ****     GPIO_InitStruct.Mode = GPIO_MODE_AF_PP;
 179:Src/tim.c     ****     GPIO_InitStruct.Pull = GPIO_PULLUP;
 180:Src/tim.c     ****     GPIO_InitStruct.Speed = GPIO_SPEED_FREQ_HIGH;
 181:Src/tim.c     ****     GPIO_InitStruct.Alternate = GPIO_AF3_TIM10;
 182:Src/tim.c     ****     HAL_GPIO_Init(GPIOF, &GPIO_InitStruct);
 183:Src/tim.c     **** 
 184:Src/tim.c     ****   /* USER CODE BEGIN TIM10_MspPostInit 1 */
 185:Src/tim.c     ****   HAL_TIM_Base_Start(&htim10);
 186:Src/tim.c     ****   HAL_TIM_PWM_Start(&htim10, TIM_CHANNEL_1);
 187:Src/tim.c     ****   /* USER CODE END TIM10_MspPostInit 1 */
 188:Src/tim.c     ****   }
 189:Src/tim.c     **** 
 190:Src/tim.c     **** }
 157              		.loc 1 190 1 view .LVU30
 158 001e 09B0     		add	sp, sp, #36
 159              	.LCFI5:
 160              		.cfi_remember_state
 161              		.cfi_def_cfa_offset 12
 162              		@ sp needed
 163 0020 30BD     		pop	{r4, r5, pc}
 164              	.LVL3:
 165              	.L13:
 166              	.LCFI6:
 167              		.cfi_restore_state
 147:Src/tim.c     ****     /**TIM5 GPIO Configuration
 168              		.loc 1 147 5 is_stmt 1 view .LVU31
 169              	.LBB4:
 147:Src/tim.c     ****     /**TIM5 GPIO Configuration
 170              		.loc 1 147 5 view .LVU32
 171 0022 0025     		movs	r5, #0
 172 0024 0195     		str	r5, [sp, #4]
 147:Src/tim.c     ****     /**TIM5 GPIO Configuration
 173              		.loc 1 147 5 view .LVU33
 174 0026 274B     		ldr	r3, .L15+8
 175 0028 1A6B     		ldr	r2, [r3, #48]
 176 002a 42F08002 		orr	r2, r2, #128
 177 002e 1A63     		str	r2, [r3, #48]
 147:Src/tim.c     ****     /**TIM5 GPIO Configuration
 178              		.loc 1 147 5 view .LVU34
 179 0030 1B6B     		ldr	r3, [r3, #48]
 180 0032 03F08003 		and	r3, r3, #128
 181 0036 0193     		str	r3, [sp, #4]
 147:Src/tim.c     ****     /**TIM5 GPIO Configuration
 182              		.loc 1 147 5 view .LVU35
 183 0038 019B     		ldr	r3, [sp, #4]
 184              	.LBE4:
 147:Src/tim.c     ****     /**TIM5 GPIO Configuration
 185              		.loc 1 147 5 view .LVU36
 153:Src/tim.c     ****     GPIO_InitStruct.Mode = GPIO_MODE_AF_PP;
 186              		.loc 1 153 5 view .LVU37
 153:Src/tim.c     ****     GPIO_InitStruct.Mode = GPIO_MODE_AF_PP;
 187              		.loc 1 153 25 is_stmt 0 view .LVU38
 188 003a 4FF4E053 		mov	r3, #7168
 189 003e 0393     		str	r3, [sp, #12]
 154:Src/tim.c     ****     GPIO_InitStruct.Pull = GPIO_PULLUP;
 190              		.loc 1 154 5 is_stmt 1 view .LVU39
 154:Src/tim.c     ****     GPIO_InitStruct.Pull = GPIO_PULLUP;
ARM GAS  C:\Users\xixi\AppData\Local\Temp\ccFjRUEN.s 			page 8


 191              		.loc 1 154 26 is_stmt 0 view .LVU40
 192 0040 0223     		movs	r3, #2
 193 0042 0493     		str	r3, [sp, #16]
 155:Src/tim.c     ****     GPIO_InitStruct.Speed = GPIO_SPEED_FREQ_HIGH;
 194              		.loc 1 155 5 is_stmt 1 view .LVU41
 155:Src/tim.c     ****     GPIO_InitStruct.Speed = GPIO_SPEED_FREQ_HIGH;
 195              		.loc 1 155 26 is_stmt 0 view .LVU42
 196 0044 0122     		movs	r2, #1
 197 0046 0592     		str	r2, [sp, #20]
 156:Src/tim.c     ****     GPIO_InitStruct.Alternate = GPIO_AF2_TIM5;
 198              		.loc 1 156 5 is_stmt 1 view .LVU43
 156:Src/tim.c     ****     GPIO_InitStruct.Alternate = GPIO_AF2_TIM5;
 199              		.loc 1 156 27 is_stmt 0 view .LVU44
 200 0048 0693     		str	r3, [sp, #24]
 157:Src/tim.c     ****     HAL_GPIO_Init(GPIOH, &GPIO_InitStruct);
 201              		.loc 1 157 5 is_stmt 1 view .LVU45
 157:Src/tim.c     ****     HAL_GPIO_Init(GPIOH, &GPIO_InitStruct);
 202              		.loc 1 157 31 is_stmt 0 view .LVU46
 203 004a 0793     		str	r3, [sp, #28]
 158:Src/tim.c     **** 
 204              		.loc 1 158 5 is_stmt 1 view .LVU47
 205 004c 03A9     		add	r1, sp, #12
 206 004e 1E48     		ldr	r0, .L15+12
 207              	.LVL4:
 158:Src/tim.c     **** 
 208              		.loc 1 158 5 is_stmt 0 view .LVU48
 209 0050 FFF7FEFF 		bl	HAL_GPIO_Init
 210              	.LVL5:
 161:Src/tim.c     ****   HAL_TIM_PWM_Start(&htim5, TIM_CHANNEL_1);
 211              		.loc 1 161 3 is_stmt 1 view .LVU49
 212 0054 1D4C     		ldr	r4, .L15+16
 213 0056 2046     		mov	r0, r4
 214 0058 FFF7FEFF 		bl	HAL_TIM_Base_Start
 215              	.LVL6:
 162:Src/tim.c     ****   HAL_TIM_PWM_Start(&htim5, TIM_CHANNEL_2);
 216              		.loc 1 162 3 view .LVU50
 217 005c 2946     		mov	r1, r5
 218 005e 2046     		mov	r0, r4
 219 0060 FFF7FEFF 		bl	HAL_TIM_PWM_Start
 220              	.LVL7:
 163:Src/tim.c     ****   HAL_TIM_PWM_Start(&htim5, TIM_CHANNEL_3);
 221              		.loc 1 163 3 view .LVU51
 222 0064 0421     		movs	r1, #4
 223 0066 2046     		mov	r0, r4
 224 0068 FFF7FEFF 		bl	HAL_TIM_PWM_Start
 225              	.LVL8:
 164:Src/tim.c     ****   /* USER CODE END TIM5_MspPostInit 1 */
 226              		.loc 1 164 3 view .LVU52
 227 006c 0821     		movs	r1, #8
 228 006e 2046     		mov	r0, r4
 229 0070 FFF7FEFF 		bl	HAL_TIM_PWM_Start
 230              	.LVL9:
 231 0074 D3E7     		b	.L9
 232              	.LVL10:
 233              	.L14:
 173:Src/tim.c     ****     /**TIM10 GPIO Configuration
 234              		.loc 1 173 5 view .LVU53
ARM GAS  C:\Users\xixi\AppData\Local\Temp\ccFjRUEN.s 			page 9


 235              	.LBB5:
 173:Src/tim.c     ****     /**TIM10 GPIO Configuration
 236              		.loc 1 173 5 view .LVU54
 237 0076 0025     		movs	r5, #0
 238 0078 0295     		str	r5, [sp, #8]
 173:Src/tim.c     ****     /**TIM10 GPIO Configuration
 239              		.loc 1 173 5 view .LVU55
 240 007a 124B     		ldr	r3, .L15+8
 241 007c 1A6B     		ldr	r2, [r3, #48]
 242 007e 42F02002 		orr	r2, r2, #32
 243 0082 1A63     		str	r2, [r3, #48]
 173:Src/tim.c     ****     /**TIM10 GPIO Configuration
 244              		.loc 1 173 5 view .LVU56
 245 0084 1B6B     		ldr	r3, [r3, #48]
 246 0086 03F02003 		and	r3, r3, #32
 247 008a 0293     		str	r3, [sp, #8]
 173:Src/tim.c     ****     /**TIM10 GPIO Configuration
 248              		.loc 1 173 5 view .LVU57
 249 008c 029B     		ldr	r3, [sp, #8]
 250              	.LBE5:
 173:Src/tim.c     ****     /**TIM10 GPIO Configuration
 251              		.loc 1 173 5 view .LVU58
 177:Src/tim.c     ****     GPIO_InitStruct.Mode = GPIO_MODE_AF_PP;
 252              		.loc 1 177 5 view .LVU59
 177:Src/tim.c     ****     GPIO_InitStruct.Mode = GPIO_MODE_AF_PP;
 253              		.loc 1 177 25 is_stmt 0 view .LVU60
 254 008e 4023     		movs	r3, #64
 255 0090 0393     		str	r3, [sp, #12]
 178:Src/tim.c     ****     GPIO_InitStruct.Pull = GPIO_PULLUP;
 256              		.loc 1 178 5 is_stmt 1 view .LVU61
 178:Src/tim.c     ****     GPIO_InitStruct.Pull = GPIO_PULLUP;
 257              		.loc 1 178 26 is_stmt 0 view .LVU62
 258 0092 0223     		movs	r3, #2
 259 0094 0493     		str	r3, [sp, #16]
 179:Src/tim.c     ****     GPIO_InitStruct.Speed = GPIO_SPEED_FREQ_HIGH;
 260              		.loc 1 179 5 is_stmt 1 view .LVU63
 179:Src/tim.c     ****     GPIO_InitStruct.Speed = GPIO_SPEED_FREQ_HIGH;
 261              		.loc 1 179 26 is_stmt 0 view .LVU64
 262 0096 0122     		movs	r2, #1
 263 0098 0592     		str	r2, [sp, #20]
 180:Src/tim.c     ****     GPIO_InitStruct.Alternate = GPIO_AF3_TIM10;
 264              		.loc 1 180 5 is_stmt 1 view .LVU65
 180:Src/tim.c     ****     GPIO_InitStruct.Alternate = GPIO_AF3_TIM10;
 265              		.loc 1 180 27 is_stmt 0 view .LVU66
 266 009a 0693     		str	r3, [sp, #24]
 181:Src/tim.c     ****     HAL_GPIO_Init(GPIOF, &GPIO_InitStruct);
 267              		.loc 1 181 5 is_stmt 1 view .LVU67
 181:Src/tim.c     ****     HAL_GPIO_Init(GPIOF, &GPIO_InitStruct);
 268              		.loc 1 181 31 is_stmt 0 view .LVU68
 269 009c 0323     		movs	r3, #3
 270 009e 0793     		str	r3, [sp, #28]
 182:Src/tim.c     **** 
 271              		.loc 1 182 5 is_stmt 1 view .LVU69
 272 00a0 03A9     		add	r1, sp, #12
 273 00a2 0B48     		ldr	r0, .L15+20
 274              	.LVL11:
 182:Src/tim.c     **** 
ARM GAS  C:\Users\xixi\AppData\Local\Temp\ccFjRUEN.s 			page 10


 275              		.loc 1 182 5 is_stmt 0 view .LVU70
 276 00a4 FFF7FEFF 		bl	HAL_GPIO_Init
 277              	.LVL12:
 185:Src/tim.c     ****   HAL_TIM_PWM_Start(&htim10, TIM_CHANNEL_1);
 278              		.loc 1 185 3 is_stmt 1 view .LVU71
 279 00a8 0A4C     		ldr	r4, .L15+24
 280 00aa 2046     		mov	r0, r4
 281 00ac FFF7FEFF 		bl	HAL_TIM_Base_Start
 282              	.LVL13:
 186:Src/tim.c     ****   /* USER CODE END TIM10_MspPostInit 1 */
 283              		.loc 1 186 3 view .LVU72
 284 00b0 2946     		mov	r1, r5
 285 00b2 2046     		mov	r0, r4
 286 00b4 FFF7FEFF 		bl	HAL_TIM_PWM_Start
 287              	.LVL14:
 288              		.loc 1 190 1 is_stmt 0 view .LVU73
 289 00b8 B1E7     		b	.L9
 290              	.L16:
 291 00ba 00BF     		.align	2
 292              	.L15:
 293 00bc 000C0040 		.word	1073744896
 294 00c0 00440140 		.word	1073824768
 295 00c4 00380240 		.word	1073887232
 296 00c8 001C0240 		.word	1073880064
 297 00cc 00000000 		.word	.LANCHOR0
 298 00d0 00140240 		.word	1073878016
 299 00d4 00000000 		.word	.LANCHOR1
 300              		.cfi_endproc
 301              	.LFE133:
 303              		.section	.text.MX_TIM5_Init,"ax",%progbits
 304              		.align	1
 305              		.global	MX_TIM5_Init
 306              		.syntax unified
 307              		.thumb
 308              		.thumb_func
 310              	MX_TIM5_Init:
 311              	.LFB130:
  32:Src/tim.c     ****   TIM_ClockConfigTypeDef sClockSourceConfig = {0};
 312              		.loc 1 32 1 is_stmt 1 view -0
 313              		.cfi_startproc
 314              		@ args = 0, pretend = 0, frame = 56
 315              		@ frame_needed = 0, uses_anonymous_args = 0
 316 0000 00B5     		push	{lr}
 317              	.LCFI7:
 318              		.cfi_def_cfa_offset 4
 319              		.cfi_offset 14, -4
 320 0002 8FB0     		sub	sp, sp, #60
 321              	.LCFI8:
 322              		.cfi_def_cfa_offset 64
  33:Src/tim.c     ****   TIM_MasterConfigTypeDef sMasterConfig = {0};
 323              		.loc 1 33 3 view .LVU75
  33:Src/tim.c     ****   TIM_MasterConfigTypeDef sMasterConfig = {0};
 324              		.loc 1 33 26 is_stmt 0 view .LVU76
 325 0004 0023     		movs	r3, #0
 326 0006 0A93     		str	r3, [sp, #40]
 327 0008 0B93     		str	r3, [sp, #44]
 328 000a 0C93     		str	r3, [sp, #48]
ARM GAS  C:\Users\xixi\AppData\Local\Temp\ccFjRUEN.s 			page 11


 329 000c 0D93     		str	r3, [sp, #52]
  34:Src/tim.c     ****   TIM_OC_InitTypeDef sConfigOC = {0};
 330              		.loc 1 34 3 is_stmt 1 view .LVU77
  34:Src/tim.c     ****   TIM_OC_InitTypeDef sConfigOC = {0};
 331              		.loc 1 34 27 is_stmt 0 view .LVU78
 332 000e 0893     		str	r3, [sp, #32]
 333 0010 0993     		str	r3, [sp, #36]
  35:Src/tim.c     **** 
 334              		.loc 1 35 3 is_stmt 1 view .LVU79
  35:Src/tim.c     **** 
 335              		.loc 1 35 22 is_stmt 0 view .LVU80
 336 0012 0193     		str	r3, [sp, #4]
 337 0014 0293     		str	r3, [sp, #8]
 338 0016 0393     		str	r3, [sp, #12]
 339 0018 0493     		str	r3, [sp, #16]
 340 001a 0593     		str	r3, [sp, #20]
 341 001c 0693     		str	r3, [sp, #24]
 342 001e 0793     		str	r3, [sp, #28]
  37:Src/tim.c     ****   htim5.Init.Prescaler = 0;
 343              		.loc 1 37 3 is_stmt 1 view .LVU81
  37:Src/tim.c     ****   htim5.Init.Prescaler = 0;
 344              		.loc 1 37 18 is_stmt 0 view .LVU82
 345 0020 2A48     		ldr	r0, .L33
 346 0022 2B4A     		ldr	r2, .L33+4
 347 0024 0260     		str	r2, [r0]
  38:Src/tim.c     ****   htim5.Init.CounterMode = TIM_COUNTERMODE_UP;
 348              		.loc 1 38 3 is_stmt 1 view .LVU83
  38:Src/tim.c     ****   htim5.Init.CounterMode = TIM_COUNTERMODE_UP;
 349              		.loc 1 38 24 is_stmt 0 view .LVU84
 350 0026 4360     		str	r3, [r0, #4]
  39:Src/tim.c     ****   htim5.Init.Period = 65535;
 351              		.loc 1 39 3 is_stmt 1 view .LVU85
  39:Src/tim.c     ****   htim5.Init.Period = 65535;
 352              		.loc 1 39 26 is_stmt 0 view .LVU86
 353 0028 8360     		str	r3, [r0, #8]
  40:Src/tim.c     ****   htim5.Init.ClockDivision = TIM_CLOCKDIVISION_DIV1;
 354              		.loc 1 40 3 is_stmt 1 view .LVU87
  40:Src/tim.c     ****   htim5.Init.ClockDivision = TIM_CLOCKDIVISION_DIV1;
 355              		.loc 1 40 21 is_stmt 0 view .LVU88
 356 002a 4FF6FF72 		movw	r2, #65535
 357 002e C260     		str	r2, [r0, #12]
  41:Src/tim.c     ****   htim5.Init.AutoReloadPreload = TIM_AUTORELOAD_PRELOAD_DISABLE;
 358              		.loc 1 41 3 is_stmt 1 view .LVU89
  41:Src/tim.c     ****   htim5.Init.AutoReloadPreload = TIM_AUTORELOAD_PRELOAD_DISABLE;
 359              		.loc 1 41 28 is_stmt 0 view .LVU90
 360 0030 0361     		str	r3, [r0, #16]
  42:Src/tim.c     ****   if (HAL_TIM_Base_Init(&htim5) != HAL_OK)
 361              		.loc 1 42 3 is_stmt 1 view .LVU91
  42:Src/tim.c     ****   if (HAL_TIM_Base_Init(&htim5) != HAL_OK)
 362              		.loc 1 42 32 is_stmt 0 view .LVU92
 363 0032 8361     		str	r3, [r0, #24]
  43:Src/tim.c     ****   {
 364              		.loc 1 43 3 is_stmt 1 view .LVU93
  43:Src/tim.c     ****   {
 365              		.loc 1 43 7 is_stmt 0 view .LVU94
 366 0034 FFF7FEFF 		bl	HAL_TIM_Base_Init
 367              	.LVL15:
ARM GAS  C:\Users\xixi\AppData\Local\Temp\ccFjRUEN.s 			page 12


  43:Src/tim.c     ****   {
 368              		.loc 1 43 6 view .LVU95
 369 0038 0028     		cmp	r0, #0
 370 003a 31D1     		bne	.L26
 371              	.L18:
  47:Src/tim.c     ****   if (HAL_TIM_ConfigClockSource(&htim5, &sClockSourceConfig) != HAL_OK)
 372              		.loc 1 47 3 is_stmt 1 view .LVU96
  47:Src/tim.c     ****   if (HAL_TIM_ConfigClockSource(&htim5, &sClockSourceConfig) != HAL_OK)
 373              		.loc 1 47 34 is_stmt 0 view .LVU97
 374 003c 4FF48053 		mov	r3, #4096
 375 0040 0A93     		str	r3, [sp, #40]
  48:Src/tim.c     ****   {
 376              		.loc 1 48 3 is_stmt 1 view .LVU98
  48:Src/tim.c     ****   {
 377              		.loc 1 48 7 is_stmt 0 view .LVU99
 378 0042 0AA9     		add	r1, sp, #40
 379 0044 2148     		ldr	r0, .L33
 380 0046 FFF7FEFF 		bl	HAL_TIM_ConfigClockSource
 381              	.LVL16:
  48:Src/tim.c     ****   {
 382              		.loc 1 48 6 view .LVU100
 383 004a 60BB     		cbnz	r0, .L27
 384              	.L19:
  52:Src/tim.c     ****   {
 385              		.loc 1 52 3 is_stmt 1 view .LVU101
  52:Src/tim.c     ****   {
 386              		.loc 1 52 7 is_stmt 0 view .LVU102
 387 004c 1F48     		ldr	r0, .L33
 388 004e FFF7FEFF 		bl	HAL_TIM_PWM_Init
 389              	.LVL17:
  52:Src/tim.c     ****   {
 390              		.loc 1 52 6 view .LVU103
 391 0052 58BB     		cbnz	r0, .L28
 392              	.L20:
  56:Src/tim.c     ****   sMasterConfig.MasterSlaveMode = TIM_MASTERSLAVEMODE_DISABLE;
 393              		.loc 1 56 3 is_stmt 1 view .LVU104
  56:Src/tim.c     ****   sMasterConfig.MasterSlaveMode = TIM_MASTERSLAVEMODE_DISABLE;
 394              		.loc 1 56 37 is_stmt 0 view .LVU105
 395 0054 0023     		movs	r3, #0
 396 0056 0893     		str	r3, [sp, #32]
  57:Src/tim.c     ****   if (HAL_TIMEx_MasterConfigSynchronization(&htim5, &sMasterConfig) != HAL_OK)
 397              		.loc 1 57 3 is_stmt 1 view .LVU106
  57:Src/tim.c     ****   if (HAL_TIMEx_MasterConfigSynchronization(&htim5, &sMasterConfig) != HAL_OK)
 398              		.loc 1 57 33 is_stmt 0 view .LVU107
 399 0058 0993     		str	r3, [sp, #36]
  58:Src/tim.c     ****   {
 400              		.loc 1 58 3 is_stmt 1 view .LVU108
  58:Src/tim.c     ****   {
 401              		.loc 1 58 7 is_stmt 0 view .LVU109
 402 005a 08A9     		add	r1, sp, #32
 403 005c 1B48     		ldr	r0, .L33
 404 005e FFF7FEFF 		bl	HAL_TIMEx_MasterConfigSynchronization
 405              	.LVL18:
  58:Src/tim.c     ****   {
 406              		.loc 1 58 6 view .LVU110
 407 0062 30BB     		cbnz	r0, .L29
 408              	.L21:
ARM GAS  C:\Users\xixi\AppData\Local\Temp\ccFjRUEN.s 			page 13


  62:Src/tim.c     ****   sConfigOC.Pulse = 0;
 409              		.loc 1 62 3 is_stmt 1 view .LVU111
  62:Src/tim.c     ****   sConfigOC.Pulse = 0;
 410              		.loc 1 62 20 is_stmt 0 view .LVU112
 411 0064 6023     		movs	r3, #96
 412 0066 0193     		str	r3, [sp, #4]
  63:Src/tim.c     ****   sConfigOC.OCPolarity = TIM_OCPOLARITY_HIGH;
 413              		.loc 1 63 3 is_stmt 1 view .LVU113
  63:Src/tim.c     ****   sConfigOC.OCPolarity = TIM_OCPOLARITY_HIGH;
 414              		.loc 1 63 19 is_stmt 0 view .LVU114
 415 0068 0022     		movs	r2, #0
 416 006a 0292     		str	r2, [sp, #8]
  64:Src/tim.c     ****   sConfigOC.OCFastMode = TIM_OCFAST_DISABLE;
 417              		.loc 1 64 3 is_stmt 1 view .LVU115
  64:Src/tim.c     ****   sConfigOC.OCFastMode = TIM_OCFAST_DISABLE;
 418              		.loc 1 64 24 is_stmt 0 view .LVU116
 419 006c 0392     		str	r2, [sp, #12]
  65:Src/tim.c     ****   if (HAL_TIM_PWM_ConfigChannel(&htim5, &sConfigOC, TIM_CHANNEL_1) != HAL_OK)
 420              		.loc 1 65 3 is_stmt 1 view .LVU117
  65:Src/tim.c     ****   if (HAL_TIM_PWM_ConfigChannel(&htim5, &sConfigOC, TIM_CHANNEL_1) != HAL_OK)
 421              		.loc 1 65 24 is_stmt 0 view .LVU118
 422 006e 0592     		str	r2, [sp, #20]
  66:Src/tim.c     ****   {
 423              		.loc 1 66 3 is_stmt 1 view .LVU119
  66:Src/tim.c     ****   {
 424              		.loc 1 66 7 is_stmt 0 view .LVU120
 425 0070 01A9     		add	r1, sp, #4
 426 0072 1648     		ldr	r0, .L33
 427 0074 FFF7FEFF 		bl	HAL_TIM_PWM_ConfigChannel
 428              	.LVL19:
  66:Src/tim.c     ****   {
 429              		.loc 1 66 6 view .LVU121
 430 0078 F0B9     		cbnz	r0, .L30
 431              	.L22:
  70:Src/tim.c     ****   {
 432              		.loc 1 70 3 is_stmt 1 view .LVU122
  70:Src/tim.c     ****   {
 433              		.loc 1 70 7 is_stmt 0 view .LVU123
 434 007a 0422     		movs	r2, #4
 435 007c 0DEB0201 		add	r1, sp, r2
 436 0080 1248     		ldr	r0, .L33
 437 0082 FFF7FEFF 		bl	HAL_TIM_PWM_ConfigChannel
 438              	.LVL20:
  70:Src/tim.c     ****   {
 439              		.loc 1 70 6 view .LVU124
 440 0086 D0B9     		cbnz	r0, .L31
 441              	.L23:
  74:Src/tim.c     ****   {
 442              		.loc 1 74 3 is_stmt 1 view .LVU125
  74:Src/tim.c     ****   {
 443              		.loc 1 74 7 is_stmt 0 view .LVU126
 444 0088 0822     		movs	r2, #8
 445 008a 01A9     		add	r1, sp, #4
 446 008c 0F48     		ldr	r0, .L33
 447 008e FFF7FEFF 		bl	HAL_TIM_PWM_ConfigChannel
 448              	.LVL21:
  74:Src/tim.c     ****   {
ARM GAS  C:\Users\xixi\AppData\Local\Temp\ccFjRUEN.s 			page 14


 449              		.loc 1 74 6 view .LVU127
 450 0092 B8B9     		cbnz	r0, .L32
 451              	.L24:
  78:Src/tim.c     **** 
 452              		.loc 1 78 3 is_stmt 1 view .LVU128
 453 0094 0D48     		ldr	r0, .L33
 454 0096 FFF7FEFF 		bl	HAL_TIM_MspPostInit
 455              	.LVL22:
  80:Src/tim.c     **** /* TIM10 init function */
 456              		.loc 1 80 1 is_stmt 0 view .LVU129
 457 009a 0FB0     		add	sp, sp, #60
 458              	.LCFI9:
 459              		.cfi_remember_state
 460              		.cfi_def_cfa_offset 4
 461              		@ sp needed
 462 009c 5DF804FB 		ldr	pc, [sp], #4
 463              	.L26:
 464              	.LCFI10:
 465              		.cfi_restore_state
  45:Src/tim.c     ****   }
 466              		.loc 1 45 5 is_stmt 1 view .LVU130
 467 00a0 FFF7FEFF 		bl	Error_Handler
 468              	.LVL23:
 469 00a4 CAE7     		b	.L18
 470              	.L27:
  50:Src/tim.c     ****   }
 471              		.loc 1 50 5 view .LVU131
 472 00a6 FFF7FEFF 		bl	Error_Handler
 473              	.LVL24:
 474 00aa CFE7     		b	.L19
 475              	.L28:
  54:Src/tim.c     ****   }
 476              		.loc 1 54 5 view .LVU132
 477 00ac FFF7FEFF 		bl	Error_Handler
 478              	.LVL25:
 479 00b0 D0E7     		b	.L20
 480              	.L29:
  60:Src/tim.c     ****   }
 481              		.loc 1 60 5 view .LVU133
 482 00b2 FFF7FEFF 		bl	Error_Handler
 483              	.LVL26:
 484 00b6 D5E7     		b	.L21
 485              	.L30:
  68:Src/tim.c     ****   }
 486              		.loc 1 68 5 view .LVU134
 487 00b8 FFF7FEFF 		bl	Error_Handler
 488              	.LVL27:
 489 00bc DDE7     		b	.L22
 490              	.L31:
  72:Src/tim.c     ****   }
 491              		.loc 1 72 5 view .LVU135
 492 00be FFF7FEFF 		bl	Error_Handler
 493              	.LVL28:
 494 00c2 E1E7     		b	.L23
 495              	.L32:
  76:Src/tim.c     ****   }
 496              		.loc 1 76 5 view .LVU136
ARM GAS  C:\Users\xixi\AppData\Local\Temp\ccFjRUEN.s 			page 15


 497 00c4 FFF7FEFF 		bl	Error_Handler
 498              	.LVL29:
 499 00c8 E4E7     		b	.L24
 500              	.L34:
 501 00ca 00BF     		.align	2
 502              	.L33:
 503 00cc 00000000 		.word	.LANCHOR0
 504 00d0 000C0040 		.word	1073744896
 505              		.cfi_endproc
 506              	.LFE130:
 508              		.section	.text.MX_TIM10_Init,"ax",%progbits
 509              		.align	1
 510              		.global	MX_TIM10_Init
 511              		.syntax unified
 512              		.thumb
 513              		.thumb_func
 515              	MX_TIM10_Init:
 516              	.LFB131:
  83:Src/tim.c     ****   TIM_OC_InitTypeDef sConfigOC = {0};
 517              		.loc 1 83 1 view -0
 518              		.cfi_startproc
 519              		@ args = 0, pretend = 0, frame = 32
 520              		@ frame_needed = 0, uses_anonymous_args = 0
 521 0000 00B5     		push	{lr}
 522              	.LCFI11:
 523              		.cfi_def_cfa_offset 4
 524              		.cfi_offset 14, -4
 525 0002 89B0     		sub	sp, sp, #36
 526              	.LCFI12:
 527              		.cfi_def_cfa_offset 40
  84:Src/tim.c     **** 
 528              		.loc 1 84 3 view .LVU138
  84:Src/tim.c     **** 
 529              		.loc 1 84 22 is_stmt 0 view .LVU139
 530 0004 0023     		movs	r3, #0
 531 0006 0193     		str	r3, [sp, #4]
 532 0008 0293     		str	r3, [sp, #8]
 533 000a 0393     		str	r3, [sp, #12]
 534 000c 0493     		str	r3, [sp, #16]
 535 000e 0593     		str	r3, [sp, #20]
 536 0010 0693     		str	r3, [sp, #24]
 537 0012 0793     		str	r3, [sp, #28]
  86:Src/tim.c     ****   htim10.Init.Prescaler = 0;
 538              		.loc 1 86 3 is_stmt 1 view .LVU140
  86:Src/tim.c     ****   htim10.Init.Prescaler = 0;
 539              		.loc 1 86 19 is_stmt 0 view .LVU141
 540 0014 1548     		ldr	r0, .L43
 541 0016 164A     		ldr	r2, .L43+4
 542 0018 0260     		str	r2, [r0]
  87:Src/tim.c     ****   htim10.Init.CounterMode = TIM_COUNTERMODE_UP;
 543              		.loc 1 87 3 is_stmt 1 view .LVU142
  87:Src/tim.c     ****   htim10.Init.CounterMode = TIM_COUNTERMODE_UP;
 544              		.loc 1 87 25 is_stmt 0 view .LVU143
 545 001a 4360     		str	r3, [r0, #4]
  88:Src/tim.c     ****   htim10.Init.Period = 4999;
 546              		.loc 1 88 3 is_stmt 1 view .LVU144
  88:Src/tim.c     ****   htim10.Init.Period = 4999;
ARM GAS  C:\Users\xixi\AppData\Local\Temp\ccFjRUEN.s 			page 16


 547              		.loc 1 88 27 is_stmt 0 view .LVU145
 548 001c 8360     		str	r3, [r0, #8]
  89:Src/tim.c     ****   htim10.Init.ClockDivision = TIM_CLOCKDIVISION_DIV1;
 549              		.loc 1 89 3 is_stmt 1 view .LVU146
  89:Src/tim.c     ****   htim10.Init.ClockDivision = TIM_CLOCKDIVISION_DIV1;
 550              		.loc 1 89 22 is_stmt 0 view .LVU147
 551 001e 41F28732 		movw	r2, #4999
 552 0022 C260     		str	r2, [r0, #12]
  90:Src/tim.c     ****   htim10.Init.AutoReloadPreload = TIM_AUTORELOAD_PRELOAD_DISABLE;
 553              		.loc 1 90 3 is_stmt 1 view .LVU148
  90:Src/tim.c     ****   htim10.Init.AutoReloadPreload = TIM_AUTORELOAD_PRELOAD_DISABLE;
 554              		.loc 1 90 29 is_stmt 0 view .LVU149
 555 0024 0361     		str	r3, [r0, #16]
  91:Src/tim.c     ****   if (HAL_TIM_Base_Init(&htim10) != HAL_OK)
 556              		.loc 1 91 3 is_stmt 1 view .LVU150
  91:Src/tim.c     ****   if (HAL_TIM_Base_Init(&htim10) != HAL_OK)
 557              		.loc 1 91 33 is_stmt 0 view .LVU151
 558 0026 8361     		str	r3, [r0, #24]
  92:Src/tim.c     ****   {
 559              		.loc 1 92 3 is_stmt 1 view .LVU152
  92:Src/tim.c     ****   {
 560              		.loc 1 92 7 is_stmt 0 view .LVU153
 561 0028 FFF7FEFF 		bl	HAL_TIM_Base_Init
 562              	.LVL30:
  92:Src/tim.c     ****   {
 563              		.loc 1 92 6 view .LVU154
 564 002c A0B9     		cbnz	r0, .L40
 565              	.L36:
  96:Src/tim.c     ****   {
 566              		.loc 1 96 3 is_stmt 1 view .LVU155
  96:Src/tim.c     ****   {
 567              		.loc 1 96 7 is_stmt 0 view .LVU156
 568 002e 0F48     		ldr	r0, .L43
 569 0030 FFF7FEFF 		bl	HAL_TIM_PWM_Init
 570              	.LVL31:
  96:Src/tim.c     ****   {
 571              		.loc 1 96 6 view .LVU157
 572 0034 98B9     		cbnz	r0, .L41
 573              	.L37:
 100:Src/tim.c     ****   sConfigOC.Pulse = 0;
 574              		.loc 1 100 3 is_stmt 1 view .LVU158
 100:Src/tim.c     ****   sConfigOC.Pulse = 0;
 575              		.loc 1 100 20 is_stmt 0 view .LVU159
 576 0036 6023     		movs	r3, #96
 577 0038 0193     		str	r3, [sp, #4]
 101:Src/tim.c     ****   sConfigOC.OCPolarity = TIM_OCPOLARITY_HIGH;
 578              		.loc 1 101 3 is_stmt 1 view .LVU160
 101:Src/tim.c     ****   sConfigOC.OCPolarity = TIM_OCPOLARITY_HIGH;
 579              		.loc 1 101 19 is_stmt 0 view .LVU161
 580 003a 0022     		movs	r2, #0
 581 003c 0292     		str	r2, [sp, #8]
 102:Src/tim.c     ****   sConfigOC.OCFastMode = TIM_OCFAST_DISABLE;
 582              		.loc 1 102 3 is_stmt 1 view .LVU162
 102:Src/tim.c     ****   sConfigOC.OCFastMode = TIM_OCFAST_DISABLE;
 583              		.loc 1 102 24 is_stmt 0 view .LVU163
 584 003e 0392     		str	r2, [sp, #12]
 103:Src/tim.c     ****   if (HAL_TIM_PWM_ConfigChannel(&htim10, &sConfigOC, TIM_CHANNEL_1) != HAL_OK)
ARM GAS  C:\Users\xixi\AppData\Local\Temp\ccFjRUEN.s 			page 17


 585              		.loc 1 103 3 is_stmt 1 view .LVU164
 103:Src/tim.c     ****   if (HAL_TIM_PWM_ConfigChannel(&htim10, &sConfigOC, TIM_CHANNEL_1) != HAL_OK)
 586              		.loc 1 103 24 is_stmt 0 view .LVU165
 587 0040 0592     		str	r2, [sp, #20]
 104:Src/tim.c     ****   {
 588              		.loc 1 104 3 is_stmt 1 view .LVU166
 104:Src/tim.c     ****   {
 589              		.loc 1 104 7 is_stmt 0 view .LVU167
 590 0042 01A9     		add	r1, sp, #4
 591 0044 0948     		ldr	r0, .L43
 592 0046 FFF7FEFF 		bl	HAL_TIM_PWM_ConfigChannel
 593              	.LVL32:
 104:Src/tim.c     ****   {
 594              		.loc 1 104 6 view .LVU168
 595 004a 58B9     		cbnz	r0, .L42
 596              	.L38:
 108:Src/tim.c     **** 
 597              		.loc 1 108 3 is_stmt 1 view .LVU169
 598 004c 0748     		ldr	r0, .L43
 599 004e FFF7FEFF 		bl	HAL_TIM_MspPostInit
 600              	.LVL33:
 110:Src/tim.c     **** 
 601              		.loc 1 110 1 is_stmt 0 view .LVU170
 602 0052 09B0     		add	sp, sp, #36
 603              	.LCFI13:
 604              		.cfi_remember_state
 605              		.cfi_def_cfa_offset 4
 606              		@ sp needed
 607 0054 5DF804FB 		ldr	pc, [sp], #4
 608              	.L40:
 609              	.LCFI14:
 610              		.cfi_restore_state
  94:Src/tim.c     ****   }
 611              		.loc 1 94 5 is_stmt 1 view .LVU171
 612 0058 FFF7FEFF 		bl	Error_Handler
 613              	.LVL34:
 614 005c E7E7     		b	.L36
 615              	.L41:
  98:Src/tim.c     ****   }
 616              		.loc 1 98 5 view .LVU172
 617 005e FFF7FEFF 		bl	Error_Handler
 618              	.LVL35:
 619 0062 E8E7     		b	.L37
 620              	.L42:
 106:Src/tim.c     ****   }
 621              		.loc 1 106 5 view .LVU173
 622 0064 FFF7FEFF 		bl	Error_Handler
 623              	.LVL36:
 624 0068 F0E7     		b	.L38
 625              	.L44:
 626 006a 00BF     		.align	2
 627              	.L43:
 628 006c 00000000 		.word	.LANCHOR1
 629 0070 00440140 		.word	1073824768
 630              		.cfi_endproc
 631              	.LFE131:
 633              		.section	.text.HAL_TIM_Base_MspDeInit,"ax",%progbits
ARM GAS  C:\Users\xixi\AppData\Local\Temp\ccFjRUEN.s 			page 18


 634              		.align	1
 635              		.global	HAL_TIM_Base_MspDeInit
 636              		.syntax unified
 637              		.thumb
 638              		.thumb_func
 640              	HAL_TIM_Base_MspDeInit:
 641              	.LVL37:
 642              	.LFB134:
 191:Src/tim.c     **** 
 192:Src/tim.c     **** void HAL_TIM_Base_MspDeInit(TIM_HandleTypeDef* tim_baseHandle)
 193:Src/tim.c     **** {
 643              		.loc 1 193 1 view -0
 644              		.cfi_startproc
 645              		@ args = 0, pretend = 0, frame = 0
 646              		@ frame_needed = 0, uses_anonymous_args = 0
 647              		@ link register save eliminated.
 194:Src/tim.c     **** 
 195:Src/tim.c     ****   if(tim_baseHandle->Instance==TIM5)
 648              		.loc 1 195 3 view .LVU175
 649              		.loc 1 195 20 is_stmt 0 view .LVU176
 650 0000 0368     		ldr	r3, [r0]
 651              		.loc 1 195 5 view .LVU177
 652 0002 0A4A     		ldr	r2, .L50
 653 0004 9342     		cmp	r3, r2
 654 0006 03D0     		beq	.L48
 196:Src/tim.c     ****   {
 197:Src/tim.c     ****   /* USER CODE BEGIN TIM5_MspDeInit 0 */
 198:Src/tim.c     **** 
 199:Src/tim.c     ****   /* USER CODE END TIM5_MspDeInit 0 */
 200:Src/tim.c     ****     /* Peripheral clock disable */
 201:Src/tim.c     ****     __HAL_RCC_TIM5_CLK_DISABLE();
 202:Src/tim.c     ****   /* USER CODE BEGIN TIM5_MspDeInit 1 */
 203:Src/tim.c     **** 
 204:Src/tim.c     ****   /* USER CODE END TIM5_MspDeInit 1 */
 205:Src/tim.c     ****   }
 206:Src/tim.c     ****   else if(tim_baseHandle->Instance==TIM10)
 655              		.loc 1 206 8 is_stmt 1 view .LVU178
 656              		.loc 1 206 10 is_stmt 0 view .LVU179
 657 0008 094A     		ldr	r2, .L50+4
 658 000a 9342     		cmp	r3, r2
 659 000c 07D0     		beq	.L49
 660              	.L45:
 207:Src/tim.c     ****   {
 208:Src/tim.c     ****   /* USER CODE BEGIN TIM10_MspDeInit 0 */
 209:Src/tim.c     **** 
 210:Src/tim.c     ****   /* USER CODE END TIM10_MspDeInit 0 */
 211:Src/tim.c     ****     /* Peripheral clock disable */
 212:Src/tim.c     ****     __HAL_RCC_TIM10_CLK_DISABLE();
 213:Src/tim.c     ****   /* USER CODE BEGIN TIM10_MspDeInit 1 */
 214:Src/tim.c     **** 
 215:Src/tim.c     ****   /* USER CODE END TIM10_MspDeInit 1 */
 216:Src/tim.c     ****   }
 217:Src/tim.c     **** }
 661              		.loc 1 217 1 view .LVU180
 662 000e 7047     		bx	lr
 663              	.L48:
 201:Src/tim.c     ****   /* USER CODE BEGIN TIM5_MspDeInit 1 */
ARM GAS  C:\Users\xixi\AppData\Local\Temp\ccFjRUEN.s 			page 19


 664              		.loc 1 201 5 is_stmt 1 view .LVU181
 665 0010 02F50B32 		add	r2, r2, #142336
 666 0014 136C     		ldr	r3, [r2, #64]
 667 0016 23F00803 		bic	r3, r3, #8
 668 001a 1364     		str	r3, [r2, #64]
 669 001c 7047     		bx	lr
 670              	.L49:
 212:Src/tim.c     ****   /* USER CODE BEGIN TIM10_MspDeInit 1 */
 671              		.loc 1 212 5 view .LVU182
 672 001e 02F57442 		add	r2, r2, #62464
 673 0022 536C     		ldr	r3, [r2, #68]
 674 0024 23F40033 		bic	r3, r3, #131072
 675 0028 5364     		str	r3, [r2, #68]
 676              		.loc 1 217 1 is_stmt 0 view .LVU183
 677 002a F0E7     		b	.L45
 678              	.L51:
 679              		.align	2
 680              	.L50:
 681 002c 000C0040 		.word	1073744896
 682 0030 00440140 		.word	1073824768
 683              		.cfi_endproc
 684              	.LFE134:
 686              		.global	htim10
 687              		.global	htim5
 688              		.section	.bss.htim10,"aw",%nobits
 689              		.align	2
 690              		.set	.LANCHOR1,. + 0
 693              	htim10:
 694 0000 00000000 		.space	64
 694      00000000 
 694      00000000 
 694      00000000 
 694      00000000 
 695              		.section	.bss.htim5,"aw",%nobits
 696              		.align	2
 697              		.set	.LANCHOR0,. + 0
 700              	htim5:
 701 0000 00000000 		.space	64
 701      00000000 
 701      00000000 
 701      00000000 
 701      00000000 
 702              		.text
 703              	.Letext0:
 704              		.file 2 "c:\\program files (x86)\\gnu arm embedded toolchain\\10 2021.10\\arm-none-eabi\\include\\
 705              		.file 3 "c:\\program files (x86)\\gnu arm embedded toolchain\\10 2021.10\\arm-none-eabi\\include\\
 706              		.file 4 "Drivers/CMSIS/Device/ST/STM32F4xx/Include/stm32f407xx.h"
 707              		.file 5 "Drivers/STM32F4xx_HAL_Driver/Inc/stm32f4xx_hal_def.h"
 708              		.file 6 "Drivers/STM32F4xx_HAL_Driver/Inc/stm32f4xx_hal_gpio.h"
 709              		.file 7 "Drivers/STM32F4xx_HAL_Driver/Inc/stm32f4xx_hal_dma.h"
 710              		.file 8 "Drivers/STM32F4xx_HAL_Driver/Inc/stm32f4xx_hal_tim.h"
 711              		.file 9 "Inc/tim.h"
 712              		.file 10 "Inc/main.h"
 713              		.file 11 "Drivers/STM32F4xx_HAL_Driver/Inc/stm32f4xx_hal_tim_ex.h"
ARM GAS  C:\Users\xixi\AppData\Local\Temp\ccFjRUEN.s 			page 20


DEFINED SYMBOLS
                            *ABS*:00000000 tim.c
C:\Users\xixi\AppData\Local\Temp\ccFjRUEN.s:20     .text.HAL_TIM_Base_MspInit:00000000 $t
C:\Users\xixi\AppData\Local\Temp\ccFjRUEN.s:26     .text.HAL_TIM_Base_MspInit:00000000 HAL_TIM_Base_MspInit
C:\Users\xixi\AppData\Local\Temp\ccFjRUEN.s:105    .text.HAL_TIM_Base_MspInit:00000048 $d
C:\Users\xixi\AppData\Local\Temp\ccFjRUEN.s:112    .text.HAL_TIM_MspPostInit:00000000 $t
C:\Users\xixi\AppData\Local\Temp\ccFjRUEN.s:118    .text.HAL_TIM_MspPostInit:00000000 HAL_TIM_MspPostInit
C:\Users\xixi\AppData\Local\Temp\ccFjRUEN.s:293    .text.HAL_TIM_MspPostInit:000000bc $d
C:\Users\xixi\AppData\Local\Temp\ccFjRUEN.s:304    .text.MX_TIM5_Init:00000000 $t
C:\Users\xixi\AppData\Local\Temp\ccFjRUEN.s:310    .text.MX_TIM5_Init:00000000 MX_TIM5_Init
C:\Users\xixi\AppData\Local\Temp\ccFjRUEN.s:503    .text.MX_TIM5_Init:000000cc $d
C:\Users\xixi\AppData\Local\Temp\ccFjRUEN.s:509    .text.MX_TIM10_Init:00000000 $t
C:\Users\xixi\AppData\Local\Temp\ccFjRUEN.s:515    .text.MX_TIM10_Init:00000000 MX_TIM10_Init
C:\Users\xixi\AppData\Local\Temp\ccFjRUEN.s:628    .text.MX_TIM10_Init:0000006c $d
C:\Users\xixi\AppData\Local\Temp\ccFjRUEN.s:634    .text.HAL_TIM_Base_MspDeInit:00000000 $t
C:\Users\xixi\AppData\Local\Temp\ccFjRUEN.s:640    .text.HAL_TIM_Base_MspDeInit:00000000 HAL_TIM_Base_MspDeInit
C:\Users\xixi\AppData\Local\Temp\ccFjRUEN.s:681    .text.HAL_TIM_Base_MspDeInit:0000002c $d
C:\Users\xixi\AppData\Local\Temp\ccFjRUEN.s:693    .bss.htim10:00000000 htim10
C:\Users\xixi\AppData\Local\Temp\ccFjRUEN.s:700    .bss.htim5:00000000 htim5
C:\Users\xixi\AppData\Local\Temp\ccFjRUEN.s:689    .bss.htim10:00000000 $d
C:\Users\xixi\AppData\Local\Temp\ccFjRUEN.s:696    .bss.htim5:00000000 $d

UNDEFINED SYMBOLS
HAL_GPIO_Init
HAL_TIM_Base_Start
HAL_TIM_PWM_Start
HAL_TIM_Base_Init
HAL_TIM_ConfigClockSource
HAL_TIM_PWM_Init
HAL_TIMEx_MasterConfigSynchronization
HAL_TIM_PWM_ConfigChannel
Error_Handler
