ARM GAS  /tmp/cciJxGSV.s 			page 1


   1              		.cpu cortex-m4
   2              		.arch armv7e-m
   3              		.fpu fpv4-sp-d16
   4              		.eabi_attribute 27, 1
   5              		.eabi_attribute 28, 1
   6              		.eabi_attribute 20, 1
   7              		.eabi_attribute 21, 1
   8              		.eabi_attribute 23, 3
   9              		.eabi_attribute 24, 1
  10              		.eabi_attribute 25, 1
  11              		.eabi_attribute 26, 1
  12              		.eabi_attribute 30, 1
  13              		.eabi_attribute 34, 1
  14              		.eabi_attribute 18, 4
  15              		.file	"detect_task.c"
  16              		.text
  17              	.Ltext0:
  18              		.cfi_sections	.debug_frame
  19              		.section	.text.detect_init,"ax",%progbits
  20              		.align	1
  21              		.syntax unified
  22              		.thumb
  23              		.thumb_func
  25              	detect_init:
  26              	.LVL0:
  27              	.LFB139:
  28              		.file 1 "Src/detect_task.c"
   1:Src/detect_task.c **** /**
   2:Src/detect_task.c ****   ****************************(C) COPYRIGHT 2019 DJI****************************
   3:Src/detect_task.c ****   * @file       detect_task.c/h
   4:Src/detect_task.c ****   * @brief      detect error task, judged by receiving data time. provide detect
   5:Src/detect_task.c ****                 hook function, error exist function.
   6:Src/detect_task.c ****   *             æ£€æµ‹é”™è¯¯ä»»åŠ¡ï¼Œ é€šè¿‡æ¥æ”¶æ•°æ®æ—¶é—´æ¥åˆ¤æ–­.æä¾› æ£€æµ‹é’©å­å‡½æ•°,é
   7:Src/detect_task.c ****   * @note       
   8:Src/detect_task.c ****   * @history
   9:Src/detect_task.c ****   *  Version    Date            Author          Modification
  10:Src/detect_task.c ****   *  V1.0.0     Dec-26-2018     RM              1. done
  11:Src/detect_task.c ****   *  V1.1.0     Nov-11-2019     RM              1. add oled, gyro accel and mag sensors
  12:Src/detect_task.c ****   *
  13:Src/detect_task.c ****   @verbatim
  14:Src/detect_task.c ****   ==============================================================================
  15:Src/detect_task.c ****     add a sensor 
  16:Src/detect_task.c ****     1. in detect_task.h, add the sensor name at the end of errorList,like
  17:Src/detect_task.c ****     enum errorList
  18:Src/detect_task.c ****     {
  19:Src/detect_task.c ****         ...
  20:Src/detect_task.c ****         XXX_TOE,    //new sensor
  21:Src/detect_task.c ****         ERROR_LIST_LENGHT,
  22:Src/detect_task.c ****     };
  23:Src/detect_task.c ****     2.in detect_init function, add the offlineTime, onlinetime, priority params,like
  24:Src/detect_task.c ****         uint16_t set_item[ERROR_LIST_LENGHT][3] =
  25:Src/detect_task.c ****         {
  26:Src/detect_task.c ****             ...
  27:Src/detect_task.c ****             {n,n,n}, //XX_TOE
  28:Src/detect_task.c ****         };
  29:Src/detect_task.c ****     3. if XXX_TOE has data_is_error_fun ,solve_lost_fun,solve_data_error_fun function, 
  30:Src/detect_task.c ****         please assign to function pointer.
ARM GAS  /tmp/cciJxGSV.s 			page 2


  31:Src/detect_task.c ****     4. when XXX_TOE sensor data come, add the function detect_hook(XXX_TOE) function.
  32:Src/detect_task.c ****     å¦‚æœè¦æ·»åŠ ä¸€ä¸ªæ–°è®¾å¤‡
  33:Src/detect_task.c ****     1.ç¬¬ä¸€æ­¥åœ¨detect_task.hï¼Œæ·»åŠ è®¾å¤‡åå­—åœ¨errorListçš„æœ€åï¼Œåƒ
  34:Src/detect_task.c ****     enum errorList
  35:Src/detect_task.c ****     {
  36:Src/detect_task.c ****         ...
  37:Src/detect_task.c ****         XXX_TOE,    //æ–°è®¾å¤‡
  38:Src/detect_task.c ****         ERROR_LIST_LENGHT,
  39:Src/detect_task.c ****     };
  40:Src/detect_task.c ****     2.åœ¨detect_initå‡½æ•°,æ·»åŠ offlineTime, onlinetime, priorityå‚æ•°
  41:Src/detect_task.c ****         uint16_t set_item[ERROR_LIST_LENGHT][3] =
  42:Src/detect_task.c ****         {
  43:Src/detect_task.c ****             ...
  44:Src/detect_task.c ****             {n,n,n}, //XX_TOE
  45:Src/detect_task.c ****         };
  46:Src/detect_task.c ****     3.å¦‚æœæœ‰data_is_error_fun ,solve_lost_fun,solve_data_error_funå‡½æ•°ï¼Œèµ‹å€¼åˆ°å‡½æ•°æŒ‡é’ˆ
  47:Src/detect_task.c ****     4.åœ¨XXX_TOEè®¾å¤‡æ•°æ®æ¥çš„æ—¶å€™, æ·»åŠ å‡½æ•°detect_hook(XXX_TOE).
  48:Src/detect_task.c ****   ==============================================================================
  49:Src/detect_task.c ****   @endverbatim
  50:Src/detect_task.c ****   ****************************(C) COPYRIGHT 2019 DJI****************************
  51:Src/detect_task.c ****   */
  52:Src/detect_task.c ****   
  53:Src/detect_task.c **** #include "detect_task.h"
  54:Src/detect_task.c **** #include "cmsis_os.h"
  55:Src/detect_task.c **** 
  56:Src/detect_task.c **** 
  57:Src/detect_task.c **** /**
  58:Src/detect_task.c ****   * @brief          init error_list, assign  offline_time, online_time, priority.
  59:Src/detect_task.c ****   * @param[in]      time: system time
  60:Src/detect_task.c ****   * @retval         none
  61:Src/detect_task.c ****   */
  62:Src/detect_task.c **** /**
  63:Src/detect_task.c ****   * @brief          åˆå§‹åŒ–error_list,èµ‹å€¼ offline_time, online_time, priority
  64:Src/detect_task.c ****   * @param[in]      time:ç³»ç»Ÿæ—¶é—´
  65:Src/detect_task.c ****   * @retval         none
  66:Src/detect_task.c ****   */
  67:Src/detect_task.c **** static void detect_init(uint32_t time);
  68:Src/detect_task.c **** 
  69:Src/detect_task.c **** 
  70:Src/detect_task.c **** 
  71:Src/detect_task.c **** 
  72:Src/detect_task.c **** error_t error_list[ERROR_LIST_LENGHT + 1];
  73:Src/detect_task.c **** 
  74:Src/detect_task.c **** 
  75:Src/detect_task.c **** #if INCLUDE_uxTaskGetStackHighWaterMark
  76:Src/detect_task.c **** uint32_t detect_task_stack;
  77:Src/detect_task.c **** #endif
  78:Src/detect_task.c **** 
  79:Src/detect_task.c **** 
  80:Src/detect_task.c **** /**
  81:Src/detect_task.c ****   * @brief          detect task
  82:Src/detect_task.c ****   * @param[in]      pvParameters: NULL
  83:Src/detect_task.c ****   * @retval         none
  84:Src/detect_task.c ****   */
  85:Src/detect_task.c **** /**
  86:Src/detect_task.c ****   * @brief          æ£€æµ‹ä»»åŠ¡
  87:Src/detect_task.c ****   * @param[in]      pvParameters: NULL
ARM GAS  /tmp/cciJxGSV.s 			page 3


  88:Src/detect_task.c ****   * @retval         none
  89:Src/detect_task.c ****   */
  90:Src/detect_task.c **** void detect_task(void const *pvParameters)
  91:Src/detect_task.c **** {
  92:Src/detect_task.c ****     static uint32_t system_time;
  93:Src/detect_task.c ****     system_time = xTaskGetTickCount();
  94:Src/detect_task.c ****     //init,åˆå§‹åŒ–
  95:Src/detect_task.c ****     detect_init(system_time);
  96:Src/detect_task.c ****     //wait a time.ç©ºé—²ä¸€æ®µæ—¶é—´
  97:Src/detect_task.c ****     vTaskDelay(DETECT_TASK_INIT_TIME);
  98:Src/detect_task.c **** 
  99:Src/detect_task.c ****     while (1)
 100:Src/detect_task.c ****     {
 101:Src/detect_task.c ****         static uint8_t error_num_display = 0;
 102:Src/detect_task.c ****         system_time = xTaskGetTickCount();
 103:Src/detect_task.c **** 
 104:Src/detect_task.c ****         error_num_display = ERROR_LIST_LENGHT;
 105:Src/detect_task.c ****         error_list[ERROR_LIST_LENGHT].is_lost = 0;
 106:Src/detect_task.c ****         error_list[ERROR_LIST_LENGHT].error_exist = 0;
 107:Src/detect_task.c **** 
 108:Src/detect_task.c ****         for (int i = 0; i < ERROR_LIST_LENGHT; i++)
 109:Src/detect_task.c ****         {
 110:Src/detect_task.c ****             //disable, continue
 111:Src/detect_task.c ****             //æœªä½¿èƒ½ï¼Œè·³è¿‡
 112:Src/detect_task.c ****             if (error_list[i].enable == 0)
 113:Src/detect_task.c ****             {
 114:Src/detect_task.c ****                 continue;
 115:Src/detect_task.c ****             }
 116:Src/detect_task.c **** 
 117:Src/detect_task.c ****             //judge offline.åˆ¤æ–­æ‰çº¿
 118:Src/detect_task.c ****             if (system_time - error_list[i].new_time > error_list[i].set_offline_time)
 119:Src/detect_task.c ****             {
 120:Src/detect_task.c ****                 if (error_list[i].error_exist == 0)
 121:Src/detect_task.c ****                 {
 122:Src/detect_task.c ****                     //record error and time
 123:Src/detect_task.c ****                     //è®°å½•é”™è¯¯ä»¥åŠæ‰çº¿æ—¶é—´
 124:Src/detect_task.c ****                     error_list[i].is_lost = 1;
 125:Src/detect_task.c ****                     error_list[i].error_exist = 1;
 126:Src/detect_task.c ****                     error_list[i].lost_time = system_time;
 127:Src/detect_task.c ****                 }
 128:Src/detect_task.c ****                 //judge the priority,save the highest priority ,
 129:Src/detect_task.c ****                 //åˆ¤æ–­é”™è¯¯ä¼˜å…ˆçº§ï¼Œ ä¿å­˜ä¼˜å…ˆçº§æœ€é«˜çš„é”™è¯¯ç 
 130:Src/detect_task.c ****                 if (error_list[i].priority > error_list[error_num_display].priority)
 131:Src/detect_task.c ****                 {
 132:Src/detect_task.c ****                     error_num_display = i;
 133:Src/detect_task.c ****                 }
 134:Src/detect_task.c ****                 
 135:Src/detect_task.c **** 
 136:Src/detect_task.c ****                 error_list[ERROR_LIST_LENGHT].is_lost = 1;
 137:Src/detect_task.c ****                 error_list[ERROR_LIST_LENGHT].error_exist = 1;
 138:Src/detect_task.c ****                 //if solve_lost_fun != NULL, run it
 139:Src/detect_task.c ****                 //å¦‚æœæä¾›è§£å†³å‡½æ•°ï¼Œè¿è¡Œè§£å†³å‡½æ•°
 140:Src/detect_task.c ****                 if (error_list[i].solve_lost_fun != NULL)
 141:Src/detect_task.c ****                 {
 142:Src/detect_task.c ****                     error_list[i].solve_lost_fun();
 143:Src/detect_task.c ****                 }
 144:Src/detect_task.c ****             }
ARM GAS  /tmp/cciJxGSV.s 			page 4


 145:Src/detect_task.c ****             else if (system_time - error_list[i].work_time < error_list[i].set_online_time)
 146:Src/detect_task.c ****             {
 147:Src/detect_task.c ****                 //just online, maybe unstable, only record
 148:Src/detect_task.c ****                 //åˆšåˆšä¸Šçº¿ï¼Œå¯èƒ½å­˜åœ¨æ•°æ®ä¸ç¨³å®šï¼Œåªè®°å½•ä¸ä¸¢å¤±ï¼Œ
 149:Src/detect_task.c ****                 error_list[i].is_lost = 0;
 150:Src/detect_task.c ****                 error_list[i].error_exist = 1;
 151:Src/detect_task.c ****             }
 152:Src/detect_task.c ****             else
 153:Src/detect_task.c ****             {
 154:Src/detect_task.c ****                 error_list[i].is_lost = 0;
 155:Src/detect_task.c ****                 //åˆ¤æ–­æ˜¯å¦å­˜åœ¨æ•°æ®é”™è¯¯
 156:Src/detect_task.c ****                 //judge if exist data error
 157:Src/detect_task.c ****                 if (error_list[i].data_is_error != NULL)
 158:Src/detect_task.c ****                 {
 159:Src/detect_task.c ****                     error_list[i].error_exist = 1;
 160:Src/detect_task.c ****                 }
 161:Src/detect_task.c ****                 else
 162:Src/detect_task.c ****                 {
 163:Src/detect_task.c ****                     error_list[i].error_exist = 0;
 164:Src/detect_task.c ****                 }
 165:Src/detect_task.c ****                 //calc frequency
 166:Src/detect_task.c ****                 //è®¡ç®—é¢‘ç‡
 167:Src/detect_task.c ****                 if (error_list[i].new_time > error_list[i].last_time)
 168:Src/detect_task.c ****                 {
 169:Src/detect_task.c ****                     error_list[i].frequency = configTICK_RATE_HZ / (fp32)(error_list[i].new_time - 
 170:Src/detect_task.c ****                 }
 171:Src/detect_task.c ****             }
 172:Src/detect_task.c ****         }
 173:Src/detect_task.c **** 
 174:Src/detect_task.c ****         vTaskDelay(DETECT_CONTROL_TIME);
 175:Src/detect_task.c **** #if INCLUDE_uxTaskGetStackHighWaterMark
 176:Src/detect_task.c ****         detect_task_stack = uxTaskGetStackHighWaterMark(NULL);
 177:Src/detect_task.c **** #endif
 178:Src/detect_task.c ****     }
 179:Src/detect_task.c **** }
 180:Src/detect_task.c **** 
 181:Src/detect_task.c **** 
 182:Src/detect_task.c **** /**
 183:Src/detect_task.c ****   * @brief          get toe error status
 184:Src/detect_task.c ****   * @param[in]      toe: table of equipment
 185:Src/detect_task.c ****   * @retval         true (eror) or false (no error)
 186:Src/detect_task.c ****   */
 187:Src/detect_task.c **** /**
 188:Src/detect_task.c ****   * @brief          è·å–è®¾å¤‡å¯¹åº”çš„é”™è¯¯çŠ¶æ€
 189:Src/detect_task.c ****   * @param[in]      toe:è®¾å¤‡ç›®å½•
 190:Src/detect_task.c ****   * @retval         true(é”™è¯¯) æˆ–è€…false(æ²¡é”™è¯¯)
 191:Src/detect_task.c ****   */
 192:Src/detect_task.c **** bool_t toe_is_error(uint8_t toe)
 193:Src/detect_task.c **** {
 194:Src/detect_task.c ****     return (error_list[toe].error_exist == 1);
 195:Src/detect_task.c **** }
 196:Src/detect_task.c **** 
 197:Src/detect_task.c **** /**
 198:Src/detect_task.c ****   * @brief          record the time
 199:Src/detect_task.c ****   * @param[in]      toe: table of equipment
 200:Src/detect_task.c ****   * @retval         none
 201:Src/detect_task.c ****   */
ARM GAS  /tmp/cciJxGSV.s 			page 5


 202:Src/detect_task.c **** /**
 203:Src/detect_task.c ****   * @brief          è®°å½•æ—¶é—´
 204:Src/detect_task.c ****   * @param[in]      toe:è®¾å¤‡ç›®å½•
 205:Src/detect_task.c ****   * @retval         none
 206:Src/detect_task.c ****   */
 207:Src/detect_task.c **** void detect_hook(uint8_t toe)
 208:Src/detect_task.c **** {
 209:Src/detect_task.c ****     error_list[toe].last_time = error_list[toe].new_time;
 210:Src/detect_task.c ****     error_list[toe].new_time = xTaskGetTickCount();
 211:Src/detect_task.c ****     
 212:Src/detect_task.c ****     if (error_list[toe].is_lost)
 213:Src/detect_task.c ****     {
 214:Src/detect_task.c ****         error_list[toe].is_lost = 0;
 215:Src/detect_task.c ****         error_list[toe].work_time = error_list[toe].new_time;
 216:Src/detect_task.c ****     }
 217:Src/detect_task.c ****     
 218:Src/detect_task.c ****     if (error_list[toe].data_is_error_fun != NULL)
 219:Src/detect_task.c ****     {
 220:Src/detect_task.c ****         if (error_list[toe].data_is_error_fun())
 221:Src/detect_task.c ****         {
 222:Src/detect_task.c ****             error_list[toe].error_exist = 1;
 223:Src/detect_task.c ****             error_list[toe].data_is_error = 1;
 224:Src/detect_task.c **** 
 225:Src/detect_task.c ****             if (error_list[toe].solve_data_error_fun != NULL)
 226:Src/detect_task.c ****             {
 227:Src/detect_task.c ****                 error_list[toe].solve_data_error_fun();
 228:Src/detect_task.c ****             }
 229:Src/detect_task.c ****         }
 230:Src/detect_task.c ****         else
 231:Src/detect_task.c ****         {
 232:Src/detect_task.c ****             error_list[toe].data_is_error = 0;
 233:Src/detect_task.c ****         }
 234:Src/detect_task.c ****     }
 235:Src/detect_task.c ****     else
 236:Src/detect_task.c ****     {
 237:Src/detect_task.c ****         error_list[toe].data_is_error = 0;
 238:Src/detect_task.c ****     }
 239:Src/detect_task.c **** }
 240:Src/detect_task.c **** 
 241:Src/detect_task.c **** /**
 242:Src/detect_task.c ****   * @brief          get error list
 243:Src/detect_task.c ****   * @param[in]      none
 244:Src/detect_task.c ****   * @retval         the point of error_list
 245:Src/detect_task.c ****   */
 246:Src/detect_task.c **** /**
 247:Src/detect_task.c ****   * @brief          å¾—åˆ°é”™è¯¯åˆ—è¡¨
 248:Src/detect_task.c ****   * @param[in]      none
 249:Src/detect_task.c ****   * @retval         error_listçš„æŒ‡é’ˆ
 250:Src/detect_task.c ****   */
 251:Src/detect_task.c **** const error_t *get_error_list_point(void)
 252:Src/detect_task.c **** {
 253:Src/detect_task.c ****     return error_list;
 254:Src/detect_task.c **** }
 255:Src/detect_task.c **** 
 256:Src/detect_task.c **** extern void OLED_com_reset(void);
 257:Src/detect_task.c **** static void detect_init(uint32_t time)
 258:Src/detect_task.c **** {
ARM GAS  /tmp/cciJxGSV.s 			page 6


  29              		.loc 1 258 1 view -0
  30              		.cfi_startproc
  31              		@ args = 0, pretend = 0, frame = 88
  32              		@ frame_needed = 0, uses_anonymous_args = 0
  33              		.loc 1 258 1 is_stmt 0 view .LVU1
  34 0000 70B5     		push	{r4, r5, r6, lr}
  35              	.LCFI0:
  36              		.cfi_def_cfa_offset 16
  37              		.cfi_offset 4, -16
  38              		.cfi_offset 5, -12
  39              		.cfi_offset 6, -8
  40              		.cfi_offset 14, -4
  41 0002 96B0     		sub	sp, sp, #88
  42              	.LCFI1:
  43              		.cfi_def_cfa_offset 104
  44 0004 0546     		mov	r5, r0
 259:Src/detect_task.c ****     //è®¾ç½®ç¦»çº¿æ—¶é—´ï¼Œä¸Šçº¿ç¨³å®šå·¥ä½œæ—¶é—´ï¼Œä¼˜å…ˆçº§ offlineTime onlinetime priority
 260:Src/detect_task.c ****     uint16_t set_item[ERROR_LIST_LENGHT][3] =
  45              		.loc 1 260 5 is_stmt 1 view .LVU2
  46              		.loc 1 260 14 is_stmt 0 view .LVU3
  47 0006 5422     		movs	r2, #84
  48 0008 2249     		ldr	r1, .L5
  49 000a 01A8     		add	r0, sp, #4
  50              	.LVL1:
  51              		.loc 1 260 14 view .LVU4
  52 000c FFF7FEFF 		bl	memcpy
  53              	.LVL2:
 261:Src/detect_task.c ****         {
 262:Src/detect_task.c ****             {30, 40, 15},   //SBUS
 263:Src/detect_task.c ****             {10, 10, 11},   //motor1
 264:Src/detect_task.c ****             {10, 10, 10},   //motor2
 265:Src/detect_task.c ****             {10, 10, 9},    //motor3
 266:Src/detect_task.c ****             {10, 10, 8},    //motor4
 267:Src/detect_task.c ****             {2, 3, 14},     //yaw
 268:Src/detect_task.c ****             {2, 3, 13},     //pitch
 269:Src/detect_task.c ****             {10, 10, 12},   //trigger
 270:Src/detect_task.c ****             {2, 3, 7},      //board gyro
 271:Src/detect_task.c ****             {5, 5, 7},      //board accel
 272:Src/detect_task.c ****             {40, 200, 7},   //board mag
 273:Src/detect_task.c ****             {100, 100, 5},  //referee
 274:Src/detect_task.c ****             {10, 10, 7},    //rm imu
 275:Src/detect_task.c ****             {100, 100, 1},  //oled
 276:Src/detect_task.c ****         };
 277:Src/detect_task.c **** 
 278:Src/detect_task.c ****     for (uint8_t i = 0; i < ERROR_LIST_LENGHT; i++)
  54              		.loc 1 278 5 is_stmt 1 view .LVU5
  55              	.LBB2:
  56              		.loc 1 278 10 view .LVU6
  57              		.loc 1 278 18 is_stmt 0 view .LVU7
  58 0010 0022     		movs	r2, #0
  59              		.loc 1 278 5 view .LVU8
  60 0012 3AE0     		b	.L2
  61              	.LVL3:
  62              	.L3:
 279:Src/detect_task.c ****     {
 280:Src/detect_task.c ****         error_list[i].set_offline_time = set_item[i][0];
  63              		.loc 1 280 9 is_stmt 1 discriminator 3 view .LVU9
ARM GAS  /tmp/cciJxGSV.s 			page 7


  64              		.loc 1 280 53 is_stmt 0 discriminator 3 view .LVU10
  65 0014 02EB420C 		add	ip, r2, r2, lsl #1
  66 0018 16AB     		add	r3, sp, #88
  67 001a 03EB4C0C 		add	ip, r3, ip, lsl #1
  68 001e 3CF8546C 		ldrh	r6, [ip, #-84]
  69              		.loc 1 280 40 discriminator 3 view .LVU11
  70 0022 1D4C     		ldr	r4, .L5+4
  71 0024 02EBC20E 		add	lr, r2, r2, lsl #3
  72 0028 04EB8E03 		add	r3, r4, lr, lsl #2
  73 002c 188A     		ldrh	r0, [r3, #16]
  74 002e 66F30B00 		bfi	r0, r6, #0, #12
  75 0032 1882     		strh	r0, [r3, #16]	@ movhi
 281:Src/detect_task.c ****         error_list[i].set_online_time = set_item[i][1];
  76              		.loc 1 281 9 is_stmt 1 discriminator 3 view .LVU12
  77              		.loc 1 281 52 is_stmt 0 discriminator 3 view .LVU13
  78 0034 3CF8526C 		ldrh	r6, [ip, #-82]
  79              		.loc 1 281 39 discriminator 3 view .LVU14
  80 0038 1869     		ldr	r0, [r3, #16]
  81 003a 66F31730 		bfi	r0, r6, #12, #12
  82 003e 1861     		str	r0, [r3, #16]
 282:Src/detect_task.c ****         error_list[i].priority = set_item[i][2];
  83              		.loc 1 282 9 is_stmt 1 discriminator 3 view .LVU15
  84              		.loc 1 282 45 is_stmt 0 discriminator 3 view .LVU16
  85 0040 3CF850CC 		ldrh	ip, [ip, #-80]
  86              		.loc 1 282 32 discriminator 3 view .LVU17
  87 0044 D87C     		ldrb	r0, [r3, #19]	@ zero_extendqisi2
  88 0046 6CF34400 		bfi	r0, ip, #1, #4
  89 004a D874     		strb	r0, [r3, #19]
 283:Src/detect_task.c ****         error_list[i].data_is_error_fun = NULL;
  90              		.loc 1 283 9 is_stmt 1 discriminator 3 view .LVU18
  91              		.loc 1 283 41 is_stmt 0 discriminator 3 view .LVU19
  92 004c 0020     		movs	r0, #0
  93 004e 9861     		str	r0, [r3, #24]
 284:Src/detect_task.c ****         error_list[i].solve_lost_fun = NULL;
  94              		.loc 1 284 9 is_stmt 1 discriminator 3 view .LVU20
  95              		.loc 1 284 38 is_stmt 0 discriminator 3 view .LVU21
  96 0050 D861     		str	r0, [r3, #28]
 285:Src/detect_task.c ****         error_list[i].solve_data_error_fun = NULL;
  97              		.loc 1 285 9 is_stmt 1 discriminator 3 view .LVU22
  98              		.loc 1 285 44 is_stmt 0 discriminator 3 view .LVU23
  99 0052 1862     		str	r0, [r3, #32]
 286:Src/detect_task.c **** 
 287:Src/detect_task.c ****         error_list[i].enable = 1;
 100              		.loc 1 287 9 is_stmt 1 discriminator 3 view .LVU24
 101              		.loc 1 287 30 is_stmt 0 discriminator 3 view .LVU25
 102 0054 D87C     		ldrb	r0, [r3, #19]	@ zero_extendqisi2
 103 0056 40F00100 		orr	r0, r0, #1
 104 005a D874     		strb	r0, [r3, #19]
 288:Src/detect_task.c ****         error_list[i].error_exist = 1;
 105              		.loc 1 288 9 is_stmt 1 discriminator 3 view .LVU26
 106              		.loc 1 288 35 is_stmt 0 discriminator 3 view .LVU27
 107 005c C0B2     		uxtb	r0, r0
 108 005e 40F02000 		orr	r0, r0, #32
 109 0062 D874     		strb	r0, [r3, #19]
 289:Src/detect_task.c ****         error_list[i].is_lost = 1;
 110              		.loc 1 289 9 is_stmt 1 discriminator 3 view .LVU28
 111              		.loc 1 289 31 is_stmt 0 discriminator 3 view .LVU29
ARM GAS  /tmp/cciJxGSV.s 			page 8


 112 0064 C0B2     		uxtb	r0, r0
 113 0066 40F04000 		orr	r0, r0, #64
 114 006a D874     		strb	r0, [r3, #19]
 290:Src/detect_task.c ****         error_list[i].data_is_error = 1;
 115              		.loc 1 290 9 is_stmt 1 discriminator 3 view .LVU30
 116              		.loc 1 290 37 is_stmt 0 discriminator 3 view .LVU31
 117 006c C0B2     		uxtb	r0, r0
 118 006e 40F08000 		orr	r0, r0, #128
 119 0072 D874     		strb	r0, [r3, #19]
 291:Src/detect_task.c ****         error_list[i].frequency = 0.0f;
 120              		.loc 1 291 9 is_stmt 1 discriminator 3 view .LVU32
 121              		.loc 1 291 33 is_stmt 0 discriminator 3 view .LVU33
 122 0074 0021     		movs	r1, #0
 123 0076 5961     		str	r1, [r3, #20]	@ float
 292:Src/detect_task.c ****         error_list[i].new_time = time;
 124              		.loc 1 292 9 is_stmt 1 discriminator 3 view .LVU34
 125              		.loc 1 292 32 is_stmt 0 discriminator 3 view .LVU35
 126 0078 44F82E50 		str	r5, [r4, lr, lsl #2]
 293:Src/detect_task.c ****         error_list[i].last_time = time;
 127              		.loc 1 293 9 is_stmt 1 discriminator 3 view .LVU36
 128              		.loc 1 293 33 is_stmt 0 discriminator 3 view .LVU37
 129 007c 5D60     		str	r5, [r3, #4]
 294:Src/detect_task.c ****         error_list[i].lost_time = time;
 130              		.loc 1 294 9 is_stmt 1 discriminator 3 view .LVU38
 131              		.loc 1 294 33 is_stmt 0 discriminator 3 view .LVU39
 132 007e 9D60     		str	r5, [r3, #8]
 295:Src/detect_task.c ****         error_list[i].work_time = time;
 133              		.loc 1 295 9 is_stmt 1 discriminator 3 view .LVU40
 134              		.loc 1 295 33 is_stmt 0 discriminator 3 view .LVU41
 135 0080 04EB8E04 		add	r4, r4, lr, lsl #2
 136 0084 E560     		str	r5, [r4, #12]
 278:Src/detect_task.c ****     {
 137              		.loc 1 278 48 is_stmt 1 discriminator 3 view .LVU42
 278:Src/detect_task.c ****     {
 138              		.loc 1 278 49 is_stmt 0 discriminator 3 view .LVU43
 139 0086 0132     		adds	r2, r2, #1
 140              	.LVL4:
 278:Src/detect_task.c ****     {
 141              		.loc 1 278 49 discriminator 3 view .LVU44
 142 0088 D2B2     		uxtb	r2, r2
 143              	.LVL5:
 144              	.L2:
 278:Src/detect_task.c ****     {
 145              		.loc 1 278 25 is_stmt 1 discriminator 1 view .LVU45
 278:Src/detect_task.c ****     {
 146              		.loc 1 278 5 is_stmt 0 discriminator 1 view .LVU46
 147 008a 0D2A     		cmp	r2, #13
 148 008c C2D9     		bls	.L3
 149              	.LBE2:
 296:Src/detect_task.c ****     }
 297:Src/detect_task.c **** 
 298:Src/detect_task.c **** 
 299:Src/detect_task.c **** //    error_list[DBUSTOE].dataIsErrorFun = RC_data_is_error;
 300:Src/detect_task.c **** //    error_list[DBUSTOE].solveLostFun = slove_RC_lost;
 301:Src/detect_task.c **** //    error_list[DBUSTOE].solveDataErrorFun = slove_data_error;
 302:Src/detect_task.c **** 
 303:Src/detect_task.c **** }
ARM GAS  /tmp/cciJxGSV.s 			page 9


 150              		.loc 1 303 1 view .LVU47
 151 008e 16B0     		add	sp, sp, #88
 152              	.LCFI2:
 153              		.cfi_def_cfa_offset 16
 154              		@ sp needed
 155 0090 70BD     		pop	{r4, r5, r6, pc}
 156              	.LVL6:
 157              	.L6:
 158              		.loc 1 303 1 view .LVU48
 159 0092 00BF     		.align	2
 160              	.L5:
 161 0094 00000000 		.word	.LANCHOR0
 162 0098 00000000 		.word	.LANCHOR1
 163              		.cfi_endproc
 164              	.LFE139:
 166              		.section	.text.detect_task,"ax",%progbits
 167              		.align	1
 168              		.global	detect_task
 169              		.syntax unified
 170              		.thumb
 171              		.thumb_func
 173              	detect_task:
 174              	.LVL7:
 175              	.LFB135:
  91:Src/detect_task.c ****     static uint32_t system_time;
 176              		.loc 1 91 1 is_stmt 1 view -0
 177              		.cfi_startproc
 178              		@ args = 0, pretend = 0, frame = 0
 179              		@ frame_needed = 0, uses_anonymous_args = 0
  91:Src/detect_task.c ****     static uint32_t system_time;
 180              		.loc 1 91 1 is_stmt 0 view .LVU50
 181 0000 10B5     		push	{r4, lr}
 182              	.LCFI3:
 183              		.cfi_def_cfa_offset 8
 184              		.cfi_offset 4, -8
 185              		.cfi_offset 14, -4
  92:Src/detect_task.c ****     system_time = xTaskGetTickCount();
 186              		.loc 1 92 5 is_stmt 1 view .LVU51
  93:Src/detect_task.c ****     //init,åˆå§‹åŒ–
 187              		.loc 1 93 5 view .LVU52
  93:Src/detect_task.c ****     //init,åˆå§‹åŒ–
 188              		.loc 1 93 19 is_stmt 0 view .LVU53
 189 0002 FFF7FEFF 		bl	xTaskGetTickCount
 190              	.LVL8:
  93:Src/detect_task.c ****     //init,åˆå§‹åŒ–
 191              		.loc 1 93 17 view .LVU54
 192 0006 694B     		ldr	r3, .L20
 193 0008 1860     		str	r0, [r3]
  95:Src/detect_task.c ****     //wait a time.ç©ºé—²ä¸€æ®µæ—¶é—´
 194              		.loc 1 95 5 is_stmt 1 view .LVU55
 195 000a FFF7FEFF 		bl	detect_init
 196              	.LVL9:
  97:Src/detect_task.c **** 
 197              		.loc 1 97 5 view .LVU56
 198 000e 3920     		movs	r0, #57
 199 0010 FFF7FEFF 		bl	vTaskDelay
 200              	.LVL10:
ARM GAS  /tmp/cciJxGSV.s 			page 10


 201 0014 B5E0     		b	.L17
 202              	.LVL11:
 203              	.L12:
 204              	.LBB3:
 205              	.LBB4:
 136:Src/detect_task.c ****                 error_list[ERROR_LIST_LENGHT].error_exist = 1;
 206              		.loc 1 136 17 view .LVU57
 136:Src/detect_task.c ****                 error_list[ERROR_LIST_LENGHT].error_exist = 1;
 207              		.loc 1 136 55 is_stmt 0 view .LVU58
 208 0016 664B     		ldr	r3, .L20+4
 209 0018 93F80B22 		ldrb	r2, [r3, #523]	@ zero_extendqisi2
 210 001c 42F04002 		orr	r2, r2, #64
 211 0020 83F80B22 		strb	r2, [r3, #523]
 137:Src/detect_task.c ****                 //if solve_lost_fun != NULL, run it
 212              		.loc 1 137 17 is_stmt 1 view .LVU59
 137:Src/detect_task.c ****                 //if solve_lost_fun != NULL, run it
 213              		.loc 1 137 59 is_stmt 0 view .LVU60
 214 0024 D2B2     		uxtb	r2, r2
 215 0026 42F02002 		orr	r2, r2, #32
 216 002a 83F80B22 		strb	r2, [r3, #523]
 140:Src/detect_task.c ****                 {
 217              		.loc 1 140 17 is_stmt 1 view .LVU61
 140:Src/detect_task.c ****                 {
 218              		.loc 1 140 34 is_stmt 0 view .LVU62
 219 002e 04EBC402 		add	r2, r4, r4, lsl #3
 220 0032 03EB8203 		add	r3, r3, r2, lsl #2
 221 0036 DB69     		ldr	r3, [r3, #28]
 140:Src/detect_task.c ****                 {
 222              		.loc 1 140 20 view .LVU63
 223 0038 03B1     		cbz	r3, .L9
 142:Src/detect_task.c ****                 }
 224              		.loc 1 142 21 is_stmt 1 view .LVU64
 225 003a 9847     		blx	r3
 226              	.LVL12:
 227              	.L9:
 108:Src/detect_task.c ****         {
 228              		.loc 1 108 48 discriminator 2 view .LVU65
 108:Src/detect_task.c ****         {
 229              		.loc 1 108 49 is_stmt 0 discriminator 2 view .LVU66
 230 003c 0134     		adds	r4, r4, #1
 231              	.LVL13:
 232              	.L8:
 108:Src/detect_task.c ****         {
 233              		.loc 1 108 25 is_stmt 1 discriminator 1 view .LVU67
 108:Src/detect_task.c ****         {
 234              		.loc 1 108 9 is_stmt 0 discriminator 1 view .LVU68
 235 003e 0D2C     		cmp	r4, #13
 236 0040 00F39780 		bgt	.L19
 112:Src/detect_task.c ****             {
 237              		.loc 1 112 13 is_stmt 1 view .LVU69
 112:Src/detect_task.c ****             {
 238              		.loc 1 112 30 is_stmt 0 view .LVU70
 239 0044 04EBC403 		add	r3, r4, r4, lsl #3
 240 0048 594A     		ldr	r2, .L20+4
 241 004a 02EB8303 		add	r3, r2, r3, lsl #2
 242 004e DB7C     		ldrb	r3, [r3, #19]	@ zero_extendqisi2
 112:Src/detect_task.c ****             {
ARM GAS  /tmp/cciJxGSV.s 			page 11


 243              		.loc 1 112 16 view .LVU71
 244 0050 13F0010F 		tst	r3, #1
 245 0054 F2D0     		beq	.L9
 118:Src/detect_task.c ****             {
 246              		.loc 1 118 13 is_stmt 1 view .LVU72
 118:Src/detect_task.c ****             {
 247              		.loc 1 118 29 is_stmt 0 view .LVU73
 248 0056 554B     		ldr	r3, .L20
 249 0058 1A68     		ldr	r2, [r3]
 118:Src/detect_task.c ****             {
 250              		.loc 1 118 44 view .LVU74
 251 005a 554B     		ldr	r3, .L20+4
 252 005c 04EBC401 		add	r1, r4, r4, lsl #3
 253 0060 03EB810C 		add	ip, r3, r1, lsl #2
 254 0064 53F82110 		ldr	r1, [r3, r1, lsl #2]
 118:Src/detect_task.c ****             {
 255              		.loc 1 118 29 view .LVU75
 256 0068 501A     		subs	r0, r2, r1
 118:Src/detect_task.c ****             {
 257              		.loc 1 118 69 view .LVU76
 258 006a BCF81030 		ldrh	r3, [ip, #16]
 259 006e C3F30B03 		ubfx	r3, r3, #0, #12
 118:Src/detect_task.c ****             {
 260              		.loc 1 118 16 view .LVU77
 261 0072 9842     		cmp	r0, r3
 262 0074 27D9     		bls	.L10
 120:Src/detect_task.c ****                 {
 263              		.loc 1 120 17 is_stmt 1 view .LVU78
 120:Src/detect_task.c ****                 {
 264              		.loc 1 120 34 is_stmt 0 view .LVU79
 265 0076 9CF81330 		ldrb	r3, [ip, #19]	@ zero_extendqisi2
 120:Src/detect_task.c ****                 {
 266              		.loc 1 120 20 view .LVU80
 267 007a 13F0200F 		tst	r3, #32
 268 007e 0CD1     		bne	.L11
 124:Src/detect_task.c ****                     error_list[i].error_exist = 1;
 269              		.loc 1 124 21 is_stmt 1 view .LVU81
 124:Src/detect_task.c ****                     error_list[i].error_exist = 1;
 270              		.loc 1 124 43 is_stmt 0 view .LVU82
 271 0080 9CF81300 		ldrb	r0, [ip, #19]	@ zero_extendqisi2
 272 0084 40F04000 		orr	r0, r0, #64
 273 0088 8CF81300 		strb	r0, [ip, #19]
 125:Src/detect_task.c ****                     error_list[i].lost_time = system_time;
 274              		.loc 1 125 21 is_stmt 1 view .LVU83
 125:Src/detect_task.c ****                     error_list[i].lost_time = system_time;
 275              		.loc 1 125 47 is_stmt 0 view .LVU84
 276 008c C0B2     		uxtb	r0, r0
 277 008e 40F02000 		orr	r0, r0, #32
 278 0092 8CF81300 		strb	r0, [ip, #19]
 126:Src/detect_task.c ****                 }
 279              		.loc 1 126 21 is_stmt 1 view .LVU85
 126:Src/detect_task.c ****                 }
 280              		.loc 1 126 45 is_stmt 0 view .LVU86
 281 0096 CCF80820 		str	r2, [ip, #8]
 282              	.L11:
 130:Src/detect_task.c ****                 {
 283              		.loc 1 130 17 is_stmt 1 view .LVU87
ARM GAS  /tmp/cciJxGSV.s 			page 12


 130:Src/detect_task.c ****                 {
 284              		.loc 1 130 34 is_stmt 0 view .LVU88
 285 009a 454B     		ldr	r3, .L20+4
 286 009c 04EBC402 		add	r2, r4, r4, lsl #3
 287 00a0 03EB8202 		add	r2, r3, r2, lsl #2
 288 00a4 D17C     		ldrb	r1, [r2, #19]	@ zero_extendqisi2
 289 00a6 C1F34301 		ubfx	r1, r1, #1, #4
 130:Src/detect_task.c ****                 {
 290              		.loc 1 130 75 view .LVU89
 291 00aa 424A     		ldr	r2, .L20+8
 292 00ac 1278     		ldrb	r2, [r2]	@ zero_extendqisi2
 293 00ae 02EBC202 		add	r2, r2, r2, lsl #3
 294 00b2 03EB8203 		add	r3, r3, r2, lsl #2
 295 00b6 DB7C     		ldrb	r3, [r3, #19]	@ zero_extendqisi2
 296 00b8 C3F34303 		ubfx	r3, r3, #1, #4
 130:Src/detect_task.c ****                 {
 297              		.loc 1 130 20 view .LVU90
 298 00bc 9942     		cmp	r1, r3
 299 00be AAD9     		bls	.L12
 132:Src/detect_task.c ****                 }
 300              		.loc 1 132 21 is_stmt 1 view .LVU91
 132:Src/detect_task.c ****                 }
 301              		.loc 1 132 39 is_stmt 0 view .LVU92
 302 00c0 3C4B     		ldr	r3, .L20+8
 303 00c2 1C70     		strb	r4, [r3]
 304 00c4 A7E7     		b	.L12
 305              	.L10:
 145:Src/detect_task.c ****             {
 306              		.loc 1 145 18 is_stmt 1 view .LVU93
 145:Src/detect_task.c ****             {
 307              		.loc 1 145 49 is_stmt 0 view .LVU94
 308 00c6 04EBC403 		add	r3, r4, r4, lsl #3
 309 00ca 3948     		ldr	r0, .L20+4
 310 00cc 00EB8303 		add	r3, r0, r3, lsl #2
 311 00d0 D868     		ldr	r0, [r3, #12]
 145:Src/detect_task.c ****             {
 312              		.loc 1 145 34 view .LVU95
 313 00d2 121A     		subs	r2, r2, r0
 145:Src/detect_task.c ****             {
 314              		.loc 1 145 75 view .LVU96
 315 00d4 1B69     		ldr	r3, [r3, #16]
 316 00d6 C3F30B33 		ubfx	r3, r3, #12, #12
 145:Src/detect_task.c ****             {
 317              		.loc 1 145 21 view .LVU97
 318 00da 9A42     		cmp	r2, r3
 319 00dc 0FD2     		bcs	.L13
 149:Src/detect_task.c ****                 error_list[i].error_exist = 1;
 320              		.loc 1 149 17 is_stmt 1 view .LVU98
 149:Src/detect_task.c ****                 error_list[i].error_exist = 1;
 321              		.loc 1 149 39 is_stmt 0 view .LVU99
 322 00de 04EBC403 		add	r3, r4, r4, lsl #3
 323 00e2 334A     		ldr	r2, .L20+4
 324 00e4 02EB8303 		add	r3, r2, r3, lsl #2
 325 00e8 03F11002 		add	r2, r3, #16
 326 00ec DB7C     		ldrb	r3, [r3, #19]	@ zero_extendqisi2
 327 00ee 6FF38613 		bfc	r3, #6, #1
 328 00f2 D370     		strb	r3, [r2, #3]
ARM GAS  /tmp/cciJxGSV.s 			page 13


 150:Src/detect_task.c ****             }
 329              		.loc 1 150 17 is_stmt 1 view .LVU100
 150:Src/detect_task.c ****             }
 330              		.loc 1 150 43 is_stmt 0 view .LVU101
 331 00f4 DBB2     		uxtb	r3, r3
 332 00f6 43F02003 		orr	r3, r3, #32
 333 00fa D370     		strb	r3, [r2, #3]
 334 00fc 9EE7     		b	.L9
 335              	.L13:
 154:Src/detect_task.c ****                 //åˆ¤æ–­æ˜¯å¦å­˜åœ¨æ•°æ®é”™è¯¯
 336              		.loc 1 154 17 is_stmt 1 view .LVU102
 154:Src/detect_task.c ****                 //åˆ¤æ–­æ˜¯å¦å­˜åœ¨æ•°æ®é”™è¯¯
 337              		.loc 1 154 39 is_stmt 0 view .LVU103
 338 00fe 04EBC403 		add	r3, r4, r4, lsl #3
 339 0102 2B4A     		ldr	r2, .L20+4
 340 0104 02EB8303 		add	r3, r2, r3, lsl #2
 341 0108 03F11002 		add	r2, r3, #16
 342 010c DB7C     		ldrb	r3, [r3, #19]	@ zero_extendqisi2
 343 010e 6FF38613 		bfc	r3, #6, #1
 344 0112 D370     		strb	r3, [r2, #3]
 157:Src/detect_task.c ****                 {
 345              		.loc 1 157 17 is_stmt 1 view .LVU104
 157:Src/detect_task.c ****                 {
 346              		.loc 1 157 34 is_stmt 0 view .LVU105
 347 0114 DBB2     		uxtb	r3, r3
 157:Src/detect_task.c ****                 {
 348              		.loc 1 157 20 view .LVU106
 349 0116 DB09     		lsrs	r3, r3, #7
 350 0118 21D0     		beq	.L14
 159:Src/detect_task.c ****                 }
 351              		.loc 1 159 21 is_stmt 1 view .LVU107
 159:Src/detect_task.c ****                 }
 352              		.loc 1 159 47 is_stmt 0 view .LVU108
 353 011a 04EBC403 		add	r3, r4, r4, lsl #3
 354 011e 244A     		ldr	r2, .L20+4
 355 0120 02EB8303 		add	r3, r2, r3, lsl #2
 356 0124 DA7C     		ldrb	r2, [r3, #19]	@ zero_extendqisi2
 357 0126 42F02002 		orr	r2, r2, #32
 358 012a DA74     		strb	r2, [r3, #19]
 359              	.L15:
 167:Src/detect_task.c ****                 {
 360              		.loc 1 167 17 is_stmt 1 view .LVU109
 167:Src/detect_task.c ****                 {
 361              		.loc 1 167 59 is_stmt 0 view .LVU110
 362 012c 04EBC403 		add	r3, r4, r4, lsl #3
 363 0130 1F4A     		ldr	r2, .L20+4
 364 0132 02EB8303 		add	r3, r2, r3, lsl #2
 365 0136 5B68     		ldr	r3, [r3, #4]
 167:Src/detect_task.c ****                 {
 366              		.loc 1 167 20 view .LVU111
 367 0138 9942     		cmp	r1, r3
 368 013a 7FF67FAF 		bls	.L9
 169:Src/detect_task.c ****                 }
 369              		.loc 1 169 21 is_stmt 1 view .LVU112
 169:Src/detect_task.c ****                 }
 370              		.loc 1 169 98 is_stmt 0 view .LVU113
 371 013e C91A     		subs	r1, r1, r3
ARM GAS  /tmp/cciJxGSV.s 			page 14


 169:Src/detect_task.c ****                 }
 372              		.loc 1 169 68 view .LVU114
 373 0140 07EE901A 		vmov	s15, r1	@ int
 374 0144 F8EE677A 		vcvt.f32.u32	s15, s15
 169:Src/detect_task.c ****                 }
 375              		.loc 1 169 66 view .LVU115
 376 0148 DFED1B6A 		vldr.32	s13, .L20+12
 377 014c 86EEA77A 		vdiv.f32	s14, s13, s15
 169:Src/detect_task.c ****                 }
 378              		.loc 1 169 45 view .LVU116
 379 0150 04EBC403 		add	r3, r4, r4, lsl #3
 380 0154 02EB8303 		add	r3, r2, r3, lsl #2
 381 0158 83ED057A 		vstr.32	s14, [r3, #20]
 382 015c 6EE7     		b	.L9
 383              	.L14:
 163:Src/detect_task.c ****                 }
 384              		.loc 1 163 21 is_stmt 1 view .LVU117
 163:Src/detect_task.c ****                 }
 385              		.loc 1 163 47 is_stmt 0 view .LVU118
 386 015e 04EBC403 		add	r3, r4, r4, lsl #3
 387 0162 134A     		ldr	r2, .L20+4
 388 0164 02EB8303 		add	r3, r2, r3, lsl #2
 389 0168 DA7C     		ldrb	r2, [r3, #19]	@ zero_extendqisi2
 390 016a 6FF34512 		bfc	r2, #5, #1
 391 016e DA74     		strb	r2, [r3, #19]
 392 0170 DCE7     		b	.L15
 393              	.L19:
 163:Src/detect_task.c ****                 }
 394              		.loc 1 163 47 view .LVU119
 395              	.LBE4:
 174:Src/detect_task.c **** #if INCLUDE_uxTaskGetStackHighWaterMark
 396              		.loc 1 174 9 is_stmt 1 view .LVU120
 397 0172 0A20     		movs	r0, #10
 398 0174 FFF7FEFF 		bl	vTaskDelay
 399              	.LVL14:
 176:Src/detect_task.c **** #endif
 400              		.loc 1 176 9 view .LVU121
 176:Src/detect_task.c **** #endif
 401              		.loc 1 176 29 is_stmt 0 view .LVU122
 402 0178 0020     		movs	r0, #0
 403 017a FFF7FEFF 		bl	uxTaskGetStackHighWaterMark
 404              	.LVL15:
 176:Src/detect_task.c **** #endif
 405              		.loc 1 176 27 view .LVU123
 406 017e 0F4B     		ldr	r3, .L20+16
 407 0180 1860     		str	r0, [r3]
 408              	.LBE3:
  99:Src/detect_task.c ****     {
 409              		.loc 1 99 11 is_stmt 1 view .LVU124
 410              	.LVL16:
 411              	.L17:
  99:Src/detect_task.c ****     {
 412              		.loc 1 99 5 view .LVU125
 413              	.LBB6:
 101:Src/detect_task.c ****         system_time = xTaskGetTickCount();
 414              		.loc 1 101 9 view .LVU126
 102:Src/detect_task.c **** 
ARM GAS  /tmp/cciJxGSV.s 			page 15


 415              		.loc 1 102 9 view .LVU127
 102:Src/detect_task.c **** 
 416              		.loc 1 102 23 is_stmt 0 view .LVU128
 417 0182 FFF7FEFF 		bl	xTaskGetTickCount
 418              	.LVL17:
 102:Src/detect_task.c **** 
 419              		.loc 1 102 21 view .LVU129
 420 0186 094B     		ldr	r3, .L20
 421 0188 1860     		str	r0, [r3]
 104:Src/detect_task.c ****         error_list[ERROR_LIST_LENGHT].is_lost = 0;
 422              		.loc 1 104 9 is_stmt 1 view .LVU130
 104:Src/detect_task.c ****         error_list[ERROR_LIST_LENGHT].is_lost = 0;
 423              		.loc 1 104 27 is_stmt 0 view .LVU131
 424 018a 0A4B     		ldr	r3, .L20+8
 425 018c 0E22     		movs	r2, #14
 426 018e 1A70     		strb	r2, [r3]
 105:Src/detect_task.c ****         error_list[ERROR_LIST_LENGHT].error_exist = 0;
 427              		.loc 1 105 9 is_stmt 1 view .LVU132
 105:Src/detect_task.c ****         error_list[ERROR_LIST_LENGHT].error_exist = 0;
 428              		.loc 1 105 47 is_stmt 0 view .LVU133
 429 0190 074B     		ldr	r3, .L20+4
 430 0192 93F80B22 		ldrb	r2, [r3, #523]	@ zero_extendqisi2
 431 0196 6FF38612 		bfc	r2, #6, #1
 432 019a 83F80B22 		strb	r2, [r3, #523]
 106:Src/detect_task.c **** 
 433              		.loc 1 106 9 is_stmt 1 view .LVU134
 106:Src/detect_task.c **** 
 434              		.loc 1 106 51 is_stmt 0 view .LVU135
 435 019e D2B2     		uxtb	r2, r2
 436 01a0 6FF34512 		bfc	r2, #5, #1
 437 01a4 83F80B22 		strb	r2, [r3, #523]
 108:Src/detect_task.c ****         {
 438              		.loc 1 108 9 is_stmt 1 view .LVU136
 439              	.LBB5:
 108:Src/detect_task.c ****         {
 440              		.loc 1 108 14 view .LVU137
 441              	.LVL18:
 108:Src/detect_task.c ****         {
 442              		.loc 1 108 18 is_stmt 0 view .LVU138
 443 01a8 0024     		movs	r4, #0
 108:Src/detect_task.c ****         {
 444              		.loc 1 108 9 view .LVU139
 445 01aa 48E7     		b	.L8
 446              	.L21:
 447              		.align	2
 448              	.L20:
 449 01ac 00000000 		.word	.LANCHOR2
 450 01b0 00000000 		.word	.LANCHOR1
 451 01b4 00000000 		.word	.LANCHOR3
 452 01b8 00007A44 		.word	1148846080
 453 01bc 00000000 		.word	.LANCHOR4
 454              	.LBE5:
 455              	.LBE6:
 456              		.cfi_endproc
 457              	.LFE135:
 459              		.section	.text.toe_is_error,"ax",%progbits
 460              		.align	1
ARM GAS  /tmp/cciJxGSV.s 			page 16


 461              		.global	toe_is_error
 462              		.syntax unified
 463              		.thumb
 464              		.thumb_func
 466              	toe_is_error:
 467              	.LVL19:
 468              	.LFB136:
 193:Src/detect_task.c ****     return (error_list[toe].error_exist == 1);
 469              		.loc 1 193 1 is_stmt 1 view -0
 470              		.cfi_startproc
 471              		@ args = 0, pretend = 0, frame = 0
 472              		@ frame_needed = 0, uses_anonymous_args = 0
 473              		@ link register save eliminated.
 194:Src/detect_task.c **** }
 474              		.loc 1 194 5 view .LVU141
 194:Src/detect_task.c **** }
 475              		.loc 1 194 28 is_stmt 0 view .LVU142
 476 0000 00EBC000 		add	r0, r0, r0, lsl #3
 477              	.LVL20:
 194:Src/detect_task.c **** }
 478              		.loc 1 194 28 view .LVU143
 479 0004 034B     		ldr	r3, .L23
 480 0006 03EB8000 		add	r0, r3, r0, lsl #2
 481 000a C07C     		ldrb	r0, [r0, #19]	@ zero_extendqisi2
 195:Src/detect_task.c **** 
 482              		.loc 1 195 1 view .LVU144
 483 000c C0F34010 		ubfx	r0, r0, #5, #1
 484 0010 7047     		bx	lr
 485              	.L24:
 486 0012 00BF     		.align	2
 487              	.L23:
 488 0014 00000000 		.word	.LANCHOR1
 489              		.cfi_endproc
 490              	.LFE136:
 492              		.section	.text.detect_hook,"ax",%progbits
 493              		.align	1
 494              		.global	detect_hook
 495              		.syntax unified
 496              		.thumb
 497              		.thumb_func
 499              	detect_hook:
 500              	.LVL21:
 501              	.LFB137:
 208:Src/detect_task.c ****     error_list[toe].last_time = error_list[toe].new_time;
 502              		.loc 1 208 1 is_stmt 1 view -0
 503              		.cfi_startproc
 504              		@ args = 0, pretend = 0, frame = 0
 505              		@ frame_needed = 0, uses_anonymous_args = 0
 208:Src/detect_task.c ****     error_list[toe].last_time = error_list[toe].new_time;
 506              		.loc 1 208 1 is_stmt 0 view .LVU146
 507 0000 F8B5     		push	{r3, r4, r5, r6, r7, lr}
 508              	.LCFI4:
 509              		.cfi_def_cfa_offset 24
 510              		.cfi_offset 3, -24
 511              		.cfi_offset 4, -20
 512              		.cfi_offset 5, -16
 513              		.cfi_offset 6, -12
ARM GAS  /tmp/cciJxGSV.s 			page 17


 514              		.cfi_offset 7, -8
 515              		.cfi_offset 14, -4
 516 0002 0446     		mov	r4, r0
 209:Src/detect_task.c ****     error_list[toe].new_time = xTaskGetTickCount();
 517              		.loc 1 209 5 is_stmt 1 view .LVU147
 209:Src/detect_task.c ****     error_list[toe].new_time = xTaskGetTickCount();
 518              		.loc 1 209 48 is_stmt 0 view .LVU148
 519 0004 234E     		ldr	r6, .L31
 520 0006 00EBC005 		add	r5, r0, r0, lsl #3
 521 000a AF00     		lsls	r7, r5, #2
 522 000c 06EB8505 		add	r5, r6, r5, lsl #2
 523 0010 F359     		ldr	r3, [r6, r7]
 209:Src/detect_task.c ****     error_list[toe].new_time = xTaskGetTickCount();
 524              		.loc 1 209 31 view .LVU149
 525 0012 6B60     		str	r3, [r5, #4]
 210:Src/detect_task.c ****     
 526              		.loc 1 210 5 is_stmt 1 view .LVU150
 210:Src/detect_task.c ****     
 527              		.loc 1 210 32 is_stmt 0 view .LVU151
 528 0014 FFF7FEFF 		bl	xTaskGetTickCount
 529              	.LVL22:
 210:Src/detect_task.c ****     
 530              		.loc 1 210 30 view .LVU152
 531 0018 F051     		str	r0, [r6, r7]
 212:Src/detect_task.c ****     {
 532              		.loc 1 212 5 is_stmt 1 view .LVU153
 212:Src/detect_task.c ****     {
 533              		.loc 1 212 24 is_stmt 0 view .LVU154
 534 001a EB7C     		ldrb	r3, [r5, #19]	@ zero_extendqisi2
 212:Src/detect_task.c ****     {
 535              		.loc 1 212 8 view .LVU155
 536 001c 13F0400F 		tst	r3, #64
 537 0020 04D0     		beq	.L26
 214:Src/detect_task.c ****         error_list[toe].work_time = error_list[toe].new_time;
 538              		.loc 1 214 9 is_stmt 1 view .LVU156
 214:Src/detect_task.c ****         error_list[toe].work_time = error_list[toe].new_time;
 539              		.loc 1 214 33 is_stmt 0 view .LVU157
 540 0022 EA7C     		ldrb	r2, [r5, #19]	@ zero_extendqisi2
 541 0024 6FF38612 		bfc	r2, #6, #1
 542 0028 EA74     		strb	r2, [r5, #19]
 215:Src/detect_task.c ****     }
 543              		.loc 1 215 9 is_stmt 1 view .LVU158
 215:Src/detect_task.c ****     }
 544              		.loc 1 215 35 is_stmt 0 view .LVU159
 545 002a E860     		str	r0, [r5, #12]
 546              	.L26:
 218:Src/detect_task.c ****     {
 547              		.loc 1 218 5 is_stmt 1 view .LVU160
 218:Src/detect_task.c ****     {
 548              		.loc 1 218 24 is_stmt 0 view .LVU161
 549 002c 04EBC403 		add	r3, r4, r4, lsl #3
 550 0030 184A     		ldr	r2, .L31
 551 0032 02EB8303 		add	r3, r2, r3, lsl #2
 552 0036 9B69     		ldr	r3, [r3, #24]
 218:Src/detect_task.c ****     {
 553              		.loc 1 218 8 view .LVU162
 554 0038 13B3     		cbz	r3, .L27
ARM GAS  /tmp/cciJxGSV.s 			page 18


 220:Src/detect_task.c ****         {
 555              		.loc 1 220 9 is_stmt 1 view .LVU163
 220:Src/detect_task.c ****         {
 556              		.loc 1 220 13 is_stmt 0 view .LVU164
 557 003a 9847     		blx	r3
 558              	.LVL23:
 220:Src/detect_task.c ****         {
 559              		.loc 1 220 12 view .LVU165
 560 003c B0B1     		cbz	r0, .L28
 222:Src/detect_task.c ****             error_list[toe].data_is_error = 1;
 561              		.loc 1 222 13 is_stmt 1 view .LVU166
 222:Src/detect_task.c ****             error_list[toe].data_is_error = 1;
 562              		.loc 1 222 41 is_stmt 0 view .LVU167
 563 003e 154B     		ldr	r3, .L31
 564 0040 04EBC402 		add	r2, r4, r4, lsl #3
 565 0044 03EB8202 		add	r2, r3, r2, lsl #2
 566 0048 02F11001 		add	r1, r2, #16
 567 004c D27C     		ldrb	r2, [r2, #19]	@ zero_extendqisi2
 568 004e 42F02002 		orr	r2, r2, #32
 569 0052 CA70     		strb	r2, [r1, #3]
 223:Src/detect_task.c **** 
 570              		.loc 1 223 13 is_stmt 1 view .LVU168
 223:Src/detect_task.c **** 
 571              		.loc 1 223 43 is_stmt 0 view .LVU169
 572 0054 D2B2     		uxtb	r2, r2
 573 0056 42F08002 		orr	r2, r2, #128
 574 005a CA70     		strb	r2, [r1, #3]
 225:Src/detect_task.c ****             {
 575              		.loc 1 225 13 is_stmt 1 view .LVU170
 225:Src/detect_task.c ****             {
 576              		.loc 1 225 32 is_stmt 0 view .LVU171
 577 005c 04EBC404 		add	r4, r4, r4, lsl #3
 578 0060 03EB8403 		add	r3, r3, r4, lsl #2
 579 0064 1B6A     		ldr	r3, [r3, #32]
 225:Src/detect_task.c ****             {
 580              		.loc 1 225 16 view .LVU172
 581 0066 53B1     		cbz	r3, .L25
 227:Src/detect_task.c ****             }
 582              		.loc 1 227 17 is_stmt 1 view .LVU173
 583 0068 9847     		blx	r3
 584              	.LVL24:
 585 006a 08E0     		b	.L25
 586              	.L28:
 232:Src/detect_task.c ****         }
 587              		.loc 1 232 13 view .LVU174
 232:Src/detect_task.c ****         }
 588              		.loc 1 232 43 is_stmt 0 view .LVU175
 589 006c 04EBC404 		add	r4, r4, r4, lsl #3
 590 0070 084B     		ldr	r3, .L31
 591 0072 03EB8404 		add	r4, r3, r4, lsl #2
 592 0076 E37C     		ldrb	r3, [r4, #19]	@ zero_extendqisi2
 593 0078 6FF3C713 		bfc	r3, #7, #1
 594 007c E374     		strb	r3, [r4, #19]
 595              	.L25:
 239:Src/detect_task.c **** 
 596              		.loc 1 239 1 view .LVU176
 597 007e F8BD     		pop	{r3, r4, r5, r6, r7, pc}
ARM GAS  /tmp/cciJxGSV.s 			page 19


 598              	.L27:
 237:Src/detect_task.c ****     }
 599              		.loc 1 237 9 is_stmt 1 view .LVU177
 237:Src/detect_task.c ****     }
 600              		.loc 1 237 39 is_stmt 0 view .LVU178
 601 0080 04EBC404 		add	r4, r4, r4, lsl #3
 602 0084 0348     		ldr	r0, .L31
 603 0086 00EB8404 		add	r4, r0, r4, lsl #2
 604 008a E37C     		ldrb	r3, [r4, #19]	@ zero_extendqisi2
 605 008c 6FF3C713 		bfc	r3, #7, #1
 606 0090 E374     		strb	r3, [r4, #19]
 239:Src/detect_task.c **** 
 607              		.loc 1 239 1 view .LVU179
 608 0092 F4E7     		b	.L25
 609              	.L32:
 610              		.align	2
 611              	.L31:
 612 0094 00000000 		.word	.LANCHOR1
 613              		.cfi_endproc
 614              	.LFE137:
 616              		.section	.text.get_error_list_point,"ax",%progbits
 617              		.align	1
 618              		.global	get_error_list_point
 619              		.syntax unified
 620              		.thumb
 621              		.thumb_func
 623              	get_error_list_point:
 624              	.LFB138:
 252:Src/detect_task.c ****     return error_list;
 625              		.loc 1 252 1 is_stmt 1 view -0
 626              		.cfi_startproc
 627              		@ args = 0, pretend = 0, frame = 0
 628              		@ frame_needed = 0, uses_anonymous_args = 0
 629              		@ link register save eliminated.
 253:Src/detect_task.c **** }
 630              		.loc 1 253 5 view .LVU181
 254:Src/detect_task.c **** 
 631              		.loc 1 254 1 is_stmt 0 view .LVU182
 632 0000 0048     		ldr	r0, .L34
 633 0002 7047     		bx	lr
 634              	.L35:
 635              		.align	2
 636              	.L34:
 637 0004 00000000 		.word	.LANCHOR1
 638              		.cfi_endproc
 639              	.LFE138:
 641              		.global	detect_task_stack
 642              		.global	error_list
 643              		.section	.rodata
 644              		.align	2
 645              		.set	.LANCHOR0,. + 0
 646              	.LC0:
 647 0000 1E00     		.short	30
 648 0002 2800     		.short	40
 649 0004 0F00     		.short	15
 650 0006 0A00     		.short	10
 651 0008 0A00     		.short	10
ARM GAS  /tmp/cciJxGSV.s 			page 20


 652 000a 0B00     		.short	11
 653 000c 0A00     		.short	10
 654 000e 0A00     		.short	10
 655 0010 0A00     		.short	10
 656 0012 0A00     		.short	10
 657 0014 0A00     		.short	10
 658 0016 0900     		.short	9
 659 0018 0A00     		.short	10
 660 001a 0A00     		.short	10
 661 001c 0800     		.short	8
 662 001e 0200     		.short	2
 663 0020 0300     		.short	3
 664 0022 0E00     		.short	14
 665 0024 0200     		.short	2
 666 0026 0300     		.short	3
 667 0028 0D00     		.short	13
 668 002a 0A00     		.short	10
 669 002c 0A00     		.short	10
 670 002e 0C00     		.short	12
 671 0030 0200     		.short	2
 672 0032 0300     		.short	3
 673 0034 0700     		.short	7
 674 0036 0500     		.short	5
 675 0038 0500     		.short	5
 676 003a 0700     		.short	7
 677 003c 2800     		.short	40
 678 003e C800     		.short	200
 679 0040 0700     		.short	7
 680 0042 6400     		.short	100
 681 0044 6400     		.short	100
 682 0046 0500     		.short	5
 683 0048 0A00     		.short	10
 684 004a 0A00     		.short	10
 685 004c 0700     		.short	7
 686 004e 6400     		.short	100
 687 0050 6400     		.short	100
 688 0052 0100     		.short	1
 689              		.section	.bss.detect_task_stack,"aw",%nobits
 690              		.align	2
 691              		.set	.LANCHOR4,. + 0
 694              	detect_task_stack:
 695 0000 00000000 		.space	4
 696              		.section	.bss.error_list,"aw",%nobits
 697              		.align	2
 698              		.set	.LANCHOR1,. + 0
 701              	error_list:
 702 0000 00000000 		.space	540
 702      00000000 
 702      00000000 
 702      00000000 
 702      00000000 
 703              		.section	.bss.error_num_display.0,"aw",%nobits
 704              		.set	.LANCHOR3,. + 0
 707              	error_num_display.0:
 708 0000 00       		.space	1
 709              		.section	.bss.system_time.1,"aw",%nobits
 710              		.align	2
ARM GAS  /tmp/cciJxGSV.s 			page 21


 711              		.set	.LANCHOR2,. + 0
 714              	system_time.1:
 715 0000 00000000 		.space	4
 716              		.text
 717              	.Letext0:
 718              		.file 2 "/home/tianbot/gcc-arm-none-eabi-10.3-2021.10/arm-none-eabi/include/machine/_default_types
 719              		.file 3 "/home/tianbot/gcc-arm-none-eabi-10.3-2021.10/arm-none-eabi/include/sys/_stdint.h"
 720              		.file 4 "algorithm/struct_typedef.h"
 721              		.file 5 "Inc/detect_task.h"
 722              		.file 6 "Middlewares/Third_Party/FreeRTOS/Source/portable/GCC/ARM_CM4F/portmacro.h"
 723              		.file 7 "Middlewares/Third_Party/FreeRTOS/Source/include/task.h"
 724              		.file 8 "<built-in>"
ARM GAS  /tmp/cciJxGSV.s 			page 22


DEFINED SYMBOLS
                            *ABS*:0000000000000000 detect_task.c
     /tmp/cciJxGSV.s:20     .text.detect_init:0000000000000000 $t
     /tmp/cciJxGSV.s:25     .text.detect_init:0000000000000000 detect_init
     /tmp/cciJxGSV.s:161    .text.detect_init:0000000000000094 $d
     /tmp/cciJxGSV.s:167    .text.detect_task:0000000000000000 $t
     /tmp/cciJxGSV.s:173    .text.detect_task:0000000000000000 detect_task
     /tmp/cciJxGSV.s:449    .text.detect_task:00000000000001ac $d
     /tmp/cciJxGSV.s:460    .text.toe_is_error:0000000000000000 $t
     /tmp/cciJxGSV.s:466    .text.toe_is_error:0000000000000000 toe_is_error
     /tmp/cciJxGSV.s:488    .text.toe_is_error:0000000000000014 $d
     /tmp/cciJxGSV.s:493    .text.detect_hook:0000000000000000 $t
     /tmp/cciJxGSV.s:499    .text.detect_hook:0000000000000000 detect_hook
     /tmp/cciJxGSV.s:612    .text.detect_hook:0000000000000094 $d
     /tmp/cciJxGSV.s:617    .text.get_error_list_point:0000000000000000 $t
     /tmp/cciJxGSV.s:623    .text.get_error_list_point:0000000000000000 get_error_list_point
     /tmp/cciJxGSV.s:637    .text.get_error_list_point:0000000000000004 $d
     /tmp/cciJxGSV.s:694    .bss.detect_task_stack:0000000000000000 detect_task_stack
     /tmp/cciJxGSV.s:701    .bss.error_list:0000000000000000 error_list
     /tmp/cciJxGSV.s:644    .rodata:0000000000000000 $d
     /tmp/cciJxGSV.s:690    .bss.detect_task_stack:0000000000000000 $d
     /tmp/cciJxGSV.s:697    .bss.error_list:0000000000000000 $d
     /tmp/cciJxGSV.s:707    .bss.error_num_display.0:0000000000000000 error_num_display.0
     /tmp/cciJxGSV.s:708    .bss.error_num_display.0:0000000000000000 $d
     /tmp/cciJxGSV.s:710    .bss.system_time.1:0000000000000000 $d
     /tmp/cciJxGSV.s:714    .bss.system_time.1:0000000000000000 system_time.1

UNDEFINED SYMBOLS
memcpy
xTaskGetTickCount
vTaskDelay
uxTaskGetStackHighWaterMark
