ARM GAS  /tmp/ccw7aq0C.s 			page 1


   1              		.cpu cortex-m4
   2              		.arch armv7e-m
   3              		.fpu fpv4-sp-d16
   4              		.eabi_attribute 27, 1
   5              		.eabi_attribute 28, 1
   6              		.eabi_attribute 20, 1
   7              		.eabi_attribute 21, 1
   8              		.eabi_attribute 23, 3
   9              		.eabi_attribute 24, 1
  10              		.eabi_attribute 25, 1
  11              		.eabi_attribute 26, 1
  12              		.eabi_attribute 30, 1
  13              		.eabi_attribute 34, 1
  14              		.eabi_attribute 18, 4
  15              		.file	"main.c"
  16              		.text
  17              	.Ltext0:
  18              		.cfi_sections	.debug_frame
  19              		.section	.text.Error_Handler,"ax",%progbits
  20              		.align	1
  21              		.global	Error_Handler
  22              		.syntax unified
  23              		.thumb
  24              		.thumb_func
  26              	Error_Handler:
  27              	.LFB132:
  28              		.file 1 "Core/Src/main.c"
   1:Core/Src/main.c **** /* USER CODE BEGIN Header */
   2:Core/Src/main.c **** /**
   3:Core/Src/main.c ****   ******************************************************************************
   4:Core/Src/main.c ****   * @file           : main.c
   5:Core/Src/main.c ****   * @brief          : Main program body
   6:Core/Src/main.c ****   ******************************************************************************
   7:Core/Src/main.c ****   * @attention
   8:Core/Src/main.c ****   *
   9:Core/Src/main.c ****   * Copyright (c) 2024 STMicroelectronics.
  10:Core/Src/main.c ****   * All rights reserved.
  11:Core/Src/main.c ****   *
  12:Core/Src/main.c ****   * This software is licensed under terms that can be found in the LICENSE file
  13:Core/Src/main.c ****   * in the root directory of this software component.
  14:Core/Src/main.c ****   * If no LICENSE file comes with this software, it is provided AS-IS.
  15:Core/Src/main.c ****   *
  16:Core/Src/main.c ****   ******************************************************************************
  17:Core/Src/main.c ****   */
  18:Core/Src/main.c **** /* USER CODE END Header */
  19:Core/Src/main.c **** /* Includes ------------------------------------------------------------------*/
  20:Core/Src/main.c **** #include "main.h"
  21:Core/Src/main.c **** #include "tim.h"
  22:Core/Src/main.c **** #include "gpio.h"
  23:Core/Src/main.c **** 
  24:Core/Src/main.c **** /* Private includes ----------------------------------------------------------*/
  25:Core/Src/main.c **** /* USER CODE BEGIN Includes */
  26:Core/Src/main.c **** 
  27:Core/Src/main.c **** /* USER CODE END Includes */
  28:Core/Src/main.c **** 
  29:Core/Src/main.c **** /* Private typedef -----------------------------------------------------------*/
  30:Core/Src/main.c **** /* USER CODE BEGIN PTD */
ARM GAS  /tmp/ccw7aq0C.s 			page 2


  31:Core/Src/main.c **** 
  32:Core/Src/main.c **** /* USER CODE END PTD */
  33:Core/Src/main.c **** 
  34:Core/Src/main.c **** /* Private define ------------------------------------------------------------*/
  35:Core/Src/main.c **** /* USER CODE BEGIN PD */
  36:Core/Src/main.c **** /* USER CODE END PD */
  37:Core/Src/main.c **** 
  38:Core/Src/main.c **** /* Private macro -------------------------------------------------------------*/
  39:Core/Src/main.c **** /* USER CODE BEGIN PM */
  40:Core/Src/main.c **** 
  41:Core/Src/main.c **** /* USER CODE END PM */
  42:Core/Src/main.c **** 
  43:Core/Src/main.c **** /* Private variables ---------------------------------------------------------*/
  44:Core/Src/main.c **** 
  45:Core/Src/main.c **** /* USER CODE BEGIN PV */
  46:Core/Src/main.c **** 
  47:Core/Src/main.c **** /* USER CODE END PV */
  48:Core/Src/main.c **** 
  49:Core/Src/main.c **** /* Private function prototypes -----------------------------------------------*/
  50:Core/Src/main.c **** void SystemClock_Config(void);
  51:Core/Src/main.c **** /* USER CODE BEGIN PFP */
  52:Core/Src/main.c **** 
  53:Core/Src/main.c **** /* USER CODE END PFP */
  54:Core/Src/main.c **** 
  55:Core/Src/main.c **** /* Private user code ---------------------------------------------------------*/
  56:Core/Src/main.c **** /* USER CODE BEGIN 0 */
  57:Core/Src/main.c **** #define MAX_PSC                 1000
  58:Core/Src/main.c **** 
  59:Core/Src/main.c **** #define MAX_BUZZER_PWM      20000
  60:Core/Src/main.c **** #define MIN_BUZZER_PWM      10000
  61:Core/Src/main.c **** 
  62:Core/Src/main.c **** uint16_t psc = 0;
  63:Core/Src/main.c **** uint16_t pwm = MIN_BUZZER_PWM;
  64:Core/Src/main.c **** /* USER CODE END 0 */
  65:Core/Src/main.c **** 
  66:Core/Src/main.c **** /**
  67:Core/Src/main.c ****   * @brief  The application entry point.
  68:Core/Src/main.c ****   * @retval int
  69:Core/Src/main.c ****   */
  70:Core/Src/main.c **** int main(void)
  71:Core/Src/main.c **** {
  72:Core/Src/main.c ****   /* USER CODE BEGIN 1 */
  73:Core/Src/main.c **** 
  74:Core/Src/main.c ****   /* USER CODE END 1 */
  75:Core/Src/main.c **** 
  76:Core/Src/main.c ****   /* MCU Configuration--------------------------------------------------------*/
  77:Core/Src/main.c **** 
  78:Core/Src/main.c ****   /* Reset of all peripherals, Initializes the Flash interface and the Systick. */
  79:Core/Src/main.c ****   HAL_Init();
  80:Core/Src/main.c **** 
  81:Core/Src/main.c ****   /* USER CODE BEGIN Init */
  82:Core/Src/main.c **** 
  83:Core/Src/main.c ****   /* USER CODE END Init */
  84:Core/Src/main.c **** 
  85:Core/Src/main.c ****   /* Configure the system clock */
  86:Core/Src/main.c ****   SystemClock_Config();
  87:Core/Src/main.c **** 
ARM GAS  /tmp/ccw7aq0C.s 			page 3


  88:Core/Src/main.c ****   /* USER CODE BEGIN SysInit */
  89:Core/Src/main.c **** 
  90:Core/Src/main.c ****   /* USER CODE END SysInit */
  91:Core/Src/main.c **** 
  92:Core/Src/main.c ****   /* Initialize all configured peripherals */
  93:Core/Src/main.c ****   MX_GPIO_Init();
  94:Core/Src/main.c ****   MX_TIM4_Init();
  95:Core/Src/main.c ****   /* USER CODE BEGIN 2 */
  96:Core/Src/main.c ****   HAL_TIM_Base_Start(&htim4);
  97:Core/Src/main.c ****   HAL_TIM_PWM_Start(&htim4, TIM_CHANNEL_3);
  98:Core/Src/main.c ****   /* USER CODE END 2 */
  99:Core/Src/main.c **** 
 100:Core/Src/main.c ****   /* Infinite loop */
 101:Core/Src/main.c ****   /* USER CODE BEGIN WHILE */
 102:Core/Src/main.c ****   while (1)
 103:Core/Src/main.c ****   { 
 104:Core/Src/main.c ****     pwm++;
 105:Core/Src/main.c ****     psc++;
 106:Core/Src/main.c ****     if(pwm > MAX_BUZZER_PWM)
 107:Core/Src/main.c ****     {
 108:Core/Src/main.c ****       pwm = MIN_BUZZER_PWM;
 109:Core/Src/main.c ****     }
 110:Core/Src/main.c ****     if(psc > MAX_PSC)
 111:Core/Src/main.c ****     {
 112:Core/Src/main.c ****       psc = 0;
 113:Core/Src/main.c ****     }
 114:Core/Src/main.c ****     __HAL_TIM_PRESCALER(&htim4, psc);
 115:Core/Src/main.c ****     __HAL_TIM_SetCompare(&htim4, TIM_CHANNEL_3, pwm);
 116:Core/Src/main.c ****     HAL_Delay(250);
 117:Core/Src/main.c **** 
 118:Core/Src/main.c ****     /* USER CODE END WHILE */
 119:Core/Src/main.c **** 
 120:Core/Src/main.c ****     /* USER CODE BEGIN 3 */
 121:Core/Src/main.c ****   }
 122:Core/Src/main.c ****   /* USER CODE END 3 */
 123:Core/Src/main.c **** }
 124:Core/Src/main.c **** 
 125:Core/Src/main.c **** /**
 126:Core/Src/main.c ****   * @brief System Clock Configuration
 127:Core/Src/main.c ****   * @retval None
 128:Core/Src/main.c ****   */
 129:Core/Src/main.c **** void SystemClock_Config(void)
 130:Core/Src/main.c **** {
 131:Core/Src/main.c ****   RCC_OscInitTypeDef RCC_OscInitStruct = {0};
 132:Core/Src/main.c ****   RCC_ClkInitTypeDef RCC_ClkInitStruct = {0};
 133:Core/Src/main.c **** 
 134:Core/Src/main.c ****   /** Configure the main internal regulator output voltage
 135:Core/Src/main.c ****   */
 136:Core/Src/main.c ****   __HAL_RCC_PWR_CLK_ENABLE();
 137:Core/Src/main.c ****   __HAL_PWR_VOLTAGESCALING_CONFIG(PWR_REGULATOR_VOLTAGE_SCALE1);
 138:Core/Src/main.c **** 
 139:Core/Src/main.c ****   /** Initializes the RCC Oscillators according to the specified parameters
 140:Core/Src/main.c ****   * in the RCC_OscInitTypeDef structure.
 141:Core/Src/main.c ****   */
 142:Core/Src/main.c ****   RCC_OscInitStruct.OscillatorType = RCC_OSCILLATORTYPE_HSI;
 143:Core/Src/main.c ****   RCC_OscInitStruct.HSIState = RCC_HSI_ON;
 144:Core/Src/main.c ****   RCC_OscInitStruct.HSICalibrationValue = RCC_HSICALIBRATION_DEFAULT;
ARM GAS  /tmp/ccw7aq0C.s 			page 4


 145:Core/Src/main.c ****   RCC_OscInitStruct.PLL.PLLState = RCC_PLL_ON;
 146:Core/Src/main.c ****   RCC_OscInitStruct.PLL.PLLSource = RCC_PLLSOURCE_HSI;
 147:Core/Src/main.c ****   RCC_OscInitStruct.PLL.PLLM = 8;
 148:Core/Src/main.c ****   RCC_OscInitStruct.PLL.PLLN = 168;
 149:Core/Src/main.c ****   RCC_OscInitStruct.PLL.PLLP = RCC_PLLP_DIV2;
 150:Core/Src/main.c ****   RCC_OscInitStruct.PLL.PLLQ = 4;
 151:Core/Src/main.c ****   if (HAL_RCC_OscConfig(&RCC_OscInitStruct) != HAL_OK)
 152:Core/Src/main.c ****   {
 153:Core/Src/main.c ****     Error_Handler();
 154:Core/Src/main.c ****   }
 155:Core/Src/main.c **** 
 156:Core/Src/main.c ****   /** Initializes the CPU, AHB and APB buses clocks
 157:Core/Src/main.c ****   */
 158:Core/Src/main.c ****   RCC_ClkInitStruct.ClockType = RCC_CLOCKTYPE_HCLK|RCC_CLOCKTYPE_SYSCLK
 159:Core/Src/main.c ****                               |RCC_CLOCKTYPE_PCLK1|RCC_CLOCKTYPE_PCLK2;
 160:Core/Src/main.c ****   RCC_ClkInitStruct.SYSCLKSource = RCC_SYSCLKSOURCE_PLLCLK;
 161:Core/Src/main.c ****   RCC_ClkInitStruct.AHBCLKDivider = RCC_SYSCLK_DIV1;
 162:Core/Src/main.c ****   RCC_ClkInitStruct.APB1CLKDivider = RCC_HCLK_DIV4;
 163:Core/Src/main.c ****   RCC_ClkInitStruct.APB2CLKDivider = RCC_HCLK_DIV2;
 164:Core/Src/main.c **** 
 165:Core/Src/main.c ****   if (HAL_RCC_ClockConfig(&RCC_ClkInitStruct, FLASH_LATENCY_5) != HAL_OK)
 166:Core/Src/main.c ****   {
 167:Core/Src/main.c ****     Error_Handler();
 168:Core/Src/main.c ****   }
 169:Core/Src/main.c **** }
 170:Core/Src/main.c **** 
 171:Core/Src/main.c **** /* USER CODE BEGIN 4 */
 172:Core/Src/main.c **** 
 173:Core/Src/main.c **** /* USER CODE END 4 */
 174:Core/Src/main.c **** 
 175:Core/Src/main.c **** /**
 176:Core/Src/main.c ****   * @brief  This function is executed in case of error occurrence.
 177:Core/Src/main.c ****   * @retval None
 178:Core/Src/main.c ****   */
 179:Core/Src/main.c **** void Error_Handler(void)
 180:Core/Src/main.c **** {
  29              		.loc 1 180 1 view -0
  30              		.cfi_startproc
  31              		@ Volatile: function does not return.
  32              		@ args = 0, pretend = 0, frame = 0
  33              		@ frame_needed = 0, uses_anonymous_args = 0
  34              		@ link register save eliminated.
 181:Core/Src/main.c ****   /* USER CODE BEGIN Error_Handler_Debug */
 182:Core/Src/main.c ****   /* User can add his own implementation to report the HAL error return state */
 183:Core/Src/main.c ****   __disable_irq();
  35              		.loc 1 183 3 view .LVU1
  36              	.LBB4:
  37              	.LBI4:
  38              		.file 2 "Drivers/CMSIS/Include/cmsis_gcc.h"
   1:Drivers/CMSIS/Include/cmsis_gcc.h **** /**************************************************************************//**
   2:Drivers/CMSIS/Include/cmsis_gcc.h ****  * @file     cmsis_gcc.h
   3:Drivers/CMSIS/Include/cmsis_gcc.h ****  * @brief    CMSIS compiler GCC header file
   4:Drivers/CMSIS/Include/cmsis_gcc.h ****  * @version  V5.0.4
   5:Drivers/CMSIS/Include/cmsis_gcc.h ****  * @date     09. April 2018
   6:Drivers/CMSIS/Include/cmsis_gcc.h ****  ******************************************************************************/
   7:Drivers/CMSIS/Include/cmsis_gcc.h **** /*
   8:Drivers/CMSIS/Include/cmsis_gcc.h ****  * Copyright (c) 2009-2018 Arm Limited. All rights reserved.
ARM GAS  /tmp/ccw7aq0C.s 			page 5


   9:Drivers/CMSIS/Include/cmsis_gcc.h ****  *
  10:Drivers/CMSIS/Include/cmsis_gcc.h ****  * SPDX-License-Identifier: Apache-2.0
  11:Drivers/CMSIS/Include/cmsis_gcc.h ****  *
  12:Drivers/CMSIS/Include/cmsis_gcc.h ****  * Licensed under the Apache License, Version 2.0 (the License); you may
  13:Drivers/CMSIS/Include/cmsis_gcc.h ****  * not use this file except in compliance with the License.
  14:Drivers/CMSIS/Include/cmsis_gcc.h ****  * You may obtain a copy of the License at
  15:Drivers/CMSIS/Include/cmsis_gcc.h ****  *
  16:Drivers/CMSIS/Include/cmsis_gcc.h ****  * www.apache.org/licenses/LICENSE-2.0
  17:Drivers/CMSIS/Include/cmsis_gcc.h ****  *
  18:Drivers/CMSIS/Include/cmsis_gcc.h ****  * Unless required by applicable law or agreed to in writing, software
  19:Drivers/CMSIS/Include/cmsis_gcc.h ****  * distributed under the License is distributed on an AS IS BASIS, WITHOUT
  20:Drivers/CMSIS/Include/cmsis_gcc.h ****  * WARRANTIES OR CONDITIONS OF ANY KIND, either express or implied.
  21:Drivers/CMSIS/Include/cmsis_gcc.h ****  * See the License for the specific language governing permissions and
  22:Drivers/CMSIS/Include/cmsis_gcc.h ****  * limitations under the License.
  23:Drivers/CMSIS/Include/cmsis_gcc.h ****  */
  24:Drivers/CMSIS/Include/cmsis_gcc.h **** 
  25:Drivers/CMSIS/Include/cmsis_gcc.h **** #ifndef __CMSIS_GCC_H
  26:Drivers/CMSIS/Include/cmsis_gcc.h **** #define __CMSIS_GCC_H
  27:Drivers/CMSIS/Include/cmsis_gcc.h **** 
  28:Drivers/CMSIS/Include/cmsis_gcc.h **** /* ignore some GCC warnings */
  29:Drivers/CMSIS/Include/cmsis_gcc.h **** #pragma GCC diagnostic push
  30:Drivers/CMSIS/Include/cmsis_gcc.h **** #pragma GCC diagnostic ignored "-Wsign-conversion"
  31:Drivers/CMSIS/Include/cmsis_gcc.h **** #pragma GCC diagnostic ignored "-Wconversion"
  32:Drivers/CMSIS/Include/cmsis_gcc.h **** #pragma GCC diagnostic ignored "-Wunused-parameter"
  33:Drivers/CMSIS/Include/cmsis_gcc.h **** 
  34:Drivers/CMSIS/Include/cmsis_gcc.h **** /* Fallback for __has_builtin */
  35:Drivers/CMSIS/Include/cmsis_gcc.h **** #ifndef __has_builtin
  36:Drivers/CMSIS/Include/cmsis_gcc.h ****   #define __has_builtin(x) (0)
  37:Drivers/CMSIS/Include/cmsis_gcc.h **** #endif
  38:Drivers/CMSIS/Include/cmsis_gcc.h **** 
  39:Drivers/CMSIS/Include/cmsis_gcc.h **** /* CMSIS compiler specific defines */
  40:Drivers/CMSIS/Include/cmsis_gcc.h **** #ifndef   __ASM
  41:Drivers/CMSIS/Include/cmsis_gcc.h ****   #define __ASM                                  __asm
  42:Drivers/CMSIS/Include/cmsis_gcc.h **** #endif
  43:Drivers/CMSIS/Include/cmsis_gcc.h **** #ifndef   __INLINE
  44:Drivers/CMSIS/Include/cmsis_gcc.h ****   #define __INLINE                               inline
  45:Drivers/CMSIS/Include/cmsis_gcc.h **** #endif
  46:Drivers/CMSIS/Include/cmsis_gcc.h **** #ifndef   __STATIC_INLINE
  47:Drivers/CMSIS/Include/cmsis_gcc.h ****   #define __STATIC_INLINE                        static inline
  48:Drivers/CMSIS/Include/cmsis_gcc.h **** #endif
  49:Drivers/CMSIS/Include/cmsis_gcc.h **** #ifndef   __STATIC_FORCEINLINE                 
  50:Drivers/CMSIS/Include/cmsis_gcc.h ****   #define __STATIC_FORCEINLINE                   __attribute__((always_inline)) static inline
  51:Drivers/CMSIS/Include/cmsis_gcc.h **** #endif                                           
  52:Drivers/CMSIS/Include/cmsis_gcc.h **** #ifndef   __NO_RETURN
  53:Drivers/CMSIS/Include/cmsis_gcc.h ****   #define __NO_RETURN                            __attribute__((__noreturn__))
  54:Drivers/CMSIS/Include/cmsis_gcc.h **** #endif
  55:Drivers/CMSIS/Include/cmsis_gcc.h **** #ifndef   __USED
  56:Drivers/CMSIS/Include/cmsis_gcc.h ****   #define __USED                                 __attribute__((used))
  57:Drivers/CMSIS/Include/cmsis_gcc.h **** #endif
  58:Drivers/CMSIS/Include/cmsis_gcc.h **** #ifndef   __WEAK
  59:Drivers/CMSIS/Include/cmsis_gcc.h ****   #define __WEAK                                 __attribute__((weak))
  60:Drivers/CMSIS/Include/cmsis_gcc.h **** #endif
  61:Drivers/CMSIS/Include/cmsis_gcc.h **** #ifndef   __PACKED
  62:Drivers/CMSIS/Include/cmsis_gcc.h ****   #define __PACKED                               __attribute__((packed, aligned(1)))
  63:Drivers/CMSIS/Include/cmsis_gcc.h **** #endif
  64:Drivers/CMSIS/Include/cmsis_gcc.h **** #ifndef   __PACKED_STRUCT
  65:Drivers/CMSIS/Include/cmsis_gcc.h ****   #define __PACKED_STRUCT                        struct __attribute__((packed, aligned(1)))
ARM GAS  /tmp/ccw7aq0C.s 			page 6


  66:Drivers/CMSIS/Include/cmsis_gcc.h **** #endif
  67:Drivers/CMSIS/Include/cmsis_gcc.h **** #ifndef   __PACKED_UNION
  68:Drivers/CMSIS/Include/cmsis_gcc.h ****   #define __PACKED_UNION                         union __attribute__((packed, aligned(1)))
  69:Drivers/CMSIS/Include/cmsis_gcc.h **** #endif
  70:Drivers/CMSIS/Include/cmsis_gcc.h **** #ifndef   __UNALIGNED_UINT32        /* deprecated */
  71:Drivers/CMSIS/Include/cmsis_gcc.h ****   #pragma GCC diagnostic push
  72:Drivers/CMSIS/Include/cmsis_gcc.h ****   #pragma GCC diagnostic ignored "-Wpacked"
  73:Drivers/CMSIS/Include/cmsis_gcc.h ****   #pragma GCC diagnostic ignored "-Wattributes"
  74:Drivers/CMSIS/Include/cmsis_gcc.h ****   struct __attribute__((packed)) T_UINT32 { uint32_t v; };
  75:Drivers/CMSIS/Include/cmsis_gcc.h ****   #pragma GCC diagnostic pop
  76:Drivers/CMSIS/Include/cmsis_gcc.h ****   #define __UNALIGNED_UINT32(x)                  (((struct T_UINT32 *)(x))->v)
  77:Drivers/CMSIS/Include/cmsis_gcc.h **** #endif
  78:Drivers/CMSIS/Include/cmsis_gcc.h **** #ifndef   __UNALIGNED_UINT16_WRITE
  79:Drivers/CMSIS/Include/cmsis_gcc.h ****   #pragma GCC diagnostic push
  80:Drivers/CMSIS/Include/cmsis_gcc.h ****   #pragma GCC diagnostic ignored "-Wpacked"
  81:Drivers/CMSIS/Include/cmsis_gcc.h ****   #pragma GCC diagnostic ignored "-Wattributes"
  82:Drivers/CMSIS/Include/cmsis_gcc.h ****   __PACKED_STRUCT T_UINT16_WRITE { uint16_t v; };
  83:Drivers/CMSIS/Include/cmsis_gcc.h ****   #pragma GCC diagnostic pop
  84:Drivers/CMSIS/Include/cmsis_gcc.h ****   #define __UNALIGNED_UINT16_WRITE(addr, val)    (void)((((struct T_UINT16_WRITE *)(void *)(addr))-
  85:Drivers/CMSIS/Include/cmsis_gcc.h **** #endif
  86:Drivers/CMSIS/Include/cmsis_gcc.h **** #ifndef   __UNALIGNED_UINT16_READ
  87:Drivers/CMSIS/Include/cmsis_gcc.h ****   #pragma GCC diagnostic push
  88:Drivers/CMSIS/Include/cmsis_gcc.h ****   #pragma GCC diagnostic ignored "-Wpacked"
  89:Drivers/CMSIS/Include/cmsis_gcc.h ****   #pragma GCC diagnostic ignored "-Wattributes"
  90:Drivers/CMSIS/Include/cmsis_gcc.h ****   __PACKED_STRUCT T_UINT16_READ { uint16_t v; };
  91:Drivers/CMSIS/Include/cmsis_gcc.h ****   #pragma GCC diagnostic pop
  92:Drivers/CMSIS/Include/cmsis_gcc.h ****   #define __UNALIGNED_UINT16_READ(addr)          (((const struct T_UINT16_READ *)(const void *)(add
  93:Drivers/CMSIS/Include/cmsis_gcc.h **** #endif
  94:Drivers/CMSIS/Include/cmsis_gcc.h **** #ifndef   __UNALIGNED_UINT32_WRITE
  95:Drivers/CMSIS/Include/cmsis_gcc.h ****   #pragma GCC diagnostic push
  96:Drivers/CMSIS/Include/cmsis_gcc.h ****   #pragma GCC diagnostic ignored "-Wpacked"
  97:Drivers/CMSIS/Include/cmsis_gcc.h ****   #pragma GCC diagnostic ignored "-Wattributes"
  98:Drivers/CMSIS/Include/cmsis_gcc.h ****   __PACKED_STRUCT T_UINT32_WRITE { uint32_t v; };
  99:Drivers/CMSIS/Include/cmsis_gcc.h ****   #pragma GCC diagnostic pop
 100:Drivers/CMSIS/Include/cmsis_gcc.h ****   #define __UNALIGNED_UINT32_WRITE(addr, val)    (void)((((struct T_UINT32_WRITE *)(void *)(addr))-
 101:Drivers/CMSIS/Include/cmsis_gcc.h **** #endif
 102:Drivers/CMSIS/Include/cmsis_gcc.h **** #ifndef   __UNALIGNED_UINT32_READ
 103:Drivers/CMSIS/Include/cmsis_gcc.h ****   #pragma GCC diagnostic push
 104:Drivers/CMSIS/Include/cmsis_gcc.h ****   #pragma GCC diagnostic ignored "-Wpacked"
 105:Drivers/CMSIS/Include/cmsis_gcc.h ****   #pragma GCC diagnostic ignored "-Wattributes"
 106:Drivers/CMSIS/Include/cmsis_gcc.h ****   __PACKED_STRUCT T_UINT32_READ { uint32_t v; };
 107:Drivers/CMSIS/Include/cmsis_gcc.h ****   #pragma GCC diagnostic pop
 108:Drivers/CMSIS/Include/cmsis_gcc.h ****   #define __UNALIGNED_UINT32_READ(addr)          (((const struct T_UINT32_READ *)(const void *)(add
 109:Drivers/CMSIS/Include/cmsis_gcc.h **** #endif
 110:Drivers/CMSIS/Include/cmsis_gcc.h **** #ifndef   __ALIGNED
 111:Drivers/CMSIS/Include/cmsis_gcc.h ****   #define __ALIGNED(x)                           __attribute__((aligned(x)))
 112:Drivers/CMSIS/Include/cmsis_gcc.h **** #endif
 113:Drivers/CMSIS/Include/cmsis_gcc.h **** #ifndef   __RESTRICT
 114:Drivers/CMSIS/Include/cmsis_gcc.h ****   #define __RESTRICT                             __restrict
 115:Drivers/CMSIS/Include/cmsis_gcc.h **** #endif
 116:Drivers/CMSIS/Include/cmsis_gcc.h **** 
 117:Drivers/CMSIS/Include/cmsis_gcc.h **** 
 118:Drivers/CMSIS/Include/cmsis_gcc.h **** /* ###########################  Core Function Access  ########################### */
 119:Drivers/CMSIS/Include/cmsis_gcc.h **** /** \ingroup  CMSIS_Core_FunctionInterface
 120:Drivers/CMSIS/Include/cmsis_gcc.h ****     \defgroup CMSIS_Core_RegAccFunctions CMSIS Core Register Access Functions
 121:Drivers/CMSIS/Include/cmsis_gcc.h ****   @{
 122:Drivers/CMSIS/Include/cmsis_gcc.h ****  */
ARM GAS  /tmp/ccw7aq0C.s 			page 7


 123:Drivers/CMSIS/Include/cmsis_gcc.h **** 
 124:Drivers/CMSIS/Include/cmsis_gcc.h **** /**
 125:Drivers/CMSIS/Include/cmsis_gcc.h ****   \brief   Enable IRQ Interrupts
 126:Drivers/CMSIS/Include/cmsis_gcc.h ****   \details Enables IRQ interrupts by clearing the I-bit in the CPSR.
 127:Drivers/CMSIS/Include/cmsis_gcc.h ****            Can only be executed in Privileged modes.
 128:Drivers/CMSIS/Include/cmsis_gcc.h ****  */
 129:Drivers/CMSIS/Include/cmsis_gcc.h **** __STATIC_FORCEINLINE void __enable_irq(void)
 130:Drivers/CMSIS/Include/cmsis_gcc.h **** {
 131:Drivers/CMSIS/Include/cmsis_gcc.h ****   __ASM volatile ("cpsie i" : : : "memory");
 132:Drivers/CMSIS/Include/cmsis_gcc.h **** }
 133:Drivers/CMSIS/Include/cmsis_gcc.h **** 
 134:Drivers/CMSIS/Include/cmsis_gcc.h **** 
 135:Drivers/CMSIS/Include/cmsis_gcc.h **** /**
 136:Drivers/CMSIS/Include/cmsis_gcc.h ****   \brief   Disable IRQ Interrupts
 137:Drivers/CMSIS/Include/cmsis_gcc.h ****   \details Disables IRQ interrupts by setting the I-bit in the CPSR.
 138:Drivers/CMSIS/Include/cmsis_gcc.h ****            Can only be executed in Privileged modes.
 139:Drivers/CMSIS/Include/cmsis_gcc.h ****  */
 140:Drivers/CMSIS/Include/cmsis_gcc.h **** __STATIC_FORCEINLINE void __disable_irq(void)
  39              		.loc 2 140 27 view .LVU2
  40              	.LBB5:
 141:Drivers/CMSIS/Include/cmsis_gcc.h **** {
 142:Drivers/CMSIS/Include/cmsis_gcc.h ****   __ASM volatile ("cpsid i" : : : "memory");
  41              		.loc 2 142 3 view .LVU3
  42              		.syntax unified
  43              	@ 142 "Drivers/CMSIS/Include/cmsis_gcc.h" 1
  44 0000 72B6     		cpsid i
  45              	@ 0 "" 2
  46              		.thumb
  47              		.syntax unified
  48              	.L2:
  49              	.LBE5:
  50              	.LBE4:
 184:Core/Src/main.c ****   while (1)
  51              		.loc 1 184 3 discriminator 1 view .LVU4
 185:Core/Src/main.c ****   {
 186:Core/Src/main.c ****   }
  52              		.loc 1 186 3 discriminator 1 view .LVU5
 184:Core/Src/main.c ****   while (1)
  53              		.loc 1 184 9 discriminator 1 view .LVU6
  54 0002 FEE7     		b	.L2
  55              		.cfi_endproc
  56              	.LFE132:
  58              		.section	.text.SystemClock_Config,"ax",%progbits
  59              		.align	1
  60              		.global	SystemClock_Config
  61              		.syntax unified
  62              		.thumb
  63              		.thumb_func
  65              	SystemClock_Config:
  66              	.LFB131:
 130:Core/Src/main.c ****   RCC_OscInitTypeDef RCC_OscInitStruct = {0};
  67              		.loc 1 130 1 view -0
  68              		.cfi_startproc
  69              		@ args = 0, pretend = 0, frame = 80
  70              		@ frame_needed = 0, uses_anonymous_args = 0
  71 0000 00B5     		push	{lr}
  72              	.LCFI0:
ARM GAS  /tmp/ccw7aq0C.s 			page 8


  73              		.cfi_def_cfa_offset 4
  74              		.cfi_offset 14, -4
  75 0002 95B0     		sub	sp, sp, #84
  76              	.LCFI1:
  77              		.cfi_def_cfa_offset 88
 131:Core/Src/main.c ****   RCC_ClkInitTypeDef RCC_ClkInitStruct = {0};
  78              		.loc 1 131 3 view .LVU8
 131:Core/Src/main.c ****   RCC_ClkInitTypeDef RCC_ClkInitStruct = {0};
  79              		.loc 1 131 22 is_stmt 0 view .LVU9
  80 0004 3022     		movs	r2, #48
  81 0006 0021     		movs	r1, #0
  82 0008 08A8     		add	r0, sp, #32
  83 000a FFF7FEFF 		bl	memset
  84              	.LVL0:
 132:Core/Src/main.c **** 
  85              		.loc 1 132 3 is_stmt 1 view .LVU10
 132:Core/Src/main.c **** 
  86              		.loc 1 132 22 is_stmt 0 view .LVU11
  87 000e 0023     		movs	r3, #0
  88 0010 0393     		str	r3, [sp, #12]
  89 0012 0493     		str	r3, [sp, #16]
  90 0014 0593     		str	r3, [sp, #20]
  91 0016 0693     		str	r3, [sp, #24]
  92 0018 0793     		str	r3, [sp, #28]
 136:Core/Src/main.c ****   __HAL_PWR_VOLTAGESCALING_CONFIG(PWR_REGULATOR_VOLTAGE_SCALE1);
  93              		.loc 1 136 3 is_stmt 1 view .LVU12
  94              	.LBB6:
 136:Core/Src/main.c ****   __HAL_PWR_VOLTAGESCALING_CONFIG(PWR_REGULATOR_VOLTAGE_SCALE1);
  95              		.loc 1 136 3 view .LVU13
  96 001a 0193     		str	r3, [sp, #4]
 136:Core/Src/main.c ****   __HAL_PWR_VOLTAGESCALING_CONFIG(PWR_REGULATOR_VOLTAGE_SCALE1);
  97              		.loc 1 136 3 view .LVU14
  98 001c 1F4A     		ldr	r2, .L9
  99 001e 116C     		ldr	r1, [r2, #64]
 100 0020 41F08051 		orr	r1, r1, #268435456
 101 0024 1164     		str	r1, [r2, #64]
 136:Core/Src/main.c ****   __HAL_PWR_VOLTAGESCALING_CONFIG(PWR_REGULATOR_VOLTAGE_SCALE1);
 102              		.loc 1 136 3 view .LVU15
 103 0026 126C     		ldr	r2, [r2, #64]
 104 0028 02F08052 		and	r2, r2, #268435456
 105 002c 0192     		str	r2, [sp, #4]
 136:Core/Src/main.c ****   __HAL_PWR_VOLTAGESCALING_CONFIG(PWR_REGULATOR_VOLTAGE_SCALE1);
 106              		.loc 1 136 3 view .LVU16
 107 002e 019A     		ldr	r2, [sp, #4]
 108              	.LBE6:
 136:Core/Src/main.c ****   __HAL_PWR_VOLTAGESCALING_CONFIG(PWR_REGULATOR_VOLTAGE_SCALE1);
 109              		.loc 1 136 3 view .LVU17
 137:Core/Src/main.c **** 
 110              		.loc 1 137 3 view .LVU18
 111              	.LBB7:
 137:Core/Src/main.c **** 
 112              		.loc 1 137 3 view .LVU19
 113 0030 0293     		str	r3, [sp, #8]
 137:Core/Src/main.c **** 
 114              		.loc 1 137 3 view .LVU20
 115 0032 1B4A     		ldr	r2, .L9+4
 116 0034 1168     		ldr	r1, [r2]
ARM GAS  /tmp/ccw7aq0C.s 			page 9


 117 0036 41F48041 		orr	r1, r1, #16384
 118 003a 1160     		str	r1, [r2]
 137:Core/Src/main.c **** 
 119              		.loc 1 137 3 view .LVU21
 120 003c 1268     		ldr	r2, [r2]
 121 003e 02F48042 		and	r2, r2, #16384
 122 0042 0292     		str	r2, [sp, #8]
 137:Core/Src/main.c **** 
 123              		.loc 1 137 3 view .LVU22
 124 0044 029A     		ldr	r2, [sp, #8]
 125              	.LBE7:
 137:Core/Src/main.c **** 
 126              		.loc 1 137 3 view .LVU23
 142:Core/Src/main.c ****   RCC_OscInitStruct.HSIState = RCC_HSI_ON;
 127              		.loc 1 142 3 view .LVU24
 142:Core/Src/main.c ****   RCC_OscInitStruct.HSIState = RCC_HSI_ON;
 128              		.loc 1 142 36 is_stmt 0 view .LVU25
 129 0046 0222     		movs	r2, #2
 130 0048 0892     		str	r2, [sp, #32]
 143:Core/Src/main.c ****   RCC_OscInitStruct.HSICalibrationValue = RCC_HSICALIBRATION_DEFAULT;
 131              		.loc 1 143 3 is_stmt 1 view .LVU26
 143:Core/Src/main.c ****   RCC_OscInitStruct.HSICalibrationValue = RCC_HSICALIBRATION_DEFAULT;
 132              		.loc 1 143 30 is_stmt 0 view .LVU27
 133 004a 0121     		movs	r1, #1
 134 004c 0B91     		str	r1, [sp, #44]
 144:Core/Src/main.c ****   RCC_OscInitStruct.PLL.PLLState = RCC_PLL_ON;
 135              		.loc 1 144 3 is_stmt 1 view .LVU28
 144:Core/Src/main.c ****   RCC_OscInitStruct.PLL.PLLState = RCC_PLL_ON;
 136              		.loc 1 144 41 is_stmt 0 view .LVU29
 137 004e 1021     		movs	r1, #16
 138 0050 0C91     		str	r1, [sp, #48]
 145:Core/Src/main.c ****   RCC_OscInitStruct.PLL.PLLSource = RCC_PLLSOURCE_HSI;
 139              		.loc 1 145 3 is_stmt 1 view .LVU30
 145:Core/Src/main.c ****   RCC_OscInitStruct.PLL.PLLSource = RCC_PLLSOURCE_HSI;
 140              		.loc 1 145 34 is_stmt 0 view .LVU31
 141 0052 0E92     		str	r2, [sp, #56]
 146:Core/Src/main.c ****   RCC_OscInitStruct.PLL.PLLM = 8;
 142              		.loc 1 146 3 is_stmt 1 view .LVU32
 146:Core/Src/main.c ****   RCC_OscInitStruct.PLL.PLLM = 8;
 143              		.loc 1 146 35 is_stmt 0 view .LVU33
 144 0054 0F93     		str	r3, [sp, #60]
 147:Core/Src/main.c ****   RCC_OscInitStruct.PLL.PLLN = 168;
 145              		.loc 1 147 3 is_stmt 1 view .LVU34
 147:Core/Src/main.c ****   RCC_OscInitStruct.PLL.PLLN = 168;
 146              		.loc 1 147 30 is_stmt 0 view .LVU35
 147 0056 0823     		movs	r3, #8
 148 0058 1093     		str	r3, [sp, #64]
 148:Core/Src/main.c ****   RCC_OscInitStruct.PLL.PLLP = RCC_PLLP_DIV2;
 149              		.loc 1 148 3 is_stmt 1 view .LVU36
 148:Core/Src/main.c ****   RCC_OscInitStruct.PLL.PLLP = RCC_PLLP_DIV2;
 150              		.loc 1 148 30 is_stmt 0 view .LVU37
 151 005a A823     		movs	r3, #168
 152 005c 1193     		str	r3, [sp, #68]
 149:Core/Src/main.c ****   RCC_OscInitStruct.PLL.PLLQ = 4;
 153              		.loc 1 149 3 is_stmt 1 view .LVU38
 149:Core/Src/main.c ****   RCC_OscInitStruct.PLL.PLLQ = 4;
 154              		.loc 1 149 30 is_stmt 0 view .LVU39
ARM GAS  /tmp/ccw7aq0C.s 			page 10


 155 005e 1292     		str	r2, [sp, #72]
 150:Core/Src/main.c ****   if (HAL_RCC_OscConfig(&RCC_OscInitStruct) != HAL_OK)
 156              		.loc 1 150 3 is_stmt 1 view .LVU40
 150:Core/Src/main.c ****   if (HAL_RCC_OscConfig(&RCC_OscInitStruct) != HAL_OK)
 157              		.loc 1 150 30 is_stmt 0 view .LVU41
 158 0060 0423     		movs	r3, #4
 159 0062 1393     		str	r3, [sp, #76]
 151:Core/Src/main.c ****   {
 160              		.loc 1 151 3 is_stmt 1 view .LVU42
 151:Core/Src/main.c ****   {
 161              		.loc 1 151 7 is_stmt 0 view .LVU43
 162 0064 08A8     		add	r0, sp, #32
 163 0066 FFF7FEFF 		bl	HAL_RCC_OscConfig
 164              	.LVL1:
 151:Core/Src/main.c ****   {
 165              		.loc 1 151 6 view .LVU44
 166 006a 98B9     		cbnz	r0, .L7
 158:Core/Src/main.c ****                               |RCC_CLOCKTYPE_PCLK1|RCC_CLOCKTYPE_PCLK2;
 167              		.loc 1 158 3 is_stmt 1 view .LVU45
 158:Core/Src/main.c ****                               |RCC_CLOCKTYPE_PCLK1|RCC_CLOCKTYPE_PCLK2;
 168              		.loc 1 158 31 is_stmt 0 view .LVU46
 169 006c 0F23     		movs	r3, #15
 170 006e 0393     		str	r3, [sp, #12]
 160:Core/Src/main.c ****   RCC_ClkInitStruct.AHBCLKDivider = RCC_SYSCLK_DIV1;
 171              		.loc 1 160 3 is_stmt 1 view .LVU47
 160:Core/Src/main.c ****   RCC_ClkInitStruct.AHBCLKDivider = RCC_SYSCLK_DIV1;
 172              		.loc 1 160 34 is_stmt 0 view .LVU48
 173 0070 0223     		movs	r3, #2
 174 0072 0493     		str	r3, [sp, #16]
 161:Core/Src/main.c ****   RCC_ClkInitStruct.APB1CLKDivider = RCC_HCLK_DIV4;
 175              		.loc 1 161 3 is_stmt 1 view .LVU49
 161:Core/Src/main.c ****   RCC_ClkInitStruct.APB1CLKDivider = RCC_HCLK_DIV4;
 176              		.loc 1 161 35 is_stmt 0 view .LVU50
 177 0074 0023     		movs	r3, #0
 178 0076 0593     		str	r3, [sp, #20]
 162:Core/Src/main.c ****   RCC_ClkInitStruct.APB2CLKDivider = RCC_HCLK_DIV2;
 179              		.loc 1 162 3 is_stmt 1 view .LVU51
 162:Core/Src/main.c ****   RCC_ClkInitStruct.APB2CLKDivider = RCC_HCLK_DIV2;
 180              		.loc 1 162 36 is_stmt 0 view .LVU52
 181 0078 4FF4A053 		mov	r3, #5120
 182 007c 0693     		str	r3, [sp, #24]
 163:Core/Src/main.c **** 
 183              		.loc 1 163 3 is_stmt 1 view .LVU53
 163:Core/Src/main.c **** 
 184              		.loc 1 163 36 is_stmt 0 view .LVU54
 185 007e 4FF48053 		mov	r3, #4096
 186 0082 0793     		str	r3, [sp, #28]
 165:Core/Src/main.c ****   {
 187              		.loc 1 165 3 is_stmt 1 view .LVU55
 165:Core/Src/main.c ****   {
 188              		.loc 1 165 7 is_stmt 0 view .LVU56
 189 0084 0521     		movs	r1, #5
 190 0086 03A8     		add	r0, sp, #12
 191 0088 FFF7FEFF 		bl	HAL_RCC_ClockConfig
 192              	.LVL2:
 165:Core/Src/main.c ****   {
 193              		.loc 1 165 6 view .LVU57
ARM GAS  /tmp/ccw7aq0C.s 			page 11


 194 008c 20B9     		cbnz	r0, .L8
 169:Core/Src/main.c **** 
 195              		.loc 1 169 1 view .LVU58
 196 008e 15B0     		add	sp, sp, #84
 197              	.LCFI2:
 198              		.cfi_remember_state
 199              		.cfi_def_cfa_offset 4
 200              		@ sp needed
 201 0090 5DF804FB 		ldr	pc, [sp], #4
 202              	.L7:
 203              	.LCFI3:
 204              		.cfi_restore_state
 153:Core/Src/main.c ****   }
 205              		.loc 1 153 5 is_stmt 1 view .LVU59
 206 0094 FFF7FEFF 		bl	Error_Handler
 207              	.LVL3:
 208              	.L8:
 167:Core/Src/main.c ****   }
 209              		.loc 1 167 5 view .LVU60
 210 0098 FFF7FEFF 		bl	Error_Handler
 211              	.LVL4:
 212              	.L10:
 213              		.align	2
 214              	.L9:
 215 009c 00380240 		.word	1073887232
 216 00a0 00700040 		.word	1073770496
 217              		.cfi_endproc
 218              	.LFE131:
 220              		.section	.text.main,"ax",%progbits
 221              		.align	1
 222              		.global	main
 223              		.syntax unified
 224              		.thumb
 225              		.thumb_func
 227              	main:
 228              	.LFB130:
  71:Core/Src/main.c ****   /* USER CODE BEGIN 1 */
 229              		.loc 1 71 1 view -0
 230              		.cfi_startproc
 231              		@ Volatile: function does not return.
 232              		@ args = 0, pretend = 0, frame = 0
 233              		@ frame_needed = 0, uses_anonymous_args = 0
 234 0000 08B5     		push	{r3, lr}
 235              	.LCFI4:
 236              		.cfi_def_cfa_offset 8
 237              		.cfi_offset 3, -8
 238              		.cfi_offset 14, -4
  79:Core/Src/main.c **** 
 239              		.loc 1 79 3 view .LVU62
 240 0002 FFF7FEFF 		bl	HAL_Init
 241              	.LVL5:
  86:Core/Src/main.c **** 
 242              		.loc 1 86 3 view .LVU63
 243 0006 FFF7FEFF 		bl	SystemClock_Config
 244              	.LVL6:
  93:Core/Src/main.c ****   MX_TIM4_Init();
 245              		.loc 1 93 3 view .LVU64
ARM GAS  /tmp/ccw7aq0C.s 			page 12


 246 000a FFF7FEFF 		bl	MX_GPIO_Init
 247              	.LVL7:
  94:Core/Src/main.c ****   /* USER CODE BEGIN 2 */
 248              		.loc 1 94 3 view .LVU65
 249 000e FFF7FEFF 		bl	MX_TIM4_Init
 250              	.LVL8:
  96:Core/Src/main.c ****   HAL_TIM_PWM_Start(&htim4, TIM_CHANNEL_3);
 251              		.loc 1 96 3 view .LVU66
 252 0012 164C     		ldr	r4, .L16
 253 0014 2046     		mov	r0, r4
 254 0016 FFF7FEFF 		bl	HAL_TIM_Base_Start
 255              	.LVL9:
  97:Core/Src/main.c ****   /* USER CODE END 2 */
 256              		.loc 1 97 3 view .LVU67
 257 001a 0821     		movs	r1, #8
 258 001c 2046     		mov	r0, r4
 259 001e FFF7FEFF 		bl	HAL_TIM_PWM_Start
 260              	.LVL10:
 261 0022 10E0     		b	.L14
 262              	.L12:
 110:Core/Src/main.c ****     {
 263              		.loc 1 110 5 view .LVU68
 110:Core/Src/main.c ****     {
 264              		.loc 1 110 7 is_stmt 0 view .LVU69
 265 0024 B3F57A7F 		cmp	r3, #1000
 266 0028 02D9     		bls	.L13
 112:Core/Src/main.c ****     }
 267              		.loc 1 112 7 is_stmt 1 view .LVU70
 112:Core/Src/main.c ****     }
 268              		.loc 1 112 11 is_stmt 0 view .LVU71
 269 002a 114B     		ldr	r3, .L16+4
 270 002c 0022     		movs	r2, #0
 271 002e 1A80     		strh	r2, [r3]	@ movhi
 272              	.L13:
 114:Core/Src/main.c ****     __HAL_TIM_SetCompare(&htim4, TIM_CHANNEL_3, pwm);
 273              		.loc 1 114 5 is_stmt 1 view .LVU72
 274 0030 0E4B     		ldr	r3, .L16
 275 0032 1B68     		ldr	r3, [r3]
 276 0034 0E4A     		ldr	r2, .L16+4
 277 0036 1288     		ldrh	r2, [r2]
 278 0038 9A62     		str	r2, [r3, #40]
 115:Core/Src/main.c ****     HAL_Delay(250);
 279              		.loc 1 115 5 view .LVU73
 280 003a 0E4A     		ldr	r2, .L16+8
 281 003c 1288     		ldrh	r2, [r2]
 282 003e DA63     		str	r2, [r3, #60]
 116:Core/Src/main.c **** 
 283              		.loc 1 116 5 view .LVU74
 284 0040 FA20     		movs	r0, #250
 285 0042 FFF7FEFF 		bl	HAL_Delay
 286              	.LVL11:
 102:Core/Src/main.c ****   { 
 287              		.loc 1 102 9 view .LVU75
 288              	.L14:
 102:Core/Src/main.c ****   { 
 289              		.loc 1 102 3 view .LVU76
 104:Core/Src/main.c ****     psc++;
ARM GAS  /tmp/ccw7aq0C.s 			page 13


 290              		.loc 1 104 5 view .LVU77
 104:Core/Src/main.c ****     psc++;
 291              		.loc 1 104 8 is_stmt 0 view .LVU78
 292 0046 0B4B     		ldr	r3, .L16+8
 293 0048 1A88     		ldrh	r2, [r3]
 294 004a 0132     		adds	r2, r2, #1
 295 004c 92B2     		uxth	r2, r2
 296 004e 1A80     		strh	r2, [r3]	@ movhi
 105:Core/Src/main.c ****     if(pwm > MAX_BUZZER_PWM)
 297              		.loc 1 105 5 is_stmt 1 view .LVU79
 105:Core/Src/main.c ****     if(pwm > MAX_BUZZER_PWM)
 298              		.loc 1 105 8 is_stmt 0 view .LVU80
 299 0050 0749     		ldr	r1, .L16+4
 300 0052 0B88     		ldrh	r3, [r1]
 301 0054 0133     		adds	r3, r3, #1
 302 0056 9BB2     		uxth	r3, r3
 303 0058 0B80     		strh	r3, [r1]	@ movhi
 106:Core/Src/main.c ****     {
 304              		.loc 1 106 5 is_stmt 1 view .LVU81
 106:Core/Src/main.c ****     {
 305              		.loc 1 106 7 is_stmt 0 view .LVU82
 306 005a 44F62061 		movw	r1, #20000
 307 005e 8A42     		cmp	r2, r1
 308 0060 E0D9     		bls	.L12
 108:Core/Src/main.c ****     }
 309              		.loc 1 108 7 is_stmt 1 view .LVU83
 108:Core/Src/main.c ****     }
 310              		.loc 1 108 11 is_stmt 0 view .LVU84
 311 0062 044A     		ldr	r2, .L16+8
 312 0064 42F21071 		movw	r1, #10000
 313 0068 1180     		strh	r1, [r2]	@ movhi
 314 006a DBE7     		b	.L12
 315              	.L17:
 316              		.align	2
 317              	.L16:
 318 006c 00000000 		.word	htim4
 319 0070 00000000 		.word	.LANCHOR1
 320 0074 00000000 		.word	.LANCHOR0
 321              		.cfi_endproc
 322              	.LFE130:
 324              		.global	pwm
 325              		.global	psc
 326              		.section	.bss.psc,"aw",%nobits
 327              		.align	1
 328              		.set	.LANCHOR1,. + 0
 331              	psc:
 332 0000 0000     		.space	2
 333              		.section	.data.pwm,"aw"
 334              		.align	1
 335              		.set	.LANCHOR0,. + 0
 338              	pwm:
 339 0000 1027     		.short	10000
 340              		.text
 341              	.Letext0:
 342              		.file 3 "/home/tianbot/gcc-arm-none-eabi-10.3-2021.10/arm-none-eabi/include/machine/_default_types
 343              		.file 4 "/home/tianbot/gcc-arm-none-eabi-10.3-2021.10/arm-none-eabi/include/sys/_stdint.h"
 344              		.file 5 "Drivers/CMSIS/Device/ST/STM32F4xx/Include/stm32f407xx.h"
ARM GAS  /tmp/ccw7aq0C.s 			page 14


 345              		.file 6 "Drivers/STM32F4xx_HAL_Driver/Inc/stm32f4xx_hal_def.h"
 346              		.file 7 "Drivers/STM32F4xx_HAL_Driver/Inc/stm32f4xx_hal_rcc_ex.h"
 347              		.file 8 "Drivers/STM32F4xx_HAL_Driver/Inc/stm32f4xx_hal_rcc.h"
 348              		.file 9 "Drivers/STM32F4xx_HAL_Driver/Inc/stm32f4xx_hal_dma.h"
 349              		.file 10 "Drivers/STM32F4xx_HAL_Driver/Inc/stm32f4xx_hal_tim.h"
 350              		.file 11 "Drivers/STM32F4xx_HAL_Driver/Inc/stm32f4xx_hal.h"
 351              		.file 12 "Core/Inc/gpio.h"
 352              		.file 13 "Core/Inc/tim.h"
 353              		.file 14 "<built-in>"
ARM GAS  /tmp/ccw7aq0C.s 			page 15


DEFINED SYMBOLS
                            *ABS*:0000000000000000 main.c
     /tmp/ccw7aq0C.s:20     .text.Error_Handler:0000000000000000 $t
     /tmp/ccw7aq0C.s:26     .text.Error_Handler:0000000000000000 Error_Handler
     /tmp/ccw7aq0C.s:59     .text.SystemClock_Config:0000000000000000 $t
     /tmp/ccw7aq0C.s:65     .text.SystemClock_Config:0000000000000000 SystemClock_Config
     /tmp/ccw7aq0C.s:215    .text.SystemClock_Config:000000000000009c $d
     /tmp/ccw7aq0C.s:221    .text.main:0000000000000000 $t
     /tmp/ccw7aq0C.s:227    .text.main:0000000000000000 main
     /tmp/ccw7aq0C.s:318    .text.main:000000000000006c $d
     /tmp/ccw7aq0C.s:338    .data.pwm:0000000000000000 pwm
     /tmp/ccw7aq0C.s:331    .bss.psc:0000000000000000 psc
     /tmp/ccw7aq0C.s:327    .bss.psc:0000000000000000 $d
     /tmp/ccw7aq0C.s:334    .data.pwm:0000000000000000 $d

UNDEFINED SYMBOLS
memset
HAL_RCC_OscConfig
HAL_RCC_ClockConfig
HAL_Init
MX_GPIO_Init
MX_TIM4_Init
HAL_TIM_Base_Start
HAL_TIM_PWM_Start
HAL_Delay
htim4
