ARM GAS  /tmp/ccCHHQi0.s 			page 1


   1              		.cpu cortex-m4
   2              		.arch armv7e-m
   3              		.fpu fpv4-sp-d16
   4              		.eabi_attribute 27, 1
   5              		.eabi_attribute 28, 1
   6              		.eabi_attribute 20, 1
   7              		.eabi_attribute 21, 1
   8              		.eabi_attribute 23, 3
   9              		.eabi_attribute 24, 1
  10              		.eabi_attribute 25, 1
  11              		.eabi_attribute 26, 1
  12              		.eabi_attribute 30, 1
  13              		.eabi_attribute 34, 1
  14              		.eabi_attribute 18, 4
  15              		.file	"bsp_imu_pwm.c"
  16              		.text
  17              	.Ltext0:
  18              		.cfi_sections	.debug_frame
  19              		.section	.text.imu_pwm_set,"ax",%progbits
  20              		.align	1
  21              		.global	imu_pwm_set
  22              		.syntax unified
  23              		.thumb
  24              		.thumb_func
  26              	imu_pwm_set:
  27              	.LVL0:
  28              	.LFB130:
  29              		.file 1 "IMU/bsp_imu_pwm.c"
   1:IMU/bsp_imu_pwm.c **** #include "bsp_imu_pwm.h"
   2:IMU/bsp_imu_pwm.c **** #include "main.h"
   3:IMU/bsp_imu_pwm.c **** 
   4:IMU/bsp_imu_pwm.c **** extern TIM_HandleTypeDef htim10;
   5:IMU/bsp_imu_pwm.c **** void imu_pwm_set(uint16_t pwm)
   6:IMU/bsp_imu_pwm.c **** {
  30              		.loc 1 6 1 view -0
  31              		.cfi_startproc
  32              		@ args = 0, pretend = 0, frame = 0
  33              		@ frame_needed = 0, uses_anonymous_args = 0
  34              		@ link register save eliminated.
   7:IMU/bsp_imu_pwm.c ****     __HAL_TIM_SetCompare(&htim10, TIM_CHANNEL_1, pwm);
  35              		.loc 1 7 5 view .LVU1
  36 0000 014B     		ldr	r3, .L2
  37 0002 1B68     		ldr	r3, [r3]
  38 0004 5863     		str	r0, [r3, #52]
   8:IMU/bsp_imu_pwm.c **** }
  39              		.loc 1 8 1 is_stmt 0 view .LVU2
  40 0006 7047     		bx	lr
  41              	.L3:
  42              		.align	2
  43              	.L2:
  44 0008 00000000 		.word	htim10
  45              		.cfi_endproc
  46              	.LFE130:
  48              		.text
  49              	.Letext0:
  50              		.file 2 "/home/tianbot/gcc-arm-none-eabi-10.3-2021.10/arm-none-eabi/include/machine/_default_types
  51              		.file 3 "/home/tianbot/gcc-arm-none-eabi-10.3-2021.10/arm-none-eabi/include/sys/_stdint.h"
ARM GAS  /tmp/ccCHHQi0.s 			page 2


  52              		.file 4 "Drivers/CMSIS/Device/ST/STM32F4xx/Include/stm32f407xx.h"
  53              		.file 5 "Drivers/STM32F4xx_HAL_Driver/Inc/stm32f4xx_hal_def.h"
  54              		.file 6 "Drivers/STM32F4xx_HAL_Driver/Inc/stm32f4xx_hal_dma.h"
  55              		.file 7 "Drivers/STM32F4xx_HAL_Driver/Inc/stm32f4xx_hal_tim.h"
ARM GAS  /tmp/ccCHHQi0.s 			page 3


DEFINED SYMBOLS
                            *ABS*:0000000000000000 bsp_imu_pwm.c
     /tmp/ccCHHQi0.s:20     .text.imu_pwm_set:0000000000000000 $t
     /tmp/ccCHHQi0.s:26     .text.imu_pwm_set:0000000000000000 imu_pwm_set
     /tmp/ccCHHQi0.s:44     .text.imu_pwm_set:0000000000000008 $d

UNDEFINED SYMBOLS
htim10
