ARM GAS  C:\Users\xixi\AppData\Local\Temp\ccTlaHug.s 			page 1


   1              		.cpu cortex-m4
   2              		.arch armv7e-m
   3              		.fpu fpv4-sp-d16
   4              		.eabi_attribute 27, 1
   5              		.eabi_attribute 28, 1
   6              		.eabi_attribute 20, 1
   7              		.eabi_attribute 21, 1
   8              		.eabi_attribute 23, 3
   9              		.eabi_attribute 24, 1
  10              		.eabi_attribute 25, 1
  11              		.eabi_attribute 26, 1
  12              		.eabi_attribute 30, 1
  13              		.eabi_attribute 34, 1
  14              		.eabi_attribute 18, 4
  15              		.file	"bsp_imu_pwm.c"
  16              		.text
  17              	.Ltext0:
  18              		.cfi_sections	.debug_frame
  19              		.section	.text.imu_pwm_set,"ax",%progbits
  20              		.align	1
  21              		.global	imu_pwm_set
  22              		.syntax unified
  23              		.thumb
  24              		.thumb_func
  26              	imu_pwm_set:
  27              	.LVL0:
  28              	.LFB130:
  29              		.file 1 "bsp/boards/bsp_imu_pwm.c"
   1:bsp/boards/bsp_imu_pwm.c **** #include "bsp_imu_pwm.h"
   2:bsp/boards/bsp_imu_pwm.c **** #include "main.h"
   3:bsp/boards/bsp_imu_pwm.c **** 
   4:bsp/boards/bsp_imu_pwm.c **** void imu_pwm_set(uint16_t pwm)
   5:bsp/boards/bsp_imu_pwm.c **** {
  30              		.loc 1 5 1 view -0
  31              		.cfi_startproc
  32              		@ args = 0, pretend = 0, frame = 0
  33              		@ frame_needed = 0, uses_anonymous_args = 0
  34              		@ link register save eliminated.
   6:bsp/boards/bsp_imu_pwm.c ****     TIM10->CCR1 = (pwm);
  35              		.loc 1 6 5 view .LVU1
  36              		.loc 1 6 17 is_stmt 0 view .LVU2
  37 0000 014B     		ldr	r3, .L2
  38 0002 5863     		str	r0, [r3, #52]
   7:bsp/boards/bsp_imu_pwm.c **** 
   8:bsp/boards/bsp_imu_pwm.c **** }
  39              		.loc 1 8 1 view .LVU3
  40 0004 7047     		bx	lr
  41              	.L3:
  42 0006 00BF     		.align	2
  43              	.L2:
  44 0008 00440140 		.word	1073824768
  45              		.cfi_endproc
  46              	.LFE130:
  48              		.text
  49              	.Letext0:
  50              		.file 2 "bsp/boards/struct_typedef.h"
  51              		.file 3 "c:\\program files (x86)\\gnu arm embedded toolchain\\10 2021.10\\arm-none-eabi\\include\\
ARM GAS  C:\Users\xixi\AppData\Local\Temp\ccTlaHug.s 			page 2


  52              		.file 4 "c:\\program files (x86)\\gnu arm embedded toolchain\\10 2021.10\\arm-none-eabi\\include\\
  53              		.file 5 "Drivers/CMSIS/Device/ST/STM32F4xx/Include/stm32f407xx.h"
ARM GAS  C:\Users\xixi\AppData\Local\Temp\ccTlaHug.s 			page 3


DEFINED SYMBOLS
                            *ABS*:00000000 bsp_imu_pwm.c
C:\Users\xixi\AppData\Local\Temp\ccTlaHug.s:20     .text.imu_pwm_set:00000000 $t
C:\Users\xixi\AppData\Local\Temp\ccTlaHug.s:26     .text.imu_pwm_set:00000000 imu_pwm_set
C:\Users\xixi\AppData\Local\Temp\ccTlaHug.s:44     .text.imu_pwm_set:00000008 $d

NO UNDEFINED SYMBOLS
