ARM GAS  C:\Users\xixi\AppData\Local\Temp\ccso0aMi.s 			page 1


   1              		.cpu cortex-m4
   2              		.arch armv7e-m
   3              		.fpu fpv4-sp-d16
   4              		.eabi_attribute 27, 1
   5              		.eabi_attribute 28, 1
   6              		.eabi_attribute 20, 1
   7              		.eabi_attribute 21, 1
   8              		.eabi_attribute 23, 3
   9              		.eabi_attribute 24, 1
  10              		.eabi_attribute 25, 1
  11              		.eabi_attribute 26, 1
  12              		.eabi_attribute 30, 1
  13              		.eabi_attribute 34, 1
  14              		.eabi_attribute 18, 4
  15              		.file	"stm32f4xx_it.c"
  16              		.text
  17              	.Ltext0:
  18              		.cfi_sections	.debug_frame
  19              		.section	.text.NMI_Handler,"ax",%progbits
  20              		.align	1
  21              		.global	NMI_Handler
  22              		.syntax unified
  23              		.thumb
  24              		.thumb_func
  26              	NMI_Handler:
  27              	.LFB130:
  28              		.file 1 "Core/Src/stm32f4xx_it.c"
   1:Core/Src/stm32f4xx_it.c **** /* USER CODE BEGIN Header */
   2:Core/Src/stm32f4xx_it.c **** /**
   3:Core/Src/stm32f4xx_it.c ****   ******************************************************************************
   4:Core/Src/stm32f4xx_it.c ****   * @file    stm32f4xx_it.c
   5:Core/Src/stm32f4xx_it.c ****   * @brief   Interrupt Service Routines.
   6:Core/Src/stm32f4xx_it.c ****   ******************************************************************************
   7:Core/Src/stm32f4xx_it.c ****   * @attention
   8:Core/Src/stm32f4xx_it.c ****   *
   9:Core/Src/stm32f4xx_it.c ****   * Copyright (c) 2024 STMicroelectronics.
  10:Core/Src/stm32f4xx_it.c ****   * All rights reserved.
  11:Core/Src/stm32f4xx_it.c ****   *
  12:Core/Src/stm32f4xx_it.c ****   * This software is licensed under terms that can be found in the LICENSE file
  13:Core/Src/stm32f4xx_it.c ****   * in the root directory of this software component.
  14:Core/Src/stm32f4xx_it.c ****   * If no LICENSE file comes with this software, it is provided AS-IS.
  15:Core/Src/stm32f4xx_it.c ****   *
  16:Core/Src/stm32f4xx_it.c ****   ******************************************************************************
  17:Core/Src/stm32f4xx_it.c ****   */
  18:Core/Src/stm32f4xx_it.c **** /* USER CODE END Header */
  19:Core/Src/stm32f4xx_it.c **** 
  20:Core/Src/stm32f4xx_it.c **** /* Includes ------------------------------------------------------------------*/
  21:Core/Src/stm32f4xx_it.c **** #include "main.h"
  22:Core/Src/stm32f4xx_it.c **** #include "stm32f4xx_it.h"
  23:Core/Src/stm32f4xx_it.c **** /* Private includes ----------------------------------------------------------*/
  24:Core/Src/stm32f4xx_it.c **** /* USER CODE BEGIN Includes */
  25:Core/Src/stm32f4xx_it.c **** /* USER CODE END Includes */
  26:Core/Src/stm32f4xx_it.c **** 
  27:Core/Src/stm32f4xx_it.c **** /* Private typedef -----------------------------------------------------------*/
  28:Core/Src/stm32f4xx_it.c **** /* USER CODE BEGIN TD */
  29:Core/Src/stm32f4xx_it.c **** 
  30:Core/Src/stm32f4xx_it.c **** /* USER CODE END TD */
ARM GAS  C:\Users\xixi\AppData\Local\Temp\ccso0aMi.s 			page 2


  31:Core/Src/stm32f4xx_it.c **** 
  32:Core/Src/stm32f4xx_it.c **** /* Private define ------------------------------------------------------------*/
  33:Core/Src/stm32f4xx_it.c **** /* USER CODE BEGIN PD */
  34:Core/Src/stm32f4xx_it.c **** 
  35:Core/Src/stm32f4xx_it.c **** /* USER CODE END PD */
  36:Core/Src/stm32f4xx_it.c **** 
  37:Core/Src/stm32f4xx_it.c **** /* Private macro -------------------------------------------------------------*/
  38:Core/Src/stm32f4xx_it.c **** /* USER CODE BEGIN PM */
  39:Core/Src/stm32f4xx_it.c **** 
  40:Core/Src/stm32f4xx_it.c **** /* USER CODE END PM */
  41:Core/Src/stm32f4xx_it.c **** 
  42:Core/Src/stm32f4xx_it.c **** /* Private variables ---------------------------------------------------------*/
  43:Core/Src/stm32f4xx_it.c **** /* USER CODE BEGIN PV */
  44:Core/Src/stm32f4xx_it.c **** 
  45:Core/Src/stm32f4xx_it.c **** /* USER CODE END PV */
  46:Core/Src/stm32f4xx_it.c **** 
  47:Core/Src/stm32f4xx_it.c **** /* Private function prototypes -----------------------------------------------*/
  48:Core/Src/stm32f4xx_it.c **** /* USER CODE BEGIN PFP */
  49:Core/Src/stm32f4xx_it.c **** 
  50:Core/Src/stm32f4xx_it.c **** /* USER CODE END PFP */
  51:Core/Src/stm32f4xx_it.c **** 
  52:Core/Src/stm32f4xx_it.c **** /* Private user code ---------------------------------------------------------*/
  53:Core/Src/stm32f4xx_it.c **** /* USER CODE BEGIN 0 */
  54:Core/Src/stm32f4xx_it.c **** volatile uint8_t q=0;
  55:Core/Src/stm32f4xx_it.c **** /* USER CODE END 0 */
  56:Core/Src/stm32f4xx_it.c **** 
  57:Core/Src/stm32f4xx_it.c **** /* External variables --------------------------------------------------------*/
  58:Core/Src/stm32f4xx_it.c **** extern UART_HandleTypeDef huart1;
  59:Core/Src/stm32f4xx_it.c **** /* USER CODE BEGIN EV */
  60:Core/Src/stm32f4xx_it.c **** 
  61:Core/Src/stm32f4xx_it.c **** /* USER CODE END EV */
  62:Core/Src/stm32f4xx_it.c **** 
  63:Core/Src/stm32f4xx_it.c **** /******************************************************************************/
  64:Core/Src/stm32f4xx_it.c **** /*           Cortex-M4 Processor Interruption and Exception Handlers          */
  65:Core/Src/stm32f4xx_it.c **** /******************************************************************************/
  66:Core/Src/stm32f4xx_it.c **** /**
  67:Core/Src/stm32f4xx_it.c ****   * @brief This function handles Non maskable interrupt.
  68:Core/Src/stm32f4xx_it.c ****   */
  69:Core/Src/stm32f4xx_it.c **** void NMI_Handler(void)
  70:Core/Src/stm32f4xx_it.c **** {
  29              		.loc 1 70 1 view -0
  30              		.cfi_startproc
  31              		@ Volatile: function does not return.
  32              		@ args = 0, pretend = 0, frame = 0
  33              		@ frame_needed = 0, uses_anonymous_args = 0
  34              		@ link register save eliminated.
  35              	.L2:
  71:Core/Src/stm32f4xx_it.c ****   /* USER CODE BEGIN NonMaskableInt_IRQn 0 */
  72:Core/Src/stm32f4xx_it.c **** 
  73:Core/Src/stm32f4xx_it.c ****   /* USER CODE END NonMaskableInt_IRQn 0 */
  74:Core/Src/stm32f4xx_it.c ****   /* USER CODE BEGIN NonMaskableInt_IRQn 1 */
  75:Core/Src/stm32f4xx_it.c ****   while (1)
  36              		.loc 1 75 3 discriminator 1 view .LVU1
  76:Core/Src/stm32f4xx_it.c ****   {
  77:Core/Src/stm32f4xx_it.c ****   }
  37              		.loc 1 77 3 discriminator 1 view .LVU2
  75:Core/Src/stm32f4xx_it.c ****   {
ARM GAS  C:\Users\xixi\AppData\Local\Temp\ccso0aMi.s 			page 3


  38              		.loc 1 75 9 discriminator 1 view .LVU3
  39 0000 FEE7     		b	.L2
  40              		.cfi_endproc
  41              	.LFE130:
  43              		.section	.text.HardFault_Handler,"ax",%progbits
  44              		.align	1
  45              		.global	HardFault_Handler
  46              		.syntax unified
  47              		.thumb
  48              		.thumb_func
  50              	HardFault_Handler:
  51              	.LFB131:
  78:Core/Src/stm32f4xx_it.c ****   /* USER CODE END NonMaskableInt_IRQn 1 */
  79:Core/Src/stm32f4xx_it.c **** }
  80:Core/Src/stm32f4xx_it.c **** 
  81:Core/Src/stm32f4xx_it.c **** /**
  82:Core/Src/stm32f4xx_it.c ****   * @brief This function handles Hard fault interrupt.
  83:Core/Src/stm32f4xx_it.c ****   */
  84:Core/Src/stm32f4xx_it.c **** void HardFault_Handler(void)
  85:Core/Src/stm32f4xx_it.c **** {
  52              		.loc 1 85 1 view -0
  53              		.cfi_startproc
  54              		@ Volatile: function does not return.
  55              		@ args = 0, pretend = 0, frame = 0
  56              		@ frame_needed = 0, uses_anonymous_args = 0
  57              		@ link register save eliminated.
  58              	.L4:
  86:Core/Src/stm32f4xx_it.c ****   /* USER CODE BEGIN HardFault_IRQn 0 */
  87:Core/Src/stm32f4xx_it.c **** 
  88:Core/Src/stm32f4xx_it.c ****   /* USER CODE END HardFault_IRQn 0 */
  89:Core/Src/stm32f4xx_it.c ****   while (1)
  59              		.loc 1 89 3 discriminator 1 view .LVU5
  90:Core/Src/stm32f4xx_it.c ****   {
  91:Core/Src/stm32f4xx_it.c ****     /* USER CODE BEGIN W1_HardFault_IRQn 0 */
  92:Core/Src/stm32f4xx_it.c ****     /* USER CODE END W1_HardFault_IRQn 0 */
  93:Core/Src/stm32f4xx_it.c ****   }
  60              		.loc 1 93 3 discriminator 1 view .LVU6
  89:Core/Src/stm32f4xx_it.c ****   {
  61              		.loc 1 89 9 discriminator 1 view .LVU7
  62 0000 FEE7     		b	.L4
  63              		.cfi_endproc
  64              	.LFE131:
  66              		.section	.text.MemManage_Handler,"ax",%progbits
  67              		.align	1
  68              		.global	MemManage_Handler
  69              		.syntax unified
  70              		.thumb
  71              		.thumb_func
  73              	MemManage_Handler:
  74              	.LFB132:
  94:Core/Src/stm32f4xx_it.c **** }
  95:Core/Src/stm32f4xx_it.c **** 
  96:Core/Src/stm32f4xx_it.c **** /**
  97:Core/Src/stm32f4xx_it.c ****   * @brief This function handles Memory management fault.
  98:Core/Src/stm32f4xx_it.c ****   */
  99:Core/Src/stm32f4xx_it.c **** void MemManage_Handler(void)
 100:Core/Src/stm32f4xx_it.c **** {
ARM GAS  C:\Users\xixi\AppData\Local\Temp\ccso0aMi.s 			page 4


  75              		.loc 1 100 1 view -0
  76              		.cfi_startproc
  77              		@ Volatile: function does not return.
  78              		@ args = 0, pretend = 0, frame = 0
  79              		@ frame_needed = 0, uses_anonymous_args = 0
  80              		@ link register save eliminated.
  81              	.L6:
 101:Core/Src/stm32f4xx_it.c ****   /* USER CODE BEGIN MemoryManagement_IRQn 0 */
 102:Core/Src/stm32f4xx_it.c **** 
 103:Core/Src/stm32f4xx_it.c ****   /* USER CODE END MemoryManagement_IRQn 0 */
 104:Core/Src/stm32f4xx_it.c ****   while (1)
  82              		.loc 1 104 3 discriminator 1 view .LVU9
 105:Core/Src/stm32f4xx_it.c ****   {
 106:Core/Src/stm32f4xx_it.c ****     /* USER CODE BEGIN W1_MemoryManagement_IRQn 0 */
 107:Core/Src/stm32f4xx_it.c ****     /* USER CODE END W1_MemoryManagement_IRQn 0 */
 108:Core/Src/stm32f4xx_it.c ****   }
  83              		.loc 1 108 3 discriminator 1 view .LVU10
 104:Core/Src/stm32f4xx_it.c ****   {
  84              		.loc 1 104 9 discriminator 1 view .LVU11
  85 0000 FEE7     		b	.L6
  86              		.cfi_endproc
  87              	.LFE132:
  89              		.section	.text.BusFault_Handler,"ax",%progbits
  90              		.align	1
  91              		.global	BusFault_Handler
  92              		.syntax unified
  93              		.thumb
  94              		.thumb_func
  96              	BusFault_Handler:
  97              	.LFB133:
 109:Core/Src/stm32f4xx_it.c **** }
 110:Core/Src/stm32f4xx_it.c **** 
 111:Core/Src/stm32f4xx_it.c **** /**
 112:Core/Src/stm32f4xx_it.c ****   * @brief This function handles Pre-fetch fault, memory access fault.
 113:Core/Src/stm32f4xx_it.c ****   */
 114:Core/Src/stm32f4xx_it.c **** void BusFault_Handler(void)
 115:Core/Src/stm32f4xx_it.c **** {
  98              		.loc 1 115 1 view -0
  99              		.cfi_startproc
 100              		@ Volatile: function does not return.
 101              		@ args = 0, pretend = 0, frame = 0
 102              		@ frame_needed = 0, uses_anonymous_args = 0
 103              		@ link register save eliminated.
 104              	.L8:
 116:Core/Src/stm32f4xx_it.c ****   /* USER CODE BEGIN BusFault_IRQn 0 */
 117:Core/Src/stm32f4xx_it.c **** 
 118:Core/Src/stm32f4xx_it.c ****   /* USER CODE END BusFault_IRQn 0 */
 119:Core/Src/stm32f4xx_it.c ****   while (1)
 105              		.loc 1 119 3 discriminator 1 view .LVU13
 120:Core/Src/stm32f4xx_it.c ****   {
 121:Core/Src/stm32f4xx_it.c ****     /* USER CODE BEGIN W1_BusFault_IRQn 0 */
 122:Core/Src/stm32f4xx_it.c ****     /* USER CODE END W1_BusFault_IRQn 0 */
 123:Core/Src/stm32f4xx_it.c ****   }
 106              		.loc 1 123 3 discriminator 1 view .LVU14
 119:Core/Src/stm32f4xx_it.c ****   {
 107              		.loc 1 119 9 discriminator 1 view .LVU15
 108 0000 FEE7     		b	.L8
ARM GAS  C:\Users\xixi\AppData\Local\Temp\ccso0aMi.s 			page 5


 109              		.cfi_endproc
 110              	.LFE133:
 112              		.section	.text.UsageFault_Handler,"ax",%progbits
 113              		.align	1
 114              		.global	UsageFault_Handler
 115              		.syntax unified
 116              		.thumb
 117              		.thumb_func
 119              	UsageFault_Handler:
 120              	.LFB134:
 124:Core/Src/stm32f4xx_it.c **** }
 125:Core/Src/stm32f4xx_it.c **** 
 126:Core/Src/stm32f4xx_it.c **** /**
 127:Core/Src/stm32f4xx_it.c ****   * @brief This function handles Undefined instruction or illegal state.
 128:Core/Src/stm32f4xx_it.c ****   */
 129:Core/Src/stm32f4xx_it.c **** void UsageFault_Handler(void)
 130:Core/Src/stm32f4xx_it.c **** {
 121              		.loc 1 130 1 view -0
 122              		.cfi_startproc
 123              		@ Volatile: function does not return.
 124              		@ args = 0, pretend = 0, frame = 0
 125              		@ frame_needed = 0, uses_anonymous_args = 0
 126              		@ link register save eliminated.
 127              	.L10:
 131:Core/Src/stm32f4xx_it.c ****   /* USER CODE BEGIN UsageFault_IRQn 0 */
 132:Core/Src/stm32f4xx_it.c **** 
 133:Core/Src/stm32f4xx_it.c ****   /* USER CODE END UsageFault_IRQn 0 */
 134:Core/Src/stm32f4xx_it.c ****   while (1)
 128              		.loc 1 134 3 discriminator 1 view .LVU17
 135:Core/Src/stm32f4xx_it.c ****   {
 136:Core/Src/stm32f4xx_it.c ****     /* USER CODE BEGIN W1_UsageFault_IRQn 0 */
 137:Core/Src/stm32f4xx_it.c ****     /* USER CODE END W1_UsageFault_IRQn 0 */
 138:Core/Src/stm32f4xx_it.c ****   }
 129              		.loc 1 138 3 discriminator 1 view .LVU18
 134:Core/Src/stm32f4xx_it.c ****   {
 130              		.loc 1 134 9 discriminator 1 view .LVU19
 131 0000 FEE7     		b	.L10
 132              		.cfi_endproc
 133              	.LFE134:
 135              		.section	.text.SVC_Handler,"ax",%progbits
 136              		.align	1
 137              		.global	SVC_Handler
 138              		.syntax unified
 139              		.thumb
 140              		.thumb_func
 142              	SVC_Handler:
 143              	.LFB135:
 139:Core/Src/stm32f4xx_it.c **** }
 140:Core/Src/stm32f4xx_it.c **** 
 141:Core/Src/stm32f4xx_it.c **** /**
 142:Core/Src/stm32f4xx_it.c ****   * @brief This function handles System service call via SWI instruction.
 143:Core/Src/stm32f4xx_it.c ****   */
 144:Core/Src/stm32f4xx_it.c **** void SVC_Handler(void)
 145:Core/Src/stm32f4xx_it.c **** {
 144              		.loc 1 145 1 view -0
 145              		.cfi_startproc
 146              		@ args = 0, pretend = 0, frame = 0
ARM GAS  C:\Users\xixi\AppData\Local\Temp\ccso0aMi.s 			page 6


 147              		@ frame_needed = 0, uses_anonymous_args = 0
 148              		@ link register save eliminated.
 146:Core/Src/stm32f4xx_it.c ****   /* USER CODE BEGIN SVCall_IRQn 0 */
 147:Core/Src/stm32f4xx_it.c **** 
 148:Core/Src/stm32f4xx_it.c ****   /* USER CODE END SVCall_IRQn 0 */
 149:Core/Src/stm32f4xx_it.c ****   /* USER CODE BEGIN SVCall_IRQn 1 */
 150:Core/Src/stm32f4xx_it.c **** 
 151:Core/Src/stm32f4xx_it.c ****   /* USER CODE END SVCall_IRQn 1 */
 152:Core/Src/stm32f4xx_it.c **** }
 149              		.loc 1 152 1 view .LVU21
 150 0000 7047     		bx	lr
 151              		.cfi_endproc
 152              	.LFE135:
 154              		.section	.text.DebugMon_Handler,"ax",%progbits
 155              		.align	1
 156              		.global	DebugMon_Handler
 157              		.syntax unified
 158              		.thumb
 159              		.thumb_func
 161              	DebugMon_Handler:
 162              	.LFB136:
 153:Core/Src/stm32f4xx_it.c **** 
 154:Core/Src/stm32f4xx_it.c **** /**
 155:Core/Src/stm32f4xx_it.c ****   * @brief This function handles Debug monitor.
 156:Core/Src/stm32f4xx_it.c ****   */
 157:Core/Src/stm32f4xx_it.c **** void DebugMon_Handler(void)
 158:Core/Src/stm32f4xx_it.c **** {
 163              		.loc 1 158 1 view -0
 164              		.cfi_startproc
 165              		@ args = 0, pretend = 0, frame = 0
 166              		@ frame_needed = 0, uses_anonymous_args = 0
 167              		@ link register save eliminated.
 159:Core/Src/stm32f4xx_it.c ****   /* USER CODE BEGIN DebugMonitor_IRQn 0 */
 160:Core/Src/stm32f4xx_it.c **** 
 161:Core/Src/stm32f4xx_it.c ****   /* USER CODE END DebugMonitor_IRQn 0 */
 162:Core/Src/stm32f4xx_it.c ****   /* USER CODE BEGIN DebugMonitor_IRQn 1 */
 163:Core/Src/stm32f4xx_it.c **** 
 164:Core/Src/stm32f4xx_it.c ****   /* USER CODE END DebugMonitor_IRQn 1 */
 165:Core/Src/stm32f4xx_it.c **** }
 168              		.loc 1 165 1 view .LVU23
 169 0000 7047     		bx	lr
 170              		.cfi_endproc
 171              	.LFE136:
 173              		.section	.text.PendSV_Handler,"ax",%progbits
 174              		.align	1
 175              		.global	PendSV_Handler
 176              		.syntax unified
 177              		.thumb
 178              		.thumb_func
 180              	PendSV_Handler:
 181              	.LFB137:
 166:Core/Src/stm32f4xx_it.c **** 
 167:Core/Src/stm32f4xx_it.c **** /**
 168:Core/Src/stm32f4xx_it.c ****   * @brief This function handles Pendable request for system service.
 169:Core/Src/stm32f4xx_it.c ****   */
 170:Core/Src/stm32f4xx_it.c **** void PendSV_Handler(void)
 171:Core/Src/stm32f4xx_it.c **** {
ARM GAS  C:\Users\xixi\AppData\Local\Temp\ccso0aMi.s 			page 7


 182              		.loc 1 171 1 view -0
 183              		.cfi_startproc
 184              		@ args = 0, pretend = 0, frame = 0
 185              		@ frame_needed = 0, uses_anonymous_args = 0
 186              		@ link register save eliminated.
 172:Core/Src/stm32f4xx_it.c ****   /* USER CODE BEGIN PendSV_IRQn 0 */
 173:Core/Src/stm32f4xx_it.c **** 
 174:Core/Src/stm32f4xx_it.c ****   /* USER CODE END PendSV_IRQn 0 */
 175:Core/Src/stm32f4xx_it.c ****   /* USER CODE BEGIN PendSV_IRQn 1 */
 176:Core/Src/stm32f4xx_it.c **** 
 177:Core/Src/stm32f4xx_it.c ****   /* USER CODE END PendSV_IRQn 1 */
 178:Core/Src/stm32f4xx_it.c **** }
 187              		.loc 1 178 1 view .LVU25
 188 0000 7047     		bx	lr
 189              		.cfi_endproc
 190              	.LFE137:
 192              		.section	.text.SysTick_Handler,"ax",%progbits
 193              		.align	1
 194              		.global	SysTick_Handler
 195              		.syntax unified
 196              		.thumb
 197              		.thumb_func
 199              	SysTick_Handler:
 200              	.LFB138:
 179:Core/Src/stm32f4xx_it.c **** 
 180:Core/Src/stm32f4xx_it.c **** /**
 181:Core/Src/stm32f4xx_it.c ****   * @brief This function handles System tick timer.
 182:Core/Src/stm32f4xx_it.c ****   */
 183:Core/Src/stm32f4xx_it.c **** void SysTick_Handler(void)
 184:Core/Src/stm32f4xx_it.c **** {
 201              		.loc 1 184 1 view -0
 202              		.cfi_startproc
 203              		@ args = 0, pretend = 0, frame = 0
 204              		@ frame_needed = 0, uses_anonymous_args = 0
 205 0000 08B5     		push	{r3, lr}
 206              	.LCFI0:
 207              		.cfi_def_cfa_offset 8
 208              		.cfi_offset 3, -8
 209              		.cfi_offset 14, -4
 185:Core/Src/stm32f4xx_it.c ****   /* USER CODE BEGIN SysTick_IRQn 0 */
 186:Core/Src/stm32f4xx_it.c **** 
 187:Core/Src/stm32f4xx_it.c ****   /* USER CODE END SysTick_IRQn 0 */
 188:Core/Src/stm32f4xx_it.c ****   HAL_IncTick();
 210              		.loc 1 188 3 view .LVU27
 211 0002 FFF7FEFF 		bl	HAL_IncTick
 212              	.LVL0:
 189:Core/Src/stm32f4xx_it.c ****   /* USER CODE BEGIN SysTick_IRQn 1 */
 190:Core/Src/stm32f4xx_it.c **** 
 191:Core/Src/stm32f4xx_it.c ****   /* USER CODE END SysTick_IRQn 1 */
 192:Core/Src/stm32f4xx_it.c **** }
 213              		.loc 1 192 1 is_stmt 0 view .LVU28
 214 0006 08BD     		pop	{r3, pc}
 215              		.cfi_endproc
 216              	.LFE138:
 218              		.section	.text.USART1_IRQHandler,"ax",%progbits
 219              		.align	1
 220              		.global	USART1_IRQHandler
ARM GAS  C:\Users\xixi\AppData\Local\Temp\ccso0aMi.s 			page 8


 221              		.syntax unified
 222              		.thumb
 223              		.thumb_func
 225              	USART1_IRQHandler:
 226              	.LFB139:
 193:Core/Src/stm32f4xx_it.c **** 
 194:Core/Src/stm32f4xx_it.c **** /******************************************************************************/
 195:Core/Src/stm32f4xx_it.c **** /* STM32F4xx Peripheral Interrupt Handlers                                    */
 196:Core/Src/stm32f4xx_it.c **** /* Add here the Interrupt Handlers for the used peripherals.                  */
 197:Core/Src/stm32f4xx_it.c **** /* For the available peripheral interrupt handler names,                      */
 198:Core/Src/stm32f4xx_it.c **** /* please refer to the startup file (startup_stm32f4xx.s).                    */
 199:Core/Src/stm32f4xx_it.c **** /******************************************************************************/
 200:Core/Src/stm32f4xx_it.c **** 
 201:Core/Src/stm32f4xx_it.c **** /**
 202:Core/Src/stm32f4xx_it.c ****   * @brief This function handles USART1 global interrupt.
 203:Core/Src/stm32f4xx_it.c ****   */
 204:Core/Src/stm32f4xx_it.c **** void USART1_IRQHandler(void)
 205:Core/Src/stm32f4xx_it.c **** {
 227              		.loc 1 205 1 is_stmt 1 view -0
 228              		.cfi_startproc
 229              		@ args = 0, pretend = 0, frame = 0
 230              		@ frame_needed = 0, uses_anonymous_args = 0
 231 0000 10B5     		push	{r4, lr}
 232              	.LCFI1:
 233              		.cfi_def_cfa_offset 8
 234              		.cfi_offset 4, -8
 235              		.cfi_offset 14, -4
 206:Core/Src/stm32f4xx_it.c ****   /* USER CODE BEGIN USART1_IRQn 0 */
 207:Core/Src/stm32f4xx_it.c ****   
 208:Core/Src/stm32f4xx_it.c ****   /* USER CODE END USART1_IRQn 0 */
 209:Core/Src/stm32f4xx_it.c ****   HAL_UART_IRQHandler(&huart1);
 236              		.loc 1 209 3 view .LVU30
 237 0002 104C     		ldr	r4, .L20
 238 0004 2046     		mov	r0, r4
 239 0006 FFF7FEFF 		bl	HAL_UART_IRQHandler
 240              	.LVL1:
 210:Core/Src/stm32f4xx_it.c ****   /* USER CODE BEGIN USART1_IRQn 1 */
 211:Core/Src/stm32f4xx_it.c ****   
 212:Core/Src/stm32f4xx_it.c ****   //receive interrupt 接收中断
 213:Core/Src/stm32f4xx_it.c ****   if(huart1.Instance->SR & UART_FLAG_RXNE)
 241              		.loc 1 213 3 view .LVU31
 242              		.loc 1 213 12 is_stmt 0 view .LVU32
 243 000a 2368     		ldr	r3, [r4]
 244              		.loc 1 213 21 view .LVU33
 245 000c 1A68     		ldr	r2, [r3]
 246              		.loc 1 213 5 view .LVU34
 247 000e 12F0200F 		tst	r2, #32
 248 0012 0AD0     		beq	.L17
 214:Core/Src/stm32f4xx_it.c ****   {
 215:Core/Src/stm32f4xx_it.c ****     RxBuffer[q]=huart1.Instance->DR;
 249              		.loc 1 215 5 is_stmt 1 view .LVU35
 250              		.loc 1 215 32 is_stmt 0 view .LVU36
 251 0014 5868     		ldr	r0, [r3, #4]
 252              		.loc 1 215 13 view .LVU37
 253 0016 0C4A     		ldr	r2, .L20+4
 254 0018 1378     		ldrb	r3, [r2]	@ zero_extendqisi2
 255 001a DBB2     		uxtb	r3, r3
ARM GAS  C:\Users\xixi\AppData\Local\Temp\ccso0aMi.s 			page 9


 256              		.loc 1 215 16 view .LVU38
 257 001c 0B49     		ldr	r1, .L20+8
 258 001e C854     		strb	r0, [r1, r3]
 216:Core/Src/stm32f4xx_it.c ****     q++;
 259              		.loc 1 216 5 is_stmt 1 view .LVU39
 260              		.loc 1 216 6 is_stmt 0 view .LVU40
 261 0020 1378     		ldrb	r3, [r2]	@ zero_extendqisi2
 262 0022 0133     		adds	r3, r3, #1
 263 0024 DBB2     		uxtb	r3, r3
 264 0026 1370     		strb	r3, [r2]
 265              	.L16:
 217:Core/Src/stm32f4xx_it.c ****   }
 218:Core/Src/stm32f4xx_it.c ****   //idle interrupt 空闲中断
 219:Core/Src/stm32f4xx_it.c ****   else if(huart1.Instance->SR & UART_FLAG_IDLE)
 220:Core/Src/stm32f4xx_it.c ****   {
 221:Core/Src/stm32f4xx_it.c ****     huart1.Instance->DR;
 222:Core/Src/stm32f4xx_it.c ****     len=q;
 223:Core/Src/stm32f4xx_it.c ****     q=0;
 224:Core/Src/stm32f4xx_it.c ****   }
 225:Core/Src/stm32f4xx_it.c ****   /* USER CODE END USART1_IRQn 1 */
 226:Core/Src/stm32f4xx_it.c **** }
 266              		.loc 1 226 1 view .LVU41
 267 0028 10BD     		pop	{r4, pc}
 268              	.L17:
 219:Core/Src/stm32f4xx_it.c ****   {
 269              		.loc 1 219 8 is_stmt 1 view .LVU42
 219:Core/Src/stm32f4xx_it.c ****   {
 270              		.loc 1 219 26 is_stmt 0 view .LVU43
 271 002a 1A68     		ldr	r2, [r3]
 219:Core/Src/stm32f4xx_it.c ****   {
 272              		.loc 1 219 10 view .LVU44
 273 002c 12F0100F 		tst	r2, #16
 274 0030 FAD0     		beq	.L16
 221:Core/Src/stm32f4xx_it.c ****     len=q;
 275              		.loc 1 221 5 is_stmt 1 view .LVU45
 221:Core/Src/stm32f4xx_it.c ****     len=q;
 276              		.loc 1 221 20 is_stmt 0 view .LVU46
 277 0032 5B68     		ldr	r3, [r3, #4]
 222:Core/Src/stm32f4xx_it.c ****     q=0;
 278              		.loc 1 222 5 is_stmt 1 view .LVU47
 222:Core/Src/stm32f4xx_it.c ****     q=0;
 279              		.loc 1 222 8 is_stmt 0 view .LVU48
 280 0034 044B     		ldr	r3, .L20+4
 281 0036 1978     		ldrb	r1, [r3]	@ zero_extendqisi2
 282 0038 054A     		ldr	r2, .L20+12
 283 003a 1170     		strb	r1, [r2]
 223:Core/Src/stm32f4xx_it.c ****   }
 284              		.loc 1 223 5 is_stmt 1 view .LVU49
 223:Core/Src/stm32f4xx_it.c ****   }
 285              		.loc 1 223 6 is_stmt 0 view .LVU50
 286 003c 0022     		movs	r2, #0
 287 003e 1A70     		strb	r2, [r3]
 288              		.loc 1 226 1 view .LVU51
 289 0040 F2E7     		b	.L16
 290              	.L21:
 291 0042 00BF     		.align	2
 292              	.L20:
ARM GAS  C:\Users\xixi\AppData\Local\Temp\ccso0aMi.s 			page 10


 293 0044 00000000 		.word	huart1
 294 0048 00000000 		.word	.LANCHOR0
 295 004c 00000000 		.word	RxBuffer
 296 0050 00000000 		.word	len
 297              		.cfi_endproc
 298              	.LFE139:
 300              		.global	q
 301              		.section	.bss.q,"aw",%nobits
 302              		.set	.LANCHOR0,. + 0
 305              	q:
 306 0000 00       		.space	1
 307              		.text
 308              	.Letext0:
 309              		.file 2 "c:\\program files (x86)\\gnu arm embedded toolchain\\10 2021.10\\arm-none-eabi\\include\\
 310              		.file 3 "c:\\program files (x86)\\gnu arm embedded toolchain\\10 2021.10\\arm-none-eabi\\include\\
 311              		.file 4 "Drivers/CMSIS/Device/ST/STM32F4xx/Include/stm32f407xx.h"
 312              		.file 5 "Drivers/STM32F4xx_HAL_Driver/Inc/stm32f4xx_hal_def.h"
 313              		.file 6 "Drivers/STM32F4xx_HAL_Driver/Inc/stm32f4xx_hal_dma.h"
 314              		.file 7 "Drivers/STM32F4xx_HAL_Driver/Inc/stm32f4xx_hal_uart.h"
 315              		.file 8 "Core/Inc/main.h"
 316              		.file 9 "Drivers/STM32F4xx_HAL_Driver/Inc/stm32f4xx_hal.h"
ARM GAS  C:\Users\xixi\AppData\Local\Temp\ccso0aMi.s 			page 11


DEFINED SYMBOLS
                            *ABS*:00000000 stm32f4xx_it.c
C:\Users\xixi\AppData\Local\Temp\ccso0aMi.s:20     .text.NMI_Handler:00000000 $t
C:\Users\xixi\AppData\Local\Temp\ccso0aMi.s:26     .text.NMI_Handler:00000000 NMI_Handler
C:\Users\xixi\AppData\Local\Temp\ccso0aMi.s:44     .text.HardFault_Handler:00000000 $t
C:\Users\xixi\AppData\Local\Temp\ccso0aMi.s:50     .text.HardFault_Handler:00000000 HardFault_Handler
C:\Users\xixi\AppData\Local\Temp\ccso0aMi.s:67     .text.MemManage_Handler:00000000 $t
C:\Users\xixi\AppData\Local\Temp\ccso0aMi.s:73     .text.MemManage_Handler:00000000 MemManage_Handler
C:\Users\xixi\AppData\Local\Temp\ccso0aMi.s:90     .text.BusFault_Handler:00000000 $t
C:\Users\xixi\AppData\Local\Temp\ccso0aMi.s:96     .text.BusFault_Handler:00000000 BusFault_Handler
C:\Users\xixi\AppData\Local\Temp\ccso0aMi.s:113    .text.UsageFault_Handler:00000000 $t
C:\Users\xixi\AppData\Local\Temp\ccso0aMi.s:119    .text.UsageFault_Handler:00000000 UsageFault_Handler
C:\Users\xixi\AppData\Local\Temp\ccso0aMi.s:136    .text.SVC_Handler:00000000 $t
C:\Users\xixi\AppData\Local\Temp\ccso0aMi.s:142    .text.SVC_Handler:00000000 SVC_Handler
C:\Users\xixi\AppData\Local\Temp\ccso0aMi.s:155    .text.DebugMon_Handler:00000000 $t
C:\Users\xixi\AppData\Local\Temp\ccso0aMi.s:161    .text.DebugMon_Handler:00000000 DebugMon_Handler
C:\Users\xixi\AppData\Local\Temp\ccso0aMi.s:174    .text.PendSV_Handler:00000000 $t
C:\Users\xixi\AppData\Local\Temp\ccso0aMi.s:180    .text.PendSV_Handler:00000000 PendSV_Handler
C:\Users\xixi\AppData\Local\Temp\ccso0aMi.s:193    .text.SysTick_Handler:00000000 $t
C:\Users\xixi\AppData\Local\Temp\ccso0aMi.s:199    .text.SysTick_Handler:00000000 SysTick_Handler
C:\Users\xixi\AppData\Local\Temp\ccso0aMi.s:219    .text.USART1_IRQHandler:00000000 $t
C:\Users\xixi\AppData\Local\Temp\ccso0aMi.s:225    .text.USART1_IRQHandler:00000000 USART1_IRQHandler
C:\Users\xixi\AppData\Local\Temp\ccso0aMi.s:293    .text.USART1_IRQHandler:00000044 $d
C:\Users\xixi\AppData\Local\Temp\ccso0aMi.s:305    .bss.q:00000000 q
C:\Users\xixi\AppData\Local\Temp\ccso0aMi.s:306    .bss.q:00000000 $d

UNDEFINED SYMBOLS
HAL_IncTick
HAL_UART_IRQHandler
huart1
RxBuffer
len
