ARM GAS  C:\Users\xixi\AppData\Local\Temp\ccv6WaK6.s 			page 1


   1              		.cpu cortex-m4
   2              		.arch armv7e-m
   3              		.fpu fpv4-sp-d16
   4              		.eabi_attribute 27, 1
   5              		.eabi_attribute 28, 1
   6              		.eabi_attribute 20, 1
   7              		.eabi_attribute 21, 1
   8              		.eabi_attribute 23, 3
   9              		.eabi_attribute 24, 1
  10              		.eabi_attribute 25, 1
  11              		.eabi_attribute 26, 1
  12              		.eabi_attribute 30, 1
  13              		.eabi_attribute 34, 1
  14              		.eabi_attribute 18, 4
  15              		.file	"usart.c"
  16              		.text
  17              	.Ltext0:
  18              		.cfi_sections	.debug_frame
  19              		.section	.text.MX_USART1_UART_Init,"ax",%progbits
  20              		.align	1
  21              		.global	MX_USART1_UART_Init
  22              		.syntax unified
  23              		.thumb
  24              		.thumb_func
  26              	MX_USART1_UART_Init:
  27              	.LFB133:
  28              		.file 1 "Core/Src/usart.c"
   1:Core/Src/usart.c **** /* USER CODE BEGIN Header */
   2:Core/Src/usart.c **** /**
   3:Core/Src/usart.c ****   ******************************************************************************
   4:Core/Src/usart.c ****   * @file    usart.c
   5:Core/Src/usart.c ****   * @brief   This file provides code for the configuration
   6:Core/Src/usart.c ****   *          of the USART instances.
   7:Core/Src/usart.c ****   ******************************************************************************
   8:Core/Src/usart.c ****   * @attention
   9:Core/Src/usart.c ****   *
  10:Core/Src/usart.c ****   * Copyright (c) 2024 STMicroelectronics.
  11:Core/Src/usart.c ****   * All rights reserved.
  12:Core/Src/usart.c ****   *
  13:Core/Src/usart.c ****   * This software is licensed under terms that can be found in the LICENSE file
  14:Core/Src/usart.c ****   * in the root directory of this software component.
  15:Core/Src/usart.c ****   * If no LICENSE file comes with this software, it is provided AS-IS.
  16:Core/Src/usart.c ****   *
  17:Core/Src/usart.c ****   ******************************************************************************
  18:Core/Src/usart.c ****   */
  19:Core/Src/usart.c **** /* USER CODE END Header */
  20:Core/Src/usart.c **** /* Includes ------------------------------------------------------------------*/
  21:Core/Src/usart.c **** #include "usart.h"
  22:Core/Src/usart.c **** 
  23:Core/Src/usart.c **** /* USER CODE BEGIN 0 */
  24:Core/Src/usart.c **** 
  25:Core/Src/usart.c **** /* USER CODE END 0 */
  26:Core/Src/usart.c **** 
  27:Core/Src/usart.c **** UART_HandleTypeDef huart1;
  28:Core/Src/usart.c **** DMA_HandleTypeDef hdma_usart1_tx;
  29:Core/Src/usart.c **** 
  30:Core/Src/usart.c **** /* USART1 init function */
ARM GAS  C:\Users\xixi\AppData\Local\Temp\ccv6WaK6.s 			page 2


  31:Core/Src/usart.c **** 
  32:Core/Src/usart.c **** void MX_USART1_UART_Init(void)
  33:Core/Src/usart.c **** {
  29              		.loc 1 33 1 view -0
  30              		.cfi_startproc
  31              		@ args = 0, pretend = 0, frame = 0
  32              		@ frame_needed = 0, uses_anonymous_args = 0
  33 0000 08B5     		push	{r3, lr}
  34              	.LCFI0:
  35              		.cfi_def_cfa_offset 8
  36              		.cfi_offset 3, -8
  37              		.cfi_offset 14, -4
  34:Core/Src/usart.c **** 
  35:Core/Src/usart.c ****   /* USER CODE BEGIN USART1_Init 0 */
  36:Core/Src/usart.c **** 
  37:Core/Src/usart.c ****   /* USER CODE END USART1_Init 0 */
  38:Core/Src/usart.c **** 
  39:Core/Src/usart.c ****   /* USER CODE BEGIN USART1_Init 1 */
  40:Core/Src/usart.c **** 
  41:Core/Src/usart.c ****   /* USER CODE END USART1_Init 1 */
  42:Core/Src/usart.c ****   huart1.Instance = USART1;
  38              		.loc 1 42 3 view .LVU1
  39              		.loc 1 42 19 is_stmt 0 view .LVU2
  40 0002 0A48     		ldr	r0, .L5
  41 0004 0A4B     		ldr	r3, .L5+4
  42 0006 0360     		str	r3, [r0]
  43:Core/Src/usart.c ****   huart1.Init.BaudRate = 115200;
  43              		.loc 1 43 3 is_stmt 1 view .LVU3
  44              		.loc 1 43 24 is_stmt 0 view .LVU4
  45 0008 4FF4E133 		mov	r3, #115200
  46 000c 4360     		str	r3, [r0, #4]
  44:Core/Src/usart.c ****   huart1.Init.WordLength = UART_WORDLENGTH_8B;
  47              		.loc 1 44 3 is_stmt 1 view .LVU5
  48              		.loc 1 44 26 is_stmt 0 view .LVU6
  49 000e 0023     		movs	r3, #0
  50 0010 8360     		str	r3, [r0, #8]
  45:Core/Src/usart.c ****   huart1.Init.StopBits = UART_STOPBITS_1;
  51              		.loc 1 45 3 is_stmt 1 view .LVU7
  52              		.loc 1 45 24 is_stmt 0 view .LVU8
  53 0012 C360     		str	r3, [r0, #12]
  46:Core/Src/usart.c ****   huart1.Init.Parity = UART_PARITY_NONE;
  54              		.loc 1 46 3 is_stmt 1 view .LVU9
  55              		.loc 1 46 22 is_stmt 0 view .LVU10
  56 0014 0361     		str	r3, [r0, #16]
  47:Core/Src/usart.c ****   huart1.Init.Mode = UART_MODE_TX_RX;
  57              		.loc 1 47 3 is_stmt 1 view .LVU11
  58              		.loc 1 47 20 is_stmt 0 view .LVU12
  59 0016 0C22     		movs	r2, #12
  60 0018 4261     		str	r2, [r0, #20]
  48:Core/Src/usart.c ****   huart1.Init.HwFlowCtl = UART_HWCONTROL_NONE;
  61              		.loc 1 48 3 is_stmt 1 view .LVU13
  62              		.loc 1 48 25 is_stmt 0 view .LVU14
  63 001a 8361     		str	r3, [r0, #24]
  49:Core/Src/usart.c ****   huart1.Init.OverSampling = UART_OVERSAMPLING_16;
  64              		.loc 1 49 3 is_stmt 1 view .LVU15
  65              		.loc 1 49 28 is_stmt 0 view .LVU16
  66 001c C361     		str	r3, [r0, #28]
ARM GAS  C:\Users\xixi\AppData\Local\Temp\ccv6WaK6.s 			page 3


  50:Core/Src/usart.c ****   if (HAL_UART_Init(&huart1) != HAL_OK)
  67              		.loc 1 50 3 is_stmt 1 view .LVU17
  68              		.loc 1 50 7 is_stmt 0 view .LVU18
  69 001e FFF7FEFF 		bl	HAL_UART_Init
  70              	.LVL0:
  71              		.loc 1 50 6 view .LVU19
  72 0022 00B9     		cbnz	r0, .L4
  73              	.L1:
  51:Core/Src/usart.c ****   {
  52:Core/Src/usart.c ****     Error_Handler();
  53:Core/Src/usart.c ****   }
  54:Core/Src/usart.c ****   /* USER CODE BEGIN USART1_Init 2 */
  55:Core/Src/usart.c **** 
  56:Core/Src/usart.c ****   /* USER CODE END USART1_Init 2 */
  57:Core/Src/usart.c **** 
  58:Core/Src/usart.c **** }
  74              		.loc 1 58 1 view .LVU20
  75 0024 08BD     		pop	{r3, pc}
  76              	.L4:
  52:Core/Src/usart.c ****   }
  77              		.loc 1 52 5 is_stmt 1 view .LVU21
  78 0026 FFF7FEFF 		bl	Error_Handler
  79              	.LVL1:
  80              		.loc 1 58 1 is_stmt 0 view .LVU22
  81 002a FBE7     		b	.L1
  82              	.L6:
  83              		.align	2
  84              	.L5:
  85 002c 00000000 		.word	.LANCHOR0
  86 0030 00100140 		.word	1073811456
  87              		.cfi_endproc
  88              	.LFE133:
  90              		.section	.text.HAL_UART_MspInit,"ax",%progbits
  91              		.align	1
  92              		.global	HAL_UART_MspInit
  93              		.syntax unified
  94              		.thumb
  95              		.thumb_func
  97              	HAL_UART_MspInit:
  98              	.LVL2:
  99              	.LFB134:
  59:Core/Src/usart.c **** 
  60:Core/Src/usart.c **** void HAL_UART_MspInit(UART_HandleTypeDef* uartHandle)
  61:Core/Src/usart.c **** {
 100              		.loc 1 61 1 is_stmt 1 view -0
 101              		.cfi_startproc
 102              		@ args = 0, pretend = 0, frame = 32
 103              		@ frame_needed = 0, uses_anonymous_args = 0
 104              		.loc 1 61 1 is_stmt 0 view .LVU24
 105 0000 2DE9F041 		push	{r4, r5, r6, r7, r8, lr}
 106              	.LCFI1:
 107              		.cfi_def_cfa_offset 24
 108              		.cfi_offset 4, -24
 109              		.cfi_offset 5, -20
 110              		.cfi_offset 6, -16
 111              		.cfi_offset 7, -12
 112              		.cfi_offset 8, -8
ARM GAS  C:\Users\xixi\AppData\Local\Temp\ccv6WaK6.s 			page 4


 113              		.cfi_offset 14, -4
 114 0004 88B0     		sub	sp, sp, #32
 115              	.LCFI2:
 116              		.cfi_def_cfa_offset 56
  62:Core/Src/usart.c **** 
  63:Core/Src/usart.c ****   GPIO_InitTypeDef GPIO_InitStruct = {0};
 117              		.loc 1 63 3 is_stmt 1 view .LVU25
 118              		.loc 1 63 20 is_stmt 0 view .LVU26
 119 0006 0023     		movs	r3, #0
 120 0008 0393     		str	r3, [sp, #12]
 121 000a 0493     		str	r3, [sp, #16]
 122 000c 0593     		str	r3, [sp, #20]
 123 000e 0693     		str	r3, [sp, #24]
 124 0010 0793     		str	r3, [sp, #28]
  64:Core/Src/usart.c ****   if(uartHandle->Instance==USART1)
 125              		.loc 1 64 3 is_stmt 1 view .LVU27
 126              		.loc 1 64 16 is_stmt 0 view .LVU28
 127 0012 0268     		ldr	r2, [r0]
 128              		.loc 1 64 5 view .LVU29
 129 0014 03F18043 		add	r3, r3, #1073741824
 130 0018 03F58833 		add	r3, r3, #69632
 131 001c 9A42     		cmp	r2, r3
 132 001e 02D0     		beq	.L11
 133              	.LVL3:
 134              	.L7:
  65:Core/Src/usart.c ****   {
  66:Core/Src/usart.c ****   /* USER CODE BEGIN USART1_MspInit 0 */
  67:Core/Src/usart.c **** 
  68:Core/Src/usart.c ****   /* USER CODE END USART1_MspInit 0 */
  69:Core/Src/usart.c ****     /* USART1 clock enable */
  70:Core/Src/usart.c ****     __HAL_RCC_USART1_CLK_ENABLE();
  71:Core/Src/usart.c **** 
  72:Core/Src/usart.c ****     __HAL_RCC_GPIOB_CLK_ENABLE();
  73:Core/Src/usart.c ****     __HAL_RCC_GPIOA_CLK_ENABLE();
  74:Core/Src/usart.c ****     /**USART1 GPIO Configuration
  75:Core/Src/usart.c ****     PB7     ------> USART1_RX
  76:Core/Src/usart.c ****     PA9     ------> USART1_TX
  77:Core/Src/usart.c ****     */
  78:Core/Src/usart.c ****     GPIO_InitStruct.Pin = GPIO_PIN_7;
  79:Core/Src/usart.c ****     GPIO_InitStruct.Mode = GPIO_MODE_AF_PP;
  80:Core/Src/usart.c ****     GPIO_InitStruct.Pull = GPIO_NOPULL;
  81:Core/Src/usart.c ****     GPIO_InitStruct.Speed = GPIO_SPEED_FREQ_VERY_HIGH;
  82:Core/Src/usart.c ****     GPIO_InitStruct.Alternate = GPIO_AF7_USART1;
  83:Core/Src/usart.c ****     HAL_GPIO_Init(GPIOB, &GPIO_InitStruct);
  84:Core/Src/usart.c **** 
  85:Core/Src/usart.c ****     GPIO_InitStruct.Pin = GPIO_PIN_9;
  86:Core/Src/usart.c ****     GPIO_InitStruct.Mode = GPIO_MODE_AF_PP;
  87:Core/Src/usart.c ****     GPIO_InitStruct.Pull = GPIO_NOPULL;
  88:Core/Src/usart.c ****     GPIO_InitStruct.Speed = GPIO_SPEED_FREQ_VERY_HIGH;
  89:Core/Src/usart.c ****     GPIO_InitStruct.Alternate = GPIO_AF7_USART1;
  90:Core/Src/usart.c ****     HAL_GPIO_Init(GPIOA, &GPIO_InitStruct);
  91:Core/Src/usart.c **** 
  92:Core/Src/usart.c ****     /* USART1 DMA Init */
  93:Core/Src/usart.c ****     /* USART1_TX Init */
  94:Core/Src/usart.c ****     hdma_usart1_tx.Instance = DMA2_Stream7;
  95:Core/Src/usart.c ****     hdma_usart1_tx.Init.Channel = DMA_CHANNEL_4;
  96:Core/Src/usart.c ****     hdma_usart1_tx.Init.Direction = DMA_MEMORY_TO_PERIPH;
ARM GAS  C:\Users\xixi\AppData\Local\Temp\ccv6WaK6.s 			page 5


  97:Core/Src/usart.c ****     hdma_usart1_tx.Init.PeriphInc = DMA_PINC_DISABLE;
  98:Core/Src/usart.c ****     hdma_usart1_tx.Init.MemInc = DMA_MINC_ENABLE;
  99:Core/Src/usart.c ****     hdma_usart1_tx.Init.PeriphDataAlignment = DMA_PDATAALIGN_BYTE;
 100:Core/Src/usart.c ****     hdma_usart1_tx.Init.MemDataAlignment = DMA_MDATAALIGN_BYTE;
 101:Core/Src/usart.c ****     hdma_usart1_tx.Init.Mode = DMA_NORMAL;
 102:Core/Src/usart.c ****     hdma_usart1_tx.Init.Priority = DMA_PRIORITY_VERY_HIGH;
 103:Core/Src/usart.c ****     hdma_usart1_tx.Init.FIFOMode = DMA_FIFOMODE_DISABLE;
 104:Core/Src/usart.c ****     if (HAL_DMA_Init(&hdma_usart1_tx) != HAL_OK)
 105:Core/Src/usart.c ****     {
 106:Core/Src/usart.c ****       Error_Handler();
 107:Core/Src/usart.c ****     }
 108:Core/Src/usart.c **** 
 109:Core/Src/usart.c ****     __HAL_LINKDMA(uartHandle,hdmatx,hdma_usart1_tx);
 110:Core/Src/usart.c **** 
 111:Core/Src/usart.c ****     /* USART1 interrupt Init */
 112:Core/Src/usart.c ****     HAL_NVIC_SetPriority(USART1_IRQn, 0, 0);
 113:Core/Src/usart.c ****     HAL_NVIC_EnableIRQ(USART1_IRQn);
 114:Core/Src/usart.c ****   /* USER CODE BEGIN USART1_MspInit 1 */
 115:Core/Src/usart.c **** 
 116:Core/Src/usart.c ****   /* USER CODE END USART1_MspInit 1 */
 117:Core/Src/usart.c ****   }
 118:Core/Src/usart.c **** }
 135              		.loc 1 118 1 view .LVU30
 136 0020 08B0     		add	sp, sp, #32
 137              	.LCFI3:
 138              		.cfi_remember_state
 139              		.cfi_def_cfa_offset 24
 140              		@ sp needed
 141 0022 BDE8F081 		pop	{r4, r5, r6, r7, r8, pc}
 142              	.LVL4:
 143              	.L11:
 144              	.LCFI4:
 145              		.cfi_restore_state
 146              		.loc 1 118 1 view .LVU31
 147 0026 0446     		mov	r4, r0
  70:Core/Src/usart.c **** 
 148              		.loc 1 70 5 is_stmt 1 view .LVU32
 149              	.LBB2:
  70:Core/Src/usart.c **** 
 150              		.loc 1 70 5 view .LVU33
 151 0028 0025     		movs	r5, #0
 152 002a 0095     		str	r5, [sp]
  70:Core/Src/usart.c **** 
 153              		.loc 1 70 5 view .LVU34
 154 002c 03F59433 		add	r3, r3, #75776
 155 0030 5A6C     		ldr	r2, [r3, #68]
 156 0032 42F01002 		orr	r2, r2, #16
 157 0036 5A64     		str	r2, [r3, #68]
  70:Core/Src/usart.c **** 
 158              		.loc 1 70 5 view .LVU35
 159 0038 5A6C     		ldr	r2, [r3, #68]
 160 003a 02F01002 		and	r2, r2, #16
 161 003e 0092     		str	r2, [sp]
  70:Core/Src/usart.c **** 
 162              		.loc 1 70 5 view .LVU36
 163 0040 009A     		ldr	r2, [sp]
 164              	.LBE2:
ARM GAS  C:\Users\xixi\AppData\Local\Temp\ccv6WaK6.s 			page 6


  70:Core/Src/usart.c **** 
 165              		.loc 1 70 5 view .LVU37
  72:Core/Src/usart.c ****     __HAL_RCC_GPIOA_CLK_ENABLE();
 166              		.loc 1 72 5 view .LVU38
 167              	.LBB3:
  72:Core/Src/usart.c ****     __HAL_RCC_GPIOA_CLK_ENABLE();
 168              		.loc 1 72 5 view .LVU39
 169 0042 0195     		str	r5, [sp, #4]
  72:Core/Src/usart.c ****     __HAL_RCC_GPIOA_CLK_ENABLE();
 170              		.loc 1 72 5 view .LVU40
 171 0044 1A6B     		ldr	r2, [r3, #48]
 172 0046 42F00202 		orr	r2, r2, #2
 173 004a 1A63     		str	r2, [r3, #48]
  72:Core/Src/usart.c ****     __HAL_RCC_GPIOA_CLK_ENABLE();
 174              		.loc 1 72 5 view .LVU41
 175 004c 1A6B     		ldr	r2, [r3, #48]
 176 004e 02F00202 		and	r2, r2, #2
 177 0052 0192     		str	r2, [sp, #4]
  72:Core/Src/usart.c ****     __HAL_RCC_GPIOA_CLK_ENABLE();
 178              		.loc 1 72 5 view .LVU42
 179 0054 019A     		ldr	r2, [sp, #4]
 180              	.LBE3:
  72:Core/Src/usart.c ****     __HAL_RCC_GPIOA_CLK_ENABLE();
 181              		.loc 1 72 5 view .LVU43
  73:Core/Src/usart.c ****     /**USART1 GPIO Configuration
 182              		.loc 1 73 5 view .LVU44
 183              	.LBB4:
  73:Core/Src/usart.c ****     /**USART1 GPIO Configuration
 184              		.loc 1 73 5 view .LVU45
 185 0056 0295     		str	r5, [sp, #8]
  73:Core/Src/usart.c ****     /**USART1 GPIO Configuration
 186              		.loc 1 73 5 view .LVU46
 187 0058 1A6B     		ldr	r2, [r3, #48]
 188 005a 42F00102 		orr	r2, r2, #1
 189 005e 1A63     		str	r2, [r3, #48]
  73:Core/Src/usart.c ****     /**USART1 GPIO Configuration
 190              		.loc 1 73 5 view .LVU47
 191 0060 1B6B     		ldr	r3, [r3, #48]
 192 0062 03F00103 		and	r3, r3, #1
 193 0066 0293     		str	r3, [sp, #8]
  73:Core/Src/usart.c ****     /**USART1 GPIO Configuration
 194              		.loc 1 73 5 view .LVU48
 195 0068 029B     		ldr	r3, [sp, #8]
 196              	.LBE4:
  73:Core/Src/usart.c ****     /**USART1 GPIO Configuration
 197              		.loc 1 73 5 view .LVU49
  78:Core/Src/usart.c ****     GPIO_InitStruct.Mode = GPIO_MODE_AF_PP;
 198              		.loc 1 78 5 view .LVU50
  78:Core/Src/usart.c ****     GPIO_InitStruct.Mode = GPIO_MODE_AF_PP;
 199              		.loc 1 78 25 is_stmt 0 view .LVU51
 200 006a 8023     		movs	r3, #128
 201 006c 0393     		str	r3, [sp, #12]
  79:Core/Src/usart.c ****     GPIO_InitStruct.Pull = GPIO_NOPULL;
 202              		.loc 1 79 5 is_stmt 1 view .LVU52
  79:Core/Src/usart.c ****     GPIO_InitStruct.Pull = GPIO_NOPULL;
 203              		.loc 1 79 26 is_stmt 0 view .LVU53
 204 006e 4FF00208 		mov	r8, #2
ARM GAS  C:\Users\xixi\AppData\Local\Temp\ccv6WaK6.s 			page 7


 205 0072 CDF81080 		str	r8, [sp, #16]
  80:Core/Src/usart.c ****     GPIO_InitStruct.Speed = GPIO_SPEED_FREQ_VERY_HIGH;
 206              		.loc 1 80 5 is_stmt 1 view .LVU54
  81:Core/Src/usart.c ****     GPIO_InitStruct.Alternate = GPIO_AF7_USART1;
 207              		.loc 1 81 5 view .LVU55
  81:Core/Src/usart.c ****     GPIO_InitStruct.Alternate = GPIO_AF7_USART1;
 208              		.loc 1 81 27 is_stmt 0 view .LVU56
 209 0076 0327     		movs	r7, #3
 210 0078 0697     		str	r7, [sp, #24]
  82:Core/Src/usart.c ****     HAL_GPIO_Init(GPIOB, &GPIO_InitStruct);
 211              		.loc 1 82 5 is_stmt 1 view .LVU57
  82:Core/Src/usart.c ****     HAL_GPIO_Init(GPIOB, &GPIO_InitStruct);
 212              		.loc 1 82 31 is_stmt 0 view .LVU58
 213 007a 0726     		movs	r6, #7
 214 007c 0796     		str	r6, [sp, #28]
  83:Core/Src/usart.c **** 
 215              		.loc 1 83 5 is_stmt 1 view .LVU59
 216 007e 03A9     		add	r1, sp, #12
 217 0080 1948     		ldr	r0, .L13
 218              	.LVL5:
  83:Core/Src/usart.c **** 
 219              		.loc 1 83 5 is_stmt 0 view .LVU60
 220 0082 FFF7FEFF 		bl	HAL_GPIO_Init
 221              	.LVL6:
  85:Core/Src/usart.c ****     GPIO_InitStruct.Mode = GPIO_MODE_AF_PP;
 222              		.loc 1 85 5 is_stmt 1 view .LVU61
  85:Core/Src/usart.c ****     GPIO_InitStruct.Mode = GPIO_MODE_AF_PP;
 223              		.loc 1 85 25 is_stmt 0 view .LVU62
 224 0086 4FF40073 		mov	r3, #512
 225 008a 0393     		str	r3, [sp, #12]
  86:Core/Src/usart.c ****     GPIO_InitStruct.Pull = GPIO_NOPULL;
 226              		.loc 1 86 5 is_stmt 1 view .LVU63
  86:Core/Src/usart.c ****     GPIO_InitStruct.Pull = GPIO_NOPULL;
 227              		.loc 1 86 26 is_stmt 0 view .LVU64
 228 008c CDF81080 		str	r8, [sp, #16]
  87:Core/Src/usart.c ****     GPIO_InitStruct.Speed = GPIO_SPEED_FREQ_VERY_HIGH;
 229              		.loc 1 87 5 is_stmt 1 view .LVU65
  87:Core/Src/usart.c ****     GPIO_InitStruct.Speed = GPIO_SPEED_FREQ_VERY_HIGH;
 230              		.loc 1 87 26 is_stmt 0 view .LVU66
 231 0090 0595     		str	r5, [sp, #20]
  88:Core/Src/usart.c ****     GPIO_InitStruct.Alternate = GPIO_AF7_USART1;
 232              		.loc 1 88 5 is_stmt 1 view .LVU67
  88:Core/Src/usart.c ****     GPIO_InitStruct.Alternate = GPIO_AF7_USART1;
 233              		.loc 1 88 27 is_stmt 0 view .LVU68
 234 0092 0697     		str	r7, [sp, #24]
  89:Core/Src/usart.c ****     HAL_GPIO_Init(GPIOA, &GPIO_InitStruct);
 235              		.loc 1 89 5 is_stmt 1 view .LVU69
  89:Core/Src/usart.c ****     HAL_GPIO_Init(GPIOA, &GPIO_InitStruct);
 236              		.loc 1 89 31 is_stmt 0 view .LVU70
 237 0094 0796     		str	r6, [sp, #28]
  90:Core/Src/usart.c **** 
 238              		.loc 1 90 5 is_stmt 1 view .LVU71
 239 0096 03A9     		add	r1, sp, #12
 240 0098 1448     		ldr	r0, .L13+4
 241 009a FFF7FEFF 		bl	HAL_GPIO_Init
 242              	.LVL7:
  94:Core/Src/usart.c ****     hdma_usart1_tx.Init.Channel = DMA_CHANNEL_4;
ARM GAS  C:\Users\xixi\AppData\Local\Temp\ccv6WaK6.s 			page 8


 243              		.loc 1 94 5 view .LVU72
  94:Core/Src/usart.c ****     hdma_usart1_tx.Init.Channel = DMA_CHANNEL_4;
 244              		.loc 1 94 29 is_stmt 0 view .LVU73
 245 009e 1448     		ldr	r0, .L13+8
 246 00a0 144B     		ldr	r3, .L13+12
 247 00a2 0360     		str	r3, [r0]
  95:Core/Src/usart.c ****     hdma_usart1_tx.Init.Direction = DMA_MEMORY_TO_PERIPH;
 248              		.loc 1 95 5 is_stmt 1 view .LVU74
  95:Core/Src/usart.c ****     hdma_usart1_tx.Init.Direction = DMA_MEMORY_TO_PERIPH;
 249              		.loc 1 95 33 is_stmt 0 view .LVU75
 250 00a4 4FF00063 		mov	r3, #134217728
 251 00a8 4360     		str	r3, [r0, #4]
  96:Core/Src/usart.c ****     hdma_usart1_tx.Init.PeriphInc = DMA_PINC_DISABLE;
 252              		.loc 1 96 5 is_stmt 1 view .LVU76
  96:Core/Src/usart.c ****     hdma_usart1_tx.Init.PeriphInc = DMA_PINC_DISABLE;
 253              		.loc 1 96 35 is_stmt 0 view .LVU77
 254 00aa 4023     		movs	r3, #64
 255 00ac 8360     		str	r3, [r0, #8]
  97:Core/Src/usart.c ****     hdma_usart1_tx.Init.MemInc = DMA_MINC_ENABLE;
 256              		.loc 1 97 5 is_stmt 1 view .LVU78
  97:Core/Src/usart.c ****     hdma_usart1_tx.Init.MemInc = DMA_MINC_ENABLE;
 257              		.loc 1 97 35 is_stmt 0 view .LVU79
 258 00ae C560     		str	r5, [r0, #12]
  98:Core/Src/usart.c ****     hdma_usart1_tx.Init.PeriphDataAlignment = DMA_PDATAALIGN_BYTE;
 259              		.loc 1 98 5 is_stmt 1 view .LVU80
  98:Core/Src/usart.c ****     hdma_usart1_tx.Init.PeriphDataAlignment = DMA_PDATAALIGN_BYTE;
 260              		.loc 1 98 32 is_stmt 0 view .LVU81
 261 00b0 4FF48063 		mov	r3, #1024
 262 00b4 0361     		str	r3, [r0, #16]
  99:Core/Src/usart.c ****     hdma_usart1_tx.Init.MemDataAlignment = DMA_MDATAALIGN_BYTE;
 263              		.loc 1 99 5 is_stmt 1 view .LVU82
  99:Core/Src/usart.c ****     hdma_usart1_tx.Init.MemDataAlignment = DMA_MDATAALIGN_BYTE;
 264              		.loc 1 99 45 is_stmt 0 view .LVU83
 265 00b6 4561     		str	r5, [r0, #20]
 100:Core/Src/usart.c ****     hdma_usart1_tx.Init.Mode = DMA_NORMAL;
 266              		.loc 1 100 5 is_stmt 1 view .LVU84
 100:Core/Src/usart.c ****     hdma_usart1_tx.Init.Mode = DMA_NORMAL;
 267              		.loc 1 100 42 is_stmt 0 view .LVU85
 268 00b8 8561     		str	r5, [r0, #24]
 101:Core/Src/usart.c ****     hdma_usart1_tx.Init.Priority = DMA_PRIORITY_VERY_HIGH;
 269              		.loc 1 101 5 is_stmt 1 view .LVU86
 101:Core/Src/usart.c ****     hdma_usart1_tx.Init.Priority = DMA_PRIORITY_VERY_HIGH;
 270              		.loc 1 101 30 is_stmt 0 view .LVU87
 271 00ba C561     		str	r5, [r0, #28]
 102:Core/Src/usart.c ****     hdma_usart1_tx.Init.FIFOMode = DMA_FIFOMODE_DISABLE;
 272              		.loc 1 102 5 is_stmt 1 view .LVU88
 102:Core/Src/usart.c ****     hdma_usart1_tx.Init.FIFOMode = DMA_FIFOMODE_DISABLE;
 273              		.loc 1 102 34 is_stmt 0 view .LVU89
 274 00bc 4FF44033 		mov	r3, #196608
 275 00c0 0362     		str	r3, [r0, #32]
 103:Core/Src/usart.c ****     if (HAL_DMA_Init(&hdma_usart1_tx) != HAL_OK)
 276              		.loc 1 103 5 is_stmt 1 view .LVU90
 103:Core/Src/usart.c ****     if (HAL_DMA_Init(&hdma_usart1_tx) != HAL_OK)
 277              		.loc 1 103 34 is_stmt 0 view .LVU91
 278 00c2 4562     		str	r5, [r0, #36]
 104:Core/Src/usart.c ****     {
 279              		.loc 1 104 5 is_stmt 1 view .LVU92
ARM GAS  C:\Users\xixi\AppData\Local\Temp\ccv6WaK6.s 			page 9


 104:Core/Src/usart.c ****     {
 280              		.loc 1 104 9 is_stmt 0 view .LVU93
 281 00c4 FFF7FEFF 		bl	HAL_DMA_Init
 282              	.LVL8:
 104:Core/Src/usart.c ****     {
 283              		.loc 1 104 8 view .LVU94
 284 00c8 58B9     		cbnz	r0, .L12
 285              	.L9:
 109:Core/Src/usart.c **** 
 286              		.loc 1 109 5 is_stmt 1 view .LVU95
 109:Core/Src/usart.c **** 
 287              		.loc 1 109 5 view .LVU96
 288 00ca 094B     		ldr	r3, .L13+8
 289 00cc 6363     		str	r3, [r4, #52]
 109:Core/Src/usart.c **** 
 290              		.loc 1 109 5 view .LVU97
 291 00ce 9C63     		str	r4, [r3, #56]
 109:Core/Src/usart.c **** 
 292              		.loc 1 109 5 view .LVU98
 112:Core/Src/usart.c ****     HAL_NVIC_EnableIRQ(USART1_IRQn);
 293              		.loc 1 112 5 view .LVU99
 294 00d0 0022     		movs	r2, #0
 295 00d2 1146     		mov	r1, r2
 296 00d4 2520     		movs	r0, #37
 297 00d6 FFF7FEFF 		bl	HAL_NVIC_SetPriority
 298              	.LVL9:
 113:Core/Src/usart.c ****   /* USER CODE BEGIN USART1_MspInit 1 */
 299              		.loc 1 113 5 view .LVU100
 300 00da 2520     		movs	r0, #37
 301 00dc FFF7FEFF 		bl	HAL_NVIC_EnableIRQ
 302              	.LVL10:
 303              		.loc 1 118 1 is_stmt 0 view .LVU101
 304 00e0 9EE7     		b	.L7
 305              	.L12:
 106:Core/Src/usart.c ****     }
 306              		.loc 1 106 7 is_stmt 1 view .LVU102
 307 00e2 FFF7FEFF 		bl	Error_Handler
 308              	.LVL11:
 309 00e6 F0E7     		b	.L9
 310              	.L14:
 311              		.align	2
 312              	.L13:
 313 00e8 00040240 		.word	1073873920
 314 00ec 00000240 		.word	1073872896
 315 00f0 00000000 		.word	.LANCHOR1
 316 00f4 B8640240 		.word	1073898680
 317              		.cfi_endproc
 318              	.LFE134:
 320              		.section	.text.HAL_UART_MspDeInit,"ax",%progbits
 321              		.align	1
 322              		.global	HAL_UART_MspDeInit
 323              		.syntax unified
 324              		.thumb
 325              		.thumb_func
 327              	HAL_UART_MspDeInit:
 328              	.LVL12:
 329              	.LFB135:
ARM GAS  C:\Users\xixi\AppData\Local\Temp\ccv6WaK6.s 			page 10


 119:Core/Src/usart.c **** 
 120:Core/Src/usart.c **** void HAL_UART_MspDeInit(UART_HandleTypeDef* uartHandle)
 121:Core/Src/usart.c **** {
 330              		.loc 1 121 1 view -0
 331              		.cfi_startproc
 332              		@ args = 0, pretend = 0, frame = 0
 333              		@ frame_needed = 0, uses_anonymous_args = 0
 122:Core/Src/usart.c **** 
 123:Core/Src/usart.c ****   if(uartHandle->Instance==USART1)
 334              		.loc 1 123 3 view .LVU104
 335              		.loc 1 123 16 is_stmt 0 view .LVU105
 336 0000 0268     		ldr	r2, [r0]
 337              		.loc 1 123 5 view .LVU106
 338 0002 0D4B     		ldr	r3, .L22
 339 0004 9A42     		cmp	r2, r3
 340 0006 00D0     		beq	.L21
 341 0008 7047     		bx	lr
 342              	.L21:
 121:Core/Src/usart.c **** 
 343              		.loc 1 121 1 view .LVU107
 344 000a 10B5     		push	{r4, lr}
 345              	.LCFI5:
 346              		.cfi_def_cfa_offset 8
 347              		.cfi_offset 4, -8
 348              		.cfi_offset 14, -4
 349 000c 0446     		mov	r4, r0
 124:Core/Src/usart.c ****   {
 125:Core/Src/usart.c ****   /* USER CODE BEGIN USART1_MspDeInit 0 */
 126:Core/Src/usart.c **** 
 127:Core/Src/usart.c ****   /* USER CODE END USART1_MspDeInit 0 */
 128:Core/Src/usart.c ****     /* Peripheral clock disable */
 129:Core/Src/usart.c ****     __HAL_RCC_USART1_CLK_DISABLE();
 350              		.loc 1 129 5 is_stmt 1 view .LVU108
 351 000e 0B4A     		ldr	r2, .L22+4
 352 0010 536C     		ldr	r3, [r2, #68]
 353 0012 23F01003 		bic	r3, r3, #16
 354 0016 5364     		str	r3, [r2, #68]
 130:Core/Src/usart.c **** 
 131:Core/Src/usart.c ****     /**USART1 GPIO Configuration
 132:Core/Src/usart.c ****     PB7     ------> USART1_RX
 133:Core/Src/usart.c ****     PA9     ------> USART1_TX
 134:Core/Src/usart.c ****     */
 135:Core/Src/usart.c ****     HAL_GPIO_DeInit(GPIOB, GPIO_PIN_7);
 355              		.loc 1 135 5 view .LVU109
 356 0018 8021     		movs	r1, #128
 357 001a 0948     		ldr	r0, .L22+8
 358              	.LVL13:
 359              		.loc 1 135 5 is_stmt 0 view .LVU110
 360 001c FFF7FEFF 		bl	HAL_GPIO_DeInit
 361              	.LVL14:
 136:Core/Src/usart.c **** 
 137:Core/Src/usart.c ****     HAL_GPIO_DeInit(GPIOA, GPIO_PIN_9);
 362              		.loc 1 137 5 is_stmt 1 view .LVU111
 363 0020 4FF40071 		mov	r1, #512
 364 0024 0748     		ldr	r0, .L22+12
 365 0026 FFF7FEFF 		bl	HAL_GPIO_DeInit
 366              	.LVL15:
ARM GAS  C:\Users\xixi\AppData\Local\Temp\ccv6WaK6.s 			page 11


 138:Core/Src/usart.c **** 
 139:Core/Src/usart.c ****     /* USART1 DMA DeInit */
 140:Core/Src/usart.c ****     HAL_DMA_DeInit(uartHandle->hdmatx);
 367              		.loc 1 140 5 view .LVU112
 368 002a 606B     		ldr	r0, [r4, #52]
 369 002c FFF7FEFF 		bl	HAL_DMA_DeInit
 370              	.LVL16:
 141:Core/Src/usart.c **** 
 142:Core/Src/usart.c ****     /* USART1 interrupt Deinit */
 143:Core/Src/usart.c ****     HAL_NVIC_DisableIRQ(USART1_IRQn);
 371              		.loc 1 143 5 view .LVU113
 372 0030 2520     		movs	r0, #37
 373 0032 FFF7FEFF 		bl	HAL_NVIC_DisableIRQ
 374              	.LVL17:
 144:Core/Src/usart.c ****   /* USER CODE BEGIN USART1_MspDeInit 1 */
 145:Core/Src/usart.c **** 
 146:Core/Src/usart.c ****   /* USER CODE END USART1_MspDeInit 1 */
 147:Core/Src/usart.c ****   }
 148:Core/Src/usart.c **** }
 375              		.loc 1 148 1 is_stmt 0 view .LVU114
 376 0036 10BD     		pop	{r4, pc}
 377              	.LVL18:
 378              	.L23:
 379              		.loc 1 148 1 view .LVU115
 380              		.align	2
 381              	.L22:
 382 0038 00100140 		.word	1073811456
 383 003c 00380240 		.word	1073887232
 384 0040 00040240 		.word	1073873920
 385 0044 00000240 		.word	1073872896
 386              		.cfi_endproc
 387              	.LFE135:
 389              		.global	hdma_usart1_tx
 390              		.global	huart1
 391              		.section	.bss.hdma_usart1_tx,"aw",%nobits
 392              		.align	2
 393              		.set	.LANCHOR1,. + 0
 396              	hdma_usart1_tx:
 397 0000 00000000 		.space	96
 397      00000000 
 397      00000000 
 397      00000000 
 397      00000000 
 398              		.section	.bss.huart1,"aw",%nobits
 399              		.align	2
 400              		.set	.LANCHOR0,. + 0
 403              	huart1:
 404 0000 00000000 		.space	68
 404      00000000 
 404      00000000 
 404      00000000 
 404      00000000 
 405              		.text
 406              	.Letext0:
 407              		.file 2 "c:\\program files (x86)\\gnu arm embedded toolchain\\10 2021.10\\arm-none-eabi\\include\\
 408              		.file 3 "c:\\program files (x86)\\gnu arm embedded toolchain\\10 2021.10\\arm-none-eabi\\include\\
 409              		.file 4 "Drivers/CMSIS/Device/ST/STM32F4xx/Include/stm32f407xx.h"
ARM GAS  C:\Users\xixi\AppData\Local\Temp\ccv6WaK6.s 			page 12


 410              		.file 5 "Drivers/STM32F4xx_HAL_Driver/Inc/stm32f4xx_hal_def.h"
 411              		.file 6 "Drivers/STM32F4xx_HAL_Driver/Inc/stm32f4xx_hal_gpio.h"
 412              		.file 7 "Drivers/STM32F4xx_HAL_Driver/Inc/stm32f4xx_hal_dma.h"
 413              		.file 8 "Drivers/STM32F4xx_HAL_Driver/Inc/stm32f4xx_hal_uart.h"
 414              		.file 9 "Core/Inc/usart.h"
 415              		.file 10 "Drivers/STM32F4xx_HAL_Driver/Inc/stm32f4xx_hal_cortex.h"
 416              		.file 11 "Core/Inc/main.h"
ARM GAS  C:\Users\xixi\AppData\Local\Temp\ccv6WaK6.s 			page 13


DEFINED SYMBOLS
                            *ABS*:00000000 usart.c
C:\Users\xixi\AppData\Local\Temp\ccv6WaK6.s:20     .text.MX_USART1_UART_Init:00000000 $t
C:\Users\xixi\AppData\Local\Temp\ccv6WaK6.s:26     .text.MX_USART1_UART_Init:00000000 MX_USART1_UART_Init
C:\Users\xixi\AppData\Local\Temp\ccv6WaK6.s:85     .text.MX_USART1_UART_Init:0000002c $d
C:\Users\xixi\AppData\Local\Temp\ccv6WaK6.s:91     .text.HAL_UART_MspInit:00000000 $t
C:\Users\xixi\AppData\Local\Temp\ccv6WaK6.s:97     .text.HAL_UART_MspInit:00000000 HAL_UART_MspInit
C:\Users\xixi\AppData\Local\Temp\ccv6WaK6.s:313    .text.HAL_UART_MspInit:000000e8 $d
C:\Users\xixi\AppData\Local\Temp\ccv6WaK6.s:321    .text.HAL_UART_MspDeInit:00000000 $t
C:\Users\xixi\AppData\Local\Temp\ccv6WaK6.s:327    .text.HAL_UART_MspDeInit:00000000 HAL_UART_MspDeInit
C:\Users\xixi\AppData\Local\Temp\ccv6WaK6.s:382    .text.HAL_UART_MspDeInit:00000038 $d
C:\Users\xixi\AppData\Local\Temp\ccv6WaK6.s:396    .bss.hdma_usart1_tx:00000000 hdma_usart1_tx
C:\Users\xixi\AppData\Local\Temp\ccv6WaK6.s:403    .bss.huart1:00000000 huart1
C:\Users\xixi\AppData\Local\Temp\ccv6WaK6.s:392    .bss.hdma_usart1_tx:00000000 $d
C:\Users\xixi\AppData\Local\Temp\ccv6WaK6.s:399    .bss.huart1:00000000 $d

UNDEFINED SYMBOLS
HAL_UART_Init
Error_Handler
HAL_GPIO_Init
HAL_DMA_Init
HAL_NVIC_SetPriority
HAL_NVIC_EnableIRQ
HAL_GPIO_DeInit
HAL_DMA_DeInit
HAL_NVIC_DisableIRQ
