ARM GAS  C:\Users\xixi\AppData\Local\Temp\ccvIG8lX.s 			page 1


   1              		.cpu cortex-m4
   2              		.arch armv7e-m
   3              		.fpu fpv4-sp-d16
   4              		.eabi_attribute 27, 1
   5              		.eabi_attribute 28, 1
   6              		.eabi_attribute 20, 1
   7              		.eabi_attribute 21, 1
   8              		.eabi_attribute 23, 3
   9              		.eabi_attribute 24, 1
  10              		.eabi_attribute 25, 1
  11              		.eabi_attribute 26, 1
  12              		.eabi_attribute 30, 1
  13              		.eabi_attribute 34, 1
  14              		.eabi_attribute 18, 4
  15              		.file	"main.c"
  16              		.text
  17              	.Ltext0:
  18              		.cfi_sections	.debug_frame
  19              		.section	.text.HAL_TIM_PeriodElapsedCallback,"ax",%progbits
  20              		.align	1
  21              		.global	HAL_TIM_PeriodElapsedCallback
  22              		.syntax unified
  23              		.thumb
  24              		.thumb_func
  26              	HAL_TIM_PeriodElapsedCallback:
  27              	.LVL0:
  28              	.LFB132:
  29              		.file 1 "Core/Src/main.c"
   1:Core/Src/main.c **** /* USER CODE BEGIN Header */
   2:Core/Src/main.c **** /**
   3:Core/Src/main.c ****   ******************************************************************************
   4:Core/Src/main.c ****   * @file           : main.c
   5:Core/Src/main.c ****   * @brief          : Main program body
   6:Core/Src/main.c ****   ******************************************************************************
   7:Core/Src/main.c ****   * @attention
   8:Core/Src/main.c ****   *
   9:Core/Src/main.c ****   * Copyright (c) 2024 STMicroelectronics.
  10:Core/Src/main.c ****   * All rights reserved.
  11:Core/Src/main.c ****   *
  12:Core/Src/main.c ****   * This software is licensed under terms that can be found in the LICENSE file
  13:Core/Src/main.c ****   * in the root directory of this software component.
  14:Core/Src/main.c ****   * If no LICENSE file comes with this software, it is provided AS-IS.
  15:Core/Src/main.c ****   *
  16:Core/Src/main.c ****   ******************************************************************************
  17:Core/Src/main.c ****   */
  18:Core/Src/main.c **** /* USER CODE END Header */
  19:Core/Src/main.c **** /* Includes ------------------------------------------------------------------*/
  20:Core/Src/main.c **** #include "main.h"
  21:Core/Src/main.c **** #include "tim.h"
  22:Core/Src/main.c **** #include "gpio.h"
  23:Core/Src/main.c **** 
  24:Core/Src/main.c **** /* Private includes ----------------------------------------------------------*/
  25:Core/Src/main.c **** /* USER CODE BEGIN Includes */
  26:Core/Src/main.c **** 
  27:Core/Src/main.c **** /* USER CODE END Includes */
  28:Core/Src/main.c **** 
  29:Core/Src/main.c **** /* Private typedef -----------------------------------------------------------*/
ARM GAS  C:\Users\xixi\AppData\Local\Temp\ccvIG8lX.s 			page 2


  30:Core/Src/main.c **** /* USER CODE BEGIN PTD */
  31:Core/Src/main.c **** 
  32:Core/Src/main.c **** /* USER CODE END PTD */
  33:Core/Src/main.c **** 
  34:Core/Src/main.c **** /* Private define ------------------------------------------------------------*/
  35:Core/Src/main.c **** /* USER CODE BEGIN PD */
  36:Core/Src/main.c **** /* USER CODE END PD */
  37:Core/Src/main.c **** 
  38:Core/Src/main.c **** /* Private macro -------------------------------------------------------------*/
  39:Core/Src/main.c **** /* USER CODE BEGIN PM */
  40:Core/Src/main.c **** 
  41:Core/Src/main.c **** /* USER CODE END PM */
  42:Core/Src/main.c **** 
  43:Core/Src/main.c **** /* Private variables ---------------------------------------------------------*/
  44:Core/Src/main.c **** 
  45:Core/Src/main.c **** /* USER CODE BEGIN PV */
  46:Core/Src/main.c **** 
  47:Core/Src/main.c **** /* USER CODE END PV */
  48:Core/Src/main.c **** 
  49:Core/Src/main.c **** /* Private function prototypes -----------------------------------------------*/
  50:Core/Src/main.c **** void SystemClock_Config(void);
  51:Core/Src/main.c **** /* USER CODE BEGIN PFP */
  52:Core/Src/main.c **** 
  53:Core/Src/main.c **** /* USER CODE END PFP */
  54:Core/Src/main.c **** 
  55:Core/Src/main.c **** /* Private user code ---------------------------------------------------------*/
  56:Core/Src/main.c **** /* USER CODE BEGIN 0 */
  57:Core/Src/main.c **** 
  58:Core/Src/main.c **** /* USER CODE END 0 */
  59:Core/Src/main.c **** 
  60:Core/Src/main.c **** /**
  61:Core/Src/main.c ****   * @brief  The application entry point.
  62:Core/Src/main.c ****   * @retval int
  63:Core/Src/main.c ****   */
  64:Core/Src/main.c **** int main(void)
  65:Core/Src/main.c **** {
  66:Core/Src/main.c ****   /* USER CODE BEGIN 1 */
  67:Core/Src/main.c **** 
  68:Core/Src/main.c ****   /* USER CODE END 1 */
  69:Core/Src/main.c **** 
  70:Core/Src/main.c ****   /* MCU Configuration--------------------------------------------------------*/
  71:Core/Src/main.c **** 
  72:Core/Src/main.c ****   /* Reset of all peripherals, Initializes the Flash interface and the Systick. */
  73:Core/Src/main.c ****   HAL_Init();
  74:Core/Src/main.c **** 
  75:Core/Src/main.c ****   /* USER CODE BEGIN Init */
  76:Core/Src/main.c **** 
  77:Core/Src/main.c ****   /* USER CODE END Init */
  78:Core/Src/main.c **** 
  79:Core/Src/main.c ****   /* Configure the system clock */
  80:Core/Src/main.c ****   SystemClock_Config();
  81:Core/Src/main.c **** 
  82:Core/Src/main.c ****   /* USER CODE BEGIN SysInit */
  83:Core/Src/main.c **** 
  84:Core/Src/main.c ****   /* USER CODE END SysInit */
  85:Core/Src/main.c **** 
  86:Core/Src/main.c ****   /* Initialize all configured peripherals */
ARM GAS  C:\Users\xixi\AppData\Local\Temp\ccvIG8lX.s 			page 3


  87:Core/Src/main.c ****   MX_GPIO_Init();
  88:Core/Src/main.c ****   MX_TIM1_Init();
  89:Core/Src/main.c ****   /* USER CODE BEGIN 2 */
  90:Core/Src/main.c **** 
  91:Core/Src/main.c ****   /* USER CODE END 2 */
  92:Core/Src/main.c **** 
  93:Core/Src/main.c ****   /* Infinite loop */
  94:Core/Src/main.c ****   /* USER CODE BEGIN WHILE */
  95:Core/Src/main.c ****   while (1)
  96:Core/Src/main.c ****   {
  97:Core/Src/main.c ****     
  98:Core/Src/main.c ****     /* USER CODE END WHILE */
  99:Core/Src/main.c **** 
 100:Core/Src/main.c ****     /* USER CODE BEGIN 3 */
 101:Core/Src/main.c ****   }
 102:Core/Src/main.c ****   /* USER CODE END 3 */
 103:Core/Src/main.c **** }
 104:Core/Src/main.c **** 
 105:Core/Src/main.c **** /**
 106:Core/Src/main.c ****   * @brief System Clock Configuration
 107:Core/Src/main.c ****   * @retval None
 108:Core/Src/main.c ****   */
 109:Core/Src/main.c **** void SystemClock_Config(void)
 110:Core/Src/main.c **** {
 111:Core/Src/main.c ****   RCC_OscInitTypeDef RCC_OscInitStruct = {0};
 112:Core/Src/main.c ****   RCC_ClkInitTypeDef RCC_ClkInitStruct = {0};
 113:Core/Src/main.c **** 
 114:Core/Src/main.c ****   /** Configure the main internal regulator output voltage
 115:Core/Src/main.c ****   */
 116:Core/Src/main.c ****   __HAL_RCC_PWR_CLK_ENABLE();
 117:Core/Src/main.c ****   __HAL_PWR_VOLTAGESCALING_CONFIG(PWR_REGULATOR_VOLTAGE_SCALE1);
 118:Core/Src/main.c **** 
 119:Core/Src/main.c ****   /** Initializes the RCC Oscillators according to the specified parameters
 120:Core/Src/main.c ****   * in the RCC_OscInitTypeDef structure.
 121:Core/Src/main.c ****   */
 122:Core/Src/main.c ****   RCC_OscInitStruct.OscillatorType = RCC_OSCILLATORTYPE_HSI;
 123:Core/Src/main.c ****   RCC_OscInitStruct.HSIState = RCC_HSI_ON;
 124:Core/Src/main.c ****   RCC_OscInitStruct.HSICalibrationValue = RCC_HSICALIBRATION_DEFAULT;
 125:Core/Src/main.c ****   RCC_OscInitStruct.PLL.PLLState = RCC_PLL_ON;
 126:Core/Src/main.c ****   RCC_OscInitStruct.PLL.PLLSource = RCC_PLLSOURCE_HSI;
 127:Core/Src/main.c ****   RCC_OscInitStruct.PLL.PLLM = 8;
 128:Core/Src/main.c ****   RCC_OscInitStruct.PLL.PLLN = 168;
 129:Core/Src/main.c ****   RCC_OscInitStruct.PLL.PLLP = RCC_PLLP_DIV2;
 130:Core/Src/main.c ****   RCC_OscInitStruct.PLL.PLLQ = 4;
 131:Core/Src/main.c ****   if (HAL_RCC_OscConfig(&RCC_OscInitStruct) != HAL_OK)
 132:Core/Src/main.c ****   {
 133:Core/Src/main.c ****     Error_Handler();
 134:Core/Src/main.c ****   }
 135:Core/Src/main.c **** 
 136:Core/Src/main.c ****   /** Initializes the CPU, AHB and APB buses clocks
 137:Core/Src/main.c ****   */
 138:Core/Src/main.c ****   RCC_ClkInitStruct.ClockType = RCC_CLOCKTYPE_HCLK|RCC_CLOCKTYPE_SYSCLK
 139:Core/Src/main.c ****                               |RCC_CLOCKTYPE_PCLK1|RCC_CLOCKTYPE_PCLK2;
 140:Core/Src/main.c ****   RCC_ClkInitStruct.SYSCLKSource = RCC_SYSCLKSOURCE_PLLCLK;
 141:Core/Src/main.c ****   RCC_ClkInitStruct.AHBCLKDivider = RCC_SYSCLK_DIV1;
 142:Core/Src/main.c ****   RCC_ClkInitStruct.APB1CLKDivider = RCC_HCLK_DIV4;
 143:Core/Src/main.c ****   RCC_ClkInitStruct.APB2CLKDivider = RCC_HCLK_DIV2;
ARM GAS  C:\Users\xixi\AppData\Local\Temp\ccvIG8lX.s 			page 4


 144:Core/Src/main.c **** 
 145:Core/Src/main.c ****   if (HAL_RCC_ClockConfig(&RCC_ClkInitStruct, FLASH_LATENCY_5) != HAL_OK)
 146:Core/Src/main.c ****   {
 147:Core/Src/main.c ****     Error_Handler();
 148:Core/Src/main.c ****   }
 149:Core/Src/main.c **** }
 150:Core/Src/main.c **** 
 151:Core/Src/main.c **** /* USER CODE BEGIN 4 */
 152:Core/Src/main.c **** void HAL_TIM_PeriodElapsedCallback(TIM_HandleTypeDef *htim)
 153:Core/Src/main.c **** {
  30              		.loc 1 153 1 view -0
  31              		.cfi_startproc
  32              		@ args = 0, pretend = 0, frame = 0
  33              		@ frame_needed = 0, uses_anonymous_args = 0
 154:Core/Src/main.c ****   if(htim == &htim1)
  34              		.loc 1 154 3 view .LVU1
  35              		.loc 1 154 5 is_stmt 0 view .LVU2
  36 0000 0A4B     		ldr	r3, .L8
  37 0002 8342     		cmp	r3, r0
  38 0004 00D0     		beq	.L7
  39 0006 7047     		bx	lr
  40              	.L7:
 153:Core/Src/main.c ****   if(htim == &htim1)
  41              		.loc 1 153 1 view .LVU3
  42 0008 10B5     		push	{r4, lr}
  43              	.LCFI0:
  44              		.cfi_def_cfa_offset 8
  45              		.cfi_offset 4, -8
  46              		.cfi_offset 14, -4
 155:Core/Src/main.c ****   {
 156:Core/Src/main.c ****     //1s trigger
 157:Core/Src/main.c ****     HAL_GPIO_TogglePin(LED_R_GPIO_Port, LED_R_Pin);  
  47              		.loc 1 157 5 is_stmt 1 view .LVU4
  48 000a 094C     		ldr	r4, .L8+4
  49 000c 4FF48051 		mov	r1, #4096
  50 0010 2046     		mov	r0, r4
  51              	.LVL1:
  52              		.loc 1 157 5 is_stmt 0 view .LVU5
  53 0012 FFF7FEFF 		bl	HAL_GPIO_TogglePin
  54              	.LVL2:
 158:Core/Src/main.c ****     HAL_GPIO_TogglePin(LED_G_GPIO_Port, LED_G_Pin);  
  55              		.loc 1 158 5 is_stmt 1 view .LVU6
  56 0016 4FF40061 		mov	r1, #2048
  57 001a 2046     		mov	r0, r4
  58 001c FFF7FEFF 		bl	HAL_GPIO_TogglePin
  59              	.LVL3:
 159:Core/Src/main.c ****     HAL_GPIO_TogglePin(LED_B_GPIO_Port, LED_B_Pin);  
  60              		.loc 1 159 5 view .LVU7
  61 0020 4FF48061 		mov	r1, #1024
  62 0024 2046     		mov	r0, r4
  63 0026 FFF7FEFF 		bl	HAL_GPIO_TogglePin
  64              	.LVL4:
 160:Core/Src/main.c ****   }
 161:Core/Src/main.c **** }
  65              		.loc 1 161 1 is_stmt 0 view .LVU8
  66 002a 10BD     		pop	{r4, pc}
  67              	.L9:
ARM GAS  C:\Users\xixi\AppData\Local\Temp\ccvIG8lX.s 			page 5


  68              		.align	2
  69              	.L8:
  70 002c 00000000 		.word	htim1
  71 0030 001C0240 		.word	1073880064
  72              		.cfi_endproc
  73              	.LFE132:
  75              		.section	.text.Error_Handler,"ax",%progbits
  76              		.align	1
  77              		.global	Error_Handler
  78              		.syntax unified
  79              		.thumb
  80              		.thumb_func
  82              	Error_Handler:
  83              	.LFB133:
 162:Core/Src/main.c **** /* USER CODE END 4 */
 163:Core/Src/main.c **** 
 164:Core/Src/main.c **** /**
 165:Core/Src/main.c ****   * @brief  This function is executed in case of error occurrence.
 166:Core/Src/main.c ****   * @retval None
 167:Core/Src/main.c ****   */
 168:Core/Src/main.c **** void Error_Handler(void)
 169:Core/Src/main.c **** {
  84              		.loc 1 169 1 is_stmt 1 view -0
  85              		.cfi_startproc
  86              		@ Volatile: function does not return.
  87              		@ args = 0, pretend = 0, frame = 0
  88              		@ frame_needed = 0, uses_anonymous_args = 0
  89              		@ link register save eliminated.
 170:Core/Src/main.c ****   /* USER CODE BEGIN Error_Handler_Debug */
 171:Core/Src/main.c ****   /* User can add his own implementation to report the HAL error return state */
 172:Core/Src/main.c ****   __disable_irq();
  90              		.loc 1 172 3 view .LVU10
  91              	.LBB4:
  92              	.LBI4:
  93              		.file 2 "Drivers/CMSIS/Include/cmsis_gcc.h"
   1:Drivers/CMSIS/Include/cmsis_gcc.h **** /**************************************************************************//**
   2:Drivers/CMSIS/Include/cmsis_gcc.h ****  * @file     cmsis_gcc.h
   3:Drivers/CMSIS/Include/cmsis_gcc.h ****  * @brief    CMSIS compiler GCC header file
   4:Drivers/CMSIS/Include/cmsis_gcc.h ****  * @version  V5.0.4
   5:Drivers/CMSIS/Include/cmsis_gcc.h ****  * @date     09. April 2018
   6:Drivers/CMSIS/Include/cmsis_gcc.h ****  ******************************************************************************/
   7:Drivers/CMSIS/Include/cmsis_gcc.h **** /*
   8:Drivers/CMSIS/Include/cmsis_gcc.h ****  * Copyright (c) 2009-2018 Arm Limited. All rights reserved.
   9:Drivers/CMSIS/Include/cmsis_gcc.h ****  *
  10:Drivers/CMSIS/Include/cmsis_gcc.h ****  * SPDX-License-Identifier: Apache-2.0
  11:Drivers/CMSIS/Include/cmsis_gcc.h ****  *
  12:Drivers/CMSIS/Include/cmsis_gcc.h ****  * Licensed under the Apache License, Version 2.0 (the License); you may
  13:Drivers/CMSIS/Include/cmsis_gcc.h ****  * not use this file except in compliance with the License.
  14:Drivers/CMSIS/Include/cmsis_gcc.h ****  * You may obtain a copy of the License at
  15:Drivers/CMSIS/Include/cmsis_gcc.h ****  *
  16:Drivers/CMSIS/Include/cmsis_gcc.h ****  * www.apache.org/licenses/LICENSE-2.0
  17:Drivers/CMSIS/Include/cmsis_gcc.h ****  *
  18:Drivers/CMSIS/Include/cmsis_gcc.h ****  * Unless required by applicable law or agreed to in writing, software
  19:Drivers/CMSIS/Include/cmsis_gcc.h ****  * distributed under the License is distributed on an AS IS BASIS, WITHOUT
  20:Drivers/CMSIS/Include/cmsis_gcc.h ****  * WARRANTIES OR CONDITIONS OF ANY KIND, either express or implied.
  21:Drivers/CMSIS/Include/cmsis_gcc.h ****  * See the License for the specific language governing permissions and
  22:Drivers/CMSIS/Include/cmsis_gcc.h ****  * limitations under the License.
ARM GAS  C:\Users\xixi\AppData\Local\Temp\ccvIG8lX.s 			page 6


  23:Drivers/CMSIS/Include/cmsis_gcc.h ****  */
  24:Drivers/CMSIS/Include/cmsis_gcc.h **** 
  25:Drivers/CMSIS/Include/cmsis_gcc.h **** #ifndef __CMSIS_GCC_H
  26:Drivers/CMSIS/Include/cmsis_gcc.h **** #define __CMSIS_GCC_H
  27:Drivers/CMSIS/Include/cmsis_gcc.h **** 
  28:Drivers/CMSIS/Include/cmsis_gcc.h **** /* ignore some GCC warnings */
  29:Drivers/CMSIS/Include/cmsis_gcc.h **** #pragma GCC diagnostic push
  30:Drivers/CMSIS/Include/cmsis_gcc.h **** #pragma GCC diagnostic ignored "-Wsign-conversion"
  31:Drivers/CMSIS/Include/cmsis_gcc.h **** #pragma GCC diagnostic ignored "-Wconversion"
  32:Drivers/CMSIS/Include/cmsis_gcc.h **** #pragma GCC diagnostic ignored "-Wunused-parameter"
  33:Drivers/CMSIS/Include/cmsis_gcc.h **** 
  34:Drivers/CMSIS/Include/cmsis_gcc.h **** /* Fallback for __has_builtin */
  35:Drivers/CMSIS/Include/cmsis_gcc.h **** #ifndef __has_builtin
  36:Drivers/CMSIS/Include/cmsis_gcc.h ****   #define __has_builtin(x) (0)
  37:Drivers/CMSIS/Include/cmsis_gcc.h **** #endif
  38:Drivers/CMSIS/Include/cmsis_gcc.h **** 
  39:Drivers/CMSIS/Include/cmsis_gcc.h **** /* CMSIS compiler specific defines */
  40:Drivers/CMSIS/Include/cmsis_gcc.h **** #ifndef   __ASM
  41:Drivers/CMSIS/Include/cmsis_gcc.h ****   #define __ASM                                  __asm
  42:Drivers/CMSIS/Include/cmsis_gcc.h **** #endif
  43:Drivers/CMSIS/Include/cmsis_gcc.h **** #ifndef   __INLINE
  44:Drivers/CMSIS/Include/cmsis_gcc.h ****   #define __INLINE                               inline
  45:Drivers/CMSIS/Include/cmsis_gcc.h **** #endif
  46:Drivers/CMSIS/Include/cmsis_gcc.h **** #ifndef   __STATIC_INLINE
  47:Drivers/CMSIS/Include/cmsis_gcc.h ****   #define __STATIC_INLINE                        static inline
  48:Drivers/CMSIS/Include/cmsis_gcc.h **** #endif
  49:Drivers/CMSIS/Include/cmsis_gcc.h **** #ifndef   __STATIC_FORCEINLINE                 
  50:Drivers/CMSIS/Include/cmsis_gcc.h ****   #define __STATIC_FORCEINLINE                   __attribute__((always_inline)) static inline
  51:Drivers/CMSIS/Include/cmsis_gcc.h **** #endif                                           
  52:Drivers/CMSIS/Include/cmsis_gcc.h **** #ifndef   __NO_RETURN
  53:Drivers/CMSIS/Include/cmsis_gcc.h ****   #define __NO_RETURN                            __attribute__((__noreturn__))
  54:Drivers/CMSIS/Include/cmsis_gcc.h **** #endif
  55:Drivers/CMSIS/Include/cmsis_gcc.h **** #ifndef   __USED
  56:Drivers/CMSIS/Include/cmsis_gcc.h ****   #define __USED                                 __attribute__((used))
  57:Drivers/CMSIS/Include/cmsis_gcc.h **** #endif
  58:Drivers/CMSIS/Include/cmsis_gcc.h **** #ifndef   __WEAK
  59:Drivers/CMSIS/Include/cmsis_gcc.h ****   #define __WEAK                                 __attribute__((weak))
  60:Drivers/CMSIS/Include/cmsis_gcc.h **** #endif
  61:Drivers/CMSIS/Include/cmsis_gcc.h **** #ifndef   __PACKED
  62:Drivers/CMSIS/Include/cmsis_gcc.h ****   #define __PACKED                               __attribute__((packed, aligned(1)))
  63:Drivers/CMSIS/Include/cmsis_gcc.h **** #endif
  64:Drivers/CMSIS/Include/cmsis_gcc.h **** #ifndef   __PACKED_STRUCT
  65:Drivers/CMSIS/Include/cmsis_gcc.h ****   #define __PACKED_STRUCT                        struct __attribute__((packed, aligned(1)))
  66:Drivers/CMSIS/Include/cmsis_gcc.h **** #endif
  67:Drivers/CMSIS/Include/cmsis_gcc.h **** #ifndef   __PACKED_UNION
  68:Drivers/CMSIS/Include/cmsis_gcc.h ****   #define __PACKED_UNION                         union __attribute__((packed, aligned(1)))
  69:Drivers/CMSIS/Include/cmsis_gcc.h **** #endif
  70:Drivers/CMSIS/Include/cmsis_gcc.h **** #ifndef   __UNALIGNED_UINT32        /* deprecated */
  71:Drivers/CMSIS/Include/cmsis_gcc.h ****   #pragma GCC diagnostic push
  72:Drivers/CMSIS/Include/cmsis_gcc.h ****   #pragma GCC diagnostic ignored "-Wpacked"
  73:Drivers/CMSIS/Include/cmsis_gcc.h ****   #pragma GCC diagnostic ignored "-Wattributes"
  74:Drivers/CMSIS/Include/cmsis_gcc.h ****   struct __attribute__((packed)) T_UINT32 { uint32_t v; };
  75:Drivers/CMSIS/Include/cmsis_gcc.h ****   #pragma GCC diagnostic pop
  76:Drivers/CMSIS/Include/cmsis_gcc.h ****   #define __UNALIGNED_UINT32(x)                  (((struct T_UINT32 *)(x))->v)
  77:Drivers/CMSIS/Include/cmsis_gcc.h **** #endif
  78:Drivers/CMSIS/Include/cmsis_gcc.h **** #ifndef   __UNALIGNED_UINT16_WRITE
  79:Drivers/CMSIS/Include/cmsis_gcc.h ****   #pragma GCC diagnostic push
ARM GAS  C:\Users\xixi\AppData\Local\Temp\ccvIG8lX.s 			page 7


  80:Drivers/CMSIS/Include/cmsis_gcc.h ****   #pragma GCC diagnostic ignored "-Wpacked"
  81:Drivers/CMSIS/Include/cmsis_gcc.h ****   #pragma GCC diagnostic ignored "-Wattributes"
  82:Drivers/CMSIS/Include/cmsis_gcc.h ****   __PACKED_STRUCT T_UINT16_WRITE { uint16_t v; };
  83:Drivers/CMSIS/Include/cmsis_gcc.h ****   #pragma GCC diagnostic pop
  84:Drivers/CMSIS/Include/cmsis_gcc.h ****   #define __UNALIGNED_UINT16_WRITE(addr, val)    (void)((((struct T_UINT16_WRITE *)(void *)(addr))-
  85:Drivers/CMSIS/Include/cmsis_gcc.h **** #endif
  86:Drivers/CMSIS/Include/cmsis_gcc.h **** #ifndef   __UNALIGNED_UINT16_READ
  87:Drivers/CMSIS/Include/cmsis_gcc.h ****   #pragma GCC diagnostic push
  88:Drivers/CMSIS/Include/cmsis_gcc.h ****   #pragma GCC diagnostic ignored "-Wpacked"
  89:Drivers/CMSIS/Include/cmsis_gcc.h ****   #pragma GCC diagnostic ignored "-Wattributes"
  90:Drivers/CMSIS/Include/cmsis_gcc.h ****   __PACKED_STRUCT T_UINT16_READ { uint16_t v; };
  91:Drivers/CMSIS/Include/cmsis_gcc.h ****   #pragma GCC diagnostic pop
  92:Drivers/CMSIS/Include/cmsis_gcc.h ****   #define __UNALIGNED_UINT16_READ(addr)          (((const struct T_UINT16_READ *)(const void *)(add
  93:Drivers/CMSIS/Include/cmsis_gcc.h **** #endif
  94:Drivers/CMSIS/Include/cmsis_gcc.h **** #ifndef   __UNALIGNED_UINT32_WRITE
  95:Drivers/CMSIS/Include/cmsis_gcc.h ****   #pragma GCC diagnostic push
  96:Drivers/CMSIS/Include/cmsis_gcc.h ****   #pragma GCC diagnostic ignored "-Wpacked"
  97:Drivers/CMSIS/Include/cmsis_gcc.h ****   #pragma GCC diagnostic ignored "-Wattributes"
  98:Drivers/CMSIS/Include/cmsis_gcc.h ****   __PACKED_STRUCT T_UINT32_WRITE { uint32_t v; };
  99:Drivers/CMSIS/Include/cmsis_gcc.h ****   #pragma GCC diagnostic pop
 100:Drivers/CMSIS/Include/cmsis_gcc.h ****   #define __UNALIGNED_UINT32_WRITE(addr, val)    (void)((((struct T_UINT32_WRITE *)(void *)(addr))-
 101:Drivers/CMSIS/Include/cmsis_gcc.h **** #endif
 102:Drivers/CMSIS/Include/cmsis_gcc.h **** #ifndef   __UNALIGNED_UINT32_READ
 103:Drivers/CMSIS/Include/cmsis_gcc.h ****   #pragma GCC diagnostic push
 104:Drivers/CMSIS/Include/cmsis_gcc.h ****   #pragma GCC diagnostic ignored "-Wpacked"
 105:Drivers/CMSIS/Include/cmsis_gcc.h ****   #pragma GCC diagnostic ignored "-Wattributes"
 106:Drivers/CMSIS/Include/cmsis_gcc.h ****   __PACKED_STRUCT T_UINT32_READ { uint32_t v; };
 107:Drivers/CMSIS/Include/cmsis_gcc.h ****   #pragma GCC diagnostic pop
 108:Drivers/CMSIS/Include/cmsis_gcc.h ****   #define __UNALIGNED_UINT32_READ(addr)          (((const struct T_UINT32_READ *)(const void *)(add
 109:Drivers/CMSIS/Include/cmsis_gcc.h **** #endif
 110:Drivers/CMSIS/Include/cmsis_gcc.h **** #ifndef   __ALIGNED
 111:Drivers/CMSIS/Include/cmsis_gcc.h ****   #define __ALIGNED(x)                           __attribute__((aligned(x)))
 112:Drivers/CMSIS/Include/cmsis_gcc.h **** #endif
 113:Drivers/CMSIS/Include/cmsis_gcc.h **** #ifndef   __RESTRICT
 114:Drivers/CMSIS/Include/cmsis_gcc.h ****   #define __RESTRICT                             __restrict
 115:Drivers/CMSIS/Include/cmsis_gcc.h **** #endif
 116:Drivers/CMSIS/Include/cmsis_gcc.h **** 
 117:Drivers/CMSIS/Include/cmsis_gcc.h **** 
 118:Drivers/CMSIS/Include/cmsis_gcc.h **** /* ###########################  Core Function Access  ########################### */
 119:Drivers/CMSIS/Include/cmsis_gcc.h **** /** \ingroup  CMSIS_Core_FunctionInterface
 120:Drivers/CMSIS/Include/cmsis_gcc.h ****     \defgroup CMSIS_Core_RegAccFunctions CMSIS Core Register Access Functions
 121:Drivers/CMSIS/Include/cmsis_gcc.h ****   @{
 122:Drivers/CMSIS/Include/cmsis_gcc.h ****  */
 123:Drivers/CMSIS/Include/cmsis_gcc.h **** 
 124:Drivers/CMSIS/Include/cmsis_gcc.h **** /**
 125:Drivers/CMSIS/Include/cmsis_gcc.h ****   \brief   Enable IRQ Interrupts
 126:Drivers/CMSIS/Include/cmsis_gcc.h ****   \details Enables IRQ interrupts by clearing the I-bit in the CPSR.
 127:Drivers/CMSIS/Include/cmsis_gcc.h ****            Can only be executed in Privileged modes.
 128:Drivers/CMSIS/Include/cmsis_gcc.h ****  */
 129:Drivers/CMSIS/Include/cmsis_gcc.h **** __STATIC_FORCEINLINE void __enable_irq(void)
 130:Drivers/CMSIS/Include/cmsis_gcc.h **** {
 131:Drivers/CMSIS/Include/cmsis_gcc.h ****   __ASM volatile ("cpsie i" : : : "memory");
 132:Drivers/CMSIS/Include/cmsis_gcc.h **** }
 133:Drivers/CMSIS/Include/cmsis_gcc.h **** 
 134:Drivers/CMSIS/Include/cmsis_gcc.h **** 
 135:Drivers/CMSIS/Include/cmsis_gcc.h **** /**
 136:Drivers/CMSIS/Include/cmsis_gcc.h ****   \brief   Disable IRQ Interrupts
ARM GAS  C:\Users\xixi\AppData\Local\Temp\ccvIG8lX.s 			page 8


 137:Drivers/CMSIS/Include/cmsis_gcc.h ****   \details Disables IRQ interrupts by setting the I-bit in the CPSR.
 138:Drivers/CMSIS/Include/cmsis_gcc.h ****            Can only be executed in Privileged modes.
 139:Drivers/CMSIS/Include/cmsis_gcc.h ****  */
 140:Drivers/CMSIS/Include/cmsis_gcc.h **** __STATIC_FORCEINLINE void __disable_irq(void)
  94              		.loc 2 140 27 view .LVU11
  95              	.LBB5:
 141:Drivers/CMSIS/Include/cmsis_gcc.h **** {
 142:Drivers/CMSIS/Include/cmsis_gcc.h ****   __ASM volatile ("cpsid i" : : : "memory");
  96              		.loc 2 142 3 view .LVU12
  97              		.syntax unified
  98              	@ 142 "Drivers/CMSIS/Include/cmsis_gcc.h" 1
  99 0000 72B6     		cpsid i
 100              	@ 0 "" 2
 101              		.thumb
 102              		.syntax unified
 103              	.L11:
 104              	.LBE5:
 105              	.LBE4:
 173:Core/Src/main.c ****   while (1)
 106              		.loc 1 173 3 discriminator 1 view .LVU13
 174:Core/Src/main.c ****   {
 175:Core/Src/main.c ****   }
 107              		.loc 1 175 3 discriminator 1 view .LVU14
 173:Core/Src/main.c ****   while (1)
 108              		.loc 1 173 9 discriminator 1 view .LVU15
 109 0002 FEE7     		b	.L11
 110              		.cfi_endproc
 111              	.LFE133:
 113              		.section	.text.SystemClock_Config,"ax",%progbits
 114              		.align	1
 115              		.global	SystemClock_Config
 116              		.syntax unified
 117              		.thumb
 118              		.thumb_func
 120              	SystemClock_Config:
 121              	.LFB131:
 110:Core/Src/main.c ****   RCC_OscInitTypeDef RCC_OscInitStruct = {0};
 122              		.loc 1 110 1 view -0
 123              		.cfi_startproc
 124              		@ args = 0, pretend = 0, frame = 80
 125              		@ frame_needed = 0, uses_anonymous_args = 0
 126 0000 00B5     		push	{lr}
 127              	.LCFI1:
 128              		.cfi_def_cfa_offset 4
 129              		.cfi_offset 14, -4
 130 0002 95B0     		sub	sp, sp, #84
 131              	.LCFI2:
 132              		.cfi_def_cfa_offset 88
 111:Core/Src/main.c ****   RCC_ClkInitTypeDef RCC_ClkInitStruct = {0};
 133              		.loc 1 111 3 view .LVU17
 111:Core/Src/main.c ****   RCC_ClkInitTypeDef RCC_ClkInitStruct = {0};
 134              		.loc 1 111 22 is_stmt 0 view .LVU18
 135 0004 3022     		movs	r2, #48
 136 0006 0021     		movs	r1, #0
 137 0008 08A8     		add	r0, sp, #32
 138 000a FFF7FEFF 		bl	memset
 139              	.LVL5:
ARM GAS  C:\Users\xixi\AppData\Local\Temp\ccvIG8lX.s 			page 9


 112:Core/Src/main.c **** 
 140              		.loc 1 112 3 is_stmt 1 view .LVU19
 112:Core/Src/main.c **** 
 141              		.loc 1 112 22 is_stmt 0 view .LVU20
 142 000e 0023     		movs	r3, #0
 143 0010 0393     		str	r3, [sp, #12]
 144 0012 0493     		str	r3, [sp, #16]
 145 0014 0593     		str	r3, [sp, #20]
 146 0016 0693     		str	r3, [sp, #24]
 147 0018 0793     		str	r3, [sp, #28]
 116:Core/Src/main.c ****   __HAL_PWR_VOLTAGESCALING_CONFIG(PWR_REGULATOR_VOLTAGE_SCALE1);
 148              		.loc 1 116 3 is_stmt 1 view .LVU21
 149              	.LBB6:
 116:Core/Src/main.c ****   __HAL_PWR_VOLTAGESCALING_CONFIG(PWR_REGULATOR_VOLTAGE_SCALE1);
 150              		.loc 1 116 3 view .LVU22
 151 001a 0193     		str	r3, [sp, #4]
 116:Core/Src/main.c ****   __HAL_PWR_VOLTAGESCALING_CONFIG(PWR_REGULATOR_VOLTAGE_SCALE1);
 152              		.loc 1 116 3 view .LVU23
 153 001c 1F4A     		ldr	r2, .L18
 154 001e 116C     		ldr	r1, [r2, #64]
 155 0020 41F08051 		orr	r1, r1, #268435456
 156 0024 1164     		str	r1, [r2, #64]
 116:Core/Src/main.c ****   __HAL_PWR_VOLTAGESCALING_CONFIG(PWR_REGULATOR_VOLTAGE_SCALE1);
 157              		.loc 1 116 3 view .LVU24
 158 0026 126C     		ldr	r2, [r2, #64]
 159 0028 02F08052 		and	r2, r2, #268435456
 160 002c 0192     		str	r2, [sp, #4]
 116:Core/Src/main.c ****   __HAL_PWR_VOLTAGESCALING_CONFIG(PWR_REGULATOR_VOLTAGE_SCALE1);
 161              		.loc 1 116 3 view .LVU25
 162 002e 019A     		ldr	r2, [sp, #4]
 163              	.LBE6:
 116:Core/Src/main.c ****   __HAL_PWR_VOLTAGESCALING_CONFIG(PWR_REGULATOR_VOLTAGE_SCALE1);
 164              		.loc 1 116 3 view .LVU26
 117:Core/Src/main.c **** 
 165              		.loc 1 117 3 view .LVU27
 166              	.LBB7:
 117:Core/Src/main.c **** 
 167              		.loc 1 117 3 view .LVU28
 168 0030 0293     		str	r3, [sp, #8]
 117:Core/Src/main.c **** 
 169              		.loc 1 117 3 view .LVU29
 170 0032 1B4A     		ldr	r2, .L18+4
 171 0034 1168     		ldr	r1, [r2]
 172 0036 41F48041 		orr	r1, r1, #16384
 173 003a 1160     		str	r1, [r2]
 117:Core/Src/main.c **** 
 174              		.loc 1 117 3 view .LVU30
 175 003c 1268     		ldr	r2, [r2]
 176 003e 02F48042 		and	r2, r2, #16384
 177 0042 0292     		str	r2, [sp, #8]
 117:Core/Src/main.c **** 
 178              		.loc 1 117 3 view .LVU31
 179 0044 029A     		ldr	r2, [sp, #8]
 180              	.LBE7:
 117:Core/Src/main.c **** 
 181              		.loc 1 117 3 view .LVU32
 122:Core/Src/main.c ****   RCC_OscInitStruct.HSIState = RCC_HSI_ON;
ARM GAS  C:\Users\xixi\AppData\Local\Temp\ccvIG8lX.s 			page 10


 182              		.loc 1 122 3 view .LVU33
 122:Core/Src/main.c ****   RCC_OscInitStruct.HSIState = RCC_HSI_ON;
 183              		.loc 1 122 36 is_stmt 0 view .LVU34
 184 0046 0222     		movs	r2, #2
 185 0048 0892     		str	r2, [sp, #32]
 123:Core/Src/main.c ****   RCC_OscInitStruct.HSICalibrationValue = RCC_HSICALIBRATION_DEFAULT;
 186              		.loc 1 123 3 is_stmt 1 view .LVU35
 123:Core/Src/main.c ****   RCC_OscInitStruct.HSICalibrationValue = RCC_HSICALIBRATION_DEFAULT;
 187              		.loc 1 123 30 is_stmt 0 view .LVU36
 188 004a 0121     		movs	r1, #1
 189 004c 0B91     		str	r1, [sp, #44]
 124:Core/Src/main.c ****   RCC_OscInitStruct.PLL.PLLState = RCC_PLL_ON;
 190              		.loc 1 124 3 is_stmt 1 view .LVU37
 124:Core/Src/main.c ****   RCC_OscInitStruct.PLL.PLLState = RCC_PLL_ON;
 191              		.loc 1 124 41 is_stmt 0 view .LVU38
 192 004e 1021     		movs	r1, #16
 193 0050 0C91     		str	r1, [sp, #48]
 125:Core/Src/main.c ****   RCC_OscInitStruct.PLL.PLLSource = RCC_PLLSOURCE_HSI;
 194              		.loc 1 125 3 is_stmt 1 view .LVU39
 125:Core/Src/main.c ****   RCC_OscInitStruct.PLL.PLLSource = RCC_PLLSOURCE_HSI;
 195              		.loc 1 125 34 is_stmt 0 view .LVU40
 196 0052 0E92     		str	r2, [sp, #56]
 126:Core/Src/main.c ****   RCC_OscInitStruct.PLL.PLLM = 8;
 197              		.loc 1 126 3 is_stmt 1 view .LVU41
 126:Core/Src/main.c ****   RCC_OscInitStruct.PLL.PLLM = 8;
 198              		.loc 1 126 35 is_stmt 0 view .LVU42
 199 0054 0F93     		str	r3, [sp, #60]
 127:Core/Src/main.c ****   RCC_OscInitStruct.PLL.PLLN = 168;
 200              		.loc 1 127 3 is_stmt 1 view .LVU43
 127:Core/Src/main.c ****   RCC_OscInitStruct.PLL.PLLN = 168;
 201              		.loc 1 127 30 is_stmt 0 view .LVU44
 202 0056 0823     		movs	r3, #8
 203 0058 1093     		str	r3, [sp, #64]
 128:Core/Src/main.c ****   RCC_OscInitStruct.PLL.PLLP = RCC_PLLP_DIV2;
 204              		.loc 1 128 3 is_stmt 1 view .LVU45
 128:Core/Src/main.c ****   RCC_OscInitStruct.PLL.PLLP = RCC_PLLP_DIV2;
 205              		.loc 1 128 30 is_stmt 0 view .LVU46
 206 005a A823     		movs	r3, #168
 207 005c 1193     		str	r3, [sp, #68]
 129:Core/Src/main.c ****   RCC_OscInitStruct.PLL.PLLQ = 4;
 208              		.loc 1 129 3 is_stmt 1 view .LVU47
 129:Core/Src/main.c ****   RCC_OscInitStruct.PLL.PLLQ = 4;
 209              		.loc 1 129 30 is_stmt 0 view .LVU48
 210 005e 1292     		str	r2, [sp, #72]
 130:Core/Src/main.c ****   if (HAL_RCC_OscConfig(&RCC_OscInitStruct) != HAL_OK)
 211              		.loc 1 130 3 is_stmt 1 view .LVU49
 130:Core/Src/main.c ****   if (HAL_RCC_OscConfig(&RCC_OscInitStruct) != HAL_OK)
 212              		.loc 1 130 30 is_stmt 0 view .LVU50
 213 0060 0423     		movs	r3, #4
 214 0062 1393     		str	r3, [sp, #76]
 131:Core/Src/main.c ****   {
 215              		.loc 1 131 3 is_stmt 1 view .LVU51
 131:Core/Src/main.c ****   {
 216              		.loc 1 131 7 is_stmt 0 view .LVU52
 217 0064 08A8     		add	r0, sp, #32
 218 0066 FFF7FEFF 		bl	HAL_RCC_OscConfig
 219              	.LVL6:
ARM GAS  C:\Users\xixi\AppData\Local\Temp\ccvIG8lX.s 			page 11


 131:Core/Src/main.c ****   {
 220              		.loc 1 131 6 view .LVU53
 221 006a 98B9     		cbnz	r0, .L16
 138:Core/Src/main.c ****                               |RCC_CLOCKTYPE_PCLK1|RCC_CLOCKTYPE_PCLK2;
 222              		.loc 1 138 3 is_stmt 1 view .LVU54
 138:Core/Src/main.c ****                               |RCC_CLOCKTYPE_PCLK1|RCC_CLOCKTYPE_PCLK2;
 223              		.loc 1 138 31 is_stmt 0 view .LVU55
 224 006c 0F23     		movs	r3, #15
 225 006e 0393     		str	r3, [sp, #12]
 140:Core/Src/main.c ****   RCC_ClkInitStruct.AHBCLKDivider = RCC_SYSCLK_DIV1;
 226              		.loc 1 140 3 is_stmt 1 view .LVU56
 140:Core/Src/main.c ****   RCC_ClkInitStruct.AHBCLKDivider = RCC_SYSCLK_DIV1;
 227              		.loc 1 140 34 is_stmt 0 view .LVU57
 228 0070 0223     		movs	r3, #2
 229 0072 0493     		str	r3, [sp, #16]
 141:Core/Src/main.c ****   RCC_ClkInitStruct.APB1CLKDivider = RCC_HCLK_DIV4;
 230              		.loc 1 141 3 is_stmt 1 view .LVU58
 141:Core/Src/main.c ****   RCC_ClkInitStruct.APB1CLKDivider = RCC_HCLK_DIV4;
 231              		.loc 1 141 35 is_stmt 0 view .LVU59
 232 0074 0023     		movs	r3, #0
 233 0076 0593     		str	r3, [sp, #20]
 142:Core/Src/main.c ****   RCC_ClkInitStruct.APB2CLKDivider = RCC_HCLK_DIV2;
 234              		.loc 1 142 3 is_stmt 1 view .LVU60
 142:Core/Src/main.c ****   RCC_ClkInitStruct.APB2CLKDivider = RCC_HCLK_DIV2;
 235              		.loc 1 142 36 is_stmt 0 view .LVU61
 236 0078 4FF4A053 		mov	r3, #5120
 237 007c 0693     		str	r3, [sp, #24]
 143:Core/Src/main.c **** 
 238              		.loc 1 143 3 is_stmt 1 view .LVU62
 143:Core/Src/main.c **** 
 239              		.loc 1 143 36 is_stmt 0 view .LVU63
 240 007e 4FF48053 		mov	r3, #4096
 241 0082 0793     		str	r3, [sp, #28]
 145:Core/Src/main.c ****   {
 242              		.loc 1 145 3 is_stmt 1 view .LVU64
 145:Core/Src/main.c ****   {
 243              		.loc 1 145 7 is_stmt 0 view .LVU65
 244 0084 0521     		movs	r1, #5
 245 0086 03A8     		add	r0, sp, #12
 246 0088 FFF7FEFF 		bl	HAL_RCC_ClockConfig
 247              	.LVL7:
 145:Core/Src/main.c ****   {
 248              		.loc 1 145 6 view .LVU66
 249 008c 20B9     		cbnz	r0, .L17
 149:Core/Src/main.c **** 
 250              		.loc 1 149 1 view .LVU67
 251 008e 15B0     		add	sp, sp, #84
 252              	.LCFI3:
 253              		.cfi_remember_state
 254              		.cfi_def_cfa_offset 4
 255              		@ sp needed
 256 0090 5DF804FB 		ldr	pc, [sp], #4
 257              	.L16:
 258              	.LCFI4:
 259              		.cfi_restore_state
 133:Core/Src/main.c ****   }
 260              		.loc 1 133 5 is_stmt 1 view .LVU68
ARM GAS  C:\Users\xixi\AppData\Local\Temp\ccvIG8lX.s 			page 12


 261 0094 FFF7FEFF 		bl	Error_Handler
 262              	.LVL8:
 263              	.L17:
 147:Core/Src/main.c ****   }
 264              		.loc 1 147 5 view .LVU69
 265 0098 FFF7FEFF 		bl	Error_Handler
 266              	.LVL9:
 267              	.L19:
 268              		.align	2
 269              	.L18:
 270 009c 00380240 		.word	1073887232
 271 00a0 00700040 		.word	1073770496
 272              		.cfi_endproc
 273              	.LFE131:
 275              		.section	.text.main,"ax",%progbits
 276              		.align	1
 277              		.global	main
 278              		.syntax unified
 279              		.thumb
 280              		.thumb_func
 282              	main:
 283              	.LFB130:
  65:Core/Src/main.c ****   /* USER CODE BEGIN 1 */
 284              		.loc 1 65 1 view -0
 285              		.cfi_startproc
 286              		@ Volatile: function does not return.
 287              		@ args = 0, pretend = 0, frame = 0
 288              		@ frame_needed = 0, uses_anonymous_args = 0
 289 0000 08B5     		push	{r3, lr}
 290              	.LCFI5:
 291              		.cfi_def_cfa_offset 8
 292              		.cfi_offset 3, -8
 293              		.cfi_offset 14, -4
  73:Core/Src/main.c **** 
 294              		.loc 1 73 3 view .LVU71
 295 0002 FFF7FEFF 		bl	HAL_Init
 296              	.LVL10:
  80:Core/Src/main.c **** 
 297              		.loc 1 80 3 view .LVU72
 298 0006 FFF7FEFF 		bl	SystemClock_Config
 299              	.LVL11:
  87:Core/Src/main.c ****   MX_TIM1_Init();
 300              		.loc 1 87 3 view .LVU73
 301 000a FFF7FEFF 		bl	MX_GPIO_Init
 302              	.LVL12:
  88:Core/Src/main.c ****   /* USER CODE BEGIN 2 */
 303              		.loc 1 88 3 view .LVU74
 304 000e FFF7FEFF 		bl	MX_TIM1_Init
 305              	.LVL13:
 306              	.L21:
  95:Core/Src/main.c ****   {
 307              		.loc 1 95 3 discriminator 1 view .LVU75
 101:Core/Src/main.c ****   /* USER CODE END 3 */
 308              		.loc 1 101 3 discriminator 1 view .LVU76
  95:Core/Src/main.c ****   {
 309              		.loc 1 95 9 discriminator 1 view .LVU77
 310 0012 FEE7     		b	.L21
ARM GAS  C:\Users\xixi\AppData\Local\Temp\ccvIG8lX.s 			page 13


 311              		.cfi_endproc
 312              	.LFE130:
 314              		.text
 315              	.Letext0:
 316              		.file 3 "c:\\program files (x86)\\gnu arm embedded toolchain\\10 2021.10\\arm-none-eabi\\include\\
 317              		.file 4 "c:\\program files (x86)\\gnu arm embedded toolchain\\10 2021.10\\arm-none-eabi\\include\\
 318              		.file 5 "Drivers/CMSIS/Device/ST/STM32F4xx/Include/stm32f407xx.h"
 319              		.file 6 "Drivers/STM32F4xx_HAL_Driver/Inc/stm32f4xx_hal_def.h"
 320              		.file 7 "Drivers/STM32F4xx_HAL_Driver/Inc/stm32f4xx_hal_rcc_ex.h"
 321              		.file 8 "Drivers/STM32F4xx_HAL_Driver/Inc/stm32f4xx_hal_rcc.h"
 322              		.file 9 "Drivers/STM32F4xx_HAL_Driver/Inc/stm32f4xx_hal_dma.h"
 323              		.file 10 "Drivers/STM32F4xx_HAL_Driver/Inc/stm32f4xx_hal_tim.h"
 324              		.file 11 "Drivers/STM32F4xx_HAL_Driver/Inc/stm32f4xx_hal_gpio.h"
 325              		.file 12 "Drivers/STM32F4xx_HAL_Driver/Inc/stm32f4xx_hal.h"
 326              		.file 13 "Core/Inc/gpio.h"
 327              		.file 14 "Core/Inc/tim.h"
 328              		.file 15 "<built-in>"
ARM GAS  C:\Users\xixi\AppData\Local\Temp\ccvIG8lX.s 			page 14


DEFINED SYMBOLS
                            *ABS*:00000000 main.c
C:\Users\xixi\AppData\Local\Temp\ccvIG8lX.s:20     .text.HAL_TIM_PeriodElapsedCallback:00000000 $t
C:\Users\xixi\AppData\Local\Temp\ccvIG8lX.s:26     .text.HAL_TIM_PeriodElapsedCallback:00000000 HAL_TIM_PeriodElapsedCallback
C:\Users\xixi\AppData\Local\Temp\ccvIG8lX.s:70     .text.HAL_TIM_PeriodElapsedCallback:0000002c $d
C:\Users\xixi\AppData\Local\Temp\ccvIG8lX.s:76     .text.Error_Handler:00000000 $t
C:\Users\xixi\AppData\Local\Temp\ccvIG8lX.s:82     .text.Error_Handler:00000000 Error_Handler
C:\Users\xixi\AppData\Local\Temp\ccvIG8lX.s:114    .text.SystemClock_Config:00000000 $t
C:\Users\xixi\AppData\Local\Temp\ccvIG8lX.s:120    .text.SystemClock_Config:00000000 SystemClock_Config
C:\Users\xixi\AppData\Local\Temp\ccvIG8lX.s:270    .text.SystemClock_Config:0000009c $d
C:\Users\xixi\AppData\Local\Temp\ccvIG8lX.s:276    .text.main:00000000 $t
C:\Users\xixi\AppData\Local\Temp\ccvIG8lX.s:282    .text.main:00000000 main

UNDEFINED SYMBOLS
HAL_GPIO_TogglePin
htim1
memset
HAL_RCC_OscConfig
HAL_RCC_ClockConfig
HAL_Init
MX_GPIO_Init
MX_TIM1_Init
