ARM GAS  C:\Users\xixi\AppData\Local\Temp\ccPHQfm9.s 			page 1


   1              		.cpu cortex-m4
   2              		.arch armv7e-m
   3              		.fpu fpv4-sp-d16
   4              		.eabi_attribute 27, 1
   5              		.eabi_attribute 28, 1
   6              		.eabi_attribute 20, 1
   7              		.eabi_attribute 21, 1
   8              		.eabi_attribute 23, 3
   9              		.eabi_attribute 24, 1
  10              		.eabi_attribute 25, 1
  11              		.eabi_attribute 26, 1
  12              		.eabi_attribute 30, 1
  13              		.eabi_attribute 34, 1
  14              		.eabi_attribute 18, 4
  15              		.file	"main.c"
  16              		.text
  17              	.Ltext0:
  18              		.cfi_sections	.debug_frame
  19              		.section	.text.usart_printf,"ax",%progbits
  20              		.align	1
  21              		.global	usart_printf
  22              		.syntax unified
  23              		.thumb
  24              		.thumb_func
  26              	usart_printf:
  27              	.LVL0:
  28              	.LFB133:
  29              		.file 1 "Core/Src/main.c"
   1:Core/Src/main.c **** /* USER CODE BEGIN Header */
   2:Core/Src/main.c **** /**
   3:Core/Src/main.c ****   ******************************************************************************
   4:Core/Src/main.c ****   * @file           : main.c
   5:Core/Src/main.c ****   * @brief          : Main program body
   6:Core/Src/main.c ****   ******************************************************************************
   7:Core/Src/main.c ****   * @attention
   8:Core/Src/main.c ****   *
   9:Core/Src/main.c ****   * Copyright (c) 2024 STMicroelectronics.
  10:Core/Src/main.c ****   * All rights reserved.
  11:Core/Src/main.c ****   *
  12:Core/Src/main.c ****   * This software is licensed under terms that can be found in the LICENSE file
  13:Core/Src/main.c ****   * in the root directory of this software component.
  14:Core/Src/main.c ****   * If no LICENSE file comes with this software, it is provided AS-IS.
  15:Core/Src/main.c ****   *
  16:Core/Src/main.c ****   ******************************************************************************
  17:Core/Src/main.c ****   */
  18:Core/Src/main.c **** /* USER CODE END Header */
  19:Core/Src/main.c **** /* Includes ------------------------------------------------------------------*/
  20:Core/Src/main.c **** #include "main.h"
  21:Core/Src/main.c **** #include "dma.h"
  22:Core/Src/main.c **** #include "usart.h"
  23:Core/Src/main.c **** #include "gpio.h"
  24:Core/Src/main.c **** 
  25:Core/Src/main.c **** /* Private includes ----------------------------------------------------------*/
  26:Core/Src/main.c **** /* USER CODE BEGIN Includes */
  27:Core/Src/main.c **** #include <stdio.h>
  28:Core/Src/main.c **** #include <stdarg.h>
  29:Core/Src/main.c **** #include "string.h"
ARM GAS  C:\Users\xixi\AppData\Local\Temp\ccPHQfm9.s 			page 2


  30:Core/Src/main.c **** /* USER CODE END Includes */
  31:Core/Src/main.c **** 
  32:Core/Src/main.c **** /* Private typedef -----------------------------------------------------------*/
  33:Core/Src/main.c **** /* USER CODE BEGIN PTD */
  34:Core/Src/main.c **** 
  35:Core/Src/main.c **** /* USER CODE END PTD */
  36:Core/Src/main.c **** 
  37:Core/Src/main.c **** /* Private define ------------------------------------------------------------*/
  38:Core/Src/main.c **** /* USER CODE BEGIN PD */
  39:Core/Src/main.c **** /* USER CODE END PD */
  40:Core/Src/main.c **** 
  41:Core/Src/main.c **** /* Private macro -------------------------------------------------------------*/
  42:Core/Src/main.c **** /* USER CODE BEGIN PM */
  43:Core/Src/main.c **** 
  44:Core/Src/main.c **** /* USER CODE END PM */
  45:Core/Src/main.c **** 
  46:Core/Src/main.c **** /* Private variables ---------------------------------------------------------*/
  47:Core/Src/main.c **** 
  48:Core/Src/main.c **** /* USER CODE BEGIN PV */
  49:Core/Src/main.c **** uint8_t RxBuffer[100];
  50:Core/Src/main.c **** uint8_t len;
  51:Core/Src/main.c **** /* USER CODE END PV */
  52:Core/Src/main.c **** 
  53:Core/Src/main.c **** /* Private function prototypes -----------------------------------------------*/
  54:Core/Src/main.c **** void SystemClock_Config(void);
  55:Core/Src/main.c **** /* USER CODE BEGIN PFP */
  56:Core/Src/main.c **** 
  57:Core/Src/main.c **** /* USER CODE END PFP */
  58:Core/Src/main.c **** 
  59:Core/Src/main.c **** /* Private user code ---------------------------------------------------------*/
  60:Core/Src/main.c **** /* USER CODE BEGIN 0 */
  61:Core/Src/main.c **** void usart_printf(const char *fmt,...)
  62:Core/Src/main.c **** {
  30              		.loc 1 62 1 view -0
  31              		.cfi_startproc
  32              		@ args = 4, pretend = 16, frame = 0
  33              		@ frame_needed = 0, uses_anonymous_args = 1
  34              		.loc 1 62 1 is_stmt 0 view .LVU1
  35 0000 0FB4     		push	{r0, r1, r2, r3}
  36              	.LCFI0:
  37              		.cfi_def_cfa_offset 16
  38              		.cfi_offset 0, -16
  39              		.cfi_offset 1, -12
  40              		.cfi_offset 2, -8
  41              		.cfi_offset 3, -4
  42 0002 10B5     		push	{r4, lr}
  43              	.LCFI1:
  44              		.cfi_def_cfa_offset 24
  45              		.cfi_offset 4, -24
  46              		.cfi_offset 14, -20
  47 0004 02AA     		add	r2, sp, #8
  48 0006 52F8041B 		ldr	r1, [r2], #4
  63:Core/Src/main.c ****   static uint8_t tx_buf[256] = {0};
  49              		.loc 1 63 3 is_stmt 1 view .LVU2
  64:Core/Src/main.c ****   static va_list ap;
  50              		.loc 1 64 3 view .LVU3
  65:Core/Src/main.c ****   static uint16_t len;
ARM GAS  C:\Users\xixi\AppData\Local\Temp\ccPHQfm9.s 			page 3


  51              		.loc 1 65 3 view .LVU4
  66:Core/Src/main.c ****   va_start(ap, fmt);
  52              		.loc 1 66 3 view .LVU5
  53 000a 084B     		ldr	r3, .L3
  54 000c 1A60     		str	r2, [r3]
  67:Core/Src/main.c **** 
  68:Core/Src/main.c ****   //return length of string 
  69:Core/Src/main.c ****   //返回字符串长度
  70:Core/Src/main.c ****   len = vsprintf((char *)tx_buf, fmt, ap);
  55              		.loc 1 70 3 view .LVU6
  56              		.loc 1 70 9 is_stmt 0 view .LVU7
  57 000e 084C     		ldr	r4, .L3+4
  58 0010 2046     		mov	r0, r4
  59 0012 FFF7FEFF 		bl	vsprintf
  60              	.LVL1:
  61              		.loc 1 70 7 view .LVU8
  62 0016 82B2     		uxth	r2, r0
  63 0018 064B     		ldr	r3, .L3+8
  64 001a 1A80     		strh	r2, [r3]	@ movhi
  71:Core/Src/main.c **** 
  72:Core/Src/main.c ****   va_end(ap);
  65              		.loc 1 72 3 is_stmt 1 view .LVU9
  73:Core/Src/main.c **** 
  74:Core/Src/main.c ****   HAL_UART_Transmit_DMA(&huart1,tx_buf, len);
  66              		.loc 1 74 3 view .LVU10
  67 001c 2146     		mov	r1, r4
  68 001e 0648     		ldr	r0, .L3+12
  69 0020 FFF7FEFF 		bl	HAL_UART_Transmit_DMA
  70              	.LVL2:
  75:Core/Src/main.c **** 
  76:Core/Src/main.c **** }
  71              		.loc 1 76 1 is_stmt 0 view .LVU11
  72 0024 BDE81040 		pop	{r4, lr}
  73              	.LCFI2:
  74              		.cfi_restore 14
  75              		.cfi_restore 4
  76              		.cfi_def_cfa_offset 16
  77 0028 04B0     		add	sp, sp, #16
  78              	.LCFI3:
  79              		.cfi_restore 3
  80              		.cfi_restore 2
  81              		.cfi_restore 1
  82              		.cfi_restore 0
  83              		.cfi_def_cfa_offset 0
  84 002a 7047     		bx	lr
  85              	.L4:
  86              		.align	2
  87              	.L3:
  88 002c 00000000 		.word	.LANCHOR0
  89 0030 00000000 		.word	.LANCHOR1
  90 0034 00000000 		.word	.LANCHOR2
  91 0038 00000000 		.word	huart1
  92              		.cfi_endproc
  93              	.LFE133:
  95              		.section	.text.Error_Handler,"ax",%progbits
  96              		.align	1
  97              		.global	Error_Handler
ARM GAS  C:\Users\xixi\AppData\Local\Temp\ccPHQfm9.s 			page 4


  98              		.syntax unified
  99              		.thumb
 100              		.thumb_func
 102              	Error_Handler:
 103              	.LFB136:
  77:Core/Src/main.c **** /* USER CODE END 0 */
  78:Core/Src/main.c **** 
  79:Core/Src/main.c **** /**
  80:Core/Src/main.c ****   * @brief  The application entry point.
  81:Core/Src/main.c ****   * @retval int
  82:Core/Src/main.c ****   */
  83:Core/Src/main.c **** int main(void)
  84:Core/Src/main.c **** {
  85:Core/Src/main.c ****   /* USER CODE BEGIN 1 */
  86:Core/Src/main.c **** 
  87:Core/Src/main.c ****   /* USER CODE END 1 */
  88:Core/Src/main.c **** 
  89:Core/Src/main.c ****   /* MCU Configuration--------------------------------------------------------*/
  90:Core/Src/main.c **** 
  91:Core/Src/main.c ****   /* Reset of all peripherals, Initializes the Flash interface and the Systick. */
  92:Core/Src/main.c ****   HAL_Init();
  93:Core/Src/main.c **** 
  94:Core/Src/main.c ****   /* USER CODE BEGIN Init */
  95:Core/Src/main.c **** 
  96:Core/Src/main.c ****   /* USER CODE END Init */
  97:Core/Src/main.c **** 
  98:Core/Src/main.c ****   /* Configure the system clock */
  99:Core/Src/main.c ****   SystemClock_Config();
 100:Core/Src/main.c **** 
 101:Core/Src/main.c ****   /* USER CODE BEGIN SysInit */
 102:Core/Src/main.c **** 
 103:Core/Src/main.c ****   /* USER CODE END SysInit */
 104:Core/Src/main.c **** 
 105:Core/Src/main.c ****   /* Initialize all configured peripherals */
 106:Core/Src/main.c ****   MX_GPIO_Init();
 107:Core/Src/main.c ****   MX_DMA_Init();
 108:Core/Src/main.c ****   MX_USART1_UART_Init();
 109:Core/Src/main.c ****   /* USER CODE BEGIN 2 */
 110:Core/Src/main.c ****   //enable receive interrupt and idle interrupt
 111:Core/Src/main.c ****   //使能接收中断和空闲中断
 112:Core/Src/main.c ****   __HAL_UART_ENABLE_IT(&huart1, UART_IT_RXNE);  //receive interrupt
 113:Core/Src/main.c ****   __HAL_UART_ENABLE_IT(&huart1, UART_IT_IDLE);  //idle interrupt
 114:Core/Src/main.c ****   /* USER CODE END 2 */
 115:Core/Src/main.c **** 
 116:Core/Src/main.c ****   /* Infinite loop */
 117:Core/Src/main.c ****   /* USER CODE BEGIN WHILE */
 118:Core/Src/main.c ****   while (1)
 119:Core/Src/main.c ****   {
 120:Core/Src/main.c ****     HAL_GPIO_WritePin(LED_R_GPIO_Port, LED_R_Pin, GPIO_PIN_SET);
 121:Core/Src/main.c ****     HAL_GPIO_WritePin(LED_G_GPIO_Port, LED_G_Pin, GPIO_PIN_SET);
 122:Core/Src/main.c ****     HAL_GPIO_WritePin(LED_B_GPIO_Port, LED_B_Pin, GPIO_PIN_SET);
 123:Core/Src/main.c ****     HAL_Delay(500);
 124:Core/Src/main.c ****     HAL_GPIO_WritePin(LED_R_GPIO_Port, LED_R_Pin, GPIO_PIN_RESET);
 125:Core/Src/main.c ****     HAL_GPIO_WritePin(LED_G_GPIO_Port, LED_G_Pin, GPIO_PIN_RESET);
 126:Core/Src/main.c ****     HAL_GPIO_WritePin(LED_B_GPIO_Port, LED_B_Pin, GPIO_PIN_RESET);
 127:Core/Src/main.c ****     HAL_Delay(500);
 128:Core/Src/main.c ****     /* USER CODE END WHILE */
ARM GAS  C:\Users\xixi\AppData\Local\Temp\ccPHQfm9.s 			page 5


 129:Core/Src/main.c **** 
 130:Core/Src/main.c ****     /* USER CODE BEGIN 3 */
 131:Core/Src/main.c ****     usart_printf("%s\r\n","hello world!");
 132:Core/Src/main.c ****   }
 133:Core/Src/main.c ****   /* USER CODE END 3 */
 134:Core/Src/main.c **** }
 135:Core/Src/main.c **** 
 136:Core/Src/main.c **** /**
 137:Core/Src/main.c ****   * @brief System Clock Configuration
 138:Core/Src/main.c ****   * @retval None
 139:Core/Src/main.c ****   */
 140:Core/Src/main.c **** void SystemClock_Config(void)
 141:Core/Src/main.c **** {
 142:Core/Src/main.c ****   RCC_OscInitTypeDef RCC_OscInitStruct = {0};
 143:Core/Src/main.c ****   RCC_ClkInitTypeDef RCC_ClkInitStruct = {0};
 144:Core/Src/main.c **** 
 145:Core/Src/main.c ****   /** Configure the main internal regulator output voltage
 146:Core/Src/main.c ****   */
 147:Core/Src/main.c ****   __HAL_RCC_PWR_CLK_ENABLE();
 148:Core/Src/main.c ****   __HAL_PWR_VOLTAGESCALING_CONFIG(PWR_REGULATOR_VOLTAGE_SCALE1);
 149:Core/Src/main.c **** 
 150:Core/Src/main.c ****   /** Initializes the RCC Oscillators according to the specified parameters
 151:Core/Src/main.c ****   * in the RCC_OscInitTypeDef structure.
 152:Core/Src/main.c ****   */
 153:Core/Src/main.c ****   RCC_OscInitStruct.OscillatorType = RCC_OSCILLATORTYPE_HSI;
 154:Core/Src/main.c ****   RCC_OscInitStruct.HSIState = RCC_HSI_ON;
 155:Core/Src/main.c ****   RCC_OscInitStruct.HSICalibrationValue = RCC_HSICALIBRATION_DEFAULT;
 156:Core/Src/main.c ****   RCC_OscInitStruct.PLL.PLLState = RCC_PLL_ON;
 157:Core/Src/main.c ****   RCC_OscInitStruct.PLL.PLLSource = RCC_PLLSOURCE_HSI;
 158:Core/Src/main.c ****   RCC_OscInitStruct.PLL.PLLM = 8;
 159:Core/Src/main.c ****   RCC_OscInitStruct.PLL.PLLN = 168;
 160:Core/Src/main.c ****   RCC_OscInitStruct.PLL.PLLP = RCC_PLLP_DIV2;
 161:Core/Src/main.c ****   RCC_OscInitStruct.PLL.PLLQ = 4;
 162:Core/Src/main.c ****   if (HAL_RCC_OscConfig(&RCC_OscInitStruct) != HAL_OK)
 163:Core/Src/main.c ****   {
 164:Core/Src/main.c ****     Error_Handler();
 165:Core/Src/main.c ****   }
 166:Core/Src/main.c **** 
 167:Core/Src/main.c ****   /** Initializes the CPU, AHB and APB buses clocks
 168:Core/Src/main.c ****   */
 169:Core/Src/main.c ****   RCC_ClkInitStruct.ClockType = RCC_CLOCKTYPE_HCLK|RCC_CLOCKTYPE_SYSCLK
 170:Core/Src/main.c ****                               |RCC_CLOCKTYPE_PCLK1|RCC_CLOCKTYPE_PCLK2;
 171:Core/Src/main.c ****   RCC_ClkInitStruct.SYSCLKSource = RCC_SYSCLKSOURCE_PLLCLK;
 172:Core/Src/main.c ****   RCC_ClkInitStruct.AHBCLKDivider = RCC_SYSCLK_DIV1;
 173:Core/Src/main.c ****   RCC_ClkInitStruct.APB1CLKDivider = RCC_HCLK_DIV4;
 174:Core/Src/main.c ****   RCC_ClkInitStruct.APB2CLKDivider = RCC_HCLK_DIV2;
 175:Core/Src/main.c **** 
 176:Core/Src/main.c ****   if (HAL_RCC_ClockConfig(&RCC_ClkInitStruct, FLASH_LATENCY_5) != HAL_OK)
 177:Core/Src/main.c ****   {
 178:Core/Src/main.c ****     Error_Handler();
 179:Core/Src/main.c ****   }
 180:Core/Src/main.c **** }
 181:Core/Src/main.c **** 
 182:Core/Src/main.c **** /* USER CODE BEGIN 4 */
 183:Core/Src/main.c **** 
 184:Core/Src/main.c **** /* USER CODE END 4 */
 185:Core/Src/main.c **** 
ARM GAS  C:\Users\xixi\AppData\Local\Temp\ccPHQfm9.s 			page 6


 186:Core/Src/main.c **** /**
 187:Core/Src/main.c ****   * @brief  This function is executed in case of error occurrence.
 188:Core/Src/main.c ****   * @retval None
 189:Core/Src/main.c ****   */
 190:Core/Src/main.c **** void Error_Handler(void)
 191:Core/Src/main.c **** {
 104              		.loc 1 191 1 is_stmt 1 view -0
 105              		.cfi_startproc
 106              		@ Volatile: function does not return.
 107              		@ args = 0, pretend = 0, frame = 0
 108              		@ frame_needed = 0, uses_anonymous_args = 0
 109              		@ link register save eliminated.
 192:Core/Src/main.c ****   /* USER CODE BEGIN Error_Handler_Debug */
 193:Core/Src/main.c ****   /* User can add his own implementation to report the HAL error return state */
 194:Core/Src/main.c ****   __disable_irq();
 110              		.loc 1 194 3 view .LVU13
 111              	.LBB4:
 112              	.LBI4:
 113              		.file 2 "Drivers/CMSIS/Include/cmsis_gcc.h"
   1:Drivers/CMSIS/Include/cmsis_gcc.h **** /**************************************************************************//**
   2:Drivers/CMSIS/Include/cmsis_gcc.h ****  * @file     cmsis_gcc.h
   3:Drivers/CMSIS/Include/cmsis_gcc.h ****  * @brief    CMSIS compiler GCC header file
   4:Drivers/CMSIS/Include/cmsis_gcc.h ****  * @version  V5.0.4
   5:Drivers/CMSIS/Include/cmsis_gcc.h ****  * @date     09. April 2018
   6:Drivers/CMSIS/Include/cmsis_gcc.h ****  ******************************************************************************/
   7:Drivers/CMSIS/Include/cmsis_gcc.h **** /*
   8:Drivers/CMSIS/Include/cmsis_gcc.h ****  * Copyright (c) 2009-2018 Arm Limited. All rights reserved.
   9:Drivers/CMSIS/Include/cmsis_gcc.h ****  *
  10:Drivers/CMSIS/Include/cmsis_gcc.h ****  * SPDX-License-Identifier: Apache-2.0
  11:Drivers/CMSIS/Include/cmsis_gcc.h ****  *
  12:Drivers/CMSIS/Include/cmsis_gcc.h ****  * Licensed under the Apache License, Version 2.0 (the License); you may
  13:Drivers/CMSIS/Include/cmsis_gcc.h ****  * not use this file except in compliance with the License.
  14:Drivers/CMSIS/Include/cmsis_gcc.h ****  * You may obtain a copy of the License at
  15:Drivers/CMSIS/Include/cmsis_gcc.h ****  *
  16:Drivers/CMSIS/Include/cmsis_gcc.h ****  * www.apache.org/licenses/LICENSE-2.0
  17:Drivers/CMSIS/Include/cmsis_gcc.h ****  *
  18:Drivers/CMSIS/Include/cmsis_gcc.h ****  * Unless required by applicable law or agreed to in writing, software
  19:Drivers/CMSIS/Include/cmsis_gcc.h ****  * distributed under the License is distributed on an AS IS BASIS, WITHOUT
  20:Drivers/CMSIS/Include/cmsis_gcc.h ****  * WARRANTIES OR CONDITIONS OF ANY KIND, either express or implied.
  21:Drivers/CMSIS/Include/cmsis_gcc.h ****  * See the License for the specific language governing permissions and
  22:Drivers/CMSIS/Include/cmsis_gcc.h ****  * limitations under the License.
  23:Drivers/CMSIS/Include/cmsis_gcc.h ****  */
  24:Drivers/CMSIS/Include/cmsis_gcc.h **** 
  25:Drivers/CMSIS/Include/cmsis_gcc.h **** #ifndef __CMSIS_GCC_H
  26:Drivers/CMSIS/Include/cmsis_gcc.h **** #define __CMSIS_GCC_H
  27:Drivers/CMSIS/Include/cmsis_gcc.h **** 
  28:Drivers/CMSIS/Include/cmsis_gcc.h **** /* ignore some GCC warnings */
  29:Drivers/CMSIS/Include/cmsis_gcc.h **** #pragma GCC diagnostic push
  30:Drivers/CMSIS/Include/cmsis_gcc.h **** #pragma GCC diagnostic ignored "-Wsign-conversion"
  31:Drivers/CMSIS/Include/cmsis_gcc.h **** #pragma GCC diagnostic ignored "-Wconversion"
  32:Drivers/CMSIS/Include/cmsis_gcc.h **** #pragma GCC diagnostic ignored "-Wunused-parameter"
  33:Drivers/CMSIS/Include/cmsis_gcc.h **** 
  34:Drivers/CMSIS/Include/cmsis_gcc.h **** /* Fallback for __has_builtin */
  35:Drivers/CMSIS/Include/cmsis_gcc.h **** #ifndef __has_builtin
  36:Drivers/CMSIS/Include/cmsis_gcc.h ****   #define __has_builtin(x) (0)
  37:Drivers/CMSIS/Include/cmsis_gcc.h **** #endif
  38:Drivers/CMSIS/Include/cmsis_gcc.h **** 
ARM GAS  C:\Users\xixi\AppData\Local\Temp\ccPHQfm9.s 			page 7


  39:Drivers/CMSIS/Include/cmsis_gcc.h **** /* CMSIS compiler specific defines */
  40:Drivers/CMSIS/Include/cmsis_gcc.h **** #ifndef   __ASM
  41:Drivers/CMSIS/Include/cmsis_gcc.h ****   #define __ASM                                  __asm
  42:Drivers/CMSIS/Include/cmsis_gcc.h **** #endif
  43:Drivers/CMSIS/Include/cmsis_gcc.h **** #ifndef   __INLINE
  44:Drivers/CMSIS/Include/cmsis_gcc.h ****   #define __INLINE                               inline
  45:Drivers/CMSIS/Include/cmsis_gcc.h **** #endif
  46:Drivers/CMSIS/Include/cmsis_gcc.h **** #ifndef   __STATIC_INLINE
  47:Drivers/CMSIS/Include/cmsis_gcc.h ****   #define __STATIC_INLINE                        static inline
  48:Drivers/CMSIS/Include/cmsis_gcc.h **** #endif
  49:Drivers/CMSIS/Include/cmsis_gcc.h **** #ifndef   __STATIC_FORCEINLINE                 
  50:Drivers/CMSIS/Include/cmsis_gcc.h ****   #define __STATIC_FORCEINLINE                   __attribute__((always_inline)) static inline
  51:Drivers/CMSIS/Include/cmsis_gcc.h **** #endif                                           
  52:Drivers/CMSIS/Include/cmsis_gcc.h **** #ifndef   __NO_RETURN
  53:Drivers/CMSIS/Include/cmsis_gcc.h ****   #define __NO_RETURN                            __attribute__((__noreturn__))
  54:Drivers/CMSIS/Include/cmsis_gcc.h **** #endif
  55:Drivers/CMSIS/Include/cmsis_gcc.h **** #ifndef   __USED
  56:Drivers/CMSIS/Include/cmsis_gcc.h ****   #define __USED                                 __attribute__((used))
  57:Drivers/CMSIS/Include/cmsis_gcc.h **** #endif
  58:Drivers/CMSIS/Include/cmsis_gcc.h **** #ifndef   __WEAK
  59:Drivers/CMSIS/Include/cmsis_gcc.h ****   #define __WEAK                                 __attribute__((weak))
  60:Drivers/CMSIS/Include/cmsis_gcc.h **** #endif
  61:Drivers/CMSIS/Include/cmsis_gcc.h **** #ifndef   __PACKED
  62:Drivers/CMSIS/Include/cmsis_gcc.h ****   #define __PACKED                               __attribute__((packed, aligned(1)))
  63:Drivers/CMSIS/Include/cmsis_gcc.h **** #endif
  64:Drivers/CMSIS/Include/cmsis_gcc.h **** #ifndef   __PACKED_STRUCT
  65:Drivers/CMSIS/Include/cmsis_gcc.h ****   #define __PACKED_STRUCT                        struct __attribute__((packed, aligned(1)))
  66:Drivers/CMSIS/Include/cmsis_gcc.h **** #endif
  67:Drivers/CMSIS/Include/cmsis_gcc.h **** #ifndef   __PACKED_UNION
  68:Drivers/CMSIS/Include/cmsis_gcc.h ****   #define __PACKED_UNION                         union __attribute__((packed, aligned(1)))
  69:Drivers/CMSIS/Include/cmsis_gcc.h **** #endif
  70:Drivers/CMSIS/Include/cmsis_gcc.h **** #ifndef   __UNALIGNED_UINT32        /* deprecated */
  71:Drivers/CMSIS/Include/cmsis_gcc.h ****   #pragma GCC diagnostic push
  72:Drivers/CMSIS/Include/cmsis_gcc.h ****   #pragma GCC diagnostic ignored "-Wpacked"
  73:Drivers/CMSIS/Include/cmsis_gcc.h ****   #pragma GCC diagnostic ignored "-Wattributes"
  74:Drivers/CMSIS/Include/cmsis_gcc.h ****   struct __attribute__((packed)) T_UINT32 { uint32_t v; };
  75:Drivers/CMSIS/Include/cmsis_gcc.h ****   #pragma GCC diagnostic pop
  76:Drivers/CMSIS/Include/cmsis_gcc.h ****   #define __UNALIGNED_UINT32(x)                  (((struct T_UINT32 *)(x))->v)
  77:Drivers/CMSIS/Include/cmsis_gcc.h **** #endif
  78:Drivers/CMSIS/Include/cmsis_gcc.h **** #ifndef   __UNALIGNED_UINT16_WRITE
  79:Drivers/CMSIS/Include/cmsis_gcc.h ****   #pragma GCC diagnostic push
  80:Drivers/CMSIS/Include/cmsis_gcc.h ****   #pragma GCC diagnostic ignored "-Wpacked"
  81:Drivers/CMSIS/Include/cmsis_gcc.h ****   #pragma GCC diagnostic ignored "-Wattributes"
  82:Drivers/CMSIS/Include/cmsis_gcc.h ****   __PACKED_STRUCT T_UINT16_WRITE { uint16_t v; };
  83:Drivers/CMSIS/Include/cmsis_gcc.h ****   #pragma GCC diagnostic pop
  84:Drivers/CMSIS/Include/cmsis_gcc.h ****   #define __UNALIGNED_UINT16_WRITE(addr, val)    (void)((((struct T_UINT16_WRITE *)(void *)(addr))-
  85:Drivers/CMSIS/Include/cmsis_gcc.h **** #endif
  86:Drivers/CMSIS/Include/cmsis_gcc.h **** #ifndef   __UNALIGNED_UINT16_READ
  87:Drivers/CMSIS/Include/cmsis_gcc.h ****   #pragma GCC diagnostic push
  88:Drivers/CMSIS/Include/cmsis_gcc.h ****   #pragma GCC diagnostic ignored "-Wpacked"
  89:Drivers/CMSIS/Include/cmsis_gcc.h ****   #pragma GCC diagnostic ignored "-Wattributes"
  90:Drivers/CMSIS/Include/cmsis_gcc.h ****   __PACKED_STRUCT T_UINT16_READ { uint16_t v; };
  91:Drivers/CMSIS/Include/cmsis_gcc.h ****   #pragma GCC diagnostic pop
  92:Drivers/CMSIS/Include/cmsis_gcc.h ****   #define __UNALIGNED_UINT16_READ(addr)          (((const struct T_UINT16_READ *)(const void *)(add
  93:Drivers/CMSIS/Include/cmsis_gcc.h **** #endif
  94:Drivers/CMSIS/Include/cmsis_gcc.h **** #ifndef   __UNALIGNED_UINT32_WRITE
  95:Drivers/CMSIS/Include/cmsis_gcc.h ****   #pragma GCC diagnostic push
ARM GAS  C:\Users\xixi\AppData\Local\Temp\ccPHQfm9.s 			page 8


  96:Drivers/CMSIS/Include/cmsis_gcc.h ****   #pragma GCC diagnostic ignored "-Wpacked"
  97:Drivers/CMSIS/Include/cmsis_gcc.h ****   #pragma GCC diagnostic ignored "-Wattributes"
  98:Drivers/CMSIS/Include/cmsis_gcc.h ****   __PACKED_STRUCT T_UINT32_WRITE { uint32_t v; };
  99:Drivers/CMSIS/Include/cmsis_gcc.h ****   #pragma GCC diagnostic pop
 100:Drivers/CMSIS/Include/cmsis_gcc.h ****   #define __UNALIGNED_UINT32_WRITE(addr, val)    (void)((((struct T_UINT32_WRITE *)(void *)(addr))-
 101:Drivers/CMSIS/Include/cmsis_gcc.h **** #endif
 102:Drivers/CMSIS/Include/cmsis_gcc.h **** #ifndef   __UNALIGNED_UINT32_READ
 103:Drivers/CMSIS/Include/cmsis_gcc.h ****   #pragma GCC diagnostic push
 104:Drivers/CMSIS/Include/cmsis_gcc.h ****   #pragma GCC diagnostic ignored "-Wpacked"
 105:Drivers/CMSIS/Include/cmsis_gcc.h ****   #pragma GCC diagnostic ignored "-Wattributes"
 106:Drivers/CMSIS/Include/cmsis_gcc.h ****   __PACKED_STRUCT T_UINT32_READ { uint32_t v; };
 107:Drivers/CMSIS/Include/cmsis_gcc.h ****   #pragma GCC diagnostic pop
 108:Drivers/CMSIS/Include/cmsis_gcc.h ****   #define __UNALIGNED_UINT32_READ(addr)          (((const struct T_UINT32_READ *)(const void *)(add
 109:Drivers/CMSIS/Include/cmsis_gcc.h **** #endif
 110:Drivers/CMSIS/Include/cmsis_gcc.h **** #ifndef   __ALIGNED
 111:Drivers/CMSIS/Include/cmsis_gcc.h ****   #define __ALIGNED(x)                           __attribute__((aligned(x)))
 112:Drivers/CMSIS/Include/cmsis_gcc.h **** #endif
 113:Drivers/CMSIS/Include/cmsis_gcc.h **** #ifndef   __RESTRICT
 114:Drivers/CMSIS/Include/cmsis_gcc.h ****   #define __RESTRICT                             __restrict
 115:Drivers/CMSIS/Include/cmsis_gcc.h **** #endif
 116:Drivers/CMSIS/Include/cmsis_gcc.h **** 
 117:Drivers/CMSIS/Include/cmsis_gcc.h **** 
 118:Drivers/CMSIS/Include/cmsis_gcc.h **** /* ###########################  Core Function Access  ########################### */
 119:Drivers/CMSIS/Include/cmsis_gcc.h **** /** \ingroup  CMSIS_Core_FunctionInterface
 120:Drivers/CMSIS/Include/cmsis_gcc.h ****     \defgroup CMSIS_Core_RegAccFunctions CMSIS Core Register Access Functions
 121:Drivers/CMSIS/Include/cmsis_gcc.h ****   @{
 122:Drivers/CMSIS/Include/cmsis_gcc.h ****  */
 123:Drivers/CMSIS/Include/cmsis_gcc.h **** 
 124:Drivers/CMSIS/Include/cmsis_gcc.h **** /**
 125:Drivers/CMSIS/Include/cmsis_gcc.h ****   \brief   Enable IRQ Interrupts
 126:Drivers/CMSIS/Include/cmsis_gcc.h ****   \details Enables IRQ interrupts by clearing the I-bit in the CPSR.
 127:Drivers/CMSIS/Include/cmsis_gcc.h ****            Can only be executed in Privileged modes.
 128:Drivers/CMSIS/Include/cmsis_gcc.h ****  */
 129:Drivers/CMSIS/Include/cmsis_gcc.h **** __STATIC_FORCEINLINE void __enable_irq(void)
 130:Drivers/CMSIS/Include/cmsis_gcc.h **** {
 131:Drivers/CMSIS/Include/cmsis_gcc.h ****   __ASM volatile ("cpsie i" : : : "memory");
 132:Drivers/CMSIS/Include/cmsis_gcc.h **** }
 133:Drivers/CMSIS/Include/cmsis_gcc.h **** 
 134:Drivers/CMSIS/Include/cmsis_gcc.h **** 
 135:Drivers/CMSIS/Include/cmsis_gcc.h **** /**
 136:Drivers/CMSIS/Include/cmsis_gcc.h ****   \brief   Disable IRQ Interrupts
 137:Drivers/CMSIS/Include/cmsis_gcc.h ****   \details Disables IRQ interrupts by setting the I-bit in the CPSR.
 138:Drivers/CMSIS/Include/cmsis_gcc.h ****            Can only be executed in Privileged modes.
 139:Drivers/CMSIS/Include/cmsis_gcc.h ****  */
 140:Drivers/CMSIS/Include/cmsis_gcc.h **** __STATIC_FORCEINLINE void __disable_irq(void)
 114              		.loc 2 140 27 view .LVU14
 115              	.LBB5:
 141:Drivers/CMSIS/Include/cmsis_gcc.h **** {
 142:Drivers/CMSIS/Include/cmsis_gcc.h ****   __ASM volatile ("cpsid i" : : : "memory");
 116              		.loc 2 142 3 view .LVU15
 117              		.syntax unified
 118              	@ 142 "Drivers/CMSIS/Include/cmsis_gcc.h" 1
 119 0000 72B6     		cpsid i
 120              	@ 0 "" 2
 121              		.thumb
 122              		.syntax unified
 123              	.L6:
ARM GAS  C:\Users\xixi\AppData\Local\Temp\ccPHQfm9.s 			page 9


 124              	.LBE5:
 125              	.LBE4:
 195:Core/Src/main.c ****   while (1)
 126              		.loc 1 195 3 discriminator 1 view .LVU16
 196:Core/Src/main.c ****   {
 197:Core/Src/main.c ****   }
 127              		.loc 1 197 3 discriminator 1 view .LVU17
 195:Core/Src/main.c ****   while (1)
 128              		.loc 1 195 9 discriminator 1 view .LVU18
 129 0002 FEE7     		b	.L6
 130              		.cfi_endproc
 131              	.LFE136:
 133              		.section	.text.SystemClock_Config,"ax",%progbits
 134              		.align	1
 135              		.global	SystemClock_Config
 136              		.syntax unified
 137              		.thumb
 138              		.thumb_func
 140              	SystemClock_Config:
 141              	.LFB135:
 141:Core/Src/main.c ****   RCC_OscInitTypeDef RCC_OscInitStruct = {0};
 142              		.loc 1 141 1 view -0
 143              		.cfi_startproc
 144              		@ args = 0, pretend = 0, frame = 80
 145              		@ frame_needed = 0, uses_anonymous_args = 0
 146 0000 00B5     		push	{lr}
 147              	.LCFI4:
 148              		.cfi_def_cfa_offset 4
 149              		.cfi_offset 14, -4
 150 0002 95B0     		sub	sp, sp, #84
 151              	.LCFI5:
 152              		.cfi_def_cfa_offset 88
 142:Core/Src/main.c ****   RCC_ClkInitTypeDef RCC_ClkInitStruct = {0};
 153              		.loc 1 142 3 view .LVU20
 142:Core/Src/main.c ****   RCC_ClkInitTypeDef RCC_ClkInitStruct = {0};
 154              		.loc 1 142 22 is_stmt 0 view .LVU21
 155 0004 3022     		movs	r2, #48
 156 0006 0021     		movs	r1, #0
 157 0008 08A8     		add	r0, sp, #32
 158 000a FFF7FEFF 		bl	memset
 159              	.LVL3:
 143:Core/Src/main.c **** 
 160              		.loc 1 143 3 is_stmt 1 view .LVU22
 143:Core/Src/main.c **** 
 161              		.loc 1 143 22 is_stmt 0 view .LVU23
 162 000e 0023     		movs	r3, #0
 163 0010 0393     		str	r3, [sp, #12]
 164 0012 0493     		str	r3, [sp, #16]
 165 0014 0593     		str	r3, [sp, #20]
 166 0016 0693     		str	r3, [sp, #24]
 167 0018 0793     		str	r3, [sp, #28]
 147:Core/Src/main.c ****   __HAL_PWR_VOLTAGESCALING_CONFIG(PWR_REGULATOR_VOLTAGE_SCALE1);
 168              		.loc 1 147 3 is_stmt 1 view .LVU24
 169              	.LBB6:
 147:Core/Src/main.c ****   __HAL_PWR_VOLTAGESCALING_CONFIG(PWR_REGULATOR_VOLTAGE_SCALE1);
 170              		.loc 1 147 3 view .LVU25
 171 001a 0193     		str	r3, [sp, #4]
ARM GAS  C:\Users\xixi\AppData\Local\Temp\ccPHQfm9.s 			page 10


 147:Core/Src/main.c ****   __HAL_PWR_VOLTAGESCALING_CONFIG(PWR_REGULATOR_VOLTAGE_SCALE1);
 172              		.loc 1 147 3 view .LVU26
 173 001c 1F4A     		ldr	r2, .L13
 174 001e 116C     		ldr	r1, [r2, #64]
 175 0020 41F08051 		orr	r1, r1, #268435456
 176 0024 1164     		str	r1, [r2, #64]
 147:Core/Src/main.c ****   __HAL_PWR_VOLTAGESCALING_CONFIG(PWR_REGULATOR_VOLTAGE_SCALE1);
 177              		.loc 1 147 3 view .LVU27
 178 0026 126C     		ldr	r2, [r2, #64]
 179 0028 02F08052 		and	r2, r2, #268435456
 180 002c 0192     		str	r2, [sp, #4]
 147:Core/Src/main.c ****   __HAL_PWR_VOLTAGESCALING_CONFIG(PWR_REGULATOR_VOLTAGE_SCALE1);
 181              		.loc 1 147 3 view .LVU28
 182 002e 019A     		ldr	r2, [sp, #4]
 183              	.LBE6:
 147:Core/Src/main.c ****   __HAL_PWR_VOLTAGESCALING_CONFIG(PWR_REGULATOR_VOLTAGE_SCALE1);
 184              		.loc 1 147 3 view .LVU29
 148:Core/Src/main.c **** 
 185              		.loc 1 148 3 view .LVU30
 186              	.LBB7:
 148:Core/Src/main.c **** 
 187              		.loc 1 148 3 view .LVU31
 188 0030 0293     		str	r3, [sp, #8]
 148:Core/Src/main.c **** 
 189              		.loc 1 148 3 view .LVU32
 190 0032 1B4A     		ldr	r2, .L13+4
 191 0034 1168     		ldr	r1, [r2]
 192 0036 41F48041 		orr	r1, r1, #16384
 193 003a 1160     		str	r1, [r2]
 148:Core/Src/main.c **** 
 194              		.loc 1 148 3 view .LVU33
 195 003c 1268     		ldr	r2, [r2]
 196 003e 02F48042 		and	r2, r2, #16384
 197 0042 0292     		str	r2, [sp, #8]
 148:Core/Src/main.c **** 
 198              		.loc 1 148 3 view .LVU34
 199 0044 029A     		ldr	r2, [sp, #8]
 200              	.LBE7:
 148:Core/Src/main.c **** 
 201              		.loc 1 148 3 view .LVU35
 153:Core/Src/main.c ****   RCC_OscInitStruct.HSIState = RCC_HSI_ON;
 202              		.loc 1 153 3 view .LVU36
 153:Core/Src/main.c ****   RCC_OscInitStruct.HSIState = RCC_HSI_ON;
 203              		.loc 1 153 36 is_stmt 0 view .LVU37
 204 0046 0222     		movs	r2, #2
 205 0048 0892     		str	r2, [sp, #32]
 154:Core/Src/main.c ****   RCC_OscInitStruct.HSICalibrationValue = RCC_HSICALIBRATION_DEFAULT;
 206              		.loc 1 154 3 is_stmt 1 view .LVU38
 154:Core/Src/main.c ****   RCC_OscInitStruct.HSICalibrationValue = RCC_HSICALIBRATION_DEFAULT;
 207              		.loc 1 154 30 is_stmt 0 view .LVU39
 208 004a 0121     		movs	r1, #1
 209 004c 0B91     		str	r1, [sp, #44]
 155:Core/Src/main.c ****   RCC_OscInitStruct.PLL.PLLState = RCC_PLL_ON;
 210              		.loc 1 155 3 is_stmt 1 view .LVU40
 155:Core/Src/main.c ****   RCC_OscInitStruct.PLL.PLLState = RCC_PLL_ON;
 211              		.loc 1 155 41 is_stmt 0 view .LVU41
 212 004e 1021     		movs	r1, #16
ARM GAS  C:\Users\xixi\AppData\Local\Temp\ccPHQfm9.s 			page 11


 213 0050 0C91     		str	r1, [sp, #48]
 156:Core/Src/main.c ****   RCC_OscInitStruct.PLL.PLLSource = RCC_PLLSOURCE_HSI;
 214              		.loc 1 156 3 is_stmt 1 view .LVU42
 156:Core/Src/main.c ****   RCC_OscInitStruct.PLL.PLLSource = RCC_PLLSOURCE_HSI;
 215              		.loc 1 156 34 is_stmt 0 view .LVU43
 216 0052 0E92     		str	r2, [sp, #56]
 157:Core/Src/main.c ****   RCC_OscInitStruct.PLL.PLLM = 8;
 217              		.loc 1 157 3 is_stmt 1 view .LVU44
 157:Core/Src/main.c ****   RCC_OscInitStruct.PLL.PLLM = 8;
 218              		.loc 1 157 35 is_stmt 0 view .LVU45
 219 0054 0F93     		str	r3, [sp, #60]
 158:Core/Src/main.c ****   RCC_OscInitStruct.PLL.PLLN = 168;
 220              		.loc 1 158 3 is_stmt 1 view .LVU46
 158:Core/Src/main.c ****   RCC_OscInitStruct.PLL.PLLN = 168;
 221              		.loc 1 158 30 is_stmt 0 view .LVU47
 222 0056 0823     		movs	r3, #8
 223 0058 1093     		str	r3, [sp, #64]
 159:Core/Src/main.c ****   RCC_OscInitStruct.PLL.PLLP = RCC_PLLP_DIV2;
 224              		.loc 1 159 3 is_stmt 1 view .LVU48
 159:Core/Src/main.c ****   RCC_OscInitStruct.PLL.PLLP = RCC_PLLP_DIV2;
 225              		.loc 1 159 30 is_stmt 0 view .LVU49
 226 005a A823     		movs	r3, #168
 227 005c 1193     		str	r3, [sp, #68]
 160:Core/Src/main.c ****   RCC_OscInitStruct.PLL.PLLQ = 4;
 228              		.loc 1 160 3 is_stmt 1 view .LVU50
 160:Core/Src/main.c ****   RCC_OscInitStruct.PLL.PLLQ = 4;
 229              		.loc 1 160 30 is_stmt 0 view .LVU51
 230 005e 1292     		str	r2, [sp, #72]
 161:Core/Src/main.c ****   if (HAL_RCC_OscConfig(&RCC_OscInitStruct) != HAL_OK)
 231              		.loc 1 161 3 is_stmt 1 view .LVU52
 161:Core/Src/main.c ****   if (HAL_RCC_OscConfig(&RCC_OscInitStruct) != HAL_OK)
 232              		.loc 1 161 30 is_stmt 0 view .LVU53
 233 0060 0423     		movs	r3, #4
 234 0062 1393     		str	r3, [sp, #76]
 162:Core/Src/main.c ****   {
 235              		.loc 1 162 3 is_stmt 1 view .LVU54
 162:Core/Src/main.c ****   {
 236              		.loc 1 162 7 is_stmt 0 view .LVU55
 237 0064 08A8     		add	r0, sp, #32
 238 0066 FFF7FEFF 		bl	HAL_RCC_OscConfig
 239              	.LVL4:
 162:Core/Src/main.c ****   {
 240              		.loc 1 162 6 view .LVU56
 241 006a 98B9     		cbnz	r0, .L11
 169:Core/Src/main.c ****                               |RCC_CLOCKTYPE_PCLK1|RCC_CLOCKTYPE_PCLK2;
 242              		.loc 1 169 3 is_stmt 1 view .LVU57
 169:Core/Src/main.c ****                               |RCC_CLOCKTYPE_PCLK1|RCC_CLOCKTYPE_PCLK2;
 243              		.loc 1 169 31 is_stmt 0 view .LVU58
 244 006c 0F23     		movs	r3, #15
 245 006e 0393     		str	r3, [sp, #12]
 171:Core/Src/main.c ****   RCC_ClkInitStruct.AHBCLKDivider = RCC_SYSCLK_DIV1;
 246              		.loc 1 171 3 is_stmt 1 view .LVU59
 171:Core/Src/main.c ****   RCC_ClkInitStruct.AHBCLKDivider = RCC_SYSCLK_DIV1;
 247              		.loc 1 171 34 is_stmt 0 view .LVU60
 248 0070 0223     		movs	r3, #2
 249 0072 0493     		str	r3, [sp, #16]
 172:Core/Src/main.c ****   RCC_ClkInitStruct.APB1CLKDivider = RCC_HCLK_DIV4;
ARM GAS  C:\Users\xixi\AppData\Local\Temp\ccPHQfm9.s 			page 12


 250              		.loc 1 172 3 is_stmt 1 view .LVU61
 172:Core/Src/main.c ****   RCC_ClkInitStruct.APB1CLKDivider = RCC_HCLK_DIV4;
 251              		.loc 1 172 35 is_stmt 0 view .LVU62
 252 0074 0023     		movs	r3, #0
 253 0076 0593     		str	r3, [sp, #20]
 173:Core/Src/main.c ****   RCC_ClkInitStruct.APB2CLKDivider = RCC_HCLK_DIV2;
 254              		.loc 1 173 3 is_stmt 1 view .LVU63
 173:Core/Src/main.c ****   RCC_ClkInitStruct.APB2CLKDivider = RCC_HCLK_DIV2;
 255              		.loc 1 173 36 is_stmt 0 view .LVU64
 256 0078 4FF4A053 		mov	r3, #5120
 257 007c 0693     		str	r3, [sp, #24]
 174:Core/Src/main.c **** 
 258              		.loc 1 174 3 is_stmt 1 view .LVU65
 174:Core/Src/main.c **** 
 259              		.loc 1 174 36 is_stmt 0 view .LVU66
 260 007e 4FF48053 		mov	r3, #4096
 261 0082 0793     		str	r3, [sp, #28]
 176:Core/Src/main.c ****   {
 262              		.loc 1 176 3 is_stmt 1 view .LVU67
 176:Core/Src/main.c ****   {
 263              		.loc 1 176 7 is_stmt 0 view .LVU68
 264 0084 0521     		movs	r1, #5
 265 0086 03A8     		add	r0, sp, #12
 266 0088 FFF7FEFF 		bl	HAL_RCC_ClockConfig
 267              	.LVL5:
 176:Core/Src/main.c ****   {
 268              		.loc 1 176 6 view .LVU69
 269 008c 20B9     		cbnz	r0, .L12
 180:Core/Src/main.c **** 
 270              		.loc 1 180 1 view .LVU70
 271 008e 15B0     		add	sp, sp, #84
 272              	.LCFI6:
 273              		.cfi_remember_state
 274              		.cfi_def_cfa_offset 4
 275              		@ sp needed
 276 0090 5DF804FB 		ldr	pc, [sp], #4
 277              	.L11:
 278              	.LCFI7:
 279              		.cfi_restore_state
 164:Core/Src/main.c ****   }
 280              		.loc 1 164 5 is_stmt 1 view .LVU71
 281 0094 FFF7FEFF 		bl	Error_Handler
 282              	.LVL6:
 283              	.L12:
 178:Core/Src/main.c ****   }
 284              		.loc 1 178 5 view .LVU72
 285 0098 FFF7FEFF 		bl	Error_Handler
 286              	.LVL7:
 287              	.L14:
 288              		.align	2
 289              	.L13:
 290 009c 00380240 		.word	1073887232
 291 00a0 00700040 		.word	1073770496
 292              		.cfi_endproc
 293              	.LFE135:
 295              		.section	.rodata.main.str1.4,"aMS",%progbits,1
 296              		.align	2
ARM GAS  C:\Users\xixi\AppData\Local\Temp\ccPHQfm9.s 			page 13


 297              	.LC0:
 298 0000 68656C6C 		.ascii	"hello world!\000"
 298      6F20776F 
 298      726C6421 
 298      00
 299 000d 000000   		.align	2
 300              	.LC1:
 301 0010 25730D0A 		.ascii	"%s\015\012\000"
 301      00
 302              		.section	.text.main,"ax",%progbits
 303              		.align	1
 304              		.global	main
 305              		.syntax unified
 306              		.thumb
 307              		.thumb_func
 309              	main:
 310              	.LFB134:
  84:Core/Src/main.c ****   /* USER CODE BEGIN 1 */
 311              		.loc 1 84 1 view -0
 312              		.cfi_startproc
 313              		@ Volatile: function does not return.
 314              		@ args = 0, pretend = 0, frame = 0
 315              		@ frame_needed = 0, uses_anonymous_args = 0
 316 0000 08B5     		push	{r3, lr}
 317              	.LCFI8:
 318              		.cfi_def_cfa_offset 8
 319              		.cfi_offset 3, -8
 320              		.cfi_offset 14, -4
  92:Core/Src/main.c **** 
 321              		.loc 1 92 3 view .LVU74
 322 0002 FFF7FEFF 		bl	HAL_Init
 323              	.LVL8:
  99:Core/Src/main.c **** 
 324              		.loc 1 99 3 view .LVU75
 325 0006 FFF7FEFF 		bl	SystemClock_Config
 326              	.LVL9:
 106:Core/Src/main.c ****   MX_DMA_Init();
 327              		.loc 1 106 3 view .LVU76
 328 000a FFF7FEFF 		bl	MX_GPIO_Init
 329              	.LVL10:
 107:Core/Src/main.c ****   MX_USART1_UART_Init();
 330              		.loc 1 107 3 view .LVU77
 331 000e FFF7FEFF 		bl	MX_DMA_Init
 332              	.LVL11:
 108:Core/Src/main.c ****   /* USER CODE BEGIN 2 */
 333              		.loc 1 108 3 view .LVU78
 334 0012 FFF7FEFF 		bl	MX_USART1_UART_Init
 335              	.LVL12:
 112:Core/Src/main.c ****   __HAL_UART_ENABLE_IT(&huart1, UART_IT_IDLE);  //idle interrupt
 336              		.loc 1 112 3 view .LVU79
 337 0016 1E4B     		ldr	r3, .L18
 338 0018 1B68     		ldr	r3, [r3]
 339 001a DA68     		ldr	r2, [r3, #12]
 340 001c 42F02002 		orr	r2, r2, #32
 341 0020 DA60     		str	r2, [r3, #12]
 113:Core/Src/main.c ****   /* USER CODE END 2 */
 342              		.loc 1 113 3 view .LVU80
ARM GAS  C:\Users\xixi\AppData\Local\Temp\ccPHQfm9.s 			page 14


 343 0022 DA68     		ldr	r2, [r3, #12]
 344 0024 42F01002 		orr	r2, r2, #16
 345 0028 DA60     		str	r2, [r3, #12]
 346              	.L16:
 118:Core/Src/main.c ****   {
 347              		.loc 1 118 3 discriminator 1 view .LVU81
 120:Core/Src/main.c ****     HAL_GPIO_WritePin(LED_G_GPIO_Port, LED_G_Pin, GPIO_PIN_SET);
 348              		.loc 1 120 5 discriminator 1 view .LVU82
 349 002a 1A4C     		ldr	r4, .L18+4
 350 002c 0122     		movs	r2, #1
 351 002e 4FF48051 		mov	r1, #4096
 352 0032 2046     		mov	r0, r4
 353 0034 FFF7FEFF 		bl	HAL_GPIO_WritePin
 354              	.LVL13:
 121:Core/Src/main.c ****     HAL_GPIO_WritePin(LED_B_GPIO_Port, LED_B_Pin, GPIO_PIN_SET);
 355              		.loc 1 121 5 discriminator 1 view .LVU83
 356 0038 0122     		movs	r2, #1
 357 003a 4FF40061 		mov	r1, #2048
 358 003e 2046     		mov	r0, r4
 359 0040 FFF7FEFF 		bl	HAL_GPIO_WritePin
 360              	.LVL14:
 122:Core/Src/main.c ****     HAL_Delay(500);
 361              		.loc 1 122 5 discriminator 1 view .LVU84
 362 0044 0122     		movs	r2, #1
 363 0046 4FF48061 		mov	r1, #1024
 364 004a 2046     		mov	r0, r4
 365 004c FFF7FEFF 		bl	HAL_GPIO_WritePin
 366              	.LVL15:
 123:Core/Src/main.c ****     HAL_GPIO_WritePin(LED_R_GPIO_Port, LED_R_Pin, GPIO_PIN_RESET);
 367              		.loc 1 123 5 discriminator 1 view .LVU85
 368 0050 4FF4FA70 		mov	r0, #500
 369 0054 FFF7FEFF 		bl	HAL_Delay
 370              	.LVL16:
 124:Core/Src/main.c ****     HAL_GPIO_WritePin(LED_G_GPIO_Port, LED_G_Pin, GPIO_PIN_RESET);
 371              		.loc 1 124 5 discriminator 1 view .LVU86
 372 0058 0022     		movs	r2, #0
 373 005a 4FF48051 		mov	r1, #4096
 374 005e 2046     		mov	r0, r4
 375 0060 FFF7FEFF 		bl	HAL_GPIO_WritePin
 376              	.LVL17:
 125:Core/Src/main.c ****     HAL_GPIO_WritePin(LED_B_GPIO_Port, LED_B_Pin, GPIO_PIN_RESET);
 377              		.loc 1 125 5 discriminator 1 view .LVU87
 378 0064 0022     		movs	r2, #0
 379 0066 4FF40061 		mov	r1, #2048
 380 006a 2046     		mov	r0, r4
 381 006c FFF7FEFF 		bl	HAL_GPIO_WritePin
 382              	.LVL18:
 126:Core/Src/main.c ****     HAL_Delay(500);
 383              		.loc 1 126 5 discriminator 1 view .LVU88
 384 0070 0022     		movs	r2, #0
 385 0072 4FF48061 		mov	r1, #1024
 386 0076 2046     		mov	r0, r4
 387 0078 FFF7FEFF 		bl	HAL_GPIO_WritePin
 388              	.LVL19:
 127:Core/Src/main.c ****     /* USER CODE END WHILE */
 389              		.loc 1 127 5 discriminator 1 view .LVU89
 390 007c 4FF4FA70 		mov	r0, #500
ARM GAS  C:\Users\xixi\AppData\Local\Temp\ccPHQfm9.s 			page 15


 391 0080 FFF7FEFF 		bl	HAL_Delay
 392              	.LVL20:
 131:Core/Src/main.c ****   }
 393              		.loc 1 131 5 discriminator 1 view .LVU90
 394 0084 0449     		ldr	r1, .L18+8
 395 0086 0548     		ldr	r0, .L18+12
 396 0088 FFF7FEFF 		bl	usart_printf
 397              	.LVL21:
 118:Core/Src/main.c ****   {
 398              		.loc 1 118 9 discriminator 1 view .LVU91
 399 008c CDE7     		b	.L16
 400              	.L19:
 401 008e 00BF     		.align	2
 402              	.L18:
 403 0090 00000000 		.word	huart1
 404 0094 001C0240 		.word	1073880064
 405 0098 00000000 		.word	.LC0
 406 009c 10000000 		.word	.LC1
 407              		.cfi_endproc
 408              	.LFE134:
 410              		.global	len
 411              		.global	RxBuffer
 412              		.section	.bss.RxBuffer,"aw",%nobits
 413              		.align	2
 416              	RxBuffer:
 417 0000 00000000 		.space	100
 417      00000000 
 417      00000000 
 417      00000000 
 417      00000000 
 418              		.section	.bss.ap.2,"aw",%nobits
 419              		.align	2
 420              		.set	.LANCHOR0,. + 0
 423              	ap.2:
 424 0000 00000000 		.space	4
 425              		.section	.bss.len,"aw",%nobits
 428              	len:
 429 0000 00       		.space	1
 430              		.section	.bss.len.0,"aw",%nobits
 431              		.align	1
 432              		.set	.LANCHOR2,. + 0
 435              	len.0:
 436 0000 0000     		.space	2
 437              		.section	.bss.tx_buf.1,"aw",%nobits
 438              		.align	2
 439              		.set	.LANCHOR1,. + 0
 442              	tx_buf.1:
 443 0000 00000000 		.space	256
 443      00000000 
 443      00000000 
 443      00000000 
 443      00000000 
 444              		.text
 445              	.Letext0:
 446              		.file 3 "c:\\program files (x86)\\gnu arm embedded toolchain\\10 2021.10\\arm-none-eabi\\include\\
 447              		.file 4 "c:\\program files (x86)\\gnu arm embedded toolchain\\10 2021.10\\arm-none-eabi\\include\\
 448              		.file 5 "Drivers/CMSIS/Device/ST/STM32F4xx/Include/stm32f407xx.h"
ARM GAS  C:\Users\xixi\AppData\Local\Temp\ccPHQfm9.s 			page 16


 449              		.file 6 "Drivers/STM32F4xx_HAL_Driver/Inc/stm32f4xx_hal_def.h"
 450              		.file 7 "Drivers/STM32F4xx_HAL_Driver/Inc/stm32f4xx_hal_rcc_ex.h"
 451              		.file 8 "Drivers/STM32F4xx_HAL_Driver/Inc/stm32f4xx_hal_rcc.h"
 452              		.file 9 "Drivers/STM32F4xx_HAL_Driver/Inc/stm32f4xx_hal_gpio.h"
 453              		.file 10 "Drivers/STM32F4xx_HAL_Driver/Inc/stm32f4xx_hal_dma.h"
 454              		.file 11 "Drivers/STM32F4xx_HAL_Driver/Inc/stm32f4xx_hal_uart.h"
 455              		.file 12 "Core/Inc/main.h"
 456              		.file 13 "Core/Inc/usart.h"
 457              		.file 14 "c:\\program files (x86)\\gnu arm embedded toolchain\\10 2021.10\\lib\\gcc\\arm-none-eabi
 458              		.file 15 "c:\\program files (x86)\\gnu arm embedded toolchain\\10 2021.10\\arm-none-eabi\\include\
 459              		.file 16 "Drivers/STM32F4xx_HAL_Driver/Inc/stm32f4xx_hal.h"
 460              		.file 17 "Core/Inc/gpio.h"
 461              		.file 18 "Core/Inc/dma.h"
 462              		.file 19 "<built-in>"
ARM GAS  C:\Users\xixi\AppData\Local\Temp\ccPHQfm9.s 			page 17


DEFINED SYMBOLS
                            *ABS*:00000000 main.c
C:\Users\xixi\AppData\Local\Temp\ccPHQfm9.s:20     .text.usart_printf:00000000 $t
C:\Users\xixi\AppData\Local\Temp\ccPHQfm9.s:26     .text.usart_printf:00000000 usart_printf
C:\Users\xixi\AppData\Local\Temp\ccPHQfm9.s:88     .text.usart_printf:0000002c $d
C:\Users\xixi\AppData\Local\Temp\ccPHQfm9.s:96     .text.Error_Handler:00000000 $t
C:\Users\xixi\AppData\Local\Temp\ccPHQfm9.s:102    .text.Error_Handler:00000000 Error_Handler
C:\Users\xixi\AppData\Local\Temp\ccPHQfm9.s:134    .text.SystemClock_Config:00000000 $t
C:\Users\xixi\AppData\Local\Temp\ccPHQfm9.s:140    .text.SystemClock_Config:00000000 SystemClock_Config
C:\Users\xixi\AppData\Local\Temp\ccPHQfm9.s:290    .text.SystemClock_Config:0000009c $d
C:\Users\xixi\AppData\Local\Temp\ccPHQfm9.s:296    .rodata.main.str1.4:00000000 $d
C:\Users\xixi\AppData\Local\Temp\ccPHQfm9.s:303    .text.main:00000000 $t
C:\Users\xixi\AppData\Local\Temp\ccPHQfm9.s:309    .text.main:00000000 main
C:\Users\xixi\AppData\Local\Temp\ccPHQfm9.s:403    .text.main:00000090 $d
C:\Users\xixi\AppData\Local\Temp\ccPHQfm9.s:428    .bss.len:00000000 len
C:\Users\xixi\AppData\Local\Temp\ccPHQfm9.s:416    .bss.RxBuffer:00000000 RxBuffer
C:\Users\xixi\AppData\Local\Temp\ccPHQfm9.s:413    .bss.RxBuffer:00000000 $d
C:\Users\xixi\AppData\Local\Temp\ccPHQfm9.s:419    .bss.ap.2:00000000 $d
C:\Users\xixi\AppData\Local\Temp\ccPHQfm9.s:423    .bss.ap.2:00000000 ap.2
C:\Users\xixi\AppData\Local\Temp\ccPHQfm9.s:429    .bss.len:00000000 $d
C:\Users\xixi\AppData\Local\Temp\ccPHQfm9.s:431    .bss.len.0:00000000 $d
C:\Users\xixi\AppData\Local\Temp\ccPHQfm9.s:435    .bss.len.0:00000000 len.0
C:\Users\xixi\AppData\Local\Temp\ccPHQfm9.s:438    .bss.tx_buf.1:00000000 $d
C:\Users\xixi\AppData\Local\Temp\ccPHQfm9.s:442    .bss.tx_buf.1:00000000 tx_buf.1

UNDEFINED SYMBOLS
vsprintf
HAL_UART_Transmit_DMA
huart1
memset
HAL_RCC_OscConfig
HAL_RCC_ClockConfig
HAL_Init
MX_GPIO_Init
MX_DMA_Init
MX_USART1_UART_Init
HAL_GPIO_WritePin
HAL_Delay
